0.004 0.999856006805 -0.0159989547075 
0.008 0.999548070691 -0.0279940060949 
0.012 0.99905630969 -0.0399818288234 
0.016 0.998396899962 -0.0519596129855 
0.02 0.997554098454 -0.0639237861144 
0.024 0.996544201548 -0.0758718057811 
0.028 0.995351610604 -0.0877998590093 
0.032 0.993992735306 -0.0997056766439 
0.036 0.992452126573 -0.111585211966 
0.04 0.990746300156 -0.123436474638 
0.044 0.988859961327 -0.135255191093 
0.048 0.986809724372 -0.147039655086 
0.052 0.984580453352 -0.158785373202 
0.056 0.98218885327 -0.170490928273 
0.06 0.979619951048 -0.18215161413 
0.064 0.976890534318 -0.19376630736 
0.068 0.973985796582 -0.205330096196 
0.072 0.970922599754 -0.216842155341 
0.076 0.967686307271 -0.22829737463 
0.08 0.964293846743 -0.23969523091 
0.084 0.960730754549 -0.251030422848 
0.088 0.95701401518 -0.262302733105 
0.092 0.953129340611 -0.27350667642 
0.096 0.949093763198 -0.28464234458 
0.1 0.944893172815 -0.295704075621 
0.104 0.940544640479 -0.30669227339 
0.108 0.936034235927 -0.317601106419 
0.112 0.93137905947 -0.328431293163 
0.116 0.926565362336 -0.339176839796 
0.12 0.921610264608 -0.349838781541 
0.124 0.916500200314 -0.360410969295 
0.128 0.911252299663 -0.370894756795 
0.132 0.905853180467 -0.381283846668 
0.136 0.900319973314 -0.391579912502 
0.14 0.894639480481 -0.40177651556 
0.144 0.888828823099 -0.411875650201 
0.148 0.882874988294 -0.421870743117 
0.152 0.876795077844 -0.43176410994 
0.156 0.870576263823 -0.441549049458 
0.16 0.864235618721 -0.451228198649 
0.164 0.857760499383 -0.460794734929 
0.168 0.851167939064 -0.470251616267 
0.172 0.844445478941 -0.479591905087 
0.176 0.837610103085 -0.488818879569 
0.18 0.830649536328 -0.497925493362 
0.184 0.823580703635 -0.506915343649 
0.188 0.816391512576 -0.51578128135 
0.192 0.809098819144 -0.524527221019 
0.196 0.801690712508 -0.533145916715 
0.2 0.794183969894 -0.541641598306 
0.204 0.786566860729 -0.550006928667 
0.208 0.778856073768 -0.558246450511 
0.212 0.771040057166 -0.566352741009 
0.216 0.763135401617 -0.57433065284 
0.22 0.755130732298 -0.582172682752 
0.224 0.747042532392 -0.589883990101 
0.228 0.738859602226 -0.597456996287 
0.232 0.730598308178 -0.604897163666 
0.236 0.722247623714 -0.612196843153 
0.24 0.713823789283 -0.619361796037 
0.244 0.705315949345 -0.626384307399 
0.248 0.6967402095 -0.633270433022 
0.252 0.688085882938 -0.64001239659 
0.256 0.679368931697 -0.646616543576 
0.26 0.670578835335 -0.653075040485 
0.264 0.66173140385 -0.659394517327 
0.268 0.652816280716 -0.665567087436 
0.272 0.643849115657 -0.671599659866 
0.276 0.634819713539 -0.677484298568 
0.28 0.625743555844 -0.683228185831 
0.284 0.616610606244 -0.688823339798 
0.288 0.60743617029 -0.694277209873 
0.292 0.598210367828 -0.699581771757 
0.296 0.588948321076 -0.70474473556 
0.3 0.579640303391 -0.709758037698 
0.304 0.570301246564 -0.714629642304 
0.308 0.560921574775 -0.719351449465 
0.312 0.551516022608 -0.723931670392 
0.316 0.54207516237 -0.728362171603 
0.32 0.532613524984 -0.732651404208 
0.324 0.523121828192 -0.736791203717 
0.328 0.513614393138 -0.74079025374 
0.332 0.504082080311 -0.744640361155 
0.336 0.494538995308 -0.748350434466 
0.34 0.484976138703 -0.751912254118 
0.344 0.475407395121 -0.755334945722 
0.348 0.465823902593 -0.758610265311 
0.352 0.456239319705 -0.761747547651 
0.356 0.446644919355 -0.764738526221 
0.36 0.43705412939 -0.767592736843 
0.364 0.427458355027 -0.770301892139 
0.368 0.417870789036 -0.772875720765 
0.372 0.408282966468 -0.775305916034 
0.376 0.398707841048 -0.777602391102 
0.38 0.389137075229 -0.779756821379 
0.384 0.379583380092 -0.781779296103 
0.388 0.370038543133 -0.78366147405 
0.392 0.360515029559 -0.785413612053 
0.396 0.351004749621 -0.787027353402 
0.4 0.341519919793 -0.788513113983 
0.404 0.332052570867 -0.78986252263 
0.408 0.322614668091 -0.791086145713 
0.412 0.313198360669 -0.792175598528 
0.416 0.303815360493 -0.793141589346 
0.42 0.294457933133 -0.793975720749 
0.424 0.285137535359 -0.794688834325 
0.428 0.275846547141 -0.795272520677 
0.432 0.26659616872 -0.795737746148 
0.436 0.257378892593 -0.79607609001 
0.44 0.248205661411 -0.796298634842 
0.444 0.239069078414 -0.796396949161 
0.448 0.229979827947 -0.796382223312 
0.452 0.220930622299 -0.796246015568 
0.456 0.211931887135 -0.795999615641 
0.46 0.202976442184 -0.795634572017 
0.464 0.194074454383 -0.795162265457 
0.468 0.185218849387 -0.794574235068 
0.472 0.176419535682 -0.793881944443 
0.476 0.167669543418 -0.79307692367 
0.48 0.158978523216 -0.792170711072 
0.484 0.15033960838 -0.791154828052 
0.488 0.141762192559 -0.79004087968 
0.492 0.133239510954 -0.788820378974 
0.496 0.12478070142 -0.787504989911 
0.5 0.116379099885 -0.786086217409 
0.504 0.108043589873 -0.784575776656 
0.508 0.0997676069446 -0.782965164736 
0.512 0.0915597820286 -0.781266140516 
0.516 0.0834136493007 -0.779470193507 
0.52 0.0753375890873 -0.777589118886 
0.524 0.0673252332384 -0.775614398848 
0.528 0.0593847137171 -0.773557857695 
0.532 0.0515097591764 -0.771410970564 
0.536 0.0437082556911 -0.769185583881 
0.54 0.0359740279126 -0.766873165993 
0.544 0.0283147187249 -0.764485578642 
0.548 0.0207242480361 -0.762014283661 
0.552 0.0132100184475 -0.759471151504 
0.556 0.00576604444057 -0.756847637782 
0.56 -0.00160050856057 -0.754155615261 
0.564 -0.00889553212906 -0.751386533645 
0.568 -0.0161120947276 -0.748552261821 
0.572 -0.0232559945623 -0.74564424392 
0.576 -0.0303205305193 -0.742674338983 
0.58 -0.0373114079704 -0.739633985923 
0.584 -0.0442221526021 -0.736535028182 
0.588 -0.0510583774431 -0.733368899846 
0.592 -0.0578138312098 -0.730147423227 
0.596 -0.0644940350423 -0.726862027996 
0.6 -0.0710929567816 -0.723524510037 
0.604 -0.0776160261014 -0.720126295053 
0.608 -0.0840574259391 -0.716679147418 
0.612 -0.0904224948961 -0.713174489347 
0.616 -0.096705626868 -0.709624048858 
0.62 -0.102912069755 -0.706019245186 
0.624 -0.109036424172 -0.702371765374 
0.628 -0.11508384767 -0.698673026222 
0.632 -0.121049143261 -0.694934669405 
0.636 -0.126937378482 -0.691148109866 
0.64 -0.132743554341 -0.687324939745 
0.644 -0.138472648686 -0.683456572742 
0.648 -0.14411985606 -0.679554547523 
0.652 -0.149690064938 -0.675610277189 
0.656 -0.155178658878 -0.671635243216 
0.66 -0.1605904373 -0.667620858782 
0.664 -0.165920968216 -0.663578544683 
0.668 -0.171174962305 -0.659499714883 
0.672 -0.176348167437 -0.655395726217 
0.676 -0.181445205871 -0.65125799418 
0.68 -0.186462000718 -0.647097808588 
0.684 -0.19140308614 -0.642906587234 
0.688 -0.196264555857 -0.638695550065 
0.692 -0.201050856274 -0.634456117972 
0.696 -0.20575824708 -0.630199438392 
0.7 -0.21039108727 -0.62591693614 
0.704 -0.214945797872 -0.621619683705 
0.708 -0.219426650836 -0.617299110673 
0.712 -0.223830223901 -0.612966212349 
0.716 -0.228160702358 -0.608612423961 
0.72 -0.232414816055 -0.604248661585 
0.724 -0.236596664025 -0.599866366985 
0.728 -0.240703123648 -0.595476375152 
0.732 -0.244738208127 -0.591070135295 
0.736 -0.248698937829 -0.586658399648 
0.74 -0.252589240574 -0.582232625795 
0.744 -0.256406275212 -0.577803481716 
0.748 -0.26015388466 -0.573362434312 
0.752 -0.263829361789 -0.568920065987 
0.756 -0.267436465117 -0.56446785391 
0.76 -0.270972617127 -0.560016293756 
0.764 -0.274441492472 -0.555556873923 
0.768 -0.277840638896 -0.551100002361 
0.772 -0.281173647744 -0.546637179666 
0.776 -0.284438187733 -0.542178725222 
0.78 -0.287637767495 -0.537716152796 
0.784 -0.29077017249 -0.533259692515 
0.788 -0.293838829262 -0.528800872293 
0.792 -0.29684163586 -0.524349832447 
0.796 -0.299781937394 -0.519898116012 
0.8 -0.302657740416 -0.515455773085 
0.804 -0.305472309291 -0.511014362793 
0.808 -0.308223755067 -0.506583844729 
0.812 -0.310915262083 -0.502155795078 
0.816 -0.313545041955 -0.497740082769 
0.82 -0.316116199745 -0.493328302007 
0.824 -0.318627043793 -0.488930231015 
0.828 -0.321080600665 -0.484537482965 
0.832 -0.323475271661 -0.480159745449 
0.836 -0.325814005666 -0.475788651541 
0.84 -0.328095293263 -0.47143379838 
0.844 -0.3303220065 -0.467086839867 
0.848 -0.332492721655 -0.462757282966 
0.852 -0.33461023481 -0.45843680331 
0.856 -0.336673204437 -0.454134818063 
0.86 -0.338684351558 -0.449843025482 
0.864 -0.340642413427 -0.445570753389 
0.868 -0.342550036937 -0.441309723537 
0.872 -0.344406034802 -0.437069174955 
0.876 -0.346212980748 -0.432840853735 
0.88 -0.347969759716 -0.42863391074 
0.884 -0.349678873249 -0.424440117229 
0.888 -0.351339275381 -0.420268536595 
0.892 -0.352953396481 -0.416110966065 
0.896 -0.354520256625 -0.411976382328 
0.9 -0.356042216044 -0.407856609352 
0.904 -0.3575183579 -0.403760537954 
0.908 -0.358950973345 -0.399680019591 
0.912 -0.360339205757 -0.395623860094 
0.916 -0.361685278288 -0.391583939129 
0.92 -0.362988391756 -0.387568978484 
0.924 -0.364250702413 -0.38357088672 
0.928 -0.365471465829 -0.379598302575 
0.932 -0.366652772472 -0.375643164164 
0.936 -0.367793930067 -0.371714028213 
0.94 -0.368896964431 -0.367802863018 
0.944 -0.36996123293 -0.363918144367 
0.948 -0.370988697885 -0.360051871333 
0.952 -0.371978763875 -0.356212439884 
0.956 -0.372933330888 -0.35239188043 
0.96 -0.373851848375 -0.348598510268 
0.964 -0.374736155171 -0.34482439167 
0.968 -0.375585743339 -0.341077764442 
0.972 -0.376402391749 -0.337350723215 
0.976 -0.3771856329 -0.333651431505 
0.98 -0.377937186896 -0.329972016759 
0.984 -0.378656624578 -0.326320567438 
0.988 -0.379345608488 -0.322689244226 
0.992 -0.380003745789 -0.319086061773 
0.996 -0.38063264268 -0.315503214393 
1.0 -0.381231940704 -0.311948644192 
1.004 -0.381803190932 -0.308414579464 
1.008 -0.382346067424 -0.304908891054 
1.012 -0.382862067347 -0.301423841553 
1.016 -0.383350895484 -0.297967231835 
1.02 -0.383813996322 -0.294531359074 
1.024 -0.384251103647 -0.291123955473 
1.028 -0.384663610493 -0.287737353034 
1.032 -0.385051277997 -0.284379216601 
1.036 -0.385415448964 -0.281041913216 
1.04 -0.385755910299 -0.277733041676 
1.044 -0.386073955803 -0.274445004242 
1.048 -0.386369396632 -0.271185334978 
1.052 -0.386643478799 -0.267946471508 
1.056 -0.386896036258 -0.264735884483 
1.06 -0.387128268455 -0.261546046994 
1.064 -0.387340030745 -0.258384367597 
1.068 -0.387532477218 -0.255243354928 
1.072 -0.387705483301 -0.25213035676 
1.076 -0.387860158929 -0.249037917315 
1.08 -0.387996398326 -0.245973324894 
1.084 -0.388115268468 -0.242929159313 
1.088 -0.388216681161 -0.239912650707 
1.092 -0.388301661608 -0.236916414463 
1.096 -0.38837013803 -0.233947623849 
1.1 -0.388423095036 -0.230998929765 
1.104 -0.388460476151 -0.228077449905 
1.108 -0.388483226554 -0.225175870595 
1.112 -0.388491304015 -0.222301255236 
1.116 -0.388485615436 -0.219446325467 
1.12 -0.388466131818 -0.216618091667 
1.124 -0.38843372293 -0.21380931064 
1.128 -0.388388372037 -0.211026941004 
1.132 -0.388330912901 -0.208263774555 
1.136 -0.388261340133 -0.205526719403 
1.14 -0.3881804526 -0.202808602127 
1.144 -0.38808825538 -0.200116281569 
1.148 -0.387985513544 -0.197442618862 
1.152 -0.387872241804 -0.194794424807 
1.156 -0.387749172514 -0.192164594829 
1.16 -0.387616329224 -0.189559892901 
1.164 -0.387474412638 -0.186973248459 
1.168 -0.387323454386 -0.184411379848 
1.172 -0.387164124569 -0.181867250203 
1.176 -0.386996462179 -0.179347533427 
1.18 -0.386821107745 -0.176845226022 
1.184 -0.386638106932 -0.174366958618 
1.188 -0.386448071711 -0.171905760726 
1.192 -0.386251053772 -0.169468220865 
1.196 -0.386047637518 -0.167047401171 
1.2 -0.385837880044 -0.164649849192 
1.204 -0.385622339162 -0.162268659291 
1.208 -0.385401076785 -0.159910339171 
1.212 -0.385174625086 -0.157568014995 
1.216 -0.384943050238 -0.15524815574 
1.22 -0.384706859712 -0.152943918921 
1.224 -0.38446612341 -0.150661735884 
1.228 -0.384221325014 -0.148394795036 
1.232 -0.383972537654 -0.146149491176 
1.236 -0.383720222118 -0.143919043116 
1.24 -0.383464454287 -0.141709810177 
1.244 -0.383205672926 -0.139515041076 
1.248 -0.382943956216 -0.137341060709 
1.252 -0.382679721752 -0.135181147179 
1.256 -0.382413049585 -0.133041591995 
1.26 -0.382144336973 -0.130915702109 
1.264 -0.381873665432 -0.12880973667 
1.268 -0.38160141269 -0.126717030927 
1.272 -0.381327661343 -0.124643812678 
1.276 -0.38105277038 -0.1225834449 
1.28 -0.380776823113 -0.120542125039 
1.284 -0.380500160557 -0.118513243218 
1.288 -0.380222866394 -0.116502967509 
1.292 -0.379945264415 -0.114504714589 
1.296 -0.379667438345 -0.112524624124 
1.3 -0.379389695469 -0.110556138733 
1.304 -0.379112119253 -0.108605370634 
1.308 -0.378835001178 -0.106665787764 
1.312 -0.378558424155 -0.104743475836 
1.316 -0.378282664544 -0.102831927473 
1.32 -0.378007804426 -0.100937202809 
1.324 -0.377734105697 -0.0990528185062 
1.328 -0.377461649349 -0.0971848100382 
1.332 -0.377190683452 -0.0953267174517 
1.336 -0.376921287661 -0.0934845524629 
1.34 -0.376653696837 -0.0916518778358 
1.344 -0.376387989068 -0.089834682422 
1.348 -0.376124386597 -0.0880265510266 
1.352 -0.375862965727 -0.0862334505178 
1.356 -0.375603936655 -0.0844489870564 
1.36 -0.375347373694 -0.0826791063967 
1.364 -0.375093475547 -0.080917435361 
1.368 -0.374842314342 -0.0791698994491 
1.372 -0.374594077818 -0.0774301454424 
1.376 -0.374348835735 -0.0757040794347 
1.38 -0.374106765376 -0.0739853674565 
1.384 -0.373867933961 -0.0722798970343 
1.388 -0.373632508806 -0.0705813527307 
1.392 -0.37340055443 -0.0688956043335 
1.396 -0.373172228648 -0.0672163542133 
1.4 -0.372947593125 -0.0655494552389 
1.404 -0.37272679662 -0.0638886268589 
1.408 -0.372509897806 -0.0622397058337 
1.412 -0.372297036807 -0.0605964279533 
1.416 -0.372088269171 -0.0589646146722 
1.42 -0.371883726794 -0.05733801738 
1.424 -0.371683461973 -0.0557224430193 
1.428 -0.37148759876 -0.0541116578324 
1.432 -0.371296186084 -0.0525114550362 
1.436 -0.371109340515 -0.0509156149739 
1.44 -0.370927107508 -0.0493299179161 
1.444 -0.370749596493 -0.0477481575504 
1.448 -0.370576849352 -0.0461761019732 
1.452 -0.370408968696 -0.0446075574562 
1.456 -0.370245992739 -0.0430482806872 
1.46 -0.370088017578 -0.0414920897575 
1.464 -0.369935077673 -0.0399447307061 
1.468 -0.369787262886 -0.0384000326763 
1.472 -0.369644603848 -0.0368637318119 
1.476 -0.369507184448 -0.035329667537 
1.48 -0.36937503141 -0.033803566849 
1.484 -0.369248222897 -0.0322792786784 
1.488 -0.369126781661 -0.0307625216203 
1.492 -0.369010780358 -0.0292471533349 
1.496 -0.368900237709 -0.0277388847538 
1.5 -0.368795221067 -0.0262315814879 
1.504 -0.368695745068 -0.0247309475402 
1.508 -0.368601871944 -0.023230855691 
1.512 -0.368513612198 -0.0217370037463 
1.516 -0.368431023105 -0.0202432708722 
1.52 -0.368354110993 -0.0187553494057 
1.524 -0.368282928325 -0.0172671241138 
1.528 -0.368217477215 -0.0157842825897 
1.532 -0.368157805441 -0.0143007144146 
1.536 -0.36810391087 -0.0128221031605 
1.54 -0.368055836702 -0.0113423424351 
1.544 -0.368013576529 -0.00986711250955 
1.548 -0.36797716906 -0.00839031022918 
1.552 -0.367946603592 -0.00691761328331 
1.556 -0.367921914411 -0.00544292096499 
1.56 -0.367903086501 -0.00397190909907 
1.564 -0.367890149774 -0.00249847863606 
1.568 -0.367883084891 -0.00102830425281 
1.572 -0.367881917417 0.000444712233495 
1.576 -0.367886623685 0.00191489657805 
1.58 -0.367897224925 0.00338834688806 
1.584 -0.36791369314 0.00485938863494 
1.588 -0.367936045216 0.00633412064133 
1.592 -0.367964248828 0.00780686737885 
1.596 -0.367998316493 0.00928372917646 
1.6 -0.368038211568 0.0107590287893 
1.604 -0.36808394215 0.0122388688431 
1.608 -0.368135467292 0.0137175696589 
1.612 -0.368192790609 0.0152012369493 
1.616 -0.368255866869 0.0166841878817 
1.62 -0.368324695118 0.0181725320448 
1.624 -0.368399225861 0.0196605827318 
1.628 -0.368479453473 0.0211544541954 
1.632 -0.368565324228 0.0226484551313 
1.636 -0.368656827703 0.0241487052431 
1.64 -0.368753905976 0.0256495079035 
1.644 -0.368856543686 0.0271569890526 
1.648 -0.368964678752 0.0286654460109 
1.652 -0.369078290714 0.030181011739 
1.656 -0.369197313381 0.0316979767731 
1.66 -0.369321721008 0.0332224818762 
1.664 -0.369451443346 0.0347488100642 
1.668 -0.369586449167 0.0362831106825 
1.672 -0.36972666422 0.0378196584862 
1.676 -0.369872051575 0.0393646121807 
1.68 -0.370022533039 0.0409122375156 
1.684 -0.37017806574 0.0424687033309 
1.688 -0.370338567617 0.044028265621 
1.692 -0.370503989594 0.0455971041327 
1.696 -0.370674245818 0.0471694643496 
1.7 -0.370849280727 0.0487515376939 
1.704 -0.371029004763 0.050337558378 
1.708 -0.371213355578 0.0519337302644 
1.712 -0.371402239995 0.0535342755268 
1.716 -0.371595588563 0.0551454112301 
1.72 -0.371793304584 0.0567613467352 
1.724 -0.371995311163 0.0583883130666 
1.728 -0.372201508186 0.0600205059918 
1.732 -0.372411810954 0.0616641712479 
1.736 -0.37262611605 0.0633134902206 
1.74 -0.372844330589 0.064974724108 
1.744 -0.373066347973 0.066642039118 
1.748 -0.373292066729 0.0683217126525 
1.752 -0.37352137721 0.0700078949374 
1.756 -0.373754168932 0.0717068803165 
1.76 -0.373990329335 0.0734128022204 
1.764 -0.374229738484 0.0751319726665 
1.768 -0.374472281056 0.0768585074684 
1.772 -0.374717827198 0.0785987370425 
1.776 -0.374966258983 0.0803467587543 
1.78 -0.375217436156 0.0821089221377 
1.784 -0.375471238355 0.0838793052692 
1.788 -0.375727514417 0.0856642775118 
1.792 -0.375986141724 0.0874578968017 
1.796 -0.376246957676 0.0892665530353 
1.8 -0.376509837594 0.0910842831463 
1.804 -0.376774606892 0.0929174982605 
1.808 -0.37704113903 0.0947602134369 
1.812 -0.377309246869 0.0966188617177 
1.816 -0.377578802223 0.0984874354031 
1.82 -0.377849604808 0.10037239013 
1.824 -0.378121525021 0.102267694544 
1.828 -0.378394348821 0.104179827546 
1.832 -0.378667945432 0.10610273322 
1.836 -0.378942086418 0.108042914388 
1.84 -0.37921664009 0.109994289652 
1.844 -0.379491362961 0.111963386403 
1.848 -0.3797661227 0.11394409683 
1.852 -0.380040660093 0.11594297353 
1.856 -0.380314842456 0.11795388133 
1.86 -0.380588394147 0.119983398659 
1.864 -0.380861182436 0.122025362026 
1.868 -0.381132914532 0.1240863763 
1.872 -0.38140345798 0.126160248701 
1.876 -0.381672502101 0.128253611137 
1.88 -0.381939915057 0.130360240552 
1.884 -0.382205367512 0.132486796479 
1.888 -0.38246872861 0.134627024584 
1.892 -0.382729649574 0.136787612598 
1.896 -0.382988000912 0.138962273893 
1.9 -0.383243413594 0.141157724951 
1.904 -0.383495759897 0.143367645825 
1.908 -0.383744649714 0.145598782284 
1.912 -0.383989957515 0.147844780018 
1.916 -0.384231271264 0.150112414609 
1.92 -0.384468468076 0.152395296323 
1.924 -0.384701113117 0.154700231059 
1.928 -0.384929086618 0.157020792588 
1.932 -0.385151930056 0.159363817612 
1.936 -0.385369527282 0.161722842316 
1.94 -0.38558139517 0.164104734678 
1.944 -0.385787421719 0.166502992192 
1.948 -0.385987098268 0.168924514557 
1.952 -0.386180317519 0.171362759461 
1.956 -0.386366544326 0.173824658751 
1.96 -0.386545676679 0.176303629176 
1.964 -0.386717151976 0.178806635136 
1.968 -0.386880874112 0.181327051294 
1.972 -0.387036252036 0.183871874988 
1.976 -0.387183196201 0.186434437631 
1.98 -0.387321086095 0.189021769863 
1.984 -0.387449839414 0.191627158666 
1.988 -0.387568805159 0.194257668321 
1.992 -0.387677908983 0.196906540191 
1.996 -0.387776468359 0.199580872508 
2.0 -0.387864417651 0.202273859809 
2.004 -0.38794104174 0.204992634569 
2.008 -0.388006284499 0.207730343279 
2.012 -0.388059397136 0.21049415292 
2.016 -0.388100333867 0.213277160702 
2.02 -0.388128311131 0.216086568348 
2.024 -0.388143294366 0.218915422545 
2.028 -0.388144464132 0.221770959965 
2.032 -0.388131798006 0.224646175513 
2.036 -0.388104439545 0.227548340992 
2.04 -0.388062379429 0.230470398257 
2.044 -0.388004723076 0.233419654392 
2.048 -0.387931475282 0.236388996922 
2.052 -0.387841702172 0.239385768336 
2.056 -0.387735423718 0.242402800539 
2.06 -0.387611665592 0.245447471516 
2.064 -0.387470464052 0.248512556254 
2.068 -0.387310803141 0.251605468297 
2.072 -0.387132736569 0.254718924405 
2.076 -0.386935205566 0.25786037371 
2.08 -0.386718282511 0.261022473437 
2.084 -0.386480864627 0.264212708299 
2.088 -0.386223044239 0.267423674668 
2.092 -0.385943673362 0.270662892805 
2.096 -0.385642865596 0.273922896906 
2.1 -0.385319426543 0.277211242712 
2.104 -0.384973492471 0.280520400918 
2.108 -0.384603821353 0.283857962642 
2.112 -0.384210573582 0.287216333753 
2.116 -0.383792458286 0.290603140611 
2.12 -0.383349661498 0.294010722935 
2.124 -0.38288084228 0.297446742154 
2.128 -0.382386213893 0.300903470518 
2.132 -0.381864384109 0.30438860432 
2.136 -0.381315595069 0.307894347021 
2.14 -0.38073840203 0.311428429541 
2.144 -0.380133077737 0.314982985241 
2.148 -0.379498123713 0.318565779392 
2.152 -0.378833845097 0.322168873958 
2.156 -0.378138688457 0.325800068248 
2.16 -0.377412993196 0.32945135154 
2.164 -0.37665514971 0.333130556837 
2.168 -0.375865533609 0.336829599456 
2.172 -0.375042477905 0.340556345715 
2.176 -0.374186396437 0.344302635713 
2.18 -0.373295563627 0.348076368664 
2.184 -0.372370433641 0.351869308214 
2.188 -0.371409221115 0.355689386025 
2.192 -0.370412422721 0.359528288075 
2.196 -0.369378192126 0.363393977989 
2.2 -0.368307070765 0.367278062889 
2.204 -0.36719715016 0.371188537847 
2.208 -0.366049018858 0.375116929969 
2.212 -0.364860705069 0.379071265222 
2.216 -0.363632846883 0.383042989576 
2.22 -0.362363408051 0.387040159305 
2.224 -0.361053078722 0.391054138156 
2.228 -0.359699757051 0.395093012095 
2.232 -0.358304187851 0.399148061598 
2.236 -0.356864202567 0.403227401677 
2.24 -0.355380603368 0.407322228538 
2.244 -0.353851153891 0.411440685557 
2.248 -0.352276716439 0.41557388372 
2.252 -0.350654985765 0.419729994061 
2.256 -0.348986887181 0.423900041449 
2.26 -0.347270045496 0.428092223838 
2.264 -0.345505451993 0.432297479143 
2.268 -0.343690660505 0.436524031474 
2.272 -0.341826731338 0.440762731017 
2.276 -0.339911146339 0.44502182725 
2.28 -0.337945037983 0.449292081924 
2.284 -0.335925815145 0.453581769072 
2.288 -0.333854685703 0.457881561373 
2.292 -0.331728984604 0.46219975658 
2.296 -0.329549998456 0.46652693775 
2.3 -0.327314987342 0.470871425495 
2.304 -0.325025320023 0.475223712778 
2.308 -0.322678180813 0.479592142196 
2.312 -0.320275024129 0.483967116235 
2.316 -0.317812957646 0.488356998582 
2.32 -0.315293525033 0.492752100963 
2.324 -0.312713756479 0.497160807244 
2.328 -0.310075288589 0.501573338203 
2.332 -0.307375073253 0.505998096962 
2.336 -0.30461484378 0.510425213271 
2.34 -0.301791472978 0.514863108576 
2.344 -0.298906794715 0.519301821632 
2.348 -0.295957601961 0.523749791261 
2.352 -0.292945833081 0.528196965376 
2.356 -0.289868200487 0.532651799222 
2.36 -0.286726751053 0.537104150149 
2.364 -0.283518115945 0.541562488869 
2.368 -0.280244454637 0.546016582571 
2.372 -0.27690231639 0.550474916475 
2.376 -0.273493977443 0.554927168154 
2.38 -0.270015904526 0.559381836377 
2.384 -0.266470494875 0.563828509785 
2.388 -0.262854132094 0.568275699737 
2.392 -0.259169338715 0.57271290678 
2.396 -0.255412414647 0.577148653909 
2.4 -0.251586012082 0.581572354564 
2.404 -0.247686346696 0.585992542431 
2.408 -0.243716204756 0.590398544992 
2.412 -0.239671717199 0.59479890569 
2.416 -0.235555808834 0.599182867364 
2.42 -0.231364525373 0.603558982288 
2.424 -0.227100934685 0.607916410148 
2.428 -0.2227609968 0.612263711138 
2.432 -0.218347927199 0.616589963459 
2.436 -0.213857599798 0.620903734329 
2.44 -0.209293382274 0.625194022317 
2.444 -0.204651062019 0.629469400787 
2.448 -0.199934163521 0.633718790716 
2.452 -0.195138387256 0.637950770761 
2.456 -0.190267419153 0.642154186538 
2.46 -0.185316872398 0.646337621167 
2.464 -0.180290599009 0.650489847337 
2.468 -0.175184124518 0.654619451821 
2.472 -0.170001471678 0.658715137017 
2.476 -0.164738078027 0.662785492571 
2.48 -0.159398141691 0.666819153437 
2.484 -0.153977011874 0.670824711379 
2.488 -0.148479066704 0.674790736963 
2.492 -0.142899566723 0.678725823349 
2.496 -0.137243074664 0.682618479985 
2.5 -0.131504762077 0.686477300736 
2.504 -0.125689380871 0.690290737424 
2.508 -0.119792013278 0.694067383957 
2.512 -0.113817604909 0.697795638244 
2.516 -0.107761148344 0.701484093606 
2.52 -0.101627787372 0.705121097978 
2.524 -0.0954124245818 0.7087152435 
2.528 -0.0891204063467 0.712254832294 
2.532 -0.0827465449136 0.715748454756 
2.536 -0.0762963935736 0.719184371587 
2.54 -0.0697646738638 0.722571170912 
2.544 -0.0631571502393 0.725897076627 
2.548 -0.05646845314 0.729170674093 
2.552 -0.0497045623318 0.732380155245 
2.556 -0.0428600167457 0.735534102219 
2.56 -0.0359410154955 0.738620680066 
2.564 -0.0289420055622 0.741648467263 
2.568 -0.0218694093214 0.744605607279 
2.572 -0.0147175813305 0.747500674534 
2.576 -0.00749317100581 0.75032179644 
2.58 -0.000190439969744 0.75307754299 
2.584 0.00718373168962 0.755756031288 
2.588 0.014635175838 0.758365826553 
2.592 0.0221567782443 0.760895041555 
2.596 0.0297544648623 0.763352236419 
2.6 0.0374208840191 0.765725525765 
2.604 0.0451620564077 0.768023464324 
2.608 0.0529703897997 0.770234174966 
2.612 0.0608520003337 0.772366206749 
2.616 0.06879905231 0.774407697395 
2.62 0.0768177580785 0.776367190027 
2.624 0.0849000357632 0.778232844022 
2.628 0.0930521947545 0.780013196311 
2.632 0.101265904518 0.78169643493 
2.636 0.109547572381 0.783291090368 
2.64 0.117888616902 0.784785386505 
2.644 0.126295544316 0.786187847143 
2.648 0.134759520275 0.787486739369 
2.652 0.143287150961 0.788690580045 
2.656 0.15186934738 0.789787687003 
2.66 0.160512816782 0.790786569903 
2.664 0.169208214056 0.791675605012 
2.668 0.177962348722 0.792463294517 
2.672 0.186765618363 0.793138080959 
2.676 0.195624936053 0.793708458756 
2.68 0.204530441174 0.7941629447 
2.684 0.213489151726 0.794510025117 
2.688 0.222490948291 0.794738299152 
2.692 0.231542955256 0.794856244678 
2.696 0.240634794123 0.794852551411 
2.7 0.249773697209 0.794735688365 
2.704 0.258949026979 0.794494444143 
2.708 0.268168125315 0.794137278447 
2.712 0.277420096014 0.793653087162 
2.716 0.286712392252 0.793050320171 
2.72 0.296033859863 0.792317989106 
2.724 0.305392065133 0.791464533452 
2.728 0.314775596988 0.790479089111 
2.732 0.324192136728 0.789370084518 
2.736 0.333630017772 0.788126788402 
2.74 0.343097038431 0.786757617414 
2.744 0.352581278377 0.785251981689 
2.748 0.362090655011 0.783618285265 
2.752 0.371612996377 0.781846088266 
2.756 0.38115634113 0.779943781194 
2.76 0.390708268174 0.777901082725 
2.764 0.400276939659 0.775726368789 
2.768 0.409849688202 0.773409525154 
2.772 0.419434801771 0.770958912021 
2.776 0.429019369916 0.768364590735 
2.78 0.438611808816 0.765634904489 
2.784 0.448198968547 0.762760098619 
2.788 0.457789395956 0.759748497895 
2.792 0.467369705607 0.756590539971 
2.796 0.476948577537 0.753294529637 
2.8 0.486512395125 0.749851105082 
2.804 0.496069974174 0.746268549404 
2.808 0.505607471573 0.742537709426 
2.812 0.515133841513 0.738666844679 
2.816 0.524635019446 0.734647018566 
2.82 0.534120100613 0.730486465016 
2.824 0.543574804446 0.726176471794 
2.828 0.553008369925 0.721725245013 
2.832 0.562406306224 0.7171243044 
2.836 0.571777998775 0.712381825856 
2.84 0.581108752601 0.707489568465 
2.844 0.590408102313 0.702455675335 
2.848 0.599661155224 0.697272152083 
2.852 0.608877597846 0.691947106244 
2.856 0.618042346552 0.686472796905 
2.86 0.627165242469 0.680857293049 
2.864 0.636231018114 0.675093113915 
2.868 0.645249671922 0.669188286753 
2.872 0.654205759938 0.663135597355 
2.876 0.663109440561 0.656943027851 
2.88 0.671945101048 0.650603636701 
2.884 0.680723062368 0.644125357311 
2.888 0.689427550943 0.637501526618 
2.892 0.698069052864 0.630740025486 
2.896 0.706631641937 0.623834474816 
2.9 0.715125971846 0.616792698901 
2.904 0.723535972247 0.609608607753 
2.908 0.731872466801 0.602289964842 
2.912 0.740119249712 0.594830974092 
2.916 0.748287316899 0.587239333689 
2.92 0.756360336022 0.579509545901 
2.924 0.764349477423 0.571649238947 
2.928 0.772238291319 0.563653217505 
2.932 0.780038124508 0.555529034932 
2.936 0.787732419044 0.54727180199 
2.94 0.795332700063 0.538888992069 
2.944 0.802822310892 0.5303760253 
2.948 0.810212956728 0.521740289791 
2.952 0.817487891737 0.512977517919 
2.956 0.824659002723 0.504095006998 
2.96 0.83170946438 0.495088804122 
2.964 0.838651346467 0.485966110097 
2.968 0.845467753984 0.476723288788 
2.972 0.852170940794 0.467367438594 
2.976 0.85874395205 0.457895241782 
2.98 0.865199226644 0.448313688265 
2.984 0.871519759781 0.438619779919 
2.988 0.877718176072 0.428820391919 
2.992 0.883777430701 0.418912846533 
2.996 0.889710334438 0.408903897781 
3.0 0.895499812377 0.39879118868 
3.004 0.901158861626 0.388581345532 
3.008 0.906670387103 0.378272332029 
3.012 0.912047572159 0.367870640053 
3.016 0.917273311408 0.357374553476 
3.02 0.922360974062 0.34679042293 
3.024 0.927293454242 0.336116851551 
3.028 0.932084306342 0.325360041781 
3.032 0.93671643372 0.314518914688 
3.036 0.941203574959 0.303599517487 
3.04 0.945528652274 0.292601087434 
3.044 0.949705587135 0.281529509399 
3.048 0.953717330109 0.270384334681 
3.052 0.957577983912 0.259171278622 
3.056 0.961270536818 0.247890204024 
3.06 0.964809270816 0.236546649471 
3.064 0.968177221063 0.225140786339 
3.068 0.971388846515 0.213677969201 
3.072 0.974427238205 0.202158674705 
3.076 0.97730702939 0.190588066141 
3.08 0.98001137577 0.17896692177 
3.084 0.982555081891 0.167300206337 
3.088 0.984921376681 0.155588995704 
3.092 0.987125232604 0.143838048837 
3.096 0.989149960144 0.132048734856 
3.1 0.991010695952 0.120225599761 
3.104 0.992690840133 0.108370301263 
3.108 0.994205689437 0.0964871652794 
3.112 0.995538741386 0.0845781331423 
3.116 0.99670544838 0.0726473036581 
3.12 0.997689412866 0.0606968965232 
3.124 0.998506238085 0.0487307765103 
3.128 0.999139638623 0.0367514361568 
3.132 0.999605363398 0.0247624994086 
3.136 0.999887246035 0.0127667258684 
3.14 1.00000117561 0.000767492012762 
3.144 0.999931111373 -0.0112321814983 
3.148 0.999693076695 -0.0232291721307 
3.152 0.999271162691 -0.0352202043874 
3.156 0.998681520833 -0.0472024159598 
3.16 0.997908380014 -0.059172282927 
3.164 0.996968013267 -0.0711272092788 
3.168 0.995844792834 -0.083063429257 
3.172 0.994555106447 -0.0949786189931 
3.176 0.993083474916 -0.106868777631 
3.18 0.9914463935 -0.118731859038 
3.184 0.989628536437 -0.130563634131 
3.188 0.987646499045 -0.142362339844 
3.192 0.985485113494 -0.154123525848 
3.196 0.983161067395 -0.165845717187 
3.2 0.980659355001 -0.17752424936 
3.204 0.977996748179 -0.189157940264 
3.208 0.975158407051 -0.200741918372 
3.212 0.972161179443 -0.212275298857 
3.216 0.968990394778 -0.223753010362 
3.22 0.9656629683 -0.235174469427 
3.224 0.962164401804 -0.246534412093 
3.228 0.958511669185 -0.257832560012 
3.232 0.954690447334 -0.269063463858 
3.236 0.950717759818 -0.28022715378 
3.24 0.946579460997 -0.291318002315 
3.244 0.942292614942 -0.302336351121 
3.248 0.937843255514 -0.3132764018 
3.252 0.933248477948 -0.324138810146 
3.256 0.928494497303 -0.334917613989 
3.26 0.923598430488 -0.34561378549 
3.264 0.918546675124 -0.356221205802 
3.268 0.913356360177 -0.366741165285 
3.272 0.90801406688 -0.377167395438 
3.276 0.90253692652 -0.38750150624 
3.28 0.896911704686 -0.39773708646 
3.284 0.891155525168 -0.4078760667 
3.288 0.885255338349 -0.417911899817 
3.292 0.879228250639 -0.427846837619 
3.296 0.87306139737 -0.437674203747 
3.3 0.866771857641 -0.447396571375 
3.304 0.860346951613 -0.457007141482 
3.308 0.853803721122 -0.46650880834 
3.312 0.847129670774 -0.475894656681 
3.316 0.840341795194 -0.485167901176 
3.32 0.833427782797 -0.49432151656 
3.324 0.826404571072 -0.503359036781 
3.328 0.81926003137 -0.512273332659 
3.332 0.812011034164 -0.52106825587 
3.336 0.804645632649 -0.529736579221 
3.34 0.797180620468 -0.538282470145 
3.344 0.789604231359 -0.546698609153 
3.348 0.781933172413 -0.554989477045 
3.352 0.774155856413 -0.563147667556 
3.356 0.766288894287 -0.571177972056 
3.36 0.758320876191 -0.579072902824 
3.364 0.750268307408 -0.586837558593 
3.368 0.74211995363 -0.594464375302 
3.372 0.733892205167 -0.601958755444 
3.376 0.72557400126 -0.609313063526 
3.38 0.71718160809 -0.616533001812 
3.384 0.708704136328 -0.623610868068 
3.388 0.70015771906 -0.630552659962 
3.392 0.691531636146 -0.637350612998 
3.396 0.682841878826 -0.64401101552 
3.4 0.674077893805 -0.650526045031 
3.404 0.665255521946 -0.656902275462 
3.408 0.656364374364 -0.663131830366 
3.412 0.647420133265 -0.669221563838 
3.416 0.638412571663 -0.67516354931 
3.42 0.629357205083 -0.680964915293 
3.424 0.620243965863 -0.686617688717 
3.428 0.611088195102 -0.692129266447 
3.432 0.60187998184 -0.697491632319 
3.436 0.592634485288 -0.702712445201 
3.44 0.583341948529 -0.707783649035 
3.444 0.574017341732 -0.712713158056 
3.448 0.564651059339 -0.717492879309 
3.452 0.555257875632 -0.722130975507 
3.456 0.545828333718 -0.726619319592 
3.46 0.536377005473 -0.730966315623 
3.464 0.526894579973 -0.735163805038 
3.468 0.517395420505 -0.739220425883 
3.472 0.507870359423 -0.743127990508 
3.476 0.498333545586 -0.746895363379 
3.48 0.488775951962 -0.750514329992 
3.484 0.479211507485 -0.753993973478 
3.488 0.4696313231 -0.757326054535 
3.492 0.460049102681 -0.760519867042 
3.496 0.45045609255 -0.763567148786 
3.5 0.440865766748 -0.766477396322 
3.504 0.431269504418 -0.769242326255 
3.508 0.421680545356 -0.771871629618 
3.512 0.412090399029 -0.77435700341 
3.516 0.402512066947 -0.776708324829 
3.52 0.392937186457 -0.778917272702 
3.524 0.383378517109 -0.780993901988 
3.528 0.373827821758 -0.782929874639 
3.532 0.364297614694 -0.784735414899 
3.536 0.354779781973 -0.786402169016 
3.54 0.34528658969 -0.787940521988 
3.544 0.335810044879 -0.789342105412 
3.548 0.326362162872 -0.790617456473 
3.552 0.316935069532 -0.791758193057 
3.556 0.307540527231 -0.792774995955 
3.56 0.298170778598 -0.793659470184 
3.564 0.288837331202 -0.794422431556 
3.568 0.279532542458 -0.79505547297 
3.572 0.270267663658 -0.795569536693 
3.576 0.261035165108 -0.795956204168 
3.58 0.251846040693 -0.796226535589 
3.584 0.24269287181 -0.796372101537 
3.588 0.233586394153 -0.796404071645 
3.592 0.224519298496 -0.796314006158 
3.596 0.215502061902 -0.796113175737 
3.6 0.206527482897 -0.795793130754 
3.604 0.1976057798 -0.795365234565 
3.608 0.188729857357 -0.794821028083 
3.612 0.179909675355 -0.794171959123 
3.616 0.171138243312 -0.79340955951 
3.62 0.16242526301 -0.792545353389 
3.624 0.153763847381 -0.791570863837 
3.628 0.145163441031 -0.79049768332 
3.632 0.136617259035 -0.789317326474 
3.636 0.128134489948 -0.78804144622 
3.64 0.119708449795 -0.786661549035 
3.644 0.11134807249 -0.785189340569 
3.648 0.103046773901 -0.783616319416 
3.652 0.0948132349794 -0.781954236386 
3.656 0.0866409704069 -0.780194582448 
3.66 0.0785384101146 -0.778349146174 
3.664 0.0704991666401 -0.776409411166 
3.668 0.0625314210868 -0.774387196533 
3.672 0.0546288829631 -0.772273978769 
3.676 0.0467994869739 -0.770081600483 
3.68 0.0390370387808 -0.767801531322 
3.684 0.0313492293443 -0.765445630551 
3.688 0.0237299597255 -0.763005361247 
3.692 0.0161866800077 -0.760492592681 
3.696 0.00871338595698 -0.757898781651 
3.7 0.00131728984669 -0.755235800994 
3.704 -0.006007518491 -0.752495101537 
3.708 -0.0132540613377 -0.74968855345 
3.712 -0.0204281553831 -0.746807601921 
3.716 -0.027523054034 -0.74386410844 
3.72 -0.0345444810432 -0.740849512906 
3.724 -0.0414859173501 -0.737775662335 
3.728 -0.0483529942699 -0.734633991718 
3.732 -0.0551394165328 -0.731436328023 
3.736 -0.0618507234777 -0.728174101744 
3.74 -0.0684808397456 -0.724859114453 
3.744 -0.0750352131276 -0.721482792583 
3.748 -0.0815079841711 -0.718056907192 
3.752 -0.0879045095185 -0.714572881125 
3.756 -0.0942191415062 -0.711042450029 
3.76 -0.100457146003 -0.707457033665 
3.764 -0.106613082915 -0.703828327603 
3.768 -0.112692127693 -0.700147749062 
3.772 -0.118689043507 -0.696426949096 
3.776 -0.124608915725 -0.69265734295 
3.78 -0.130446706395 -0.688850532953 
3.784 -0.136207411133 -0.684997932982 
3.788 -0.141886186412 -0.681111092658 
3.792 -0.147487938414 -0.677181425126 
3.796 -0.153008013527 -0.673220423539 
3.8 -0.158451228817 -0.669219500985 
3.804 -0.163813116035 -0.665190090607 
3.808 -0.169098403443 -0.661123606139 
3.812 -0.174302803565 -0.657031417399 
3.816 -0.17943095618 -0.652904939498 
3.82 -0.184478749971 -0.648755475828 
3.824 -0.189450736555 -0.644574443644 
3.828 -0.194342976148 -0.640373077015 
3.832 -0.199159932539 -0.636142796136 
3.836 -0.203897832834 -0.631894763075 
3.84 -0.208561053345 -0.62762040178 
3.844 -0.213145983435 -0.623330799845 
3.848 -0.217656912296 -0.619017385816 
3.852 -0.222090386923 -0.614691170531 
3.856 -0.226450609769 -0.610343588006 
3.86 -0.230734280851 -0.605985570237 
3.864 -0.234945516284 -0.601608557601 
3.868 -0.239081164523 -0.59722340136 
3.872 -0.243145255764 -0.592821549154 
3.876 -0.247134782351 -0.588413769808 
3.88 -0.251053689009 -0.583991519149 
3.884 -0.254899107454 -0.579565482033 
3.888 -0.258674897409 -0.575127123413 
3.892 -0.262378325497 -0.57068704282 
3.896 -0.266013166938 -0.566236715288 
3.9 -0.269576818839 -0.56178665383 
3.904 -0.273072972446 -0.557328344519 
3.908 -0.276499150988 -0.552872212829 
3.912 -0.279858962291 -0.548409756838 
3.916 -0.2831500514 -0.54395131361 
3.92 -0.286375943311 -0.539488394199 
3.924 -0.289534400647 -0.535031246536 
3.928 -0.292628866188 -0.53057139563 
3.932 -0.295657215965 -0.526118999701 
3.936 -0.298622811194 -0.521665598686 
3.94 -0.301523637214 -0.517221260654 
3.944 -0.304362974355 -0.512777541442 
3.948 -0.307138913246 -0.508344418661 
3.952 -0.309854654041 -0.503913465015 
3.956 -0.312508388713 -0.499494567473 
3.96 -0.315103237989 -0.495079316568 
3.964 -0.317637491321 -0.490677508564 
3.968 -0.320114190783 -0.486280752771 
3.972 -0.32253171953 -0.481898754799 
3.976 -0.324893041789 -0.477523143677 
3.98 -0.327196630721 -0.473163534517 
3.984 -0.329445373548 -0.468811576992 
3.988 -0.33163782983 -0.464476795974 
3.992 -0.333776810647 -0.460150862695 
3.996 -0.335860958445 -0.455843212141 
4.0 -0.33789300906 -0.451545537991 
