 0.5000000E+00  0.4609042E-04 -0.3576062E+01  0.2984547E+02  0.2626946E+02
 0.1000000E+01  0.1843248E-03 -0.3576061E+01  0.2984548E+02  0.2626960E+02
 0.1500000E+01  0.4146482E-03 -0.3576060E+01  0.2984548E+02  0.2626984E+02
 0.2000000E+01  0.7370065E-03 -0.3576058E+01  0.2984548E+02  0.2627016E+02
 0.2500000E+01  0.1151346E-02 -0.3576055E+01  0.2984547E+02  0.2627057E+02
 0.3000000E+01  0.1657614E-02 -0.3576052E+01  0.2984546E+02  0.2627107E+02
 0.3500000E+01  0.2255758E-02 -0.3576048E+01  0.2984545E+02  0.2627165E+02
 0.4000000E+01  0.2945727E-02 -0.3576043E+01  0.2984543E+02  0.2627233E+02
 0.4500000E+01  0.3727470E-02 -0.3576038E+01  0.2984540E+02  0.2627309E+02
 0.5000000E+01  0.4600937E-02 -0.3576033E+01  0.2984537E+02  0.2627394E+02
 0.5500000E+01  0.5566077E-02 -0.3576026E+01  0.2984533E+02  0.2627487E+02
 0.6000000E+01  0.6622844E-02 -0.3576019E+01  0.2984528E+02  0.2627589E+02
 0.6500000E+01  0.7771188E-02 -0.3576012E+01  0.2984523E+02  0.2627699E+02
 0.7000000E+01  0.9011061E-02 -0.3576004E+01  0.2984517E+02  0.2627818E+02
 0.7500000E+01  0.1034242E-01 -0.3575995E+01  0.2984510E+02  0.2627944E+02
 0.8000000E+01  0.1176521E-01 -0.3575986E+01  0.2984502E+02  0.2628080E+02
 0.8500000E+01  0.1327940E-01 -0.3575976E+01  0.2984493E+02  0.2628223E+02
 0.9000000E+01  0.1488493E-01 -0.3575966E+01  0.2984482E+02  0.2628374E+02
 0.9500000E+01  0.1658177E-01 -0.3575954E+01  0.2984471E+02  0.2628533E+02
 0.1000000E+02  0.1836986E-01 -0.3575943E+01  0.2984458E+02  0.2628701E+02
 0.1050000E+02  0.2024917E-01 -0.3575931E+01  0.2984443E+02  0.2628875E+02
 0.1100000E+02  0.2221966E-01 -0.3575918E+01  0.2984427E+02  0.2629058E+02
 0.1150000E+02  0.2428128E-01 -0.3575904E+01  0.2984410E+02  0.2629247E+02
 0.1200000E+02  0.2643399E-01 -0.3575890E+01  0.2984390E+02  0.2629445E+02
 0.1250000E+02  0.2867776E-01 -0.3575876E+01  0.2984369E+02  0.2629649E+02
 0.1300000E+02  0.3101254E-01 -0.3575860E+01  0.2984345E+02  0.2629860E+02
 0.1350000E+02  0.3343829E-01 -0.3575844E+01  0.2984319E+02  0.2630079E+02
 0.1400000E+02  0.3595499E-01 -0.3575828E+01  0.2984291E+02  0.2630304E+02
 0.1450000E+02  0.3856258E-01 -0.3575811E+01  0.2984260E+02  0.2630535E+02
 0.1500000E+02  0.4126103E-01 -0.3575793E+01  0.2984226E+02  0.2630773E+02
 0.1550000E+02  0.4405031E-01 -0.3575775E+01  0.2984190E+02  0.2631017E+02
 0.1600000E+02  0.4693039E-01 -0.3575756E+01  0.2984150E+02  0.2631268E+02
 0.1650000E+02  0.4990122E-01 -0.3575737E+01  0.2984108E+02  0.2631524E+02
 0.1700000E+02  0.5296278E-01 -0.3575717E+01  0.2984061E+02  0.2631786E+02
 0.1750000E+02  0.5611502E-01 -0.3575696E+01  0.2984012E+02  0.2632053E+02
 0.1800000E+02  0.5935793E-01 -0.3575675E+01  0.2983958E+02  0.2632326E+02
 0.1850000E+02  0.6269146E-01 -0.3575653E+01  0.2983900E+02  0.2632604E+02
 0.1900000E+02  0.6611558E-01 -0.3575631E+01  0.2983838E+02  0.2632887E+02
 0.1950000E+02  0.6963027E-01 -0.3575608E+01  0.2983772E+02  0.2633174E+02
 0.2000000E+02  0.7323550E-01 -0.3575584E+01  0.2983701E+02  0.2633466E+02
 0.2050000E+02  0.7693123E-01 -0.3575560E+01  0.2983625E+02  0.2633762E+02
 0.2100000E+02  0.8071744E-01 -0.3575535E+01  0.2983544E+02  0.2634062E+02
 0.2150000E+02  0.8459411E-01 -0.3575510E+01  0.2983457E+02  0.2634366E+02
 0.2200000E+02  0.8856119E-01 -0.3575484E+01  0.2983365E+02  0.2634673E+02
 0.2250000E+02  0.9261867E-01 -0.3575457E+01  0.2983267E+02  0.2634983E+02
 0.2300000E+02  0.9676653E-01 -0.3575430E+01  0.2983163E+02  0.2635297E+02
 0.2350000E+02  0.1010047E+00 -0.3575403E+01  0.2983053E+02  0.2635613E+02
 0.2400000E+02  0.1053332E+00 -0.3575374E+01  0.2982936E+02  0.2635932E+02
 0.2450000E+02  0.1097521E+00 -0.3575345E+01  0.2982812E+02  0.2636253E+02
 0.2500000E+02  0.1142612E+00 -0.3575316E+01  0.2982681E+02  0.2636575E+02
 0.2550000E+02  0.1188605E+00 -0.3575286E+01  0.2982542E+02  0.2636900E+02
 0.2600000E+02  0.1235501E+00 -0.3575255E+01  0.2982396E+02  0.2637225E+02
 0.2650000E+02  0.1283299E+00 -0.3575224E+01  0.2982241E+02  0.2637552E+02
 0.2700000E+02  0.1331999E+00 -0.3575192E+01  0.2982079E+02  0.2637880E+02
 0.2750000E+02  0.1381601E+00 -0.3575159E+01  0.2981907E+02  0.2638207E+02
 0.2800000E+02  0.1432104E+00 -0.3575126E+01  0.2981727E+02  0.2638535E+02
 0.2850000E+02  0.1483509E+00 -0.3575092E+01  0.2981537E+02  0.2638863E+02
 0.2900000E+02  0.1535814E+00 -0.3575058E+01  0.2981338E+02  0.2639190E+02
 0.2950000E+02  0.1589021E+00 -0.3575023E+01  0.2981129E+02  0.2639517E+02
 0.3000000E+02  0.1643129E+00 -0.3574988E+01  0.2980909E+02  0.2639842E+02
 0.3050000E+02  0.1698138E+00 -0.3574952E+01  0.2980679E+02  0.2640166E+02
 0.3100000E+02  0.1754047E+00 -0.3574915E+01  0.2980438E+02  0.2640487E+02
 0.3150000E+02  0.1810856E+00 -0.3574878E+01  0.2980186E+02  0.2640807E+02
 0.3200000E+02  0.1868566E+00 -0.3574840E+01  0.2979922E+02  0.2641124E+02
 0.3250000E+02  0.1927176E+00 -0.3574801E+01  0.2979646E+02  0.2641438E+02
 0.3300000E+02  0.1986687E+00 -0.3574762E+01  0.2979358E+02  0.2641749E+02
 0.3350000E+02  0.2047097E+00 -0.3574723E+01  0.2979057E+02  0.2642056E+02
 0.3400000E+02  0.2108407E+00 -0.3574683E+01  0.2978743E+02  0.2642359E+02
 0.3450000E+02  0.2170617E+00 -0.3574642E+01  0.2978415E+02  0.2642657E+02
 0.3500000E+02  0.2233727E+00 -0.3574600E+01  0.2978074E+02  0.2642951E+02
 0.3550000E+02  0.2297736E+00 -0.3574558E+01  0.2977718E+02  0.2643239E+02
 0.3600000E+02  0.2362645E+00 -0.3574516E+01  0.2977347E+02  0.2643522E+02
 0.3650000E+02  0.2428454E+00 -0.3574472E+01  0.2976962E+02  0.2643799E+02
 0.3700000E+02  0.2495162E+00 -0.3574429E+01  0.2976561E+02  0.2644069E+02
 0.3750000E+02  0.2562769E+00 -0.3574384E+01  0.2976144E+02  0.2644333E+02
 0.3800000E+02  0.2631276E+00 -0.3574339E+01  0.2975710E+02  0.2644589E+02
 0.3850000E+02  0.2700682E+00 -0.3574294E+01  0.2975260E+02  0.2644838E+02
 0.3900000E+02  0.2770988E+00 -0.3574248E+01  0.2974793E+02  0.2645078E+02
 0.3950000E+02  0.2842193E+00 -0.3574201E+01  0.2974308E+02  0.2645310E+02
 0.4000000E+02  0.2914297E+00 -0.3574153E+01  0.2973805E+02  0.2645533E+02
 0.4050000E+02  0.2987301E+00 -0.3574106E+01  0.2973284E+02  0.2645746E+02
 0.4100000E+02  0.3061204E+00 -0.3574057E+01  0.2972743E+02  0.2645950E+02
 0.4150000E+02  0.3136007E+00 -0.3574008E+01  0.2972184E+02  0.2646143E+02
 0.4200000E+02  0.3211708E+00 -0.3573958E+01  0.2971604E+02  0.2646325E+02
 0.4250000E+02  0.3288310E+00 -0.3573908E+01  0.2971004E+02  0.2646496E+02
 0.4300000E+02  0.3365810E+00 -0.3573857E+01  0.2970383E+02  0.2646655E+02
 0.4350000E+02  0.3444211E+00 -0.3573805E+01  0.2969741E+02  0.2646803E+02
 0.4400000E+02  0.3523511E+00 -0.3573753E+01  0.2969077E+02  0.2646937E+02
 0.4450000E+02  0.3603710E+00 -0.3573701E+01  0.2968391E+02  0.2647058E+02
 0.4500000E+02  0.3684809E+00 -0.3573647E+01  0.2967682E+02  0.2647165E+02
 0.4550000E+02  0.3766808E+00 -0.3573593E+01  0.2966950E+02  0.2647259E+02
 0.4600000E+02  0.3849707E+00 -0.3573539E+01  0.2966194E+02  0.2647337E+02
 0.4650000E+02  0.3933506E+00 -0.3573484E+01  0.2965414E+02  0.2647400E+02
 0.4700000E+02  0.4018205E+00 -0.3573428E+01  0.2964609E+02  0.2647448E+02
 0.4750000E+02  0.4103804E+00 -0.3573372E+01  0.2963778E+02  0.2647479E+02
 0.4800000E+02  0.4190304E+00 -0.3573315E+01  0.2962922E+02  0.2647494E+02
 0.4850000E+02  0.4277704E+00 -0.3573258E+01  0.2962040E+02  0.2647491E+02
 0.4900000E+02  0.4366005E+00 -0.3573200E+01  0.2961131E+02  0.2647471E+02
 0.4950000E+02  0.4455206E+00 -0.3573141E+01  0.2960194E+02  0.2647432E+02
 0.5000000E+02  0.4545308E+00 -0.3573082E+01  0.2959229E+02  0.2647374E+02
