 0.4000000E+01  0.6904071E-02
 0.4020000E+01  0.6601292E-02
 0.4040000E+01  0.6316868E-02
 0.4060000E+01  0.6049014E-02
 0.4080000E+01  0.5796168E-02
 0.4100000E+01  0.5556957E-02
 0.4120000E+01  0.5330171E-02
 0.4140000E+01  0.5114746E-02
 0.4160000E+01  0.4909740E-02
 0.4180000E+01  0.4714320E-02
 0.4200000E+01  0.4527749E-02
 0.4220000E+01  0.4349371E-02
 0.4240000E+01  0.4178604E-02
 0.4260000E+01  0.4014929E-02
 0.4280000E+01  0.3857884E-02
 0.4300000E+01  0.3707052E-02
 0.4320000E+01  0.3562065E-02
 0.4340000E+01  0.3422587E-02
 0.4360000E+01  0.3288319E-02
 0.4380000E+01  0.3158990E-02
 0.4400000E+01  0.3034354E-02
 0.4420000E+01  0.2914189E-02
 0.4440000E+01  0.2798290E-02
 0.4460000E+01  0.2686474E-02
 0.4480000E+01  0.2578568E-02
 0.4500000E+01  0.2474417E-02
 0.4520000E+01  0.2373875E-02
 0.4540000E+01  0.2276808E-02
 0.4560000E+01  0.2183090E-02
 0.4580000E+01  0.2092603E-02
 0.4600000E+01  0.2005239E-02
 0.4620000E+01  0.1920891E-02
 0.4640000E+01  0.1839463E-02
 0.4660000E+01  0.1760860E-02
 0.4680000E+01  0.1684993E-02
 0.4700000E+01  0.1611777E-02
 0.4720000E+01  0.1541129E-02
 0.4740000E+01  0.1472972E-02
 0.4760000E+01  0.1407228E-02
 0.4780000E+01  0.1343825E-02
 0.4800000E+01  0.1282692E-02
 0.4820000E+01  0.1223759E-02
 0.4840000E+01  0.1166960E-02
 0.4860000E+01  0.1112229E-02
 0.4880000E+01  0.1059504E-02
 0.4900000E+01  0.1008722E-02
 0.4920000E+01  0.9598231E-03
 0.4940000E+01  0.9127488E-03
 0.4960000E+01  0.8674420E-03
 0.4980000E+01  0.8238467E-03
 0.5000000E+01  0.7819086E-03
 0.5020000E+01  0.7415745E-03
 0.5040000E+01  0.7027926E-03
 0.5060000E+01  0.6655123E-03
 0.5080000E+01  0.6296845E-03
 0.5100000E+01  0.5952611E-03
 0.5120000E+01  0.5621952E-03
 0.5140000E+01  0.5304414E-03
 0.5160000E+01  0.4999551E-03
 0.5180000E+01  0.4706933E-03
 0.5200000E+01  0.4426139E-03
 0.5220000E+01  0.4156761E-03
 0.5240000E+01  0.3898400E-03
 0.5260000E+01  0.3650672E-03
 0.5280000E+01  0.3413201E-03
 0.5300000E+01  0.3185623E-03
 0.5320000E+01  0.2967586E-03
 0.5340000E+01  0.2758747E-03
 0.5360000E+01  0.2558773E-03
 0.5380000E+01  0.2367345E-03
 0.5400000E+01  0.2184149E-03
 0.5420000E+01  0.2008884E-03
 0.5440000E+01  0.1841258E-03
 0.5460000E+01  0.1680989E-03
 0.5480000E+01  0.1527802E-03
 0.5500000E+01  0.1381434E-03
 0.5520000E+01  0.1241628E-03
 0.5540000E+01  0.1108139E-03
 0.5560000E+01  0.9807274E-04
 0.5580000E+01  0.8591625E-04
 0.5600000E+01  0.7432220E-04
 0.5620000E+01  0.6326909E-04
 0.5640000E+01  0.5273621E-04
 0.5660000E+01  0.4270352E-04
 0.5680000E+01  0.3315174E-04
 0.5700000E+01  0.2406223E-04
 0.5720000E+01  0.1541703E-04
 0.5740000E+01  0.7198814E-05
 0.5760000E+01 -0.6091103E-06
 0.5780000E+01 -0.8022849E-05
 0.5800000E+01 -0.1505792E-04
 0.5820000E+01 -0.2172929E-04
 0.5840000E+01 -0.2805138E-04
 0.5860000E+01 -0.3403807E-04
 0.5880000E+01 -0.3970276E-04
 0.5900000E+01 -0.4505834E-04
 0.5920000E+01 -0.5011726E-04
 0.5940000E+01 -0.5489148E-04
 0.5960000E+01 -0.5939253E-04
 0.5980000E+01 -0.6363154E-04
 0.6000000E+01 -0.6761920E-04
 0.6020000E+01 -0.7136584E-04
 0.6040000E+01 -0.7488137E-04
 0.6060000E+01 -0.7817538E-04
 0.6080000E+01 -0.8125706E-04
 0.6100000E+01 -0.8413531E-04
 0.6120000E+01 -0.8681866E-04
 0.6140000E+01 -0.8931536E-04
 0.6160000E+01 -0.9163332E-04
 0.6180000E+01 -0.9378018E-04
 0.6200000E+01 -0.9576330E-04
 0.6220000E+01 -0.9758975E-04
 0.6240000E+01 -0.9926636E-04
 0.6260000E+01 -0.1007997E-03
 0.6280000E+01 -0.1021961E-03
 0.6300000E+01 -0.1034616E-03
 0.6320000E+01 -0.1046021E-03
 0.6340000E+01 -0.1056232E-03
 0.6360000E+01 -0.1065304E-03
 0.6380000E+01 -0.1073288E-03
 0.6400000E+01 -0.1080236E-03
 0.6420000E+01 -0.1086196E-03
 0.6440000E+01 -0.1091214E-03
 0.6460000E+01 -0.1095335E-03
 0.6480000E+01 -0.1098602E-03
 0.6500000E+01 -0.1101057E-03
 0.6520000E+01 -0.1102739E-03
 0.6540000E+01 -0.1103688E-03
 0.6560000E+01 -0.1103940E-03
 0.6580000E+01 -0.1103530E-03
 0.6600000E+01 -0.1102493E-03
 0.6620000E+01 -0.1100862E-03
 0.6640000E+01 -0.1098667E-03
 0.6660000E+01 -0.1095940E-03
 0.6680000E+01 -0.1092709E-03
 0.6700000E+01 -0.1089003E-03
 0.6720000E+01 -0.1084848E-03
 0.6740000E+01 -0.1080270E-03
 0.6760000E+01 -0.1075294E-03
 0.6780000E+01 -0.1069943E-03
 0.6800000E+01 -0.1064240E-03
 0.6820000E+01 -0.1058208E-03
 0.6840000E+01 -0.1051867E-03
 0.6860000E+01 -0.1045237E-03
 0.6880000E+01 -0.1038337E-03
 0.6900000E+01 -0.1031186E-03
 0.6920000E+01 -0.1023802E-03
 0.6940000E+01 -0.1016201E-03
 0.6960000E+01 -0.1008399E-03
 0.6980000E+01 -0.1000413E-03
 0.7000000E+01 -0.9922560E-04
 0.7020000E+01 -0.9839431E-04
 0.7040000E+01 -0.9754876E-04
 0.7060000E+01 -0.9669025E-04
 0.7080000E+01 -0.9581999E-04
 0.7100000E+01 -0.9493917E-04
 0.7120000E+01 -0.9404891E-04
 0.7140000E+01 -0.9315028E-04
 0.7160000E+01 -0.9224429E-04
 0.7180000E+01 -0.9133191E-04
 0.7200000E+01 -0.9041406E-04
 0.7220000E+01 -0.8949164E-04
 0.7240000E+01 -0.8856546E-04
 0.7260000E+01 -0.8763631E-04
 0.7280000E+01 -0.8670497E-04
 0.7300000E+01 -0.8577213E-04
 0.7320000E+01 -0.8483847E-04
 0.7340000E+01 -0.8390465E-04
 0.7360000E+01 -0.8297125E-04
 0.7380000E+01 -0.8203887E-04
 0.7400000E+01 -0.8110804E-04
 0.7420000E+01 -0.8017927E-04
 0.7440000E+01 -0.7925306E-04
 0.7460000E+01 -0.7832985E-04
 0.7480000E+01 -0.7741007E-04
 0.7500000E+01 -0.7649414E-04
 0.7520000E+01 -0.7558242E-04
 0.7540000E+01 -0.7467528E-04
 0.7560000E+01 -0.7377304E-04
 0.7580000E+01 -0.7287603E-04
 0.7600000E+01 -0.7198453E-04
 0.7620000E+01 -0.7109881E-04
 0.7640000E+01 -0.7021913E-04
 0.7660000E+01 -0.6934572E-04
 0.7680000E+01 -0.6847881E-04
 0.7700000E+01 -0.6761858E-04
 0.7720000E+01 -0.6676523E-04
 0.7740000E+01 -0.6591893E-04
 0.7760000E+01 -0.6507983E-04
 0.7780000E+01 -0.6424808E-04
 0.7800000E+01 -0.6342380E-04
 0.7820000E+01 -0.6260713E-04
 0.7840000E+01 -0.6179815E-04
 0.7860000E+01 -0.6099697E-04
 0.7880000E+01 -0.6020367E-04
 0.7900000E+01 -0.5941833E-04
 0.7920000E+01 -0.5864100E-04
 0.7940000E+01 -0.5787175E-04
 0.7960000E+01 -0.5711062E-04
 0.7980000E+01 -0.5635766E-04
 0.8000000E+01 -0.5561288E-04
 0.8020000E+01 -0.5487632E-04
 0.8040000E+01 -0.5414799E-04
 0.8060000E+01 -0.5342790E-04
 0.8080000E+01 -0.5271606E-04
 0.8100000E+01 -0.5201246E-04
 0.8120000E+01 -0.5131710E-04
 0.8140000E+01 -0.5062996E-04
 0.8160000E+01 -0.4995103E-04
 0.8180000E+01 -0.4928028E-04
 0.8200000E+01 -0.4861768E-04
 0.8220000E+01 -0.4796322E-04
 0.8240000E+01 -0.4731684E-04
 0.8260000E+01 -0.4667852E-04
 0.8280000E+01 -0.4604822E-04
 0.8300000E+01 -0.4542588E-04
 0.8320000E+01 -0.4481146E-04
 0.8340000E+01 -0.4420491E-04
 0.8360000E+01 -0.4360618E-04
 0.8380000E+01 -0.4301521E-04
 0.8400000E+01 -0.4243194E-04
 0.8420000E+01 -0.4185632E-04
 0.8440000E+01 -0.4128829E-04
 0.8460000E+01 -0.4072778E-04
 0.8480000E+01 -0.4017472E-04
 0.8500000E+01 -0.3962906E-04
 0.8520000E+01 -0.3909072E-04
 0.8540000E+01 -0.3855964E-04
 0.8560000E+01 -0.3803575E-04
 0.8580000E+01 -0.3751897E-04
 0.8600000E+01 -0.3700924E-04
 0.8620000E+01 -0.3650648E-04
 0.8640000E+01 -0.3601063E-04
 0.8660000E+01 -0.3552160E-04
 0.8680000E+01 -0.3503933E-04
 0.8700000E+01 -0.3456374E-04
 0.8720000E+01 -0.3409475E-04
 0.8740000E+01 -0.3363230E-04
 0.8760000E+01 -0.3317630E-04
 0.8780000E+01 -0.3272669E-04
 0.8800000E+01 -0.3228338E-04
 0.8820000E+01 -0.3184631E-04
 0.8840000E+01 -0.3141540E-04
 0.8860000E+01 -0.3099056E-04
 0.8880000E+01 -0.3057174E-04
 0.8900000E+01 -0.3015885E-04
 0.8920000E+01 -0.2975183E-04
 0.8940000E+01 -0.2935059E-04
 0.8960000E+01 -0.2895506E-04
 0.8980000E+01 -0.2856517E-04
 0.9000000E+01 -0.2818084E-04
 0.9020000E+01 -0.2780202E-04
 0.9040000E+01 -0.2742861E-04
 0.9060000E+01 -0.2706055E-04
 0.9080000E+01 -0.2669778E-04
 0.9100000E+01 -0.2634021E-04
 0.9120000E+01 -0.2598778E-04
 0.9140000E+01 -0.2564042E-04
 0.9160000E+01 -0.2529806E-04
 0.9180000E+01 -0.2496063E-04
 0.9200000E+01 -0.2462807E-04
 0.9220000E+01 -0.2430030E-04
 0.9240000E+01 -0.2397726E-04
 0.9260000E+01 -0.2365889E-04
 0.9280000E+01 -0.2334512E-04
 0.9300000E+01 -0.2303588E-04
 0.9320000E+01 -0.2273111E-04
 0.9340000E+01 -0.2243075E-04
 0.9360000E+01 -0.2213473E-04
 0.9380000E+01 -0.2184299E-04
 0.9400000E+01 -0.2155547E-04
 0.9420000E+01 -0.2127212E-04
 0.9440000E+01 -0.2099286E-04
 0.9460000E+01 -0.2071765E-04
 0.9480000E+01 -0.2044641E-04
 0.9500000E+01 -0.2017911E-04
 0.9520000E+01 -0.1991566E-04
 0.9540000E+01 -0.1965603E-04
 0.9560000E+01 -0.1940016E-04
 0.9580000E+01 -0.1914798E-04
 0.9600000E+01 -0.1889945E-04
 0.9620000E+01 -0.1865450E-04
 0.9640000E+01 -0.1841310E-04
 0.9660000E+01 -0.1817518E-04
 0.9680000E+01 -0.1794070E-04
 0.9700000E+01 -0.1770960E-04
 0.9720000E+01 -0.1748183E-04
 0.9740000E+01 -0.1725734E-04
 0.9760000E+01 -0.1703609E-04
 0.9780000E+01 -0.1681802E-04
 0.9800000E+01 -0.1660309E-04
 0.9820000E+01 -0.1639125E-04
 0.9840000E+01 -0.1618246E-04
 0.9860000E+01 -0.1597666E-04
 0.9880000E+01 -0.1577381E-04
 0.9900000E+01 -0.1557388E-04
 0.9920000E+01 -0.1537681E-04
 0.9940000E+01 -0.1518256E-04
 0.9960000E+01 -0.1499108E-04
 0.9980000E+01 -0.1480235E-04
