-6.0 0.0016430804571573455 0.00017087848209606046 
-5.939698492462312 0.0020254865595060044 0.0002461835006912905 
-5.8793969849246235 0.002487829930571568 0.00034909244274335273 
-5.819095477386934 0.003044617914088082 0.0004871373279742372 
-5.758793969849246 0.003712493445319975 0.0006688045440977742 
-5.698492462311558 0.00451044488055323 0.0009031859691783651 
-5.63819095477387 0.005460015197662018 0.0011993953992341956 
-5.577889447236181 0.006585505402475753 0.0015657168685949865 
-5.517587939698492 0.00791416601886074 0.0020084779491487043 
-5.457286432160804 0.009476369574069023 0.002530684114974228 
-5.396984924623116 0.011305756047641807 0.003130512326597803 
-5.336683417085427 0.013439342370561456 0.003799845193400675 
-5.276381909547739 0.01591758628547992 0.004523133846705157 
-5.21608040201005 0.01878439425742915 0.005277013052488831 
-5.155778894472362 0.022087062709632725 0.006031267860846561 
-5.0954773869346734 0.02587614170495674 0.006751989983521633 
-5.035175879396985 0.030205210354119928 0.007408090849947321 
-4.974874371859297 0.03513055375852199 0.00798271865967365 
-4.914572864321608 0.040710732234792546 0.008491153341259189 
-4.8542713567839195 0.047006034958208404 0.009004754515426138 
-4.793969849246231 0.05407781203017769 0.009672435083825322 
-4.733668341708543 0.06198768133409901 0.010715098415811686 
-4.673366834170855 0.07079660939012061 0.012366163564859816 
-4.613065326633166 0.08056386872908416 0.01478157336720882 
-4.552763819095477 0.09134587803405701 0.017993197030790248 
-4.492462311557789 0.10319493537614768 0.0219288072948576 
-4.432160804020101 0.11615785920806089 0.026454463060933475 
-4.371859296482413 0.13027455625944367 0.03140739421546549 
-4.311557788944723 0.14557653996650705 0.03661923451638318 
-4.251256281407035 0.16208542741027365 0.041937352923690406 
-4.190954773869347 0.17981144676435795 0.0472480231214474 
-4.130653266331659 0.19875199078662087 0.05250056242535498 
-4.07035175879397 0.21889025474894133 0.05772816687991435 
-4.010050251256281 0.24019399920983936 0.06305866438856116 
-3.949748743718593 0.26261447903246793 0.06870758712527986 
-3.8894472361809047 0.2860855798929823 0.07494899221603318 
-3.829145728643216 0.3105232020978354 0.08206797329570907 
-3.7688442211055277 0.3358249287561656 0.0903100671606589 
-3.7085427135678395 0.3618700112015983 0.09984847267753097 
-3.648241206030151 0.3885196990419839 0.11078328687600686 
-3.5879396984924625 0.41561793540416764 0.12317127959784702 
-3.527638190954774 0.4429924299567511 0.13707106049429227 
-3.4673366834170856 0.4704561133139255 0.15258387813147475 
-3.4070351758793973 0.49780896667588204 0.16987373019094262 
-3.3467336683417086 0.5248402103194738 0.1891581690590631 
-3.2864321608040203 0.5513308241277686 0.21067069143267014 
-3.2261306532663316 0.5770563630770734 0.23460490982594384 
-3.1658291457286434 0.6017900208383352 0.26105678875842064 
-3.1055276381909547 0.6253058857514777 0.28998127130905976 
-3.0452261306532664 0.6473823257383506 0.32117363810028243 
-2.984924623115578 0.6678054325472763 0.35427725164935064 
-2.9246231155778895 0.6863724513428145 0.3888120698879679 
-2.864321608040201 0.7028951192870018 0.4242146824760624 
-2.8040201005025125 0.7172028365560159 0.4598804513397479 
-2.7437185929648242 0.7291455952778251 0.49520028987352427 
-2.683417085427136 0.7385965961609033 0.5295874510952179 
-2.6231155778894473 0.7454544890283251 0.562492677929908 
-2.562814070351759 0.7496451819113295 0.5934088137274083 
-2.5025125628140703 0.7511231735514586 0.621868193800617 
-2.442211055276382 0.7498723758023281 0.6474375474712488 
-2.381909547738694 0.7459064051461587 0.6697154809025917 
-2.321608040201005 0.739268335938834 0.6883367845168696 
-2.261306532663317 0.73002992163621 0.7029859637869912 
-2.201005025125628 0.7182903036899063 0.7134199292220785 
-2.14070351758794 0.7041742405971235 0.719497253067316 
-2.0804020100502516 0.6878299013357978 0.7212093510087519 
-2.020100502512563 0.6694262777446258 0.7187077647473378 
-1.9597989949748742 0.6491502790037216 0.7123215605360705 
-1.899497487437186 0.627203577989555 0.7025596579926163 
-1.8391959798994977 0.6037992837466334 0.6900944737792762 
-1.7788944723618094 0.5791585165480722 0.6757254080497205 
-1.7185929648241212 0.5535069619999481 0.6603233004041958 
-1.658291457286432 0.5270714784525116 0.644759992063372 
-1.5979899497487438 0.5000768277621297 0.629830416290487 
-1.5376884422110555 0.47274259341480906 0.616177676099071 
-1.4773869346733672 0.44528034244442566 0.6042332386560844 
-1.417085427135679 0.4178910787680983 0.5941832457787084 
-1.3567839195979898 0.39076302585793715 0.5859672179572153 
-1.2964824120603016 0.3640697664271065 0.5793080507292905 
-1.2361809045226133 0.3379687563827814 0.5737648891222652 
-1.175879396984925 0.31260022002918547 0.568796246056537 
-1.1155778894472368 0.288086423704084 0.5638209981343519 
-1.0552763819095476 0.26453131597888846 0.5582687181042902 
-0.9949748743718594 0.24202051447792117 0.5516159240453049 
-0.9346733668341711 0.2206216124577764 0.5434091747272379 
-0.8743718592964829 0.20038477266060414 0.5332784997160697 
-0.8140703517587946 0.1813435716883232 0.5209453916161705 
-0.7537688442211055 0.16351605525807114 0.5062289921548453 
-0.6934673366834172 0.14690596316296664 0.48905276308818046 
-0.6331658291457289 0.13150408250288256 0.4694523406920984 
-0.5728643216080407 0.11728968865654255 0.44758377721063924 
-0.5125628140703524 0.10423203539835836 0.42373018282574937 
-0.4522613065326633 0.09229185835913442 0.39830397909148185 
-0.391959798994975 0.08142285951396074 0.3718415309032449 
-0.33165829145728676 0.0715731443729409 0.3449867461543749 
-0.2713567839195985 0.06268658787260824 0.3184602774441231 
-0.21105527638190935 0.05470410944822353 0.29301146576050885 
-0.1507537688442211 0.04756484225386675 0.2693519794412876 
-0.09045226130653283 0.041207185850670805 0.24807480396453546 
-0.030150753768844574 0.035569735787203405 0.22957116623966792 
0.030150753768843686 0.030592087256225954 0.21396922256813386 
0.09045226130653283 0.026215513358723134 0.20112361572302215 
0.1507537688442211 0.022383521392124173 0.19067327214795898 
0.21105527638190935 0.019042292979746512 0.18215568667205323 
0.2713567839195976 0.016141015767183055 0.17513746171142297 
0.33165829145728587 0.013632115840367415 0.1693138605134837 
0.391959798994975 0.011471400995533825 0.16454639261545606 
0.4522613065326633 0.009618125550722641 0.16083242542058082 
0.5125628140703515 0.00803498757766316 0.1582226274580875 
0.5728643216080398 0.006688069302963787 0.15671791951008945 
0.633165829145728 0.005546731032399488 0.1561851961600445 
0.6934673366834172 0.004583468345853991 0.15632396587888384 
0.7537688442211055 0.0037737415455599875 0.15669306351112808 
0.8140703517587937 0.0030957854657447923 0.15678034078875988 
0.874371859296482 0.0025304068121103614 0.15608541626707295 
0.9346733668341702 0.0020607752338086746 0.15419018665443904 
0.9949748743718594 0.001672213371868772 0.1508046809762368 
1.0552763819095476 0.0013519902034666025 0.14578694310657817 
1.115577889447236 0.001089121132110789 0.13914139076505863 
1.1758793969849242 0.0008741774752015442 0.1310017288789804 
1.2361809045226124 0.0006991072827893385 0.1216041683363469 
1.2964824120603016 0.0005570687904239177 0.11125579986080261 
1.3567839195979898 0.0004422772665379975 0.10030203474328145 
1.417085427135678 0.00034986555942468766 0.0890961552518087 
1.4773869346733663 0.00027575827657104837 0.07797319543951681 
1.5376884422110546 0.00021655923403156066 0.06722957791135761 
1.5979899497487438 0.00016945158848732632 0.05710917646806468 
1.658291457286432 0.00013210990167598035 0.04779579453358458 
1.7185929648241203 0.0001026232776896137 0.03941148705735849 
1.7788944723618085 7.942864994394656e-05 0.03201974277596812 
1.8391959798994968 6.125326845391135e-05 0.02563230072821255 
1.899497487437186 4.7065441966884075e-05 0.020218296218992585 
1.9597989949748742 3.603261673602533e-05 0.015714495541468775 
2.0201005025125625 2.7485918255715967e-05 0.012035551340767543 
2.0804020100502516 2.0890338924141077e-05 0.00908345082460841 
2.140703517587939 1.5819818942494722e-05 0.006755596495261335 
2.201005025125628 1.1936536176115797e-05 0.004951218501633069 
2.2613065326633155 8.973790279684273e-06 0.003576042779076655 
2.3216080402010046 6.721934867721894e-06 0.002545313879894082 
2.381909547738694 5.0168772096685885e-06 0.001785389795106314 
2.442211055276381 3.730726657607618e-06 0.001234190397390912 
2.5025125628140703 2.7642300021202278e-06 0.000840799488580733 
2.5628140703517577 2.040683765833152e-06 0.0005645040953044436 
2.623115577889447 1.501059923583519e-06 0.00037351573374349553 
2.683417085427136 1.1001227293895725e-06 0.00024356799190391063 
2.7437185929648233 8.033504337225352e-07 0.0001565319752656825 
2.8040201005025125 5.845069972694201e-07 9.914234310490868e-05 
2.8643216080402 4.237358256071481e-07 6.188566036303026e-05 
2.924623115577889 3.060704770079949e-07 3.807122712807937e-05 
2.984924623115578 2.2027666068183936e-07 2.3082390690401455e-05 
3.0452261306532655 1.5795606827063502e-07 1.3792490015657504e-05 
3.1055276381909547 1.1285607273013235e-07 8.122380373542403e-06 
3.165829145728642 8.034046454801886e-08 4.714149863212853e-06 
3.226130653266331 5.698552204415367e-08 2.69651861456016e-06 
3.2864321608040203 4.027314177964066e-08 1.520141149458322e-06 
3.3467336683417077 2.835876266771148e-08 8.445887038708537e-07 
3.407035175879397 1.9896644132378202e-08 4.62474538196594e-07 
3.4673366834170842 1.3908912460248938e-08 2.4958120943039923e-07 
3.5276381909547734 9.687847693291299e-09 1.327448527461325e-07 
3.5879396984924625 6.723295789980427e-09 6.958336937820431e-08 
3.64824120603015 4.648982608179674e-09 3.594805169200209e-08 
3.708542713567839 3.2029813642279305e-09 1.8303222196089305e-08 
3.7688442211055264 2.198728923258082e-09 9.184640609862402e-09 
3.8291457286432156 1.5038681241656437e-09 4.542336598756077e-09 
3.8894472361809047 1.0248695882437967e-09 2.214007479904268e-09 
3.949748743718592 6.959022575489237e-10 1.0635589281646754e-09 
4.010050251256281 4.708132447973859e-10 5.035316831841024e-10 
4.070351758793969 3.1737293303788866e-10 2.349496893194375e-10 
4.130653266331658 2.1316303070490475e-10 1.0804528620197658e-10 
4.190954773869347 1.4265095202419733e-10 4.896882587343174e-11 
4.251256281407034 9.511702312014599e-11 2.187341085313207e-11 
4.311557788944723 6.31920744109819e-11 9.62933536192201e-12 
4.371859296482411 4.182999011499591e-11 4.177910395787439e-12 
4.4321608040201 2.758885641380614e-11 1.78650797566776e-12 
4.492462311557789 1.8130109331869448e-11 7.528940143524273e-13 
4.5527638190954764 1.1871017206121152e-11 3.1271289624258815e-13 
4.613065326633166 7.744550803970708e-12 1.2800909133477088e-13 
4.673366834170853 5.03414034465049e-12 5.1643887246261033e-14 
4.733668341708542 3.2604323378177365e-12 2.053431073769536e-14 
4.793969849246231 2.1040005654168107e-12 8.046822826584622e-15 
4.854271356783919 1.3528115411347482e-12 3.107791392235386e-15 
4.914572864321608 8.666615602294559e-13 1.182939125558181e-15 
4.974874371859295 5.532004902008526e-13 4.437680739042494e-16 
5.035175879396984 3.5183283306363514e-13 1.6407138277091095e-16 
5.0954773869346734 2.2295178910442562e-13 5.978507125325258e-17 
5.155778894472361 1.4076877954124922e-13 2.1470185473565695e-17 
5.21608040201005 8.855692258516068e-14 7.599096783355402e-18 
5.276381909547737 5.550849776294556e-14 2.6507653939573683e-18 
5.3366834170854265 3.4667076538782376e-14 9.113049876338288e-19 
5.396984924623116 2.1572265253336822e-14 3.087730177825006e-19 
5.457286432160803 1.337503944214487e-14 1.0310935711028155e-19 
5.517587939698492 8.262570503148848e-15 3.393438308461855e-20 
5.577889447236181 5.085762466783343e-15 1.1006898992113267e-20 
5.638190954773869 3.1190170848092768e-15 3.5186263300163275e-21 
5.698492462311558 1.905900492103743e-15 1.1085734174131642e-21 
5.758793969849245 1.1603886652380995e-15 3.4422223347920027e-22 
5.819095477386934 7.039268337964412e-16 1.0534077813300633e-22 
5.8793969849246235 4.254733385522152e-16 3.1771467316311765e-23 
5.939698492462311 2.5623471517990236e-16 9.444112891089933e-24 
6.0 1.5375327425547992e-16 2.766739142379894e-24 
