-0.8008092771369208 0.0 
-0.44886444633133626 0.0 
0.4765993583553341 0.0 
1.411355689995058 0.0 
-0.10922843786875398 0.0 
-0.731676523020054 0.0 
-0.6656220902871296 0.0 
0.09487854811156103 0.0 
-0.8677118422303419 0.0 
1.0331579140869378 0.0 
1.157212631739896 0.0 
-0.2638532331222255 0.0 
0.7777706241932121 0.0 
0.4176194466891496 0.0 
0.31274374560616985 0.0 
-0.8232465802226479 0.0 
-2.0776789595817027 0.0 
-0.14257741735495694 0.0 
1.290419901386168 0.0 
0.3905800634601111 0.0 
0.5727310215845441 0.0 
0.7362691590327441 0.0 
-0.7574653531138638 0.0 
-0.012223145657496996 0.0 
-0.7639856039350917 0.0 
0.7529867114318849 0.0 
1.1295044138867814 0.0 
1.6219547998293693 0.0 
-1.1414909096864116 0.0 
-0.8446653286129796 0.0 
0.02353254090935747 0.0 
0.556033959825778 0.0 
-0.21812748418332567 0.0 
0.7198600537050809 0.0 
-2.7517095306998454 0.0 
-0.5168314459307861 0.0 
-0.25701922658725673 0.0 
-0.16117064014236587 0.0 
-0.9498952252999343 0.0 
-0.4867829265172536 0.0 
0.962282083901128 0.0 
-0.3865055590731758 0.0 
1.241389599830492 0.0 
0.3701998890180294 0.0 
1.4741836516278333 0.0 
1.1956965930909356 0.0 
-1.1552611553348993 0.0 
-0.905361260464949 0.0 
-0.018691947631103396 0.0 
-1.1467796002202992 0.0 
1.5266338174573566 0.0 
0.8677650153871685 0.0 
-0.49635410465499175 0.0 
1.0922816290313606 0.0 
0.794176595291694 0.0 
-0.32254070503589655 0.0 
0.9762219424994041 0.0 
0.39159720480915966 0.0 
1.6628622257520396 0.0 
0.5764847512785174 0.0 
-1.0514792899471732 0.0 
-0.9050113973308294 0.0 
-1.3259536339498559 0.0 
0.5822588596389705 0.0 
0.01815496592333589 0.0 
-0.4473804704692273 0.0 
0.5271436227696136 0.0 
1.8580149145639542 0.0 
-0.5668324820088427 0.0 
-0.3035083942205522 0.0 
-0.3222836492203381 0.0 
-0.12834864829554737 0.0 
-1.6625413604716195 0.0 
1.728132486540313 0.0 
-2.204401727804999 0.0 
1.8306803058250882 0.0 
1.3325283797699843 0.0 
0.47477481731722915 0.0 
-1.1451905120691852 0.0 
-0.45389089761183904 0.0 
-0.7901742128395532 0.0 
0.3098754143199293 0.0 
0.8743126552365699 0.0 
-2.556919921217995 0.0 
0.025536586360932804 0.0 
0.5192015622692879 0.0 
-2.074984494171222 0.0 
0.6582783249048386 0.0 
-0.28046553548287206 0.0 
-0.3812973598396621 0.0 
-0.638523453151085 0.0 
1.4133112367007274 0.0 
0.6083726135536915 0.0 
0.9934483786025541 0.0 
-0.06558731019801499 0.0 
-0.08731447110231322 0.0 
0.2147003638459796 0.0 
-0.455084812228804 0.0 
-1.9661064334025269 0.0 
-0.01720684365949565 0.0 
-0.6718294169779117 0.0 
-1.1306446093594298 0.0 
-2.530573171282012 0.0 
-0.42443101259060545 0.0 
1.1300764746328753 0.0 
-0.0720081050331647 0.0 
1.5303433925746732 0.0 
-0.8552117607156461 0.0 
-0.3491848064728213 0.0 
0.2413695993609605 0.0 
-0.6439696115255215 0.0 
1.1268457983160811 0.0 
2.725880939203237 0.0 
0.8129970474920322 0.0 
0.2141889092405916 0.0 
-0.5983867084901643 0.0 
0.43242824561666554 0.0 
2.358434541825081 0.0 
1.5854340694041802 0.0 
1.0895537854187132 0.0 
-0.9666109987912997 0.0 
-1.9582130174582404 0.0 
0.8657528441739789 0.0 
-0.33164994272558995 0.0 
-1.1701893005924264 0.0 
-1.394524310013072 0.0 
-0.1808560102060502 0.0 
-0.5512004559599767 0.0 
-1.0619504172447152 0.0 
-0.5783897840230452 0.0 
1.7831089501374913 0.0 
0.6367370423978689 0.0 
-0.4453396400385638 0.0 
0.03750513345284206 0.0 
0.02255311893682038 0.0 
1.993513859347141 0.0 
0.14178559606854788 0.0 
-0.1034367444299058 0.0 
0.010017638540772823 0.0 
2.690724461704875 0.0 
-0.4068669862956834 0.0 
0.11071842635643679 0.0 
-1.3483281937126435 0.0 
-0.8265902878868426 0.0 
0.15996790800830002 0.0 
0.28662811940543903 0.0 
-1.1111790510814563 0.0 
0.37932814040470264 0.0 
0.47353206827136873 0.0 
0.11854183044394766 0.0 
-0.9700805869120444 0.0 
0.5602974637521859 0.0 
0.16814648123943574 0.0 
1.3199924831277081 0.0 
-1.764051525270189 0.0 
-0.14852274533558996 0.0 
-0.8697238472869713 0.0 
0.9622489483900399 0.0 
0.9021464563842451 0.0 
-1.0405539592862973 0.0 
0.13894418860938243 0.0 
-0.0447949548516186 0.0 
-0.2541104089541676 0.0 
-0.2740446656563001 0.0 
-0.6636850972052502 0.0 
-0.40638699914868526 0.0 
1.1816373667119204 0.0 
0.4914077961111529 0.0 
0.07291737026983461 0.0 
0.34806512258005745 0.0 
1.133252745602759 0.0 
0.7469289190199553 0.0 
0.6595998761392433 0.0 
-1.5971067585889707 0.0 
0.4447494462919471 0.0 
-0.3784059830198339 0.0 
0.4096136469529638 0.0 
-2.3475721350463403 0.0 
-0.8255300637862578 0.0 
-0.6487681221450239 0.0 
-1.2582419633159818 0.0 
-0.9972521072207927 0.0 
0.3720398541875044 0.0 
-0.2949655875067099 0.0 
-0.8227061395405194 0.0 
0.024933235642869717 0.0 
-0.39252859097984605 0.0 
-0.5939050313651952 0.0 
-0.9602870539912779 0.0 
-0.31599130393460045 0.0 
-1.4856521191367384 0.0 
0.17255477319608095 0.0 
0.9793613620145408 0.0 
1.6765224055016439 0.0 
0.16564403393660818 0.0 
0.8841185502780656 0.0 
1.160061754815325 0.0 
-0.28470685231814025 0.0 
0.3683505227433601 0.0 
-0.27658539546471134 0.0 
