-4.0 0.9562918116274867 
-3.959798994974874 0.9604438202128419 
-3.919597989949749 0.9649363184212171 
-3.879396984924623 0.9696083511229422 
-3.8391959798994977 0.9743157104363441 
-3.798994974874372 0.9789316551216533 
-3.758793969849246 0.9833474359907558 
-3.7185929648241207 0.9874725820757568 
-3.678391959798995 0.9912349094313374 
-3.6381909547738696 0.9945802258155004 
-3.5979899497487438 0.9974717188603808 
-3.557788944723618 0.9998890313014717 
-3.5175879396984926 1.0018270429139535 
-3.477386934673367 1.003294393618989 
-3.4371859296482414 1.0043117945860973 
-3.3969849246231156 1.0049101831976952 
-3.35678391959799 1.0051287829633635 
-3.3165829145728645 1.005013130773734 
-3.2763819095477387 1.0046131315288784 
-3.2361809045226133 1.0039811947177097 
-3.1959798994974875 1.003170499712704 
-3.1557788944723617 1.0022334272193567 
-3.115577889447236 1.0012201843159192 
-3.0753768844221105 1.000177640583202 
-3.035175879396985 0.999148383560969 
-2.9949748743718594 0.9981699936105806 
-2.9547738693467336 0.997274531471459 
-2.914572864321608 0.9964882264704987 
-2.8743718592964824 0.9958313494450932 
-2.834170854271357 0.9953182518412643 
-2.7939698492462313 0.9949575509559445 
-2.7537688442211055 0.9947524406854346 
-2.7135678391959797 0.9947011071975596 
-2.6733668341708543 0.9947972294593406 
-2.633165829145729 0.9950305453539364 
-2.592964824120603 0.9953874650791859 
-2.5527638190954773 0.9958517145459914 
-2.5125628140703515 0.996404992538355 
-2.472361809045226 0.9970276264421717 
-2.4321608040201004 0.997699212407365 
-2.391959798994975 0.9983992269057284 
-2.351758793969849 0.9991075978216574 
-2.3115577889447234 0.9998052245018725 
-2.271356783919598 1.0004744376231143 
-2.2311557788944723 1.0010993913305373 
-2.190954773869347 1.0016663818542422 
-2.150753768844221 1.0021640887084176 
-2.1105527638190953 1.0025837365800803 
-2.07035175879397 1.002919178069555 
-2.030150753768844 1.0031668994879672 
-1.9899497487437188 1.0033259538765473 
-1.949748743718593 1.0033978272162725 
-1.9095477386934672 1.0033862453765547 
-1.8693467336683418 1.003296930651059 
-1.829145728643216 1.003137317703899 
-1.7889447236180902 1.00291623937403 
-1.7487437185929648 1.0026435930512276 
-1.708542713567839 1.0023299982527671 
-1.6683417085427137 1.0019864556205587 
-1.6281407035175879 1.0016240168619017 
-1.587939698492462 1.001253474220082 
-1.5477386934673367 1.0008850769362916 
-1.507537688442211 1.000528280906111 
-1.4673366834170856 1.0001915363948857 
-1.4271356783919598 0.9998821173055747 
-1.386934673366834 0.9996059941331004 
-1.3467336683417086 0.9993677514270639 
-1.3065326633165828 0.9991705493490883 
-1.2663316582914574 0.999016127774451 
-1.2261306532663316 0.9989048503666418 
-1.1859296482412058 0.9988357851597006 
-1.1457286432160805 0.9988068174245833 
-1.1055276381909547 0.9988147899776325 
-1.0653266331658293 0.9988556656147243 
-1.0251256281407035 0.9989247060258776 
-0.9849246231155777 0.9990166613628612 
-0.9447236180904524 0.999125964596286 
-0.9045226130653266 0.9992469249070607 
-0.8643216080402008 0.9993739146061148 
-0.8241206030150754 0.9995015444597205 
-0.7839195979899496 0.9996248228062471 
-0.7437185929648242 0.9997392944710348 
-0.7035175879396984 0.9998411562029998 
-0.6633165829145726 0.9999273461497203 
-0.6231155778894473 0.9999956057341629 
-0.5829145728643215 1.0000445131705815 
-0.5427135678391961 1.0000734887324656 
-0.5025125628140703 1.0000827727345398 
-0.4623115577889445 1.0000733779871385 
-0.42211055276381915 1.0000470192003947 
-0.38190954773869334 1.0000060224360807 
-0.341708542713568 0.9999532182093361 
-0.3015075376884422 0.9998918222181551 
-0.2613065326633164 0.9998253079176747 
-0.22110552763819102 0.9997572752566151 
-0.18090452261306522 0.9996913198569095 
-0.14070351758793986 0.9996309067516397 
-0.10050251256281406 0.9995792525115399 
-0.06030150753768826 0.9995392192004368 
-0.0201005025125629 0.999513223121239 
0.020100502512562457 0.999503160764281 
0.06030150753768826 0.9995103537675448 
0.10050251256281406 0.9995355140624728 
0.14070351758793986 0.999578729728378 
0.18090452261306567 0.9996394714309833 
0.22110552763819058 0.9997166186934718 
0.2613065326633164 0.9998085046579511 
0.3015075376884422 0.9999129774560728 
0.341708542713568 1.0000274758334926 
0.3819095477386938 1.0001491162757723 
0.4221105527638196 1.00027478857355 
0.4623115577889445 1.0004012565506895 
0.5025125628140703 1.0005252605667199 
0.5427135678391961 1.0006436183978689 
0.5829145728643219 1.000753321200056 
0.6231155778894477 1.0008516214603151 
0.6633165829145726 1.000936110144682 
0.7035175879396984 1.0010047806421458 
0.7437185929648242 1.0010560775740855 
0.78391959798995 1.001088929072067 
0.8241206030150758 1.0011027617069947 
0.8643216080402008 1.001097497860426 
0.9045226130653266 1.0010735359442282 
0.9447236180904524 1.0010317144769583 
0.9849246231155782 1.000973261594151 
1.025125628140704 1.0008997320856392 
1.0653266331658289 1.000812934498732 
1.1055276381909547 1.0007148512062511 
1.1457286432160805 1.0006075546008943 
1.1859296482412063 1.0004931227329266 
1.226130653266332 1.000373557751222 
1.266331658291457 1.0002507104357672 
1.3065326633165828 1.0001262139241422 
1.3467336683417086 1.0000014294395632 
1.3869346733668344 0.999877406431224 
1.4271356783919602 0.999754859049257 
1.4673366834170851 0.9996341603095366 
1.507537688442211 0.9995153546729931 
1.5477386934673367 0.9993981890875403 
1.5879396984924625 0.9992821618372871 
1.6281407035175883 0.9991665878342708 
1.6683417085427132 0.9990506782944186 
1.708542713567839 0.9989336320845814 
1.7487437185929648 0.998814735434194 
1.7889447236180906 0.9986934661959318 
1.8291457286432165 0.9985695984358645 
1.8693467336683414 0.9984433028544349 
1.9095477386934672 0.9983152384014214 
1.949748743718593 0.9981866304636678 
1.9899497487437188 0.9980593311818892 
2.0301507537688446 0.9979358577956358 
2.0703517587939704 0.9978194054211291 
2.1105527638190953 0.9977138313275399 
2.150753768844221 0.9976236085800976 
2.190954773869347 0.997553747845283 
2.2311557788944727 0.9975096871818623 
2.2713567839195985 0.9974971507461557 
2.3115577889447234 0.9975219784925788 
2.351758793969849 0.9975899301216621 
2.391959798994975 0.9977064676873045 
2.432160804020101 0.9978765223925737 
2.4723618090452266 0.9981042521490562 
2.5125628140703515 0.9983927974186441 
2.5527638190954773 0.9987440436690702 
2.592964824120603 0.9991583994252251 
2.633165829145729 0.9996345993560567 
2.6733668341708547 1.0001695420695327 
2.7135678391959797 1.0007581722617422 
2.7537688442211055 1.0013934165467309 
2.7939698492462313 1.002066181647113 
2.834170854271357 1.0027654226213638 
2.874371859296483 1.0034782874170314 
2.914572864321608 1.0041903422554175 
2.9547738693467336 1.0048858801725715 
2.9949748743718594 1.0055483124833846 
3.035175879396985 1.006160640043501 
3.075376884422111 1.0067059980283117 
3.115577889447236 1.0071682646282223 
3.1557788944723617 1.0075327207004057 
3.1959798994974875 1.0077867441672028 
3.2361809045226133 1.0079205199717725 
3.276381909547739 1.0079277438562058 
3.316582914572864 1.007806296267227 
3.35678391959799 1.0075588614425803 
3.3969849246231156 1.0071934662654376 
3.4371859296482414 1.0067239138151625 
3.4773869346733672 1.0061700876429893 
3.517587939698492 1.0055581045426842 
3.557788944723618 1.0049202957836127 
3.5979899497487438 1.0042949991866534 
3.6381909547738696 1.0037261467760366 
3.6783919597989954 1.003262634747328 
3.7185929648241203 1.0029574638897214 
3.758793969849246 1.0028666391822085 
3.798994974874372 1.0030478169321981 
3.8391959798994977 1.0035586865529647 
3.8793969849246235 1.0044550720565555 
3.9195979899497493 1.0057887359402073 
3.959798994974874 1.0076048659643362 
4.0 1.0099392242129193 
