 0.1000000E+00  0.9999936E+00 -0.2785457E-02  0.9999975E+00
 0.2000000E+00  0.9999745E+00 -0.5570826E-02  0.9999900E+00
 0.3000000E+00  0.9999426E+00 -0.8356015E-02  0.9999775E+00
 0.4000000E+00  0.9998980E+00 -0.1114094E-01  0.9999600E+00
 0.5000000E+00  0.9998406E+00 -0.1392549E-01  0.9999376E+00
 0.6000000E+00  0.9997705E+00 -0.1670960E-01  0.9999101E+00
 0.7000000E+00  0.9996876E+00 -0.1949317E-01  0.9998777E+00
 0.8000000E+00  0.9995921E+00 -0.2227610E-01  0.9998402E+00
 0.9000000E+00  0.9994838E+00 -0.2505831E-01  0.9997978E+00
 0.1000000E+01  0.9993628E+00 -0.2783970E-01  0.9997505E+00
 0.1100000E+01  0.9992291E+00 -0.3062019E-01  0.9996981E+00
 0.1200000E+01  0.9990827E+00 -0.3339968E-01  0.9996408E+00
 0.1300000E+01  0.9989237E+00 -0.3617809E-01  0.9995786E+00
 0.1400000E+01  0.9987520E+00 -0.3895532E-01  0.9995114E+00
 0.1500000E+01  0.9985677E+00 -0.4173128E-01  0.9994393E+00
 0.1600000E+01  0.9983707E+00 -0.4450590E-01  0.9993622E+00
 0.1700000E+01  0.9981612E+00 -0.4727906E-01  0.9992802E+00
 0.1800000E+01  0.9979390E+00 -0.5005070E-01  0.9991934E+00
 0.1900000E+01  0.9977043E+00 -0.5282071E-01  0.9991016E+00
 0.2000000E+01  0.9974571E+00 -0.5558902E-01  0.9990049E+00
 0.2100000E+01  0.9971973E+00 -0.5835553E-01  0.9989033E+00
 0.2200000E+01  0.9969251E+00 -0.6112016E-01  0.9987969E+00
 0.2300000E+01  0.9966404E+00 -0.6388281E-01  0.9986857E+00
 0.2400000E+01  0.9963432E+00 -0.6664341E-01  0.9985696E+00
 0.2500000E+01  0.9960336E+00 -0.6940187E-01  0.9984486E+00
 0.2600000E+01  0.9957117E+00 -0.7215810E-01  0.9983229E+00
 0.2700000E+01  0.9953774E+00 -0.7491201E-01  0.9981923E+00
 0.2800000E+01  0.9950307E+00 -0.7766353E-01  0.9980570E+00
 0.2900000E+01  0.9946718E+00 -0.8041257E-01  0.9979169E+00
 0.3000000E+01  0.9943006E+00 -0.8315905E-01  0.9977721E+00
 0.3100000E+01  0.9939172E+00 -0.8590288E-01  0.9976225E+00
 0.3200000E+01  0.9935216E+00 -0.8864399E-01  0.9974682E+00
 0.3300000E+01  0.9931138E+00 -0.9138229E-01  0.9973092E+00
 0.3400000E+01  0.9926939E+00 -0.9411770E-01  0.9971456E+00
 0.3500000E+01  0.9922619E+00 -0.9685014E-01  0.9969772E+00
 0.3600000E+01  0.9918178E+00 -0.9957954E-01  0.9968043E+00
 0.3700000E+01  0.9913618E+00 -0.1023058E+00  0.9966266E+00
 0.3800000E+01  0.9908938E+00 -0.1050289E+00  0.9964444E+00
 0.3900000E+01  0.9904138E+00 -0.1077487E+00  0.9962576E+00
 0.4000000E+01  0.9899220E+00 -0.1104651E+00  0.9960663E+00
 0.4100000E+01  0.9894183E+00 -0.1131781E+00  0.9958704E+00
 0.4200000E+01  0.9889028E+00 -0.1158876E+00  0.9956699E+00
 0.4300000E+01  0.9883755E+00 -0.1185936E+00  0.9954650E+00
 0.4400000E+01  0.9878365E+00 -0.1212958E+00  0.9952556E+00
 0.4500000E+01  0.9872858E+00 -0.1239944E+00  0.9950417E+00
 0.4600000E+01  0.9867235E+00 -0.1266892E+00  0.9948233E+00
 0.4700000E+01  0.9861497E+00 -0.1293801E+00  0.9946006E+00
 0.4800000E+01  0.9855643E+00 -0.1320670E+00  0.9943735E+00
 0.4900000E+01  0.9849673E+00 -0.1347500E+00  0.9941420E+00
 0.5000000E+01  0.9843590E+00 -0.1374289E+00  0.9939061E+00
 0.5100000E+01  0.9837393E+00 -0.1401037E+00  0.9936659E+00
 0.5200000E+01  0.9831082E+00 -0.1427743E+00  0.9934214E+00
 0.5300000E+01  0.9824658E+00 -0.1454406E+00  0.9931727E+00
 0.5400000E+01  0.9818121E+00 -0.1481026E+00  0.9929196E+00
 0.5500000E+01  0.9811473E+00 -0.1507602E+00  0.9926624E+00
 0.5600000E+01  0.9804713E+00 -0.1534133E+00  0.9924009E+00
 0.5700000E+01  0.9797842E+00 -0.1560620E+00  0.9921353E+00
 0.5800000E+01  0.9790861E+00 -0.1587060E+00  0.9918655E+00
 0.5900000E+01  0.9783769E+00 -0.1613455E+00  0.9915915E+00
 0.6000000E+01  0.9776569E+00 -0.1639802E+00  0.9913135E+00
 0.6100000E+01  0.9769259E+00 -0.1666102E+00  0.9910314E+00
 0.6200000E+01  0.9761841E+00 -0.1692354E+00  0.9907452E+00
 0.6300000E+01  0.9754315E+00 -0.1718557E+00  0.9904549E+00
 0.6400000E+01  0.9746681E+00 -0.1744711E+00  0.9901607E+00
 0.6500000E+01  0.9738941E+00 -0.1770815E+00  0.9898624E+00
 0.6600000E+01  0.9731095E+00 -0.1796870E+00  0.9895602E+00
 0.6700000E+01  0.9723142E+00 -0.1822873E+00  0.9892541E+00
 0.6800000E+01  0.9715085E+00 -0.1848825E+00  0.9889440E+00
 0.6900000E+01  0.9706923E+00 -0.1874726E+00  0.9886301E+00
 0.7000000E+01  0.9698656E+00 -0.1900574E+00  0.9883123E+00
 0.7100000E+01  0.9690286E+00 -0.1926369E+00  0.9879906E+00
 0.7200000E+01  0.9681813E+00 -0.1952111E+00  0.9876651E+00
 0.7300000E+01  0.9673238E+00 -0.1977799E+00  0.9873359E+00
 0.7400000E+01  0.9664560E+00 -0.2003434E+00  0.9870029E+00
 0.7500000E+01  0.9655781E+00 -0.2029013E+00  0.9866661E+00
 0.7600000E+01  0.9646901E+00 -0.2054538E+00  0.9863256E+00
 0.7700000E+01  0.9637920E+00 -0.2080007E+00  0.9859814E+00
 0.7800000E+01  0.9628840E+00 -0.2105420E+00  0.9856335E+00
 0.7900000E+01  0.9619660E+00 -0.2130777E+00  0.9852820E+00
 0.8000000E+01  0.9610381E+00 -0.2156076E+00  0.9849269E+00
 0.8100000E+01  0.9601004E+00 -0.2181319E+00  0.9845681E+00
 0.8200000E+01  0.9591530E+00 -0.2206504E+00  0.9842058E+00
 0.8300000E+01  0.9581958E+00 -0.2231631E+00  0.9838399E+00
 0.8400000E+01  0.9572290E+00 -0.2256700E+00  0.9834705E+00
 0.8500000E+01  0.9562525E+00 -0.2281710E+00  0.9830976E+00
 0.8600000E+01  0.9552665E+00 -0.2306661E+00  0.9827212E+00
 0.8700000E+01  0.9542710E+00 -0.2331552E+00  0.9823413E+00
 0.8800000E+01  0.9532660E+00 -0.2356384E+00  0.9819580E+00
 0.8900000E+01  0.9522517E+00 -0.2381155E+00  0.9815713E+00
 0.9000000E+01  0.9512279E+00 -0.2405865E+00  0.9811812E+00
 0.9100000E+01  0.9501949E+00 -0.2430515E+00  0.9807877E+00
 0.9200000E+01  0.9491527E+00 -0.2455104E+00  0.9803908E+00
 0.9300000E+01  0.9481012E+00 -0.2479630E+00  0.9799906E+00
 0.9400000E+01  0.9470406E+00 -0.2504095E+00  0.9795871E+00
 0.9500000E+01  0.9459709E+00 -0.2528498E+00  0.9791803E+00
 0.9600000E+01  0.9448922E+00 -0.2552838E+00  0.9787702E+00
 0.9700000E+01  0.9438045E+00 -0.2577116E+00  0.9783569E+00
 0.9800000E+01  0.9427079E+00 -0.2601330E+00  0.9779403E+00
 0.9900000E+01  0.9416024E+00 -0.2625481E+00  0.9775206E+00
 0.1000000E+02  0.9404880E+00 -0.2649568E+00  0.9770976E+00
 0.1010000E+02  0.9393649E+00 -0.2673591E+00  0.9766715E+00
 0.1020000E+02  0.9382330E+00 -0.2697549E+00  0.9762422E+00
 0.1030000E+02  0.9370924E+00 -0.2721444E+00  0.9758098E+00
 0.1040000E+02  0.9359432E+00 -0.2745273E+00  0.9753743E+00
 0.1050000E+02  0.9347855E+00 -0.2769037E+00  0.9749356E+00
 0.1060000E+02  0.9336191E+00 -0.2792736E+00  0.9744939E+00
 0.1070000E+02  0.9324443E+00 -0.2816369E+00  0.9740492E+00
 0.1080000E+02  0.9312611E+00 -0.2839936E+00  0.9736014E+00
 0.1090000E+02  0.9300695E+00 -0.2863437E+00  0.9731505E+00
 0.1100000E+02  0.9288695E+00 -0.2886871E+00  0.9726967E+00
 0.1110000E+02  0.9276613E+00 -0.2910239E+00  0.9722399E+00
 0.1120000E+02  0.9264448E+00 -0.2933540E+00  0.9717801E+00
 0.1130000E+02  0.9252201E+00 -0.2956774E+00  0.9713173E+00
 0.1140000E+02  0.9239872E+00 -0.2979941E+00  0.9708516E+00
 0.1150000E+02  0.9227463E+00 -0.3003039E+00  0.9703830E+00
 0.1160000E+02  0.9214973E+00 -0.3026070E+00  0.9699115E+00
 0.1170000E+02  0.9202402E+00 -0.3049033E+00  0.9694370E+00
 0.1180000E+02  0.9189753E+00 -0.3071928E+00  0.9689597E+00
 0.1190000E+02  0.9177024E+00 -0.3094754E+00  0.9684796E+00
 0.1200000E+02  0.9164216E+00 -0.3117512E+00  0.9679966E+00
 0.1210000E+02  0.9151330E+00 -0.3140200E+00  0.9675107E+00
 0.1220000E+02  0.9138367E+00 -0.3162820E+00  0.9670221E+00
 0.1230000E+02  0.9125326E+00 -0.3185370E+00  0.9665306E+00
 0.1240000E+02  0.9112208E+00 -0.3207850E+00  0.9660364E+00
 0.1250000E+02  0.9099013E+00 -0.3230261E+00  0.9655394E+00
 0.1260000E+02  0.9085743E+00 -0.3252602E+00  0.9650396E+00
 0.1270000E+02  0.9072397E+00 -0.3274873E+00  0.9645371E+00
 0.1280000E+02  0.9058976E+00 -0.3297073E+00  0.9640319E+00
 0.1290000E+02  0.9045481E+00 -0.3319203E+00  0.9635239E+00
 0.1300000E+02  0.9031911E+00 -0.3341262E+00  0.9630133E+00
 0.1310000E+02  0.9018268E+00 -0.3363250E+00  0.9624999E+00
 0.1320000E+02  0.9004551E+00 -0.3385168E+00  0.9619839E+00
 0.1330000E+02  0.8990761E+00 -0.3407013E+00  0.9614652E+00
 0.1340000E+02  0.8976899E+00 -0.3428788E+00  0.9609438E+00
 0.1350000E+02  0.8962965E+00 -0.3450491E+00  0.9604198E+00
 0.1360000E+02  0.8948959E+00 -0.3472122E+00  0.9598932E+00
 0.1370000E+02  0.8934882E+00 -0.3493680E+00  0.9593640E+00
 0.1380000E+02  0.8920735E+00 -0.3515167E+00  0.9588322E+00
 0.1390000E+02  0.8906517E+00 -0.3536582E+00  0.9582977E+00
 0.1400000E+02  0.8892229E+00 -0.3557924E+00  0.9577607E+00
 0.1410000E+02  0.8877872E+00 -0.3579193E+00  0.9572212E+00
 0.1420000E+02  0.8863446E+00 -0.3600390E+00  0.9566790E+00
 0.1430000E+02  0.8848951E+00 -0.3621513E+00  0.9561344E+00
 0.1440000E+02  0.8834388E+00 -0.3642563E+00  0.9555872E+00
 0.1450000E+02  0.8819757E+00 -0.3663540E+00  0.9550374E+00
 0.1460000E+02  0.8805059E+00 -0.3684444E+00  0.9544852E+00
 0.1470000E+02  0.8790295E+00 -0.3705274E+00  0.9539305E+00
 0.1480000E+02  0.8775463E+00 -0.3726030E+00  0.9533732E+00
 0.1490000E+02  0.8760566E+00 -0.3746712E+00  0.9528135E+00
 0.1500000E+02  0.8745603E+00 -0.3767320E+00  0.9522514E+00
 0.1510000E+02  0.8730574E+00 -0.3787854E+00  0.9516868E+00
 0.1520000E+02  0.8715481E+00 -0.3808314E+00  0.9511197E+00
 0.1530000E+02  0.8700324E+00 -0.3828699E+00  0.9505502E+00
 0.1540000E+02  0.8685102E+00 -0.3849009E+00  0.9499783E+00
 0.1550000E+02  0.8669817E+00 -0.3869245E+00  0.9494039E+00
 0.1560000E+02  0.8654469E+00 -0.3889405E+00  0.9488272E+00
 0.1570000E+02  0.8639057E+00 -0.3909491E+00  0.9482480E+00
 0.1580000E+02  0.8623584E+00 -0.3929501E+00  0.9476665E+00
 0.1590000E+02  0.8608049E+00 -0.3949436E+00  0.9470826E+00
 0.1600000E+02  0.8592452E+00 -0.3969296E+00  0.9464964E+00
 0.1610000E+02  0.8576794E+00 -0.3989079E+00  0.9459077E+00
 0.1620000E+02  0.8561075E+00 -0.4008788E+00  0.9453168E+00
 0.1630000E+02  0.8545296E+00 -0.4028420E+00  0.9447235E+00
 0.1640000E+02  0.8529457E+00 -0.4047976E+00  0.9441279E+00
 0.1650000E+02  0.8513559E+00 -0.4067456E+00  0.9435300E+00
 0.1660000E+02  0.8497601E+00 -0.4086860E+00  0.9429297E+00
 0.1670000E+02  0.8481585E+00 -0.4106188E+00  0.9423272E+00
 0.1680000E+02  0.8465511E+00 -0.4125439E+00  0.9417224E+00
 0.1690000E+02  0.8449378E+00 -0.4144613E+00  0.9411153E+00
 0.1700000E+02  0.8433188E+00 -0.4163711E+00  0.9405060E+00
 0.1710000E+02  0.8416942E+00 -0.4182732E+00  0.9398944E+00
 0.1720000E+02  0.8400638E+00 -0.4201676E+00  0.9392806E+00
 0.1730000E+02  0.8384278E+00 -0.4220543E+00  0.9386645E+00
 0.1740000E+02  0.8367863E+00 -0.4239332E+00  0.9380462E+00
 0.1750000E+02  0.8351392E+00 -0.4258045E+00  0.9374257E+00
 0.1760000E+02  0.8334865E+00 -0.4276680E+00  0.9368029E+00
 0.1770000E+02  0.8318285E+00 -0.4295238E+00  0.9361780E+00
 0.1780000E+02  0.8301650E+00 -0.4313718E+00  0.9355509E+00
 0.1790000E+02  0.8284961E+00 -0.4332120E+00  0.9349216E+00
 0.1800000E+02  0.8268218E+00 -0.4350445E+00  0.9342902E+00
 0.1810000E+02  0.8251423E+00 -0.4368692E+00  0.9336565E+00
 0.1820000E+02  0.8234575E+00 -0.4386861E+00  0.9330208E+00
 0.1830000E+02  0.8217675E+00 -0.4404952E+00  0.9323829E+00
 0.1840000E+02  0.8200723E+00 -0.4422965E+00  0.9317428E+00
 0.1850000E+02  0.8183719E+00 -0.4440900E+00  0.9311007E+00
 0.1860000E+02  0.8166664E+00 -0.4458756E+00  0.9304564E+00
 0.1870000E+02  0.8149559E+00 -0.4476534E+00  0.9298101E+00
 0.1880000E+02  0.8132403E+00 -0.4494234E+00  0.9291616E+00
 0.1890000E+02  0.8115198E+00 -0.4511855E+00  0.9285111E+00
 0.1900000E+02  0.8097943E+00 -0.4529398E+00  0.9278584E+00
 0.1910000E+02  0.8080639E+00 -0.4546862E+00  0.9272038E+00
 0.1920000E+02  0.8063287E+00 -0.4564247E+00  0.9265470E+00
 0.1930000E+02  0.8045886E+00 -0.4581553E+00  0.9258883E+00
 0.1940000E+02  0.8028437E+00 -0.4598781E+00  0.9252275E+00
 0.1950000E+02  0.8010940E+00 -0.4615930E+00  0.9245646E+00
 0.1960000E+02  0.7993397E+00 -0.4632999E+00  0.9238998E+00
 0.1970000E+02  0.7975807E+00 -0.4649990E+00  0.9232329E+00
 0.1980000E+02  0.7958170E+00 -0.4666902E+00  0.9225641E+00
 0.1990000E+02  0.7940488E+00 -0.4683734E+00  0.9218932E+00
 0.2000000E+02  0.7922760E+00 -0.4700487E+00  0.9212204E+00
 0.2010000E+02  0.7904987E+00 -0.4717161E+00  0.9205457E+00
 0.2020000E+02  0.7887169E+00 -0.4733756E+00  0.9198689E+00
 0.2030000E+02  0.7869307E+00 -0.4750271E+00  0.9191902E+00
 0.2040000E+02  0.7851401E+00 -0.4766707E+00  0.9185096E+00
 0.2050000E+02  0.7833452E+00 -0.4783063E+00  0.9178271E+00
 0.2060000E+02  0.7815459E+00 -0.4799340E+00  0.9171426E+00
 0.2070000E+02  0.7797423E+00 -0.4815537E+00  0.9164562E+00
 0.2080000E+02  0.7779345E+00 -0.4831655E+00  0.9157680E+00
 0.2090000E+02  0.7761225E+00 -0.4847693E+00  0.9150778E+00
 0.2100000E+02  0.7743063E+00 -0.4863652E+00  0.9143858E+00
 0.2110000E+02  0.7724860E+00 -0.4879531E+00  0.9136919E+00
 0.2120000E+02  0.7706616E+00 -0.4895330E+00  0.9129961E+00
 0.2130000E+02  0.7688332E+00 -0.4911050E+00  0.9122985E+00
 0.2140000E+02  0.7670008E+00 -0.4926690E+00  0.9115991E+00
 0.2150000E+02  0.7651643E+00 -0.4942250E+00  0.9108978E+00
 0.2160000E+02  0.7633240E+00 -0.4957730E+00  0.9101947E+00
 0.2170000E+02  0.7614798E+00 -0.4973130E+00  0.9094898E+00
 0.2180000E+02  0.7596317E+00 -0.4988451E+00  0.9087831E+00
 0.2190000E+02  0.7577798E+00 -0.5003692E+00  0.9080746E+00
 0.2200000E+02  0.7559241E+00 -0.5018853E+00  0.9073643E+00
 0.2210000E+02  0.7540646E+00 -0.5033934E+00  0.9066523E+00
 0.2220000E+02  0.7522015E+00 -0.5048935E+00  0.9059385E+00
 0.2230000E+02  0.7503347E+00 -0.5063857E+00  0.9052230E+00
 0.2240000E+02  0.7484643E+00 -0.5078698E+00  0.9045057E+00
 0.2250000E+02  0.7465903E+00 -0.5093460E+00  0.9037867E+00
 0.2260000E+02  0.7447127E+00 -0.5108142E+00  0.9030659E+00
 0.2270000E+02  0.7428316E+00 -0.5122744E+00  0.9023435E+00
 0.2280000E+02  0.7409470E+00 -0.5137266E+00  0.9016194E+00
 0.2290000E+02  0.7390590E+00 -0.5151708E+00  0.9008936E+00
 0.2300000E+02  0.7371676E+00 -0.5166070E+00  0.9001661E+00
 0.2310000E+02  0.7352729E+00 -0.5180353E+00  0.8994369E+00
 0.2320000E+02  0.7333748E+00 -0.5194556E+00  0.8987061E+00
 0.2330000E+02  0.7314734E+00 -0.5208679E+00  0.8979737E+00
 0.2340000E+02  0.7295688E+00 -0.5222722E+00  0.8972396E+00
 0.2350000E+02  0.7276609E+00 -0.5236685E+00  0.8965038E+00
 0.2360000E+02  0.7257499E+00 -0.5250569E+00  0.8957665E+00
 0.2370000E+02  0.7238357E+00 -0.5264373E+00  0.8950276E+00
 0.2380000E+02  0.7219185E+00 -0.5278097E+00  0.8942871E+00
 0.2390000E+02  0.7199981E+00 -0.5291742E+00  0.8935450E+00
 0.2400000E+02  0.7180747E+00 -0.5305307E+00  0.8928013E+00
 0.2410000E+02  0.7161484E+00 -0.5318792E+00  0.8920560E+00
 0.2420000E+02  0.7142191E+00 -0.5332198E+00  0.8913092E+00
 0.2430000E+02  0.7122868E+00 -0.5345524E+00  0.8905609E+00
 0.2440000E+02  0.7103517E+00 -0.5358770E+00  0.8898111E+00
 0.2450000E+02  0.7084137E+00 -0.5371938E+00  0.8890597E+00
 0.2460000E+02  0.7064729E+00 -0.5385025E+00  0.8883068E+00
 0.2470000E+02  0.7045294E+00 -0.5398034E+00  0.8875524E+00
 0.2480000E+02  0.7025831E+00 -0.5410963E+00  0.8867965E+00
 0.2490000E+02  0.7006341E+00 -0.5423812E+00  0.8860392E+00
 0.2500000E+02  0.6986824E+00 -0.5436583E+00  0.8852804E+00
 0.2510000E+02  0.6967281E+00 -0.5449274E+00  0.8845201E+00
 0.2520000E+02  0.6947712E+00 -0.5461886E+00  0.8837584E+00
 0.2530000E+02  0.6928117E+00 -0.5474419E+00  0.8829953E+00
 0.2540000E+02  0.6908498E+00 -0.5486873E+00  0.8822308E+00
 0.2550000E+02  0.6888853E+00 -0.5499248E+00  0.8814648E+00
 0.2560000E+02  0.6869184E+00 -0.5511544E+00  0.8806974E+00
 0.2570000E+02  0.6849490E+00 -0.5523761E+00  0.8799287E+00
 0.2580000E+02  0.6829773E+00 -0.5535899E+00  0.8791586E+00
 0.2590000E+02  0.6810033E+00 -0.5547959E+00  0.8783871E+00
 0.2600000E+02  0.6790269E+00 -0.5559939E+00  0.8776142E+00
 0.2610000E+02  0.6770482E+00 -0.5571842E+00  0.8768401E+00
 0.2620000E+02  0.6750673E+00 -0.5583665E+00  0.8760645E+00
 0.2630000E+02  0.6730842E+00 -0.5595410E+00  0.8752877E+00
 0.2640000E+02  0.6710990E+00 -0.5607077E+00  0.8745096E+00
 0.2650000E+02  0.6691116E+00 -0.5618666E+00  0.8737301E+00
 0.2660000E+02  0.6671221E+00 -0.5630176E+00  0.8729494E+00
 0.2670000E+02  0.6651305E+00 -0.5641608E+00  0.8721674E+00
 0.2680000E+02  0.6631369E+00 -0.5652962E+00  0.8713841E+00
 0.2690000E+02  0.6611413E+00 -0.5664237E+00  0.8705996E+00
 0.2700000E+02  0.6591437E+00 -0.5675435E+00  0.8698139E+00
 0.2710000E+02  0.6571442E+00 -0.5686555E+00  0.8690269E+00
 0.2720000E+02  0.6551429E+00 -0.5697598E+00  0.8682387E+00
 0.2730000E+02  0.6531396E+00 -0.5708562E+00  0.8674493E+00
 0.2740000E+02  0.6511345E+00 -0.5719449E+00  0.8666587E+00
 0.2750000E+02  0.6491277E+00 -0.5730259E+00  0.8658669E+00
 0.2760000E+02  0.6471191E+00 -0.5740991E+00  0.8650739E+00
 0.2770000E+02  0.6451087E+00 -0.5751646E+00  0.8642798E+00
 0.2780000E+02  0.6430967E+00 -0.5762223E+00  0.8634845E+00
 0.2790000E+02  0.6410830E+00 -0.5772724E+00  0.8626881E+00
 0.2800000E+02  0.6390677E+00 -0.5783147E+00  0.8618906E+00
 0.2810000E+02  0.6370508E+00 -0.5793494E+00  0.8610920E+00
 0.2820000E+02  0.6350323E+00 -0.5803764E+00  0.8602923E+00
 0.2830000E+02  0.6330124E+00 -0.5813956E+00  0.8594914E+00
 0.2840000E+02  0.6309909E+00 -0.5824073E+00  0.8586896E+00
 0.2850000E+02  0.6289680E+00 -0.5834113E+00  0.8578866E+00
 0.2860000E+02  0.6269436E+00 -0.5844076E+00  0.8570826E+00
 0.2870000E+02  0.6249179E+00 -0.5853963E+00  0.8562775E+00
 0.2880000E+02  0.6228908E+00 -0.5863774E+00  0.8554715E+00
 0.2890000E+02  0.6208624E+00 -0.5873509E+00  0.8546644E+00
 0.2900000E+02  0.6188327E+00 -0.5883168E+00  0.8538563E+00
 0.2910000E+02  0.6168017E+00 -0.5892752E+00  0.8530472E+00
 0.2920000E+02  0.6147695E+00 -0.5902259E+00  0.8522371E+00
 0.2930000E+02  0.6127361E+00 -0.5911691E+00  0.8514261E+00
 0.2940000E+02  0.6107016E+00 -0.5921047E+00  0.8506141E+00
 0.2950000E+02  0.6086659E+00 -0.5930328E+00  0.8498012E+00
 0.2960000E+02  0.6066291E+00 -0.5939534E+00  0.8489874E+00
 0.2970000E+02  0.6045913E+00 -0.5948665E+00  0.8481726E+00
 0.2980000E+02  0.6025524E+00 -0.5957721E+00  0.8473569E+00
 0.2990000E+02  0.6005126E+00 -0.5966702E+00  0.8465404E+00
 0.3000000E+02  0.5984717E+00 -0.5975608E+00  0.8457230E+00
 0.3010000E+02  0.5964299E+00 -0.5984440E+00  0.8449046E+00
 0.3020000E+02  0.5943873E+00 -0.5993197E+00  0.8440855E+00
 0.3030000E+02  0.5923437E+00 -0.6001880E+00  0.8432655E+00
 0.3040000E+02  0.5902993E+00 -0.6010489E+00  0.8424447E+00
 0.3050000E+02  0.5882541E+00 -0.6019023E+00  0.8416230E+00
 0.3060000E+02  0.5862081E+00 -0.6027484E+00  0.8408006E+00
 0.3070000E+02  0.5841614E+00 -0.6035871E+00  0.8399774E+00
 0.3080000E+02  0.5821140E+00 -0.6044185E+00  0.8391534E+00
 0.3090000E+02  0.5800658E+00 -0.6052425E+00  0.8383286E+00
 0.3100000E+02  0.5780171E+00 -0.6060591E+00  0.8375031E+00
 0.3110000E+02  0.5759676E+00 -0.6068685E+00  0.8366768E+00
 0.3120000E+02  0.5739176E+00 -0.6076705E+00  0.8358498E+00
 0.3130000E+02  0.5718671E+00 -0.6084653E+00  0.8350221E+00
 0.3140000E+02  0.5698160E+00 -0.6092528E+00  0.8341937E+00
 0.3150000E+02  0.5677644E+00 -0.6100330E+00  0.8333647E+00
 0.3160000E+02  0.5657123E+00 -0.6108060E+00  0.8325349E+00
 0.3170000E+02  0.5636598E+00 -0.6115717E+00  0.8317045E+00
 0.3180000E+02  0.5616069E+00 -0.6123303E+00  0.8308734E+00
 0.3190000E+02  0.5595536E+00 -0.6130816E+00  0.8300417E+00
 0.3200000E+02  0.5575000E+00 -0.6138258E+00  0.8292094E+00
 0.3210000E+02  0.5554460E+00 -0.6145628E+00  0.8283765E+00
 0.3220000E+02  0.5533917E+00 -0.6152926E+00  0.8275430E+00
 0.3230000E+02  0.5513372E+00 -0.6160154E+00  0.8267089E+00
 0.3240000E+02  0.5492825E+00 -0.6167310E+00  0.8258743E+00
 0.3250000E+02  0.5472275E+00 -0.6174395E+00  0.8250391E+00
 0.3260000E+02  0.5451724E+00 -0.6181409E+00  0.8242033E+00
 0.3270000E+02  0.5431171E+00 -0.6188353E+00  0.8233670E+00
 0.3280000E+02  0.5410617E+00 -0.6195226E+00  0.8225302E+00
 0.3290000E+02  0.5390063E+00 -0.6202028E+00  0.8216930E+00
 0.3300000E+02  0.5369507E+00 -0.6208761E+00  0.8208552E+00
 0.3310000E+02  0.5348952E+00 -0.6215424E+00  0.8200169E+00
 0.3320000E+02  0.5328396E+00 -0.6222017E+00  0.8191782E+00
 0.3330000E+02  0.5307841E+00 -0.6228540E+00  0.8183391E+00
 0.3340000E+02  0.5287286E+00 -0.6234994E+00  0.8174995E+00
 0.3350000E+02  0.5266732E+00 -0.6241378E+00  0.8166595E+00
 0.3360000E+02  0.5246180E+00 -0.6247694E+00  0.8158191E+00
 0.3370000E+02  0.5225629E+00 -0.6253940E+00  0.8149783E+00
 0.3380000E+02  0.5205079E+00 -0.6260118E+00  0.8141371E+00
 0.3390000E+02  0.5184531E+00 -0.6266227E+00  0.8132956E+00
 0.3400000E+02  0.5163986E+00 -0.6272268E+00  0.8124537E+00
 0.3410000E+02  0.5143443E+00 -0.6278241E+00  0.8116115E+00
 0.3420000E+02  0.5122903E+00 -0.6284146E+00  0.8107689E+00
 0.3430000E+02  0.5102367E+00 -0.6289982E+00  0.8099261E+00
 0.3440000E+02  0.5081833E+00 -0.6295752E+00  0.8090829E+00
 0.3450000E+02  0.5061303E+00 -0.6301454E+00  0.8082395E+00
 0.3460000E+02  0.5040777E+00 -0.6307088E+00  0.8073958E+00
 0.3470000E+02  0.5020255E+00 -0.6312656E+00  0.8065518E+00
 0.3480000E+02  0.4999738E+00 -0.6318156E+00  0.8057076E+00
 0.3490000E+02  0.4979225E+00 -0.6323590E+00  0.8048632E+00
 0.3500000E+02  0.4958717E+00 -0.6328958E+00  0.8040186E+00
 0.3510000E+02  0.4938215E+00 -0.6334259E+00  0.8031737E+00
 0.3520000E+02  0.4917718E+00 -0.6339494E+00  0.8023287E+00
 0.3530000E+02  0.4897226E+00 -0.6344663E+00  0.8014835E+00
 0.3540000E+02  0.4876741E+00 -0.6349767E+00  0.8006381E+00
 0.3550000E+02  0.4856262E+00 -0.6354805E+00  0.7997926E+00
 0.3560000E+02  0.4835790E+00 -0.6359777E+00  0.7989470E+00
 0.3570000E+02  0.4815324E+00 -0.6364685E+00  0.7981012E+00
 0.3580000E+02  0.4794865E+00 -0.6369528E+00  0.7972554E+00
 0.3590000E+02  0.4774414E+00 -0.6374306E+00  0.7964094E+00
 0.3600000E+02  0.4753970E+00 -0.6379019E+00  0.7955634E+00
 0.3610000E+02  0.4733534E+00 -0.6383668E+00  0.7947173E+00
 0.3620000E+02  0.4713106E+00 -0.6388254E+00  0.7938712E+00
 0.3630000E+02  0.4692686E+00 -0.6392775E+00  0.7930250E+00
 0.3640000E+02  0.4672275E+00 -0.6397232E+00  0.7921788E+00
 0.3650000E+02  0.4651872E+00 -0.6401626E+00  0.7913326E+00
 0.3660000E+02  0.4631479E+00 -0.6405957E+00  0.7904864E+00
 0.3670000E+02  0.4611094E+00 -0.6410225E+00  0.7896403E+00
 0.3680000E+02  0.4590720E+00 -0.6414430E+00  0.7887941E+00
 0.3690000E+02  0.4570355E+00 -0.6418572E+00  0.7879480E+00
 0.3700000E+02  0.4550000E+00 -0.6422652E+00  0.7871020E+00
 0.3710000E+02  0.4529655E+00 -0.6426669E+00  0.7862560E+00
 0.3720000E+02  0.4509321E+00 -0.6430625E+00  0.7854101E+00
 0.3730000E+02  0.4488997E+00 -0.6434518E+00  0.7845643E+00
 0.3740000E+02  0.4468684E+00 -0.6438351E+00  0.7837187E+00
 0.3750000E+02  0.4448382E+00 -0.6442121E+00  0.7828731E+00
 0.3760000E+02  0.4428092E+00 -0.6445831E+00  0.7820277E+00
 0.3770000E+02  0.4407814E+00 -0.6449480E+00  0.7811825E+00
 0.3780000E+02  0.4387547E+00 -0.6453067E+00  0.7803374E+00
 0.3790000E+02  0.4367292E+00 -0.6456595E+00  0.7794925E+00
 0.3800000E+02  0.4347049E+00 -0.6460062E+00  0.7786478E+00
 0.3810000E+02  0.4326819E+00 -0.6463469E+00  0.7778033E+00
 0.3820000E+02  0.4306602E+00 -0.6466816E+00  0.7769590E+00
 0.3830000E+02  0.4286397E+00 -0.6470103E+00  0.7761149E+00
 0.3840000E+02  0.4266206E+00 -0.6473331E+00  0.7752711E+00
 0.3850000E+02  0.4246028E+00 -0.6476500E+00  0.7744276E+00
 0.3860000E+02  0.4225863E+00 -0.6479610E+00  0.7735843E+00
 0.3870000E+02  0.4205713E+00 -0.6482661E+00  0.7727413E+00
 0.3880000E+02  0.4185576E+00 -0.6485653E+00  0.7718986E+00
 0.3890000E+02  0.4165454E+00 -0.6488587E+00  0.7710562E+00
 0.3900000E+02  0.4145346E+00 -0.6491463E+00  0.7702141E+00
 0.3910000E+02  0.4125252E+00 -0.6494281E+00  0.7693724E+00
 0.3920000E+02  0.4105173E+00 -0.6497041E+00  0.7685310E+00
 0.3930000E+02  0.4085110E+00 -0.6499744E+00  0.7676900E+00
 0.3940000E+02  0.4065061E+00 -0.6502390E+00  0.7668493E+00
 0.3950000E+02  0.4045028E+00 -0.6504978E+00  0.7660091E+00
 0.3960000E+02  0.4025011E+00 -0.6507510E+00  0.7651692E+00
 0.3970000E+02  0.4005009E+00 -0.6509985E+00  0.7643298E+00
 0.3980000E+02  0.3985023E+00 -0.6512404E+00  0.7634907E+00
 0.3990000E+02  0.3965054E+00 -0.6514766E+00  0.7626521E+00
 0.4000000E+02  0.3945101E+00 -0.6517073E+00  0.7618140E+00
 0.4010000E+02  0.3925164E+00 -0.6519324E+00  0.7609763E+00
 0.4020000E+02  0.3905244E+00 -0.6521519E+00  0.7601391E+00
 0.4030000E+02  0.3885342E+00 -0.6523659E+00  0.7593024E+00
 0.4040000E+02  0.3865456E+00 -0.6525744E+00  0.7584661E+00
 0.4050000E+02  0.3845587E+00 -0.6527775E+00  0.7576304E+00
 0.4060000E+02  0.3825736E+00 -0.6529750E+00  0.7567952E+00
 0.4070000E+02  0.3805903E+00 -0.6531672E+00  0.7559605E+00
 0.4080000E+02  0.3786088E+00 -0.6533539E+00  0.7551264E+00
 0.4090000E+02  0.3766290E+00 -0.6535352E+00  0.7542928E+00
 0.4100000E+02  0.3746511E+00 -0.6537112E+00  0.7534598E+00
 0.4110000E+02  0.3726750E+00 -0.6538818E+00  0.7526274E+00
 0.4120000E+02  0.3707008E+00 -0.6540470E+00  0.7517956E+00
 0.4130000E+02  0.3687284E+00 -0.6542070E+00  0.7509644E+00
 0.4140000E+02  0.3667579E+00 -0.6543617E+00  0.7501337E+00
 0.4150000E+02  0.3647894E+00 -0.6545111E+00  0.7493037E+00
 0.4160000E+02  0.3628227E+00 -0.6546553E+00  0.7484744E+00
 0.4170000E+02  0.3608580E+00 -0.6547943E+00  0.7476457E+00
 0.4180000E+02  0.3588952E+00 -0.6549281E+00  0.7468176E+00
 0.4190000E+02  0.3569344E+00 -0.6550567E+00  0.7459902E+00
 0.4200000E+02  0.3549756E+00 -0.6551801E+00  0.7451635E+00
 0.4210000E+02  0.3530188E+00 -0.6552985E+00  0.7443375E+00
 0.4220000E+02  0.3510640E+00 -0.6554117E+00  0.7435122E+00
 0.4230000E+02  0.3491112E+00 -0.6555198E+00  0.7426876E+00
 0.4240000E+02  0.3471604E+00 -0.6556229E+00  0.7418637E+00
 0.4250000E+02  0.3452118E+00 -0.6557209E+00  0.7410406E+00
 0.4260000E+02  0.3432652E+00 -0.6558140E+00  0.7402182E+00
 0.4270000E+02  0.3413207E+00 -0.6559020E+00  0.7393965E+00
 0.4280000E+02  0.3393783E+00 -0.6559850E+00  0.7385756E+00
 0.4290000E+02  0.3374380E+00 -0.6560631E+00  0.7377555E+00
 0.4300000E+02  0.3354998E+00 -0.6561363E+00  0.7369362E+00
 0.4310000E+02  0.3335638E+00 -0.6562045E+00  0.7361177E+00
 0.4320000E+02  0.3316300E+00 -0.6562679E+00  0.7352999E+00
 0.4330000E+02  0.3296983E+00 -0.6563264E+00  0.7344830E+00
 0.4340000E+02  0.3277688E+00 -0.6563801E+00  0.7336669E+00
 0.4350000E+02  0.3258415E+00 -0.6564289E+00  0.7328517E+00
 0.4360000E+02  0.3239164E+00 -0.6564729E+00  0.7320373E+00
 0.4370000E+02  0.3219936E+00 -0.6565122E+00  0.7312237E+00
 0.4380000E+02  0.3200729E+00 -0.6565467E+00  0.7304110E+00
 0.4390000E+02  0.3181546E+00 -0.6565764E+00  0.7295992E+00
 0.4400000E+02  0.3162385E+00 -0.6566015E+00  0.7287882E+00
 0.4410000E+02  0.3143246E+00 -0.6566218E+00  0.7279781E+00
 0.4420000E+02  0.3124131E+00 -0.6566375E+00  0.7271690E+00
 0.4430000E+02  0.3105039E+00 -0.6566485E+00  0.7263607E+00
 0.4440000E+02  0.3085969E+00 -0.6566549E+00  0.7255534E+00
 0.4450000E+02  0.3066923E+00 -0.6566567E+00  0.7247470E+00
 0.4460000E+02  0.3047901E+00 -0.6566538E+00  0.7239415E+00
 0.4470000E+02  0.3028901E+00 -0.6566465E+00  0.7231369E+00
 0.4480000E+02  0.3009926E+00 -0.6566345E+00  0.7223333E+00
 0.4490000E+02  0.2990974E+00 -0.6566181E+00  0.7215307E+00
 0.4500000E+02  0.2972045E+00 -0.6565971E+00  0.7207290E+00
 0.4510000E+02  0.2953141E+00 -0.6565717E+00  0.7199283E+00
 0.4520000E+02  0.2934261E+00 -0.6565418E+00  0.7191286E+00
 0.4530000E+02  0.2915405E+00 -0.6565074E+00  0.7183299E+00
 0.4540000E+02  0.2896573E+00 -0.6564686E+00  0.7175322E+00
 0.4550000E+02  0.2877765E+00 -0.6564255E+00  0.7167354E+00
 0.4560000E+02  0.2858982E+00 -0.6563779E+00  0.7159397E+00
 0.4570000E+02  0.2840223E+00 -0.6563260E+00  0.7151450E+00
 0.4580000E+02  0.2821489E+00 -0.6562697E+00  0.7143514E+00
 0.4590000E+02  0.2802779E+00 -0.6562091E+00  0.7135588E+00
 0.4600000E+02  0.2784094E+00 -0.6561442E+00  0.7127672E+00
 0.4610000E+02  0.2765434E+00 -0.6560750E+00  0.7119766E+00
 0.4620000E+02  0.2746800E+00 -0.6560016E+00  0.7111872E+00
 0.4630000E+02  0.2728190E+00 -0.6559239E+00  0.7103987E+00
 0.4640000E+02  0.2709605E+00 -0.6558420E+00  0.7096114E+00
 0.4650000E+02  0.2691046E+00 -0.6557559E+00  0.7088251E+00
 0.4660000E+02  0.2672512E+00 -0.6556656E+00  0.7080400E+00
 0.4670000E+02  0.2654003E+00 -0.6555712E+00  0.7072559E+00
 0.4680000E+02  0.2635520E+00 -0.6554726E+00  0.7064729E+00
 0.4690000E+02  0.2617062E+00 -0.6553698E+00  0.7056910E+00
 0.4700000E+02  0.2598630E+00 -0.6552630E+00  0.7049102E+00
 0.4710000E+02  0.2580223E+00 -0.6551521E+00  0.7041305E+00
 0.4720000E+02  0.2561843E+00 -0.6550371E+00  0.7033520E+00
 0.4730000E+02  0.2543488E+00 -0.6549180E+00  0.7025745E+00
 0.4740000E+02  0.2525160E+00 -0.6547950E+00  0.7017982E+00
 0.4750000E+02  0.2506857E+00 -0.6546679E+00  0.7010231E+00
 0.4760000E+02  0.2488580E+00 -0.6545368E+00  0.7002491E+00
 0.4770000E+02  0.2470330E+00 -0.6544018E+00  0.6994762E+00
 0.4780000E+02  0.2452105E+00 -0.6542628E+00  0.6987045E+00
 0.4790000E+02  0.2433907E+00 -0.6541198E+00  0.6979339E+00
 0.4800000E+02  0.2415736E+00 -0.6539729E+00  0.6971646E+00
 0.4810000E+02  0.2397591E+00 -0.6538222E+00  0.6963963E+00
 0.4820000E+02  0.2379472E+00 -0.6536675E+00  0.6956293E+00
 0.4830000E+02  0.2361380E+00 -0.6535090E+00  0.6948634E+00
 0.4840000E+02  0.2343314E+00 -0.6533467E+00  0.6940987E+00
 0.4850000E+02  0.2325275E+00 -0.6531805E+00  0.6933352E+00
 0.4860000E+02  0.2307263E+00 -0.6530105E+00  0.6925729E+00
 0.4870000E+02  0.2289277E+00 -0.6528367E+00  0.6918118E+00
 0.4880000E+02  0.2271319E+00 -0.6526591E+00  0.6910519E+00
 0.4890000E+02  0.2253387E+00 -0.6524778E+00  0.6902932E+00
 0.4900000E+02  0.2235482E+00 -0.6522927E+00  0.6895358E+00
 0.4910000E+02  0.2217604E+00 -0.6521039E+00  0.6887795E+00
 0.4920000E+02  0.2199753E+00 -0.6519114E+00  0.6880244E+00
 0.4930000E+02  0.2181930E+00 -0.6517152E+00  0.6872706E+00
 0.4940000E+02  0.2164133E+00 -0.6515153E+00  0.6865180E+00
 0.4950000E+02  0.2146364E+00 -0.6513118E+00  0.6857666E+00
 0.4960000E+02  0.2128621E+00 -0.6511046E+00  0.6850164E+00
 0.4970000E+02  0.2110907E+00 -0.6508938E+00  0.6842675E+00
 0.4980000E+02  0.2093219E+00 -0.6506794E+00  0.6835199E+00
 0.4990000E+02  0.2075559E+00 -0.6504615E+00  0.6827734E+00
 0.5000000E+02  0.2057926E+00 -0.6502399E+00  0.6820282E+00
 0.5010000E+02  0.2040320E+00 -0.6500148E+00  0.6812843E+00
 0.5020000E+02  0.2022742E+00 -0.6497861E+00  0.6805416E+00
 0.5030000E+02  0.2005192E+00 -0.6495539E+00  0.6798002E+00
 0.5040000E+02  0.1987669E+00 -0.6493182E+00  0.6790600E+00
 0.5050000E+02  0.1970174E+00 -0.6490790E+00  0.6783210E+00
 0.5060000E+02  0.1952706E+00 -0.6488364E+00  0.6775834E+00
 0.5070000E+02  0.1935266E+00 -0.6485902E+00  0.6768470E+00
 0.5080000E+02  0.1917854E+00 -0.6483406E+00  0.6761118E+00
 0.5090000E+02  0.1900469E+00 -0.6480876E+00  0.6753780E+00
 0.5100000E+02  0.1883112E+00 -0.6478312E+00  0.6746454E+00
 0.5110000E+02  0.1865783E+00 -0.6475714E+00  0.6739140E+00
 0.5120000E+02  0.1848482E+00 -0.6473081E+00  0.6731840E+00
 0.5130000E+02  0.1831209E+00 -0.6470416E+00  0.6724552E+00
 0.5140000E+02  0.1813963E+00 -0.6467716E+00  0.6717277E+00
 0.5150000E+02  0.1796745E+00 -0.6464983E+00  0.6710015E+00
 0.5160000E+02  0.1779556E+00 -0.6462217E+00  0.6702765E+00
 0.5170000E+02  0.1762394E+00 -0.6459418E+00  0.6695529E+00
 0.5180000E+02  0.1745260E+00 -0.6456585E+00  0.6688305E+00
 0.5190000E+02  0.1728154E+00 -0.6453720E+00  0.6681094E+00
 0.5200000E+02  0.1711076E+00 -0.6450822E+00  0.6673896E+00
 0.5210000E+02  0.1694027E+00 -0.6447892E+00  0.6666711E+00
 0.5220000E+02  0.1677005E+00 -0.6444929E+00  0.6659538E+00
 0.5230000E+02  0.1660011E+00 -0.6441934E+00  0.6652379E+00
 0.5240000E+02  0.1643046E+00 -0.6438906E+00  0.6645232E+00
 0.5250000E+02  0.1626108E+00 -0.6435847E+00  0.6638099E+00
 0.5260000E+02  0.1609199E+00 -0.6432756E+00  0.6630978E+00
 0.5270000E+02  0.1592318E+00 -0.6429633E+00  0.6623870E+00
 0.5280000E+02  0.1575465E+00 -0.6426478E+00  0.6616775E+00
 0.5290000E+02  0.1558640E+00 -0.6423292E+00  0.6609693E+00
 0.5300000E+02  0.1541843E+00 -0.6420075E+00  0.6602624E+00
 0.5310000E+02  0.1525075E+00 -0.6416826E+00  0.6595567E+00
 0.5320000E+02  0.1508335E+00 -0.6413546E+00  0.6588524E+00
 0.5330000E+02  0.1491623E+00 -0.6410235E+00  0.6581494E+00
 0.5340000E+02  0.1474939E+00 -0.6406894E+00  0.6574476E+00
 0.5350000E+02  0.1458284E+00 -0.6403522E+00  0.6567471E+00
 0.5360000E+02  0.1441657E+00 -0.6400119E+00  0.6560480E+00
 0.5370000E+02  0.1425058E+00 -0.6396685E+00  0.6553501E+00
 0.5380000E+02  0.1408487E+00 -0.6393222E+00  0.6546535E+00
 0.5390000E+02  0.1391945E+00 -0.6389728E+00  0.6539582E+00
 0.5400000E+02  0.1375431E+00 -0.6386204E+00  0.6532642E+00
 0.5410000E+02  0.1358945E+00 -0.6382650E+00  0.6525715E+00
 0.5420000E+02  0.1342488E+00 -0.6379066E+00  0.6518800E+00
 0.5430000E+02  0.1326059E+00 -0.6375453E+00  0.6511899E+00
 0.5440000E+02  0.1309658E+00 -0.6371809E+00  0.6505010E+00
 0.5450000E+02  0.1293286E+00 -0.6368137E+00  0.6498134E+00
 0.5460000E+02  0.1276942E+00 -0.6364434E+00  0.6491272E+00
 0.5470000E+02  0.1260626E+00 -0.6360703E+00  0.6484421E+00
 0.5480000E+02  0.1244339E+00 -0.6356942E+00  0.6477584E+00
 0.5490000E+02  0.1228080E+00 -0.6353153E+00  0.6470760E+00
 0.5500000E+02  0.1211849E+00 -0.6349334E+00  0.6463948E+00
 0.5510000E+02  0.1195647E+00 -0.6345487E+00  0.6457149E+00
 0.5520000E+02  0.1179473E+00 -0.6341610E+00  0.6450363E+00
 0.5530000E+02  0.1163327E+00 -0.6337706E+00  0.6443589E+00
 0.5540000E+02  0.1147210E+00 -0.6333772E+00  0.6436829E+00
 0.5550000E+02  0.1131121E+00 -0.6329810E+00  0.6430080E+00
 0.5560000E+02  0.1115061E+00 -0.6325820E+00  0.6423345E+00
 0.5570000E+02  0.1099029E+00 -0.6321802E+00  0.6416622E+00
 0.5580000E+02  0.1083025E+00 -0.6317755E+00  0.6409912E+00
 0.5590000E+02  0.1067050E+00 -0.6313681E+00  0.6403215E+00
 0.5600000E+02  0.1051103E+00 -0.6309579E+00  0.6396530E+00
 0.5610000E+02  0.1035184E+00 -0.6305448E+00  0.6389858E+00
 0.5620000E+02  0.1019294E+00 -0.6301290E+00  0.6383198E+00
 0.5630000E+02  0.1003432E+00 -0.6297105E+00  0.6376551E+00
 0.5640000E+02  0.9875988E-01 -0.6292892E+00  0.6369917E+00
 0.5650000E+02  0.9717936E-01 -0.6288651E+00  0.6363295E+00
 0.5660000E+02  0.9560168E-01 -0.6284384E+00  0.6356685E+00
 0.5670000E+02  0.9402684E-01 -0.6280089E+00  0.6350088E+00
 0.5680000E+02  0.9245483E-01 -0.6275766E+00  0.6343503E+00
 0.5690000E+02  0.9088565E-01 -0.6271417E+00  0.6336931E+00
 0.5700000E+02  0.8931931E-01 -0.6267041E+00  0.6330371E+00
 0.5710000E+02  0.8775580E-01 -0.6262638E+00  0.6323823E+00
 0.5720000E+02  0.8619513E-01 -0.6258208E+00  0.6317288E+00
 0.5730000E+02  0.8463729E-01 -0.6253751E+00  0.6310765E+00
 0.5740000E+02  0.8308227E-01 -0.6249268E+00  0.6304254E+00
 0.5750000E+02  0.8153010E-01 -0.6244758E+00  0.6297755E+00
 0.5760000E+02  0.7998075E-01 -0.6240222E+00  0.6291269E+00
 0.5770000E+02  0.7843423E-01 -0.6235660E+00  0.6284795E+00
 0.5780000E+02  0.7689054E-01 -0.6231071E+00  0.6278333E+00
 0.5790000E+02  0.7534969E-01 -0.6226456E+00  0.6271883E+00
 0.5800000E+02  0.7381166E-01 -0.6221815E+00  0.6265445E+00
 0.5810000E+02  0.7227646E-01 -0.6217148E+00  0.6259019E+00
 0.5820000E+02  0.7074409E-01 -0.6212455E+00  0.6252605E+00
 0.5830000E+02  0.6921454E-01 -0.6207736E+00  0.6246203E+00
 0.5840000E+02  0.6768782E-01 -0.6202991E+00  0.6239813E+00
 0.5850000E+02  0.6616393E-01 -0.6198221E+00  0.6233434E+00
 0.5860000E+02  0.6464286E-01 -0.6193425E+00  0.6227068E+00
 0.5870000E+02  0.6312462E-01 -0.6188603E+00  0.6220714E+00
 0.5880000E+02  0.6160920E-01 -0.6183756E+00  0.6214371E+00
 0.5890000E+02  0.6009660E-01 -0.6178883E+00  0.6208040E+00
 0.5900000E+02  0.5858682E-01 -0.6173986E+00  0.6201721E+00
 0.5910000E+02  0.5707987E-01 -0.6169062E+00  0.6195413E+00
 0.5920000E+02  0.5557574E-01 -0.6164114E+00  0.6189117E+00
 0.5930000E+02  0.5407443E-01 -0.6159141E+00  0.6182833E+00
 0.5940000E+02  0.5257594E-01 -0.6154142E+00  0.6176560E+00
 0.5950000E+02  0.5108026E-01 -0.6149119E+00  0.6170299E+00
 0.5960000E+02  0.4958741E-01 -0.6144071E+00  0.6164049E+00
 0.5970000E+02  0.4809737E-01 -0.6138998E+00  0.6157810E+00
 0.5980000E+02  0.4661015E-01 -0.6133900E+00  0.6151583E+00
 0.5990000E+02  0.4512575E-01 -0.6128777E+00  0.6145368E+00
 0.6000000E+02  0.4364416E-01 -0.6123630E+00  0.6139163E+00
 0.6010000E+02  0.4216538E-01 -0.6118458E+00  0.6132970E+00
 0.6020000E+02  0.4068942E-01 -0.6113262E+00  0.6126788E+00
 0.6030000E+02  0.3921628E-01 -0.6108041E+00  0.6120618E+00
 0.6040000E+02  0.3774594E-01 -0.6102796E+00  0.6114458E+00
 0.6050000E+02  0.3627842E-01 -0.6097527E+00  0.6108310E+00
 0.6060000E+02  0.3481371E-01 -0.6092233E+00  0.6102172E+00
 0.6070000E+02  0.3335181E-01 -0.6086916E+00  0.6096046E+00
 0.6080000E+02  0.3189272E-01 -0.6081574E+00  0.6089930E+00
 0.6090000E+02  0.3043644E-01 -0.6076208E+00  0.6083826E+00
 0.6100000E+02  0.2898297E-01 -0.6070818E+00  0.6077732E+00
 0.6110000E+02  0.2753231E-01 -0.6065404E+00  0.6071649E+00
 0.6120000E+02  0.2608445E-01 -0.6059966E+00  0.6065577E+00
 0.6130000E+02  0.2463940E-01 -0.6054504E+00  0.6059516E+00
 0.6140000E+02  0.2319716E-01 -0.6049019E+00  0.6053465E+00
 0.6150000E+02  0.2175772E-01 -0.6043510E+00  0.6047425E+00
 0.6160000E+02  0.2032109E-01 -0.6037977E+00  0.6041396E+00
 0.6170000E+02  0.1888727E-01 -0.6032421E+00  0.6035377E+00
 0.6180000E+02  0.1745624E-01 -0.6026841E+00  0.6029369E+00
 0.6190000E+02  0.1602802E-01 -0.6021238E+00  0.6023371E+00
 0.6200000E+02  0.1460261E-01 -0.6015611E+00  0.6017383E+00
 0.6210000E+02  0.1317999E-01 -0.6009961E+00  0.6011406E+00
 0.6220000E+02  0.1176018E-01 -0.6004288E+00  0.6005440E+00
 0.6230000E+02  0.1034317E-01 -0.5998591E+00  0.5999483E+00
 0.6240000E+02  0.8928961E-02 -0.5992872E+00  0.5993537E+00
 0.6250000E+02  0.7517552E-02 -0.5987129E+00  0.5987600E+00
 0.6260000E+02  0.6108943E-02 -0.5981362E+00  0.5981674E+00
 0.6270000E+02  0.4703134E-02 -0.5975573E+00  0.5975758E+00
 0.6280000E+02  0.3300125E-02 -0.5969761E+00  0.5969852E+00
 0.6290000E+02  0.1899915E-02 -0.5963926E+00  0.5963956E+00
 0.6300000E+02  0.5025035E-03 -0.5958068E+00  0.5958070E+00
 0.6310000E+02 -0.8921096E-03 -0.5952187E+00  0.5952194E+00
 0.6320000E+02 -0.2283925E-02 -0.5946284E+00  0.5946328E+00
 0.6330000E+02 -0.3672942E-02 -0.5940358E+00  0.5940471E+00
 0.6340000E+02 -0.5059161E-02 -0.5934408E+00  0.5934624E+00
 0.6350000E+02 -0.6442584E-02 -0.5928437E+00  0.5928787E+00
 0.6360000E+02 -0.7823209E-02 -0.5922443E+00  0.5922959E+00
 0.6370000E+02 -0.9201037E-02 -0.5916426E+00  0.5917141E+00
 0.6380000E+02 -0.1057607E-01 -0.5910386E+00  0.5911333E+00
 0.6390000E+02 -0.1194830E-01 -0.5904325E+00  0.5905534E+00
 0.6400000E+02 -0.1331774E-01 -0.5898240E+00  0.5899744E+00
 0.6410000E+02 -0.1468438E-01 -0.5892134E+00  0.5893963E+00
 0.6420000E+02 -0.1604823E-01 -0.5886005E+00  0.5888192E+00
 0.6430000E+02 -0.1740928E-01 -0.5879854E+00  0.5882431E+00
 0.6440000E+02 -0.1876753E-01 -0.5873681E+00  0.5876678E+00
 0.6450000E+02 -0.2012299E-01 -0.5867485E+00  0.5870935E+00
 0.6460000E+02 -0.2147565E-01 -0.5861267E+00  0.5865200E+00
 0.6470000E+02 -0.2282552E-01 -0.5855028E+00  0.5859475E+00
 0.6480000E+02 -0.2417259E-01 -0.5848766E+00  0.5853759E+00
 0.6490000E+02 -0.2551686E-01 -0.5842482E+00  0.5848052E+00
 0.6500000E+02 -0.2685833E-01 -0.5836176E+00  0.5842353E+00
 0.6510000E+02 -0.2819701E-01 -0.5829849E+00  0.5836664E+00
 0.6520000E+02 -0.2953290E-01 -0.5823499E+00  0.5830983E+00
 0.6530000E+02 -0.3086598E-01 -0.5817128E+00  0.5825311E+00
 0.6540000E+02 -0.3219627E-01 -0.5810735E+00  0.5819648E+00
 0.6550000E+02 -0.3352376E-01 -0.5804320E+00  0.5813993E+00
 0.6560000E+02 -0.3484845E-01 -0.5797884E+00  0.5808347E+00
 0.6570000E+02 -0.3617035E-01 -0.5791425E+00  0.5802710E+00
 0.6580000E+02 -0.3748945E-01 -0.5784946E+00  0.5797080E+00
 0.6590000E+02 -0.3880574E-01 -0.5778444E+00  0.5791460E+00
 0.6600000E+02 -0.4011924E-01 -0.5771921E+00  0.5785848E+00
 0.6610000E+02 -0.4142994E-01 -0.5765377E+00  0.5780244E+00
 0.6620000E+02 -0.4273784E-01 -0.5758811E+00  0.5774648E+00
 0.6630000E+02 -0.4404294E-01 -0.5752224E+00  0.5769061E+00
 0.6640000E+02 -0.4534524E-01 -0.5745616E+00  0.5763481E+00
 0.6650000E+02 -0.4664474E-01 -0.5738986E+00  0.5757910E+00
 0.6660000E+02 -0.4794143E-01 -0.5732335E+00  0.5752347E+00
 0.6670000E+02 -0.4923533E-01 -0.5725662E+00  0.5746792E+00
 0.6680000E+02 -0.5052642E-01 -0.5718969E+00  0.5741245E+00
 0.6690000E+02 -0.5181470E-01 -0.5712254E+00  0.5735706E+00
 0.6700000E+02 -0.5310018E-01 -0.5705518E+00  0.5730175E+00
 0.6710000E+02 -0.5438286E-01 -0.5698762E+00  0.5724651E+00
 0.6720000E+02 -0.5566273E-01 -0.5691984E+00  0.5719136E+00
 0.6730000E+02 -0.5693980E-01 -0.5685185E+00  0.5713628E+00
 0.6740000E+02 -0.5821405E-01 -0.5678365E+00  0.5708127E+00
 0.6750000E+02 -0.5948550E-01 -0.5671525E+00  0.5702635E+00
 0.6760000E+02 -0.6075414E-01 -0.5664663E+00  0.5697150E+00
 0.6770000E+02 -0.6201997E-01 -0.5657781E+00  0.5691672E+00
 0.6780000E+02 -0.6328299E-01 -0.5650878E+00  0.5686202E+00
 0.6790000E+02 -0.6454320E-01 -0.5643954E+00  0.5680739E+00
 0.6800000E+02 -0.6580060E-01 -0.5637009E+00  0.5675284E+00
 0.6810000E+02 -0.6705518E-01 -0.5630044E+00  0.5669836E+00
 0.6820000E+02 -0.6830695E-01 -0.5623058E+00  0.5664395E+00
 0.6830000E+02 -0.6955591E-01 -0.5616052E+00  0.5658961E+00
 0.6840000E+02 -0.7080204E-01 -0.5609025E+00  0.5653535E+00
 0.6850000E+02 -0.7204536E-01 -0.5601978E+00  0.5648115E+00
 0.6860000E+02 -0.7328586E-01 -0.5594910E+00  0.5642703E+00
 0.6870000E+02 -0.7452355E-01 -0.5587822E+00  0.5637298E+00
 0.6880000E+02 -0.7575841E-01 -0.5580713E+00  0.5631900E+00
 0.6890000E+02 -0.7699045E-01 -0.5573584E+00  0.5626508E+00
 0.6900000E+02 -0.7821966E-01 -0.5566435E+00  0.5621124E+00
 0.6910000E+02 -0.7944605E-01 -0.5559266E+00  0.5615746E+00
 0.6920000E+02 -0.8066962E-01 -0.5552076E+00  0.5610375E+00
 0.6930000E+02 -0.8189036E-01 -0.5544866E+00  0.5605011E+00
 0.6940000E+02 -0.8310827E-01 -0.5537637E+00  0.5599653E+00
 0.6950000E+02 -0.8432335E-01 -0.5530387E+00  0.5594302E+00
 0.6960000E+02 -0.8553561E-01 -0.5523117E+00  0.5588958E+00
 0.6970000E+02 -0.8674503E-01 -0.5515827E+00  0.5583620E+00
 0.6980000E+02 -0.8795161E-01 -0.5508517E+00  0.5578289E+00
 0.6990000E+02 -0.8915536E-01 -0.5501187E+00  0.5572964E+00
 0.7000000E+02 -0.9035628E-01 -0.5493838E+00  0.5567646E+00
 0.7010000E+02 -0.9155435E-01 -0.5486468E+00  0.5562333E+00
 0.7020000E+02 -0.9274959E-01 -0.5479079E+00  0.5557028E+00
 0.7030000E+02 -0.9394199E-01 -0.5471670E+00  0.5551728E+00
 0.7040000E+02 -0.9513154E-01 -0.5464242E+00  0.5546435E+00
 0.7050000E+02 -0.9631826E-01 -0.5456793E+00  0.5541147E+00
 0.7060000E+02 -0.9750212E-01 -0.5449326E+00  0.5535866E+00
 0.7070000E+02 -0.9868314E-01 -0.5441838E+00  0.5530591E+00
 0.7080000E+02 -0.9986131E-01 -0.5434331E+00  0.5525322E+00
 0.7090000E+02 -0.1010366E+00 -0.5426805E+00  0.5520059E+00
 0.7100000E+02 -0.1022091E+00 -0.5419259E+00  0.5514802E+00
 0.7110000E+02 -0.1033787E+00 -0.5411694E+00  0.5509551E+00
 0.7120000E+02 -0.1045455E+00 -0.5404110E+00  0.5504305E+00
 0.7130000E+02 -0.1057094E+00 -0.5396506E+00  0.5499066E+00
 0.7140000E+02 -0.1068704E+00 -0.5388883E+00  0.5493832E+00
 0.7150000E+02 -0.1080286E+00 -0.5381241E+00  0.5488604E+00
 0.7160000E+02 -0.1091839E+00 -0.5373580E+00  0.5483382E+00
 0.7170000E+02 -0.1103364E+00 -0.5365899E+00  0.5478165E+00
 0.7180000E+02 -0.1114860E+00 -0.5358200E+00  0.5472954E+00
 0.7190000E+02 -0.1126327E+00 -0.5350482E+00  0.5467748E+00
 0.7200000E+02 -0.1137765E+00 -0.5342744E+00  0.5462548E+00
 0.7210000E+02 -0.1149175E+00 -0.5334988E+00  0.5457353E+00
 0.7220000E+02 -0.1160556E+00 -0.5327213E+00  0.5452164E+00
 0.7230000E+02 -0.1171909E+00 -0.5319419E+00  0.5446980E+00
 0.7240000E+02 -0.1183232E+00 -0.5311606E+00  0.5441801E+00
 0.7250000E+02 -0.1194527E+00 -0.5303775E+00  0.5436628E+00
 0.7260000E+02 -0.1205793E+00 -0.5295925E+00  0.5431460E+00
 0.7270000E+02 -0.1217030E+00 -0.5288056E+00  0.5426297E+00
 0.7280000E+02 -0.1228239E+00 -0.5280169E+00  0.5421140E+00
 0.7290000E+02 -0.1239418E+00 -0.5272264E+00  0.5415987E+00
 0.7300000E+02 -0.1250568E+00 -0.5264339E+00  0.5410840E+00
 0.7310000E+02 -0.1261690E+00 -0.5256397E+00  0.5405698E+00
 0.7320000E+02 -0.1272783E+00 -0.5248436E+00  0.5400561E+00
 0.7330000E+02 -0.1283847E+00 -0.5240457E+00  0.5395428E+00
 0.7340000E+02 -0.1294881E+00 -0.5232459E+00  0.5390301E+00
 0.7350000E+02 -0.1305887E+00 -0.5224443E+00  0.5385179E+00
 0.7360000E+02 -0.1316864E+00 -0.5216409E+00  0.5380061E+00
 0.7370000E+02 -0.1327812E+00 -0.5208358E+00  0.5374949E+00
 0.7380000E+02 -0.1338730E+00 -0.5200287E+00  0.5369841E+00
 0.7390000E+02 -0.1349620E+00 -0.5192199E+00  0.5364738E+00
 0.7400000E+02 -0.1360481E+00 -0.5184094E+00  0.5359639E+00
 0.7410000E+02 -0.1371312E+00 -0.5175970E+00  0.5354546E+00
 0.7420000E+02 -0.1382114E+00 -0.5167828E+00  0.5349457E+00
 0.7430000E+02 -0.1392888E+00 -0.5159669E+00  0.5344372E+00
 0.7440000E+02 -0.1403632E+00 -0.5151491E+00  0.5339293E+00
 0.7450000E+02 -0.1414346E+00 -0.5143297E+00  0.5334217E+00
 0.7460000E+02 -0.1425032E+00 -0.5135084E+00  0.5329147E+00
 0.7470000E+02 -0.1435688E+00 -0.5126854E+00  0.5324081E+00
 0.7480000E+02 -0.1446315E+00 -0.5118607E+00  0.5319019E+00
 0.7490000E+02 -0.1456913E+00 -0.5110342E+00  0.5313962E+00
 0.7500000E+02 -0.1467481E+00 -0.5102060E+00  0.5308909E+00
 0.7510000E+02 -0.1478021E+00 -0.5093760E+00  0.5303860E+00
 0.7520000E+02 -0.1488530E+00 -0.5085443E+00  0.5298816E+00
 0.7530000E+02 -0.1499011E+00 -0.5077109E+00  0.5293776E+00
 0.7540000E+02 -0.1509462E+00 -0.5068758E+00  0.5288741E+00
 0.7550000E+02 -0.1519883E+00 -0.5060389E+00  0.5283709E+00
 0.7560000E+02 -0.1530275E+00 -0.5052004E+00  0.5278682E+00
 0.7570000E+02 -0.1540638E+00 -0.5043602E+00  0.5273659E+00
 0.7580000E+02 -0.1550971E+00 -0.5035182E+00  0.5268641E+00
 0.7590000E+02 -0.1561275E+00 -0.5026746E+00  0.5263626E+00
 0.7600000E+02 -0.1571549E+00 -0.5018294E+00  0.5258615E+00
 0.7610000E+02 -0.1581794E+00 -0.5009824E+00  0.5253609E+00
 0.7620000E+02 -0.1592009E+00 -0.5001338E+00  0.5248607E+00
 0.7630000E+02 -0.1602194E+00 -0.4992835E+00  0.5243608E+00
 0.7640000E+02 -0.1612350E+00 -0.4984315E+00  0.5238614E+00
 0.7650000E+02 -0.1622477E+00 -0.4975780E+00  0.5233623E+00
 0.7660000E+02 -0.1632573E+00 -0.4967227E+00  0.5228637E+00
 0.7670000E+02 -0.1642640E+00 -0.4958659E+00  0.5223654E+00
 0.7680000E+02 -0.1652677E+00 -0.4950074E+00  0.5218676E+00
 0.7690000E+02 -0.1662685E+00 -0.4941473E+00  0.5213701E+00
 0.7700000E+02 -0.1672663E+00 -0.4932856E+00  0.5208730E+00
 0.7710000E+02 -0.1682611E+00 -0.4924222E+00  0.5203762E+00
 0.7720000E+02 -0.1692529E+00 -0.4915573E+00  0.5198799E+00
 0.7730000E+02 -0.1702417E+00 -0.4906908E+00  0.5193839E+00
 0.7740000E+02 -0.1712276E+00 -0.4898227E+00  0.5188884E+00
 0.7750000E+02 -0.1722105E+00 -0.4889530E+00  0.5183931E+00
 0.7760000E+02 -0.1731904E+00 -0.4880817E+00  0.5178983E+00
 0.7770000E+02 -0.1741673E+00 -0.4872089E+00  0.5174038E+00
 0.7780000E+02 -0.1751412E+00 -0.4863345E+00  0.5169097E+00
 0.7790000E+02 -0.1761121E+00 -0.4854585E+00  0.5164159E+00
 0.7800000E+02 -0.1770800E+00 -0.4845810E+00  0.5159226E+00
 0.7810000E+02 -0.1780449E+00 -0.4837020E+00  0.5154295E+00
 0.7820000E+02 -0.1790069E+00 -0.4828214E+00  0.5149368E+00
 0.7830000E+02 -0.1799658E+00 -0.4819393E+00  0.5144445E+00
 0.7840000E+02 -0.1809217E+00 -0.4810557E+00  0.5139526E+00
 0.7850000E+02 -0.1818746E+00 -0.4801706E+00  0.5134610E+00
 0.7860000E+02 -0.1828245E+00 -0.4792839E+00  0.5129697E+00
 0.7870000E+02 -0.1837715E+00 -0.4783958E+00  0.5124788E+00
 0.7880000E+02 -0.1847153E+00 -0.4775062E+00  0.5119882E+00
 0.7890000E+02 -0.1856562E+00 -0.4766151E+00  0.5114980E+00
 0.7900000E+02 -0.1865941E+00 -0.4757225E+00  0.5110081E+00
 0.7910000E+02 -0.1875289E+00 -0.4748285E+00  0.5105186E+00
 0.7920000E+02 -0.1884608E+00 -0.4739330E+00  0.5100294E+00
 0.7930000E+02 -0.1893896E+00 -0.4730360E+00  0.5095405E+00
 0.7940000E+02 -0.1903154E+00 -0.4721376E+00  0.5090520E+00
 0.7950000E+02 -0.1912381E+00 -0.4712378E+00  0.5085638E+00
 0.7960000E+02 -0.1921579E+00 -0.4703366E+00  0.5080759E+00
 0.7970000E+02 -0.1930746E+00 -0.4694339E+00  0.5075884E+00
 0.7980000E+02 -0.1939883E+00 -0.4685298E+00  0.5071012E+00
 0.7990000E+02 -0.1948989E+00 -0.4676243E+00  0.5066143E+00
 0.8000000E+02 -0.1958066E+00 -0.4667174E+00  0.5061278E+00
 0.8010000E+02 -0.1967112E+00 -0.4658091E+00  0.5056416E+00
 0.8020000E+02 -0.1976127E+00 -0.4648994E+00  0.5051557E+00
 0.8030000E+02 -0.1985112E+00 -0.4639884E+00  0.5046701E+00
 0.8040000E+02 -0.1994067E+00 -0.4630760E+00  0.5041849E+00
 0.8050000E+02 -0.2002991E+00 -0.4621622E+00  0.5037000E+00
 0.8060000E+02 -0.2011885E+00 -0.4612471E+00  0.5032154E+00
 0.8070000E+02 -0.2020749E+00 -0.4603307E+00  0.5027311E+00
 0.8080000E+02 -0.2029582E+00 -0.4594129E+00  0.5022472E+00
 0.8090000E+02 -0.2038385E+00 -0.4584937E+00  0.5017635E+00
 0.8100000E+02 -0.2047157E+00 -0.4575733E+00  0.5012802E+00
 0.8110000E+02 -0.2055898E+00 -0.4566516E+00  0.5007972E+00
 0.8120000E+02 -0.2064610E+00 -0.4557285E+00  0.5003145E+00
 0.8130000E+02 -0.2073290E+00 -0.4548042E+00  0.4998321E+00
 0.8140000E+02 -0.2081940E+00 -0.4538786E+00  0.4993501E+00
 0.8150000E+02 -0.2090560E+00 -0.4529517E+00  0.4988683E+00
 0.8160000E+02 -0.2099149E+00 -0.4520235E+00  0.4983869E+00
 0.8170000E+02 -0.2107707E+00 -0.4510941E+00  0.4979058E+00
 0.8180000E+02 -0.2116235E+00 -0.4501634E+00  0.4974250E+00
 0.8190000E+02 -0.2124732E+00 -0.4492315E+00  0.4969445E+00
 0.8200000E+02 -0.2133199E+00 -0.4482984E+00  0.4964643E+00
 0.8210000E+02 -0.2141635E+00 -0.4473640E+00  0.4959844E+00
 0.8220000E+02 -0.2150040E+00 -0.4464284E+00  0.4955049E+00
 0.8230000E+02 -0.2158415E+00 -0.4454916E+00  0.4950256E+00
 0.8240000E+02 -0.2166759E+00 -0.4445537E+00  0.4945466E+00
 0.8250000E+02 -0.2175072E+00 -0.4436145E+00  0.4940680E+00
 0.8260000E+02 -0.2183355E+00 -0.4426741E+00  0.4935897E+00
 0.8270000E+02 -0.2191607E+00 -0.4417326E+00  0.4931116E+00
 0.8280000E+02 -0.2199828E+00 -0.4407899E+00  0.4926339E+00
 0.8290000E+02 -0.2208019E+00 -0.4398461E+00  0.4921565E+00
 0.8300000E+02 -0.2216179E+00 -0.4389011E+00  0.4916794E+00
 0.8310000E+02 -0.2224308E+00 -0.4379550E+00  0.4912026E+00
 0.8320000E+02 -0.2232407E+00 -0.4370077E+00  0.4907261E+00
 0.8330000E+02 -0.2240474E+00 -0.4360593E+00  0.4902499E+00
 0.8340000E+02 -0.2248511E+00 -0.4351099E+00  0.4897741E+00
 0.8350000E+02 -0.2256518E+00 -0.4341593E+00  0.4892985E+00
 0.8360000E+02 -0.2264493E+00 -0.4332076E+00  0.4888232E+00
 0.8370000E+02 -0.2272438E+00 -0.4322549E+00  0.4883483E+00
 0.8380000E+02 -0.2280352E+00 -0.4313011E+00  0.4878736E+00
 0.8390000E+02 -0.2288235E+00 -0.4303462E+00  0.4873993E+00
 0.8400000E+02 -0.2296088E+00 -0.4293903E+00  0.4869253E+00
 0.8410000E+02 -0.2303910E+00 -0.4284333E+00  0.4864515E+00
 0.8420000E+02 -0.2311701E+00 -0.4274753E+00  0.4859781E+00
 0.8430000E+02 -0.2319461E+00 -0.4265163E+00  0.4855050E+00
 0.8440000E+02 -0.2327190E+00 -0.4255562E+00  0.4850322E+00
 0.8450000E+02 -0.2334889E+00 -0.4245952E+00  0.4845597E+00
 0.8460000E+02 -0.2342557E+00 -0.4236331E+00  0.4840875E+00
 0.8470000E+02 -0.2350194E+00 -0.4226701E+00  0.4836156E+00
 0.8480000E+02 -0.2357800E+00 -0.4217060E+00  0.4831441E+00
 0.8490000E+02 -0.2365375E+00 -0.4207411E+00  0.4826728E+00
 0.8500000E+02 -0.2372920E+00 -0.4197751E+00  0.4822019E+00
 0.8510000E+02 -0.2380434E+00 -0.4188082E+00  0.4817312E+00
 0.8520000E+02 -0.2387917E+00 -0.4178404E+00  0.4812609E+00
 0.8530000E+02 -0.2395369E+00 -0.4168716E+00  0.4807909E+00
 0.8540000E+02 -0.2402790E+00 -0.4159020E+00  0.4803212E+00
 0.8550000E+02 -0.2410181E+00 -0.4149314E+00  0.4798518E+00
 0.8560000E+02 -0.2417541E+00 -0.4139599E+00  0.4793827E+00
 0.8570000E+02 -0.2424870E+00 -0.4129875E+00  0.4789140E+00
 0.8580000E+02 -0.2432168E+00 -0.4120142E+00  0.4784456E+00
 0.8590000E+02 -0.2439436E+00 -0.4110401E+00  0.4779774E+00
 0.8600000E+02 -0.2446673E+00 -0.4100651E+00  0.4775096E+00
 0.8610000E+02 -0.2453879E+00 -0.4090892E+00  0.4770421E+00
 0.8620000E+02 -0.2461054E+00 -0.4081125E+00  0.4765750E+00
 0.8630000E+02 -0.2468198E+00 -0.4071350E+00  0.4761081E+00
 0.8640000E+02 -0.2475312E+00 -0.4061567E+00  0.4756416E+00
 0.8650000E+02 -0.2482395E+00 -0.4051775E+00  0.4751754E+00
 0.8660000E+02 -0.2489447E+00 -0.4041975E+00  0.4747095E+00
 0.8670000E+02 -0.2496469E+00 -0.4032168E+00  0.4742440E+00
 0.8680000E+02 -0.2503460E+00 -0.4022352E+00  0.4737787E+00
 0.8690000E+02 -0.2510420E+00 -0.4012529E+00  0.4733138E+00
 0.8700000E+02 -0.2517349E+00 -0.4002699E+00  0.4728492E+00
 0.8710000E+02 -0.2524247E+00 -0.3992860E+00  0.4723850E+00
 0.8720000E+02 -0.2531115E+00 -0.3983015E+00  0.4719211E+00
 0.8730000E+02 -0.2537953E+00 -0.3973161E+00  0.4714575E+00
 0.8740000E+02 -0.2544759E+00 -0.3963301E+00  0.4709942E+00
 0.8750000E+02 -0.2551535E+00 -0.3953434E+00  0.4705313E+00
 0.8760000E+02 -0.2558280E+00 -0.3943559E+00  0.4700687E+00
 0.8770000E+02 -0.2564995E+00 -0.3933678E+00  0.4696064E+00
 0.8780000E+02 -0.2571679E+00 -0.3923790E+00  0.4691445E+00
 0.8790000E+02 -0.2578332E+00 -0.3913895E+00  0.4686829E+00
 0.8800000E+02 -0.2584955E+00 -0.3903993E+00  0.4682217E+00
 0.8810000E+02 -0.2591547E+00 -0.3894085E+00  0.4677608E+00
 0.8820000E+02 -0.2598109E+00 -0.3884170E+00  0.4673002E+00
 0.8830000E+02 -0.2604640E+00 -0.3874250E+00  0.4668400E+00
 0.8840000E+02 -0.2611140E+00 -0.3864322E+00  0.4663801E+00
 0.8850000E+02 -0.2617610E+00 -0.3854389E+00  0.4659206E+00
 0.8860000E+02 -0.2624049E+00 -0.3844450E+00  0.4654614E+00
 0.8870000E+02 -0.2630458E+00 -0.3834505E+00  0.4650025E+00
 0.8880000E+02 -0.2636837E+00 -0.3824554E+00  0.4645441E+00
 0.8890000E+02 -0.2643185E+00 -0.3814597E+00  0.4640859E+00
 0.8900000E+02 -0.2649502E+00 -0.3804635E+00  0.4636281E+00
 0.8910000E+02 -0.2655789E+00 -0.3794667E+00  0.4631707E+00
 0.8920000E+02 -0.2662046E+00 -0.3784693E+00  0.4627136E+00
 0.8930000E+02 -0.2668272E+00 -0.3774715E+00  0.4622569E+00
 0.8940000E+02 -0.2674468E+00 -0.3764731E+00  0.4618006E+00
 0.8950000E+02 -0.2680633E+00 -0.3754742E+00  0.4613446E+00
 0.8960000E+02 -0.2686769E+00 -0.3744748E+00  0.4608889E+00
 0.8970000E+02 -0.2692873E+00 -0.3734749E+00  0.4604337E+00
 0.8980000E+02 -0.2698948E+00 -0.3724745E+00  0.4599788E+00
 0.8990000E+02 -0.2704992E+00 -0.3714737E+00  0.4595242E+00
 0.9000000E+02 -0.2711006E+00 -0.3704724E+00  0.4590701E+00
 0.9010000E+02 -0.2716990E+00 -0.3694706E+00  0.4586163E+00
 0.9020000E+02 -0.2722944E+00 -0.3684684E+00  0.4581629E+00
 0.9030000E+02 -0.2728867E+00 -0.3674658E+00  0.4577098E+00
 0.9040000E+02 -0.2734761E+00 -0.3664627E+00  0.4572572E+00
 0.9050000E+02 -0.2740624E+00 -0.3654593E+00  0.4568049E+00
 0.9060000E+02 -0.2746457E+00 -0.3644554E+00  0.4563529E+00
 0.9070000E+02 -0.2752260E+00 -0.3634512E+00  0.4559014E+00
 0.9080000E+02 -0.2758033E+00 -0.3624465E+00  0.4554503E+00
 0.9090000E+02 -0.2763776E+00 -0.3614415E+00  0.4549995E+00
 0.9100000E+02 -0.2769489E+00 -0.3604362E+00  0.4545491E+00
 0.9110000E+02 -0.2775172E+00 -0.3594305E+00  0.4540991E+00
 0.9120000E+02 -0.2780825E+00 -0.3584244E+00  0.4536496E+00
 0.9130000E+02 -0.2786448E+00 -0.3574180E+00  0.4532004E+00
 0.9140000E+02 -0.2792041E+00 -0.3564113E+00  0.4527515E+00
 0.9150000E+02 -0.2797605E+00 -0.3554043E+00  0.4523031E+00
 0.9160000E+02 -0.2803138E+00 -0.3543970E+00  0.4518551E+00
 0.9170000E+02 -0.2808642E+00 -0.3533894E+00  0.4514075E+00
 0.9180000E+02 -0.2814116E+00 -0.3523815E+00  0.4509603E+00
 0.9190000E+02 -0.2819560E+00 -0.3513733E+00  0.4505135E+00
 0.9200000E+02 -0.2824975E+00 -0.3503649E+00  0.4500671E+00
 0.9210000E+02 -0.2830360E+00 -0.3493562E+00  0.4496211E+00
 0.9220000E+02 -0.2835715E+00 -0.3483473E+00  0.4491755E+00
 0.9230000E+02 -0.2841041E+00 -0.3473382E+00  0.4487303E+00
 0.9240000E+02 -0.2846337E+00 -0.3463288E+00  0.4482856E+00
 0.9250000E+02 -0.2851603E+00 -0.3453192E+00  0.4478412E+00
 0.9260000E+02 -0.2856840E+00 -0.3443094E+00  0.4473973E+00
 0.9270000E+02 -0.2862048E+00 -0.3432995E+00  0.4469538E+00
 0.9280000E+02 -0.2867226E+00 -0.3422893E+00  0.4465107E+00
 0.9290000E+02 -0.2872375E+00 -0.3412790E+00  0.4460681E+00
 0.9300000E+02 -0.2877495E+00 -0.3402685E+00  0.4456258E+00
 0.9310000E+02 -0.2882585E+00 -0.3392578E+00  0.4451840E+00
 0.9320000E+02 -0.2887645E+00 -0.3382470E+00  0.4447427E+00
 0.9330000E+02 -0.2892677E+00 -0.3372361E+00  0.4443017E+00
 0.9340000E+02 -0.2897679E+00 -0.3362251E+00  0.4438612E+00
 0.9350000E+02 -0.2902653E+00 -0.3352139E+00  0.4434211E+00
 0.9360000E+02 -0.2907597E+00 -0.3342027E+00  0.4429815E+00
 0.9370000E+02 -0.2912512E+00 -0.3331913E+00  0.4425423E+00
 0.9380000E+02 -0.2917398E+00 -0.3321799E+00  0.4421036E+00
 0.9390000E+02 -0.2922255E+00 -0.3311683E+00  0.4416652E+00
 0.9400000E+02 -0.2927083E+00 -0.3301567E+00  0.4412274E+00
 0.9410000E+02 -0.2931882E+00 -0.3291451E+00  0.4407900E+00
 0.9420000E+02 -0.2936652E+00 -0.3281334E+00  0.4403530E+00
 0.9430000E+02 -0.2941393E+00 -0.3271217E+00  0.4399165E+00
 0.9440000E+02 -0.2946106E+00 -0.3261099E+00  0.4394804E+00
 0.9450000E+02 -0.2950789E+00 -0.3250981E+00  0.4390448E+00
 0.9460000E+02 -0.2955444E+00 -0.3240863E+00  0.4386097E+00
 0.9470000E+02 -0.2960071E+00 -0.3230746E+00  0.4381750E+00
 0.9480000E+02 -0.2964668E+00 -0.3220628E+00  0.4377408E+00
 0.9490000E+02 -0.2969238E+00 -0.3210510E+00  0.4373071E+00
 0.9500000E+02 -0.2973778E+00 -0.3200393E+00  0.4368738E+00
 0.9510000E+02 -0.2978290E+00 -0.3190276E+00  0.4364410E+00
 0.9520000E+02 -0.2982774E+00 -0.3180159E+00  0.4360086E+00
 0.9530000E+02 -0.2987229E+00 -0.3170043E+00  0.4355767E+00
 0.9540000E+02 -0.2991656E+00 -0.3159928E+00  0.4351453E+00
 0.9550000E+02 -0.2996054E+00 -0.3149813E+00  0.4347144E+00
 0.9560000E+02 -0.3000425E+00 -0.3139699E+00  0.4342840E+00
 0.9570000E+02 -0.3004767E+00 -0.3129586E+00  0.4338540E+00
 0.9580000E+02 -0.3009081E+00 -0.3119474E+00  0.4334246E+00
 0.9590000E+02 -0.3013366E+00 -0.3109363E+00  0.4329956E+00
 0.9600000E+02 -0.3017624E+00 -0.3099254E+00  0.4325671E+00
 0.9610000E+02 -0.3021854E+00 -0.3089145E+00  0.4321391E+00
 0.9620000E+02 -0.3026055E+00 -0.3079038E+00  0.4317115E+00
 0.9630000E+02 -0.3030229E+00 -0.3068932E+00  0.4312845E+00
 0.9640000E+02 -0.3034375E+00 -0.3058828E+00  0.4308580E+00
 0.9650000E+02 -0.3038493E+00 -0.3048726E+00  0.4304320E+00
 0.9660000E+02 -0.3042583E+00 -0.3038625E+00  0.4300064E+00
 0.9670000E+02 -0.3046646E+00 -0.3028526E+00  0.4295814E+00
 0.9680000E+02 -0.3050680E+00 -0.3018429E+00  0.4291569E+00
 0.9690000E+02 -0.3054688E+00 -0.3008333E+00  0.4287329E+00
 0.9700000E+02 -0.3058667E+00 -0.2998240E+00  0.4283093E+00
 0.9710000E+02 -0.3062619E+00 -0.2988149E+00  0.4278863E+00
 0.9720000E+02 -0.3066544E+00 -0.2978060E+00  0.4274638E+00
 0.9730000E+02 -0.3070441E+00 -0.2967974E+00  0.4270419E+00
 0.9740000E+02 -0.3074311E+00 -0.2957890E+00  0.4266204E+00
 0.9750000E+02 -0.3078153E+00 -0.2947808E+00  0.4261995E+00
 0.9760000E+02 -0.3081968E+00 -0.2937729E+00  0.4257790E+00
 0.9770000E+02 -0.3085756E+00 -0.2927652E+00  0.4253591E+00
 0.9780000E+02 -0.3089517E+00 -0.2917579E+00  0.4249398E+00
 0.9790000E+02 -0.3093251E+00 -0.2907508E+00  0.4245209E+00
 0.9800000E+02 -0.3096958E+00 -0.2897439E+00  0.4241026E+00
 0.9810000E+02 -0.3100637E+00 -0.2887374E+00  0.4236848E+00
 0.9820000E+02 -0.3104290E+00 -0.2877312E+00  0.4232675E+00
 0.9830000E+02 -0.3107916E+00 -0.2867253E+00  0.4228508E+00
 0.9840000E+02 -0.3111515E+00 -0.2857197E+00  0.4224346E+00
 0.9850000E+02 -0.3115087E+00 -0.2847145E+00  0.4220190E+00
 0.9860000E+02 -0.3118633E+00 -0.2837095E+00  0.4216038E+00
 0.9870000E+02 -0.3122152E+00 -0.2827050E+00  0.4211893E+00
 0.9880000E+02 -0.3125644E+00 -0.2817007E+00  0.4207752E+00
 0.9890000E+02 -0.3129109E+00 -0.2806969E+00  0.4203617E+00
 0.9900000E+02 -0.3132549E+00 -0.2796934E+00  0.4199488E+00
 0.9910000E+02 -0.3135961E+00 -0.2786902E+00  0.4195364E+00
 0.9920000E+02 -0.3139348E+00 -0.2776875E+00  0.4191246E+00
 0.9930000E+02 -0.3142708E+00 -0.2766851E+00  0.4187133E+00
 0.9940000E+02 -0.3146042E+00 -0.2756832E+00  0.4183025E+00
 0.9950000E+02 -0.3149349E+00 -0.2746816E+00  0.4178923E+00
 0.9960000E+02 -0.3152631E+00 -0.2736805E+00  0.4174827E+00
 0.9970000E+02 -0.3155886E+00 -0.2726798E+00  0.4170736E+00
 0.9980000E+02 -0.3159115E+00 -0.2716795E+00  0.4166651E+00
 0.9990000E+02 -0.3162319E+00 -0.2706796E+00  0.4162572E+00
 0.1000000E+03 -0.3165496E+00 -0.2696802E+00  0.4158498E+00
