 0.1000000E+00  0.3034904E-07  0.8931206E-02  0.4996124E-02  0.1392736E-01
 0.2000000E+00  0.1207887E-06  0.8931128E-02  0.4996124E-02  0.1392737E-01
 0.3000000E+00  0.2704129E-06  0.8930971E-02  0.4996143E-02  0.1392738E-01
 0.4000000E+00  0.4783221E-06  0.8930737E-02  0.4996180E-02  0.1392740E-01
 0.5000000E+00  0.7436239E-06  0.8930425E-02  0.4996236E-02  0.1392740E-01
 0.6000000E+00  0.1065432E-05  0.8930036E-02  0.4996310E-02  0.1392741E-01
 0.7000000E+00  0.1442868E-05  0.8929571E-02  0.4996403E-02  0.1392742E-01
 0.8000000E+00  0.1875059E-05  0.8929030E-02  0.4996513E-02  0.1392742E-01
 0.9000000E+00  0.2361139E-05  0.8928413E-02  0.4996642E-02  0.1392742E-01
 0.1000000E+01  0.2900249E-05  0.8927720E-02  0.4996789E-02  0.1392741E-01
 0.1100000E+01  0.3491536E-05  0.8926953E-02  0.4996954E-02  0.1392740E-01
 0.1200000E+01  0.4134155E-05  0.8926111E-02  0.4997137E-02  0.1392738E-01
 0.1300000E+01  0.4827266E-05  0.8925195E-02  0.4997337E-02  0.1392736E-01
 0.1400000E+01  0.5570036E-05  0.8924206E-02  0.4997555E-02  0.1392733E-01
 0.1500000E+01  0.6361640E-05  0.8923143E-02  0.4997791E-02  0.1392730E-01
 0.1600000E+01  0.7201258E-05  0.8922007E-02  0.4998044E-02  0.1392725E-01
 0.1700000E+01  0.8088076E-05  0.8920799E-02  0.4998315E-02  0.1392720E-01
 0.1800000E+01  0.9021288E-05  0.8919519E-02  0.4998603E-02  0.1392714E-01
 0.1900000E+01  0.1000010E-04  0.8918167E-02  0.4998909E-02  0.1392708E-01
 0.2000000E+01  0.1102370E-04  0.8916744E-02  0.4999231E-02  0.1392700E-01
 0.2100000E+01  0.1209132E-04  0.8915250E-02  0.4999571E-02  0.1392691E-01
 0.2200000E+01  0.1320218E-04  0.8913686E-02  0.4999927E-02  0.1392682E-01
 0.2300000E+01  0.1435549E-04  0.8912052E-02  0.5000301E-02  0.1392671E-01
 0.2400000E+01  0.1555049E-04  0.8910348E-02  0.5000691E-02  0.1392659E-01
 0.2500000E+01  0.1678642E-04  0.8908575E-02  0.5001098E-02  0.1392646E-01
 0.2600000E+01  0.1806253E-04  0.8906734E-02  0.5001522E-02  0.1392632E-01
 0.2700000E+01  0.1937806E-04  0.8904824E-02  0.5001963E-02  0.1392616E-01
 0.2800000E+01  0.2073227E-04  0.8902846E-02  0.5002420E-02  0.1392600E-01
 0.2900000E+01  0.2212443E-04  0.8900801E-02  0.5002893E-02  0.1392582E-01
 0.3000000E+01  0.2355381E-04  0.8898689E-02  0.5003383E-02  0.1392563E-01
 0.3100000E+01  0.2501968E-04  0.8896511E-02  0.5003889E-02  0.1392542E-01
 0.3200000E+01  0.2652133E-04  0.8894266E-02  0.5004411E-02  0.1392520E-01
 0.3300000E+01  0.2805804E-04  0.8891955E-02  0.5004950E-02  0.1392496E-01
 0.3400000E+01  0.2962912E-04  0.8889580E-02  0.5005504E-02  0.1392471E-01
 0.3500000E+01  0.3123385E-04  0.8887139E-02  0.5006075E-02  0.1392445E-01
 0.3600000E+01  0.3287156E-04  0.8884634E-02  0.5006661E-02  0.1392417E-01
 0.3700000E+01  0.3454154E-04  0.8882065E-02  0.5007263E-02  0.1392387E-01
 0.3800000E+01  0.3624313E-04  0.8879432E-02  0.5007881E-02  0.1392356E-01
 0.3900000E+01  0.3797565E-04  0.8876736E-02  0.5008515E-02  0.1392323E-01
 0.4000000E+01  0.3973843E-04  0.8873977E-02  0.5009164E-02  0.1392288E-01
 0.4100000E+01  0.4153081E-04  0.8871156E-02  0.5009828E-02  0.1392252E-01
 0.4200000E+01  0.4335213E-04  0.8868274E-02  0.5010508E-02  0.1392213E-01
 0.4300000E+01  0.4520175E-04  0.8865329E-02  0.5011204E-02  0.1392173E-01
 0.4400000E+01  0.4707902E-04  0.8862324E-02  0.5011915E-02  0.1392132E-01
 0.4500000E+01  0.4898329E-04  0.8859258E-02  0.5012640E-02  0.1392088E-01
 0.4600000E+01  0.5091395E-04  0.8856132E-02  0.5013382E-02  0.1392043E-01
 0.4700000E+01  0.5287036E-04  0.8852946E-02  0.5014138E-02  0.1391995E-01
 0.4800000E+01  0.5485191E-04  0.8849701E-02  0.5014909E-02  0.1391946E-01
 0.4900000E+01  0.5685798E-04  0.8846397E-02  0.5015695E-02  0.1391895E-01
 0.5000000E+01  0.5888796E-04  0.8843034E-02  0.5016496E-02  0.1391842E-01
 0.5100000E+01  0.6094125E-04  0.8839614E-02  0.5017311E-02  0.1391787E-01
 0.5200000E+01  0.6301726E-04  0.8836136E-02  0.5018141E-02  0.1391729E-01
 0.5300000E+01  0.6511538E-04  0.8832601E-02  0.5018986E-02  0.1391670E-01
 0.5400000E+01  0.6723505E-04  0.8829009E-02  0.5019846E-02  0.1391609E-01
 0.5500000E+01  0.6937568E-04  0.8825360E-02  0.5020720E-02  0.1391546E-01
 0.5600000E+01  0.7153670E-04  0.8821656E-02  0.5021608E-02  0.1391480E-01
 0.5700000E+01  0.7371753E-04  0.8817896E-02  0.5022511E-02  0.1391412E-01
 0.5800000E+01  0.7591763E-04  0.8814082E-02  0.5023428E-02  0.1391343E-01
 0.5900000E+01  0.7813642E-04  0.8810212E-02  0.5024359E-02  0.1391271E-01
 0.6000000E+01  0.8037337E-04  0.8806289E-02  0.5025304E-02  0.1391197E-01
 0.6100000E+01  0.8262793E-04  0.8802312E-02  0.5026263E-02  0.1391120E-01
 0.6200000E+01  0.8489956E-04  0.8798281E-02  0.5027237E-02  0.1391042E-01
 0.6300000E+01  0.8718772E-04  0.8794198E-02  0.5028224E-02  0.1390961E-01
 0.6400000E+01  0.8949189E-04  0.8790062E-02  0.5029225E-02  0.1390878E-01
 0.6500000E+01  0.9181154E-04  0.8785874E-02  0.5030240E-02  0.1390793E-01
 0.6600000E+01  0.9414617E-04  0.8781635E-02  0.5031268E-02  0.1390705E-01
 0.6700000E+01  0.9649525E-04  0.8777344E-02  0.5032310E-02  0.1390615E-01
 0.6800000E+01  0.9885829E-04  0.8773003E-02  0.5033366E-02  0.1390523E-01
 0.6900000E+01  0.1012348E-03  0.8768611E-02  0.5034435E-02  0.1390428E-01
 0.7000000E+01  0.1036242E-03  0.8764169E-02  0.5035518E-02  0.1390331E-01
 0.7100000E+01  0.1060262E-03  0.8759678E-02  0.5036613E-02  0.1390232E-01
 0.7200000E+01  0.1084401E-03  0.8755138E-02  0.5037723E-02  0.1390130E-01
 0.7300000E+01  0.1108655E-03  0.8750549E-02  0.5038845E-02  0.1390026E-01
 0.7400000E+01  0.1133019E-03  0.8745911E-02  0.5039980E-02  0.1389919E-01
 0.7500000E+01  0.1157489E-03  0.8741226E-02  0.5041129E-02  0.1389810E-01
 0.7600000E+01  0.1182061E-03  0.8736494E-02  0.5042291E-02  0.1389699E-01
 0.7700000E+01  0.1206728E-03  0.8731715E-02  0.5043465E-02  0.1389585E-01
 0.7800000E+01  0.1231488E-03  0.8726889E-02  0.5044652E-02  0.1389469E-01
 0.7900000E+01  0.1256335E-03  0.8722017E-02  0.5045852E-02  0.1389350E-01
 0.8000000E+01  0.1281266E-03  0.8717099E-02  0.5047065E-02  0.1389229E-01
 0.8100000E+01  0.1306275E-03  0.8712136E-02  0.5048291E-02  0.1389105E-01
 0.8200000E+01  0.1331358E-03  0.8707128E-02  0.5049529E-02  0.1388979E-01
 0.8300000E+01  0.1356512E-03  0.8702076E-02  0.5050780E-02  0.1388851E-01
 0.8400000E+01  0.1381732E-03  0.8696979E-02  0.5052043E-02  0.1388719E-01
 0.8500000E+01  0.1407013E-03  0.8691839E-02  0.5053318E-02  0.1388586E-01
 0.8600000E+01  0.1432353E-03  0.8686656E-02  0.5054606E-02  0.1388450E-01
 0.8700000E+01  0.1457746E-03  0.8681429E-02  0.5055906E-02  0.1388311E-01
 0.8800000E+01  0.1483188E-03  0.8676161E-02  0.5057218E-02  0.1388170E-01
 0.8900000E+01  0.1508677E-03  0.8670850E-02  0.5058542E-02  0.1388026E-01
 0.9000000E+01  0.1534207E-03  0.8665498E-02  0.5059879E-02  0.1387880E-01
 0.9100000E+01  0.1559776E-03  0.8660105E-02  0.5061227E-02  0.1387731E-01
 0.9200000E+01  0.1585378E-03  0.8654670E-02  0.5062587E-02  0.1387580E-01
 0.9300000E+01  0.1611011E-03  0.8649196E-02  0.5063959E-02  0.1387426E-01
 0.9400000E+01  0.1636671E-03  0.8643681E-02  0.5065343E-02  0.1387269E-01
 0.9500000E+01  0.1662354E-03  0.8638127E-02  0.5066738E-02  0.1387110E-01
 0.9600000E+01  0.1688056E-03  0.8632534E-02  0.5068145E-02  0.1386949E-01
 0.9700000E+01  0.1713775E-03  0.8626902E-02  0.5069564E-02  0.1386784E-01
 0.9800000E+01  0.1739506E-03  0.8621231E-02  0.5070994E-02  0.1386618E-01
 0.9900000E+01  0.1765246E-03  0.8615523E-02  0.5072436E-02  0.1386448E-01
 0.1000000E+02  0.1790991E-03  0.8609777E-02  0.5073889E-02  0.1386277E-01
 0.1010000E+02  0.1816739E-03  0.8603994E-02  0.5075353E-02  0.1386102E-01
 0.1020000E+02  0.1842486E-03  0.8598174E-02  0.5076829E-02  0.1385925E-01
 0.1030000E+02  0.1868228E-03  0.8592318E-02  0.5078315E-02  0.1385746E-01
 0.1040000E+02  0.1893963E-03  0.8586426E-02  0.5079813E-02  0.1385563E-01
 0.1050000E+02  0.1919687E-03  0.8580498E-02  0.5081322E-02  0.1385379E-01
 0.1060000E+02  0.1945398E-03  0.8574535E-02  0.5082842E-02  0.1385192E-01
 0.1070000E+02  0.1971091E-03  0.8568537E-02  0.5084372E-02  0.1385002E-01
 0.1080000E+02  0.1996765E-03  0.8562504E-02  0.5085914E-02  0.1384809E-01
 0.1090000E+02  0.2022415E-03  0.8556438E-02  0.5087466E-02  0.1384615E-01
 0.1100000E+02  0.2048040E-03  0.8550338E-02  0.5089029E-02  0.1384417E-01
 0.1110000E+02  0.2073636E-03  0.8544205E-02  0.5090602E-02  0.1384217E-01
 0.1120000E+02  0.2099200E-03  0.8538039E-02  0.5092186E-02  0.1384014E-01
 0.1130000E+02  0.2124730E-03  0.8531840E-02  0.5093781E-02  0.1383809E-01
 0.1140000E+02  0.2150223E-03  0.8525609E-02  0.5095386E-02  0.1383602E-01
 0.1150000E+02  0.2175676E-03  0.8519347E-02  0.5097001E-02  0.1383391E-01
 0.1160000E+02  0.2201086E-03  0.8513053E-02  0.5098626E-02  0.1383179E-01
 0.1170000E+02  0.2226451E-03  0.8506728E-02  0.5100262E-02  0.1382964E-01
 0.1180000E+02  0.2251768E-03  0.8500372E-02  0.5101908E-02  0.1382746E-01
 0.1190000E+02  0.2277035E-03  0.8493987E-02  0.5103564E-02  0.1382525E-01
 0.1200000E+02  0.2302250E-03  0.8487571E-02  0.5105230E-02  0.1382303E-01
 0.1210000E+02  0.2327408E-03  0.8481126E-02  0.5106906E-02  0.1382077E-01
 0.1220000E+02  0.2352510E-03  0.8474652E-02  0.5108592E-02  0.1381849E-01
 0.1230000E+02  0.2377551E-03  0.8468149E-02  0.5110287E-02  0.1381619E-01
 0.1240000E+02  0.2402530E-03  0.8461618E-02  0.5111992E-02  0.1381386E-01
 0.1250000E+02  0.2427444E-03  0.8455058E-02  0.5113707E-02  0.1381151E-01
 0.1260000E+02  0.2452291E-03  0.8448471E-02  0.5115432E-02  0.1380913E-01
 0.1270000E+02  0.2477069E-03  0.8441857E-02  0.5117166E-02  0.1380673E-01
 0.1280000E+02  0.2501776E-03  0.8435216E-02  0.5118909E-02  0.1380430E-01
 0.1290000E+02  0.2526409E-03  0.8428548E-02  0.5120662E-02  0.1380185E-01
 0.1300000E+02  0.2550967E-03  0.8421854E-02  0.5122425E-02  0.1379938E-01
 0.1310000E+02  0.2575447E-03  0.8415134E-02  0.5124196E-02  0.1379688E-01
 0.1320000E+02  0.2599848E-03  0.8408389E-02  0.5125977E-02  0.1379435E-01
 0.1330000E+02  0.2624167E-03  0.8401619E-02  0.5127766E-02  0.1379180E-01
 0.1340000E+02  0.2648402E-03  0.8394823E-02  0.5129565E-02  0.1378923E-01
 0.1350000E+02  0.2672553E-03  0.8388004E-02  0.5131373E-02  0.1378663E-01
 0.1360000E+02  0.2696616E-03  0.8381160E-02  0.5133190E-02  0.1378401E-01
 0.1370000E+02  0.2720590E-03  0.8374293E-02  0.5135015E-02  0.1378137E-01
 0.1380000E+02  0.2744474E-03  0.8367402E-02  0.5136850E-02  0.1377870E-01
 0.1390000E+02  0.2768265E-03  0.8360488E-02  0.5138693E-02  0.1377601E-01
 0.1400000E+02  0.2791962E-03  0.8353551E-02  0.5140544E-02  0.1377329E-01
 0.1410000E+02  0.2815563E-03  0.8346592E-02  0.5142404E-02  0.1377055E-01
 0.1420000E+02  0.2839067E-03  0.8339611E-02  0.5144273E-02  0.1376779E-01
 0.1430000E+02  0.2862471E-03  0.8332609E-02  0.5146150E-02  0.1376501E-01
 0.1440000E+02  0.2885775E-03  0.8325585E-02  0.5148036E-02  0.1376220E-01
 0.1450000E+02  0.2908977E-03  0.8318540E-02  0.5149929E-02  0.1375937E-01
 0.1460000E+02  0.2932076E-03  0.8311474E-02  0.5151831E-02  0.1375651E-01
 0.1470000E+02  0.2955069E-03  0.8304388E-02  0.5153742E-02  0.1375364E-01
 0.1480000E+02  0.2977956E-03  0.8297282E-02  0.5155660E-02  0.1375074E-01
 0.1490000E+02  0.3000735E-03  0.8290157E-02  0.5157586E-02  0.1374782E-01
 0.1500000E+02  0.3023406E-03  0.8283012E-02  0.5159520E-02  0.1374487E-01
 0.1510000E+02  0.3045965E-03  0.8275848E-02  0.5161462E-02  0.1374191E-01
 0.1520000E+02  0.3068413E-03  0.8268665E-02  0.5163412E-02  0.1373892E-01
 0.1530000E+02  0.3090749E-03  0.8261464E-02  0.5165369E-02  0.1373591E-01
 0.1540000E+02  0.3112970E-03  0.8254245E-02  0.5167335E-02  0.1373288E-01
 0.1550000E+02  0.3135076E-03  0.8247008E-02  0.5169307E-02  0.1372982E-01
 0.1560000E+02  0.3157066E-03  0.8239754E-02  0.5171288E-02  0.1372675E-01
 0.1570000E+02  0.3178938E-03  0.8232483E-02  0.5173275E-02  0.1372365E-01
 0.1580000E+02  0.3200692E-03  0.8225195E-02  0.5175270E-02  0.1372053E-01
 0.1590000E+02  0.3222326E-03  0.8217890E-02  0.5177273E-02  0.1371740E-01
 0.1600000E+02  0.3243839E-03  0.8210570E-02  0.5179282E-02  0.1371424E-01
 0.1610000E+02  0.3265232E-03  0.8203233E-02  0.5181299E-02  0.1371106E-01
 0.1620000E+02  0.3286501E-03  0.8195881E-02  0.5183323E-02  0.1370785E-01
 0.1630000E+02  0.3307648E-03  0.8188514E-02  0.5185354E-02  0.1370463E-01
 0.1640000E+02  0.3328670E-03  0.8181132E-02  0.5187392E-02  0.1370139E-01
 0.1650000E+02  0.3349567E-03  0.8173735E-02  0.5189437E-02  0.1369813E-01
 0.1660000E+02  0.3370339E-03  0.8166324E-02  0.5191488E-02  0.1369485E-01
 0.1670000E+02  0.3390983E-03  0.8158899E-02  0.5193546E-02  0.1369154E-01
 0.1680000E+02  0.3411501E-03  0.8151460E-02  0.5195611E-02  0.1368822E-01
 0.1690000E+02  0.3431890E-03  0.8144008E-02  0.5197683E-02  0.1368488E-01
 0.1700000E+02  0.3452150E-03  0.8136543E-02  0.5199761E-02  0.1368152E-01
 0.1710000E+02  0.3472281E-03  0.8129065E-02  0.5201845E-02  0.1367814E-01
 0.1720000E+02  0.3492282E-03  0.8121574E-02  0.5203936E-02  0.1367474E-01
 0.1730000E+02  0.3512152E-03  0.8114071E-02  0.5206034E-02  0.1367132E-01
 0.1740000E+02  0.3531891E-03  0.8106556E-02  0.5208137E-02  0.1366788E-01
 0.1750000E+02  0.3551499E-03  0.8099030E-02  0.5210247E-02  0.1366443E-01
 0.1760000E+02  0.3570974E-03  0.8091492E-02  0.5212362E-02  0.1366095E-01
 0.1770000E+02  0.3590316E-03  0.8083943E-02  0.5214484E-02  0.1365746E-01
 0.1780000E+02  0.3609524E-03  0.8076383E-02  0.5216612E-02  0.1365395E-01
 0.1790000E+02  0.3628599E-03  0.8068813E-02  0.5218745E-02  0.1365042E-01
 0.1800000E+02  0.3647540E-03  0.8061232E-02  0.5220885E-02  0.1364687E-01
 0.1810000E+02  0.3666346E-03  0.8053642E-02  0.5223030E-02  0.1364331E-01
 0.1820000E+02  0.3685018E-03  0.8046041E-02  0.5225180E-02  0.1363972E-01
 0.1830000E+02  0.3703554E-03  0.8038432E-02  0.5227337E-02  0.1363612E-01
 0.1840000E+02  0.3721955E-03  0.8030813E-02  0.5229498E-02  0.1363251E-01
 0.1850000E+02  0.3740219E-03  0.8023185E-02  0.5231666E-02  0.1362887E-01
 0.1860000E+02  0.3758348E-03  0.8015549E-02  0.5233838E-02  0.1362522E-01
 0.1870000E+02  0.3776340E-03  0.8007904E-02  0.5236016E-02  0.1362155E-01
 0.1880000E+02  0.3794196E-03  0.8000252E-02  0.5238200E-02  0.1361787E-01
 0.1890000E+02  0.3811915E-03  0.7992591E-02  0.5240388E-02  0.1361417E-01
 0.1900000E+02  0.3829497E-03  0.7984923E-02  0.5242581E-02  0.1361045E-01
 0.1910000E+02  0.3846942E-03  0.7977248E-02  0.5244780E-02  0.1360672E-01
 0.1920000E+02  0.3864250E-03  0.7969565E-02  0.5246983E-02  0.1360297E-01
 0.1930000E+02  0.3881420E-03  0.7961876E-02  0.5249191E-02  0.1359921E-01
 0.1940000E+02  0.3898453E-03  0.7954180E-02  0.5251404E-02  0.1359543E-01
 0.1950000E+02  0.3915349E-03  0.7946478E-02  0.5253622E-02  0.1359163E-01
 0.1960000E+02  0.3932107E-03  0.7938770E-02  0.5255844E-02  0.1358783E-01
 0.1970000E+02  0.3948728E-03  0.7931056E-02  0.5258071E-02  0.1358400E-01
 0.1980000E+02  0.3965211E-03  0.7923337E-02  0.5260302E-02  0.1358016E-01
 0.1990000E+02  0.3981557E-03  0.7915613E-02  0.5262538E-02  0.1357631E-01
 0.2000000E+02  0.3997765E-03  0.7907883E-02  0.5264778E-02  0.1357244E-01
 0.2010000E+02  0.4013836E-03  0.7900149E-02  0.5267023E-02  0.1356855E-01
 0.2020000E+02  0.4029769E-03  0.7892410E-02  0.5269271E-02  0.1356466E-01
 0.2030000E+02  0.4045566E-03  0.7884667E-02  0.5271524E-02  0.1356075E-01
 0.2040000E+02  0.4061225E-03  0.7876919E-02  0.5273780E-02  0.1355682E-01
 0.2050000E+02  0.4076747E-03  0.7869168E-02  0.5276041E-02  0.1355288E-01
 0.2060000E+02  0.4092133E-03  0.7861413E-02  0.5278306E-02  0.1354893E-01
 0.2070000E+02  0.4107382E-03  0.7853655E-02  0.5280574E-02  0.1354497E-01
 0.2080000E+02  0.4122494E-03  0.7845894E-02  0.5282846E-02  0.1354099E-01
 0.2090000E+02  0.4137471E-03  0.7838130E-02  0.5285122E-02  0.1353700E-01
 0.2100000E+02  0.4152311E-03  0.7830363E-02  0.5287401E-02  0.1353300E-01
 0.2110000E+02  0.4167016E-03  0.7822594E-02  0.5289684E-02  0.1352898E-01
 0.2120000E+02  0.4181585E-03  0.7814823E-02  0.5291970E-02  0.1352495E-01
 0.2130000E+02  0.4196019E-03  0.7807050E-02  0.5294260E-02  0.1352091E-01
 0.2140000E+02  0.4210317E-03  0.7799274E-02  0.5296553E-02  0.1351686E-01
 0.2150000E+02  0.4224482E-03  0.7791498E-02  0.5298849E-02  0.1351280E-01
 0.2160000E+02  0.4238512E-03  0.7783720E-02  0.5301149E-02  0.1350872E-01
 0.2170000E+02  0.4252408E-03  0.7775941E-02  0.5303451E-02  0.1350463E-01
 0.2180000E+02  0.4266170E-03  0.7768161E-02  0.5305756E-02  0.1350053E-01
 0.2190000E+02  0.4279799E-03  0.7760380E-02  0.5308064E-02  0.1349642E-01
 0.2200000E+02  0.4293296E-03  0.7752599E-02  0.5310375E-02  0.1349230E-01
 0.2210000E+02  0.4306659E-03  0.7744817E-02  0.5312689E-02  0.1348817E-01
 0.2220000E+02  0.4319891E-03  0.7737036E-02  0.5315006E-02  0.1348403E-01
 0.2230000E+02  0.4332991E-03  0.7729255E-02  0.5317325E-02  0.1347988E-01
 0.2240000E+02  0.4345959E-03  0.7721474E-02  0.5319646E-02  0.1347572E-01
 0.2250000E+02  0.4358797E-03  0.7713693E-02  0.5321970E-02  0.1347154E-01
 0.2260000E+02  0.4371504E-03  0.7705914E-02  0.5324297E-02  0.1346736E-01
 0.2270000E+02  0.4384082E-03  0.7698135E-02  0.5326625E-02  0.1346317E-01
 0.2280000E+02  0.4396530E-03  0.7690358E-02  0.5328956E-02  0.1345897E-01
 0.2290000E+02  0.4408849E-03  0.7682581E-02  0.5331289E-02  0.1345476E-01
 0.2300000E+02  0.4421039E-03  0.7674807E-02  0.5333624E-02  0.1345053E-01
 0.2310000E+02  0.4433102E-03  0.7667034E-02  0.5335961E-02  0.1344631E-01
 0.2320000E+02  0.4445037E-03  0.7659263E-02  0.5338300E-02  0.1344207E-01
 0.2330000E+02  0.4456844E-03  0.7651495E-02  0.5340641E-02  0.1343782E-01
 0.2340000E+02  0.4468526E-03  0.7643728E-02  0.5342983E-02  0.1343356E-01
 0.2350000E+02  0.4480082E-03  0.7635965E-02  0.5345327E-02  0.1342930E-01
 0.2360000E+02  0.4491512E-03  0.7628204E-02  0.5347673E-02  0.1342503E-01
 0.2370000E+02  0.4502817E-03  0.7620445E-02  0.5350020E-02  0.1342075E-01
 0.2380000E+02  0.4513999E-03  0.7612690E-02  0.5352368E-02  0.1341646E-01
 0.2390000E+02  0.4525056E-03  0.7604938E-02  0.5354718E-02  0.1341216E-01
 0.2400000E+02  0.4535991E-03  0.7597190E-02  0.5357069E-02  0.1340786E-01
 0.2410000E+02  0.4546803E-03  0.7589445E-02  0.5359421E-02  0.1340355E-01
 0.2420000E+02  0.4557493E-03  0.7581704E-02  0.5361775E-02  0.1339923E-01
 0.2430000E+02  0.4568061E-03  0.7573967E-02  0.5364129E-02  0.1339490E-01
 0.2440000E+02  0.4578509E-03  0.7566234E-02  0.5366484E-02  0.1339057E-01
 0.2450000E+02  0.4588837E-03  0.7558506E-02  0.5368840E-02  0.1338623E-01
 0.2460000E+02  0.4599046E-03  0.7550782E-02  0.5371197E-02  0.1338188E-01
 0.2470000E+02  0.4609135E-03  0.7543062E-02  0.5373555E-02  0.1337753E-01
 0.2480000E+02  0.4619106E-03  0.7535348E-02  0.5375913E-02  0.1337317E-01
 0.2490000E+02  0.4628960E-03  0.7527638E-02  0.5378272E-02  0.1336881E-01
 0.2500000E+02  0.4638697E-03  0.7519934E-02  0.5380631E-02  0.1336443E-01
 0.2510000E+02  0.4648317E-03  0.7512235E-02  0.5382990E-02  0.1336006E-01
 0.2520000E+02  0.4657822E-03  0.7504541E-02  0.5385350E-02  0.1335567E-01
 0.2530000E+02  0.4667211E-03  0.7496854E-02  0.5387710E-02  0.1335128E-01
 0.2540000E+02  0.4676487E-03  0.7489171E-02  0.5390070E-02  0.1334689E-01
 0.2550000E+02  0.4685648E-03  0.7481495E-02  0.5392430E-02  0.1334249E-01
 0.2560000E+02  0.4694697E-03  0.7473825E-02  0.5394790E-02  0.1333808E-01
 0.2570000E+02  0.4703633E-03  0.7466162E-02  0.5397150E-02  0.1333367E-01
 0.2580000E+02  0.4712457E-03  0.7458504E-02  0.5399509E-02  0.1332926E-01
 0.2590000E+02  0.4721170E-03  0.7450854E-02  0.5401868E-02  0.1332484E-01
 0.2600000E+02  0.4729773E-03  0.7443210E-02  0.5404227E-02  0.1332041E-01
 0.2610000E+02  0.4738265E-03  0.7435573E-02  0.5406586E-02  0.1331599E-01
 0.2620000E+02  0.4746649E-03  0.7427943E-02  0.5408943E-02  0.1331155E-01
 0.2630000E+02  0.4754925E-03  0.7420320E-02  0.5411301E-02  0.1330711E-01
 0.2640000E+02  0.4763092E-03  0.7412704E-02  0.5413657E-02  0.1330267E-01
 0.2650000E+02  0.4771153E-03  0.7405096E-02  0.5416013E-02  0.1329822E-01
 0.2660000E+02  0.4779107E-03  0.7397496E-02  0.5418367E-02  0.1329377E-01
 0.2670000E+02  0.4786955E-03  0.7389903E-02  0.5420721E-02  0.1328932E-01
 0.2680000E+02  0.4794699E-03  0.7382319E-02  0.5423073E-02  0.1328486E-01
 0.2690000E+02  0.4802338E-03  0.7374742E-02  0.5425425E-02  0.1328040E-01
 0.2700000E+02  0.4809873E-03  0.7367173E-02  0.5427775E-02  0.1327594E-01
 0.2710000E+02  0.4817305E-03  0.7359613E-02  0.5430124E-02  0.1327147E-01
 0.2720000E+02  0.4824635E-03  0.7352061E-02  0.5432471E-02  0.1326700E-01
 0.2730000E+02  0.4831863E-03  0.7344518E-02  0.5434817E-02  0.1326252E-01
 0.2740000E+02  0.4838990E-03  0.7336983E-02  0.5437161E-02  0.1325804E-01
 0.2750000E+02  0.4846017E-03  0.7329458E-02  0.5439504E-02  0.1325356E-01
 0.2760000E+02  0.4852944E-03  0.7321941E-02  0.5441845E-02  0.1324908E-01
 0.2770000E+02  0.4859772E-03  0.7314433E-02  0.5444183E-02  0.1324459E-01
 0.2780000E+02  0.4866502E-03  0.7306935E-02  0.5446520E-02  0.1324011E-01
 0.2790000E+02  0.4873133E-03  0.7299446E-02  0.5448855E-02  0.1323561E-01
 0.2800000E+02  0.4879668E-03  0.7291966E-02  0.5451188E-02  0.1323112E-01
 0.2810000E+02  0.4886107E-03  0.7284496E-02  0.5453519E-02  0.1322663E-01
 0.2820000E+02  0.4892449E-03  0.7277036E-02  0.5455847E-02  0.1322213E-01
 0.2830000E+02  0.4898697E-03  0.7269585E-02  0.5458173E-02  0.1321763E-01
 0.2840000E+02  0.4904850E-03  0.7262145E-02  0.5460496E-02  0.1321313E-01
 0.2850000E+02  0.4910910E-03  0.7254714E-02  0.5462817E-02  0.1320862E-01
 0.2860000E+02  0.4916876E-03  0.7247294E-02  0.5465135E-02  0.1320412E-01
 0.2870000E+02  0.4922749E-03  0.7239884E-02  0.5467450E-02  0.1319961E-01
 0.2880000E+02  0.4928531E-03  0.7232484E-02  0.5469763E-02  0.1319510E-01
 0.2890000E+02  0.4934221E-03  0.7225095E-02  0.5472072E-02  0.1319059E-01
 0.2900000E+02  0.4939821E-03  0.7217716E-02  0.5474379E-02  0.1318608E-01
 0.2910000E+02  0.4945331E-03  0.7210348E-02  0.5476682E-02  0.1318156E-01
 0.2920000E+02  0.4950751E-03  0.7202991E-02  0.5478983E-02  0.1317705E-01
 0.2930000E+02  0.4956083E-03  0.7195645E-02  0.5481280E-02  0.1317253E-01
 0.2940000E+02  0.4961326E-03  0.7188310E-02  0.5483573E-02  0.1316802E-01
 0.2950000E+02  0.4966482E-03  0.7180986E-02  0.5485863E-02  0.1316350E-01
 0.2960000E+02  0.4971551E-03  0.7173674E-02  0.5488150E-02  0.1315898E-01
 0.2970000E+02  0.4976533E-03  0.7166372E-02  0.5490433E-02  0.1315446E-01
 0.2980000E+02  0.4981430E-03  0.7159083E-02  0.5492712E-02  0.1314994E-01
 0.2990000E+02  0.4986241E-03  0.7151804E-02  0.5494987E-02  0.1314542E-01
 0.3000000E+02  0.4990968E-03  0.7144538E-02  0.5497258E-02  0.1314089E-01
 0.3010000E+02  0.4995610E-03  0.7137283E-02  0.5499526E-02  0.1313637E-01
 0.3020000E+02  0.5000170E-03  0.7130040E-02  0.5501789E-02  0.1313185E-01
 0.3030000E+02  0.5004646E-03  0.7122809E-02  0.5504048E-02  0.1312732E-01
 0.3040000E+02  0.5009040E-03  0.7115590E-02  0.5506303E-02  0.1312280E-01
 0.3050000E+02  0.5013351E-03  0.7108383E-02  0.5508553E-02  0.1311827E-01
 0.3060000E+02  0.5017582E-03  0.7101188E-02  0.5510799E-02  0.1311375E-01
 0.3070000E+02  0.5021732E-03  0.7094005E-02  0.5513040E-02  0.1310922E-01
 0.3080000E+02  0.5025802E-03  0.7086835E-02  0.5515277E-02  0.1310469E-01
 0.3090000E+02  0.5029792E-03  0.7079678E-02  0.5517509E-02  0.1310017E-01
 0.3100000E+02  0.5033702E-03  0.7072533E-02  0.5519736E-02  0.1309564E-01
 0.3110000E+02  0.5037535E-03  0.7065400E-02  0.5521958E-02  0.1309111E-01
 0.3120000E+02  0.5041289E-03  0.7058281E-02  0.5524175E-02  0.1308658E-01
 0.3130000E+02  0.5044965E-03  0.7051174E-02  0.5526387E-02  0.1308206E-01
 0.3140000E+02  0.5048564E-03  0.7044080E-02  0.5528594E-02  0.1307753E-01
 0.3150000E+02  0.5052087E-03  0.7036999E-02  0.5530795E-02  0.1307300E-01
 0.3160000E+02  0.5055533E-03  0.7029931E-02  0.5532992E-02  0.1306848E-01
 0.3170000E+02  0.5058904E-03  0.7022876E-02  0.5535182E-02  0.1306395E-01
 0.3180000E+02  0.5062199E-03  0.7015835E-02  0.5537367E-02  0.1305942E-01
 0.3190000E+02  0.5065420E-03  0.7008806E-02  0.5539547E-02  0.1305489E-01
 0.3200000E+02  0.5068566E-03  0.7001791E-02  0.5541720E-02  0.1305037E-01
 0.3210000E+02  0.5071638E-03  0.6994790E-02  0.5543888E-02  0.1304584E-01
 0.3220000E+02  0.5074637E-03  0.6987802E-02  0.5546050E-02  0.1304132E-01
 0.3230000E+02  0.5077564E-03  0.6980827E-02  0.5548206E-02  0.1303679E-01
 0.3240000E+02  0.5080417E-03  0.6973866E-02  0.5550356E-02  0.1303226E-01
 0.3250000E+02  0.5083198E-03  0.6966919E-02  0.5552499E-02  0.1302774E-01
 0.3260000E+02  0.5085908E-03  0.6959986E-02  0.5554637E-02  0.1302321E-01
 0.3270000E+02  0.5088547E-03  0.6953066E-02  0.5556767E-02  0.1301869E-01
 0.3280000E+02  0.5091114E-03  0.6946161E-02  0.5558892E-02  0.1301416E-01
 0.3290000E+02  0.5093611E-03  0.6939269E-02  0.5561010E-02  0.1300964E-01
 0.3300000E+02  0.5096038E-03  0.6932392E-02  0.5563121E-02  0.1300512E-01
 0.3310000E+02  0.5098396E-03  0.6925528E-02  0.5565226E-02  0.1300059E-01
 0.3320000E+02  0.5100683E-03  0.6918679E-02  0.5567323E-02  0.1299607E-01
 0.3330000E+02  0.5102902E-03  0.6911844E-02  0.5569414E-02  0.1299155E-01
 0.3340000E+02  0.5105053E-03  0.6905023E-02  0.5571498E-02  0.1298703E-01
 0.3350000E+02  0.5107135E-03  0.6898216E-02  0.5573574E-02  0.1298250E-01
 0.3360000E+02  0.5109149E-03  0.6891424E-02  0.5575644E-02  0.1297798E-01
 0.3370000E+02  0.5111096E-03  0.6884647E-02  0.5577706E-02  0.1297346E-01
 0.3380000E+02  0.5112976E-03  0.6877883E-02  0.5579761E-02  0.1296894E-01
 0.3390000E+02  0.5114788E-03  0.6871135E-02  0.5581809E-02  0.1296442E-01
 0.3400000E+02  0.5116535E-03  0.6864401E-02  0.5583849E-02  0.1295990E-01
 0.3410000E+02  0.5118215E-03  0.6857682E-02  0.5585881E-02  0.1295538E-01
 0.3420000E+02  0.5119829E-03  0.6850977E-02  0.5587906E-02  0.1295087E-01
 0.3430000E+02  0.5121377E-03  0.6844287E-02  0.5589923E-02  0.1294635E-01
 0.3440000E+02  0.5122861E-03  0.6837612E-02  0.5591932E-02  0.1294183E-01
 0.3450000E+02  0.5124279E-03  0.6830952E-02  0.5593933E-02  0.1293731E-01
 0.3460000E+02  0.5125632E-03  0.6824307E-02  0.5595926E-02  0.1293280E-01
 0.3470000E+02  0.5126922E-03  0.6817677E-02  0.5597911E-02  0.1292828E-01
 0.3480000E+02  0.5128147E-03  0.6811062E-02  0.5599888E-02  0.1292376E-01
 0.3490000E+02  0.5129308E-03  0.6804462E-02  0.5601856E-02  0.1291925E-01
 0.3500000E+02  0.5130406E-03  0.6797877E-02  0.5603816E-02  0.1291473E-01
 0.3510000E+02  0.5131440E-03  0.6791307E-02  0.5605768E-02  0.1291022E-01
 0.3520000E+02  0.5132411E-03  0.6784752E-02  0.5607711E-02  0.1290570E-01
 0.3530000E+02  0.5133320E-03  0.6778213E-02  0.5609646E-02  0.1290119E-01
 0.3540000E+02  0.5134165E-03  0.6771688E-02  0.5611572E-02  0.1289668E-01
 0.3550000E+02  0.5134949E-03  0.6765180E-02  0.5613489E-02  0.1289216E-01
 0.3560000E+02  0.5135670E-03  0.6758686E-02  0.5615398E-02  0.1288765E-01
 0.3570000E+02  0.5136330E-03  0.6752208E-02  0.5617297E-02  0.1288314E-01
 0.3580000E+02  0.5136928E-03  0.6745745E-02  0.5619188E-02  0.1287863E-01
 0.3590000E+02  0.5137464E-03  0.6739298E-02  0.5621069E-02  0.1287411E-01
 0.3600000E+02  0.5137940E-03  0.6732866E-02  0.5622941E-02  0.1286960E-01
 0.3610000E+02  0.5138354E-03  0.6726450E-02  0.5624805E-02  0.1286509E-01
 0.3620000E+02  0.5138708E-03  0.6720049E-02  0.5626658E-02  0.1286058E-01
 0.3630000E+02  0.5139000E-03  0.6713664E-02  0.5628503E-02  0.1285607E-01
 0.3640000E+02  0.5139233E-03  0.6707295E-02  0.5630338E-02  0.1285156E-01
 0.3650000E+02  0.5139405E-03  0.6700941E-02  0.5632163E-02  0.1284704E-01
 0.3660000E+02  0.5139518E-03  0.6694603E-02  0.5633979E-02  0.1284253E-01
 0.3670000E+02  0.5139570E-03  0.6688280E-02  0.5635786E-02  0.1283802E-01
 0.3680000E+02  0.5139563E-03  0.6681974E-02  0.5637582E-02  0.1283351E-01
 0.3690000E+02  0.5139496E-03  0.6675683E-02  0.5639369E-02  0.1282900E-01
 0.3700000E+02  0.5139370E-03  0.6669408E-02  0.5641146E-02  0.1282449E-01
 0.3710000E+02  0.5139185E-03  0.6663148E-02  0.5642913E-02  0.1281998E-01
 0.3720000E+02  0.5138941E-03  0.6656905E-02  0.5644671E-02  0.1281547E-01
 0.3730000E+02  0.5138638E-03  0.6650677E-02  0.5646418E-02  0.1281096E-01
 0.3740000E+02  0.5138276E-03  0.6644466E-02  0.5648155E-02  0.1280645E-01
 0.3750000E+02  0.5137856E-03  0.6638270E-02  0.5649881E-02  0.1280194E-01
 0.3760000E+02  0.5137377E-03  0.6632090E-02  0.5651598E-02  0.1279743E-01
 0.3770000E+02  0.5136841E-03  0.6625926E-02  0.5653304E-02  0.1279291E-01
 0.3780000E+02  0.5136246E-03  0.6619778E-02  0.5655000E-02  0.1278840E-01
 0.3790000E+02  0.5135593E-03  0.6613646E-02  0.5656685E-02  0.1278389E-01
 0.3800000E+02  0.5134882E-03  0.6607530E-02  0.5658360E-02  0.1277938E-01
 0.3810000E+02  0.5134114E-03  0.6601431E-02  0.5660025E-02  0.1277487E-01
 0.3820000E+02  0.5133288E-03  0.6595347E-02  0.5661679E-02  0.1277035E-01
 0.3830000E+02  0.5132404E-03  0.6589279E-02  0.5663322E-02  0.1276584E-01
 0.3840000E+02  0.5131464E-03  0.6583228E-02  0.5664954E-02  0.1276133E-01
 0.3850000E+02  0.5130466E-03  0.6577192E-02  0.5666576E-02  0.1275681E-01
 0.3860000E+02  0.5129411E-03  0.6571173E-02  0.5668187E-02  0.1275230E-01
 0.3870000E+02  0.5128299E-03  0.6565169E-02  0.5669787E-02  0.1274779E-01
 0.3880000E+02  0.5127130E-03  0.6559182E-02  0.5671376E-02  0.1274327E-01
 0.3890000E+02  0.5125905E-03  0.6553211E-02  0.5672954E-02  0.1273876E-01
 0.3900000E+02  0.5124623E-03  0.6547256E-02  0.5674521E-02  0.1273424E-01
 0.3910000E+02  0.5123284E-03  0.6541318E-02  0.5676077E-02  0.1272972E-01
 0.3920000E+02  0.5121889E-03  0.6535395E-02  0.5677622E-02  0.1272521E-01
 0.3930000E+02  0.5120438E-03  0.6529489E-02  0.5679156E-02  0.1272069E-01
 0.3940000E+02  0.5118931E-03  0.6523599E-02  0.5680678E-02  0.1271617E-01
 0.3950000E+02  0.5117367E-03  0.6517725E-02  0.5682190E-02  0.1271165E-01
 0.3960000E+02  0.5115748E-03  0.6511868E-02  0.5683690E-02  0.1270713E-01
 0.3970000E+02  0.5114072E-03  0.6506026E-02  0.5685178E-02  0.1270261E-01
 0.3980000E+02  0.5112341E-03  0.6500201E-02  0.5686656E-02  0.1269809E-01
 0.3990000E+02  0.5110555E-03  0.6494392E-02  0.5688122E-02  0.1269357E-01
 0.4000000E+02  0.5108712E-03  0.6488600E-02  0.5689576E-02  0.1268905E-01
 0.4010000E+02  0.5106814E-03  0.6482823E-02  0.5691019E-02  0.1268452E-01
 0.4020000E+02  0.5104861E-03  0.6477063E-02  0.5692450E-02  0.1268000E-01
 0.4030000E+02  0.5102853E-03  0.6471319E-02  0.5693870E-02  0.1267547E-01
 0.4040000E+02  0.5100789E-03  0.6465591E-02  0.5695278E-02  0.1267095E-01
 0.4050000E+02  0.5098671E-03  0.6459880E-02  0.5696675E-02  0.1266642E-01
 0.4060000E+02  0.5096497E-03  0.6454185E-02  0.5698060E-02  0.1266189E-01
 0.4070000E+02  0.5094268E-03  0.6448506E-02  0.5699433E-02  0.1265737E-01
 0.4080000E+02  0.5091985E-03  0.6442843E-02  0.5700795E-02  0.1265284E-01
 0.4090000E+02  0.5089647E-03  0.6437197E-02  0.5702144E-02  0.1264831E-01
 0.4100000E+02  0.5087254E-03  0.6431567E-02  0.5703482E-02  0.1264377E-01
 0.4110000E+02  0.5084807E-03  0.6425953E-02  0.5704808E-02  0.1263924E-01
 0.4120000E+02  0.5082306E-03  0.6420355E-02  0.5706123E-02  0.1263471E-01
 0.4130000E+02  0.5079750E-03  0.6414774E-02  0.5707425E-02  0.1263017E-01
 0.4140000E+02  0.5077140E-03  0.6409209E-02  0.5708716E-02  0.1262564E-01
 0.4150000E+02  0.5074476E-03  0.6403660E-02  0.5709995E-02  0.1262110E-01
 0.4160000E+02  0.5071757E-03  0.6398127E-02  0.5711262E-02  0.1261656E-01
 0.4170000E+02  0.5068985E-03  0.6392611E-02  0.5712517E-02  0.1261203E-01
 0.4180000E+02  0.5066160E-03  0.6387110E-02  0.5713760E-02  0.1260749E-01
 0.4190000E+02  0.5063280E-03  0.6381626E-02  0.5714991E-02  0.1260294E-01
 0.4200000E+02  0.5060347E-03  0.6376158E-02  0.5716210E-02  0.1259840E-01
 0.4210000E+02  0.5057361E-03  0.6370707E-02  0.5717417E-02  0.1259386E-01
 0.4220000E+02  0.5054321E-03  0.6365271E-02  0.5718612E-02  0.1258932E-01
 0.4230000E+02  0.5051228E-03  0.6359852E-02  0.5719795E-02  0.1258477E-01
 0.4240000E+02  0.5048081E-03  0.6354449E-02  0.5720966E-02  0.1258022E-01
 0.4250000E+02  0.5044882E-03  0.6349062E-02  0.5722125E-02  0.1257567E-01
 0.4260000E+02  0.5041630E-03  0.6343691E-02  0.5723272E-02  0.1257113E-01
 0.4270000E+02  0.5038325E-03  0.6338336E-02  0.5724407E-02  0.1256658E-01
 0.4280000E+02  0.5034967E-03  0.6332998E-02  0.5725530E-02  0.1256202E-01
 0.4290000E+02  0.5031557E-03  0.6327676E-02  0.5726640E-02  0.1255747E-01
 0.4300000E+02  0.5028095E-03  0.6322369E-02  0.5727739E-02  0.1255292E-01
 0.4310000E+02  0.5024580E-03  0.6317079E-02  0.5728826E-02  0.1254836E-01
 0.4320000E+02  0.5021013E-03  0.6311805E-02  0.5729901E-02  0.1254381E-01
 0.4330000E+02  0.5017394E-03  0.6306547E-02  0.5730963E-02  0.1253925E-01
 0.4340000E+02  0.5013723E-03  0.6301305E-02  0.5732014E-02  0.1253469E-01
 0.4350000E+02  0.5010000E-03  0.6296079E-02  0.5733052E-02  0.1253013E-01
 0.4360000E+02  0.5006225E-03  0.6290868E-02  0.5734079E-02  0.1252557E-01
 0.4370000E+02  0.5002399E-03  0.6285674E-02  0.5735093E-02  0.1252101E-01
 0.4380000E+02  0.4998522E-03  0.6280496E-02  0.5736096E-02  0.1251644E-01
 0.4390000E+02  0.4994594E-03  0.6275334E-02  0.5737086E-02  0.1251188E-01
 0.4400000E+02  0.4990614E-03  0.6270188E-02  0.5738065E-02  0.1250731E-01
 0.4410000E+02  0.4986584E-03  0.6265058E-02  0.5739031E-02  0.1250275E-01
 0.4420000E+02  0.4982502E-03  0.6259944E-02  0.5739986E-02  0.1249818E-01
 0.4430000E+02  0.4978371E-03  0.6254845E-02  0.5740928E-02  0.1249361E-01
 0.4440000E+02  0.4974188E-03  0.6249763E-02  0.5741859E-02  0.1248904E-01
 0.4450000E+02  0.4969956E-03  0.6244696E-02  0.5742778E-02  0.1248447E-01
 0.4460000E+02  0.4965673E-03  0.6239645E-02  0.5743684E-02  0.1247990E-01
 0.4470000E+02  0.4961340E-03  0.6234610E-02  0.5744579E-02  0.1247532E-01
 0.4480000E+02  0.4956958E-03  0.6229591E-02  0.5745462E-02  0.1247075E-01
 0.4490000E+02  0.4952526E-03  0.6224587E-02  0.5746333E-02  0.1246617E-01
 0.4500000E+02  0.4948045E-03  0.6219599E-02  0.5747193E-02  0.1246160E-01
 0.4510000E+02  0.4943514E-03  0.6214627E-02  0.5748040E-02  0.1245702E-01
 0.4520000E+02  0.4938934E-03  0.6209671E-02  0.5748876E-02  0.1245244E-01
 0.4530000E+02  0.4934306E-03  0.6204730E-02  0.5749700E-02  0.1244786E-01
 0.4540000E+02  0.4929628E-03  0.6199805E-02  0.5750512E-02  0.1244328E-01
 0.4550000E+02  0.4924902E-03  0.6194896E-02  0.5751313E-02  0.1243870E-01
 0.4560000E+02  0.4920128E-03  0.6190002E-02  0.5752102E-02  0.1243412E-01
 0.4570000E+02  0.4915306E-03  0.6185124E-02  0.5752879E-02  0.1242953E-01
 0.4580000E+02  0.4910436E-03  0.6180261E-02  0.5753645E-02  0.1242495E-01
 0.4590000E+02  0.4905518E-03  0.6175414E-02  0.5754399E-02  0.1242036E-01
 0.4600000E+02  0.4900553E-03  0.6170582E-02  0.5755141E-02  0.1241578E-01
 0.4610000E+02  0.4895541E-03  0.6165766E-02  0.5755872E-02  0.1241119E-01
 0.4620000E+02  0.4890481E-03  0.6160966E-02  0.5756592E-02  0.1240661E-01
 0.4630000E+02  0.4885375E-03  0.6156180E-02  0.5757300E-02  0.1240202E-01
 0.4640000E+02  0.4880222E-03  0.6151410E-02  0.5757996E-02  0.1239743E-01
 0.4650000E+02  0.4875022E-03  0.6146656E-02  0.5758682E-02  0.1239284E-01
 0.4660000E+02  0.4869777E-03  0.6141917E-02  0.5759356E-02  0.1238825E-01
 0.4670000E+02  0.4864485E-03  0.6137193E-02  0.5760019E-02  0.1238366E-01
 0.4680000E+02  0.4859148E-03  0.6132484E-02  0.5760670E-02  0.1237907E-01
 0.4690000E+02  0.4853766E-03  0.6127791E-02  0.5761310E-02  0.1237448E-01
 0.4700000E+02  0.4848338E-03  0.6123113E-02  0.5761940E-02  0.1236989E-01
 0.4710000E+02  0.4842865E-03  0.6118450E-02  0.5762558E-02  0.1236529E-01
 0.4720000E+02  0.4837348E-03  0.6113802E-02  0.5763165E-02  0.1236070E-01
 0.4730000E+02  0.4831786E-03  0.6109170E-02  0.5763761E-02  0.1235611E-01
 0.4740000E+02  0.4826180E-03  0.6104552E-02  0.5764346E-02  0.1235152E-01
 0.4750000E+02  0.4820530E-03  0.6099950E-02  0.5764920E-02  0.1234692E-01
 0.4760000E+02  0.4814837E-03  0.6095363E-02  0.5765483E-02  0.1234233E-01
 0.4770000E+02  0.4809100E-03  0.6090790E-02  0.5766035E-02  0.1233774E-01
 0.4780000E+02  0.4803320E-03  0.6086233E-02  0.5766577E-02  0.1233314E-01
 0.4790000E+02  0.4797497E-03  0.6081691E-02  0.5767108E-02  0.1232855E-01
 0.4800000E+02  0.4791632E-03  0.6077163E-02  0.5767628E-02  0.1232395E-01
 0.4810000E+02  0.4785724E-03  0.6072651E-02  0.5768138E-02  0.1231936E-01
 0.4820000E+02  0.4779775E-03  0.6068153E-02  0.5768637E-02  0.1231477E-01
 0.4830000E+02  0.4773783E-03  0.6063670E-02  0.5769126E-02  0.1231017E-01
 0.4840000E+02  0.4767751E-03  0.6059202E-02  0.5769604E-02  0.1230558E-01
 0.4850000E+02  0.4761677E-03  0.6054749E-02  0.5770072E-02  0.1230099E-01
 0.4860000E+02  0.4755562E-03  0.6050310E-02  0.5770529E-02  0.1229640E-01
 0.4870000E+02  0.4749407E-03  0.6045886E-02  0.5770976E-02  0.1229180E-01
 0.4880000E+02  0.4743212E-03  0.6041477E-02  0.5771413E-02  0.1228721E-01
 0.4890000E+02  0.4736977E-03  0.6037082E-02  0.5771840E-02  0.1228262E-01
 0.4900000E+02  0.4730702E-03  0.6032702E-02  0.5772257E-02  0.1227803E-01
 0.4910000E+02  0.4724388E-03  0.6028337E-02  0.5772663E-02  0.1227344E-01
 0.4920000E+02  0.4718035E-03  0.6023986E-02  0.5773060E-02  0.1226885E-01
 0.4930000E+02  0.4711644E-03  0.6019649E-02  0.5773447E-02  0.1226426E-01
 0.4940000E+02  0.4705214E-03  0.6015327E-02  0.5773824E-02  0.1225967E-01
 0.4950000E+02  0.4698746E-03  0.6011020E-02  0.5774191E-02  0.1225509E-01
 0.4960000E+02  0.4692240E-03  0.6006726E-02  0.5774548E-02  0.1225050E-01
 0.4970000E+02  0.4685698E-03  0.6002447E-02  0.5774896E-02  0.1224591E-01
 0.4980000E+02  0.4679118E-03  0.5998183E-02  0.5775234E-02  0.1224133E-01
 0.4990000E+02  0.4672502E-03  0.5993932E-02  0.5775563E-02  0.1223675E-01
 0.5000000E+02  0.4665849E-03  0.5989696E-02  0.5775882E-02  0.1223216E-01
 0.5010000E+02  0.4659160E-03  0.5985474E-02  0.5776192E-02  0.1222758E-01
 0.5020000E+02  0.4652436E-03  0.5981267E-02  0.5776493E-02  0.1222300E-01
 0.5030000E+02  0.4645677E-03  0.5977073E-02  0.5776784E-02  0.1221842E-01
 0.5040000E+02  0.4638882E-03  0.5972894E-02  0.5777066E-02  0.1221385E-01
 0.5050000E+02  0.4632054E-03  0.5968728E-02  0.5777339E-02  0.1220927E-01
 0.5060000E+02  0.4625191E-03  0.5964577E-02  0.5777603E-02  0.1220470E-01
 0.5070000E+02  0.4618294E-03  0.5960439E-02  0.5777857E-02  0.1220013E-01
 0.5080000E+02  0.4611363E-03  0.5956316E-02  0.5778103E-02  0.1219556E-01
 0.5090000E+02  0.4604400E-03  0.5952206E-02  0.5778341E-02  0.1219099E-01
 0.5100000E+02  0.4597404E-03  0.5948110E-02  0.5778569E-02  0.1218642E-01
 0.5110000E+02  0.4590375E-03  0.5944028E-02  0.5778788E-02  0.1218185E-01
 0.5120000E+02  0.4583315E-03  0.5939960E-02  0.5778999E-02  0.1217729E-01
 0.5130000E+02  0.4576223E-03  0.5935906E-02  0.5779202E-02  0.1217273E-01
 0.5140000E+02  0.4569099E-03  0.5931865E-02  0.5779396E-02  0.1216817E-01
 0.5150000E+02  0.4561945E-03  0.5927838E-02  0.5779581E-02  0.1216361E-01
 0.5160000E+02  0.4554760E-03  0.5923824E-02  0.5779759E-02  0.1215906E-01
 0.5170000E+02  0.4547545E-03  0.5919825E-02  0.5779927E-02  0.1215451E-01
 0.5180000E+02  0.4540301E-03  0.5915838E-02  0.5780088E-02  0.1214996E-01
 0.5190000E+02  0.4533027E-03  0.5911866E-02  0.5780241E-02  0.1214541E-01
 0.5200000E+02  0.4525724E-03  0.5907906E-02  0.5780385E-02  0.1214086E-01
 0.5210000E+02  0.4518393E-03  0.5903960E-02  0.5780522E-02  0.1213632E-01
 0.5220000E+02  0.4511033E-03  0.5900028E-02  0.5780650E-02  0.1213178E-01
 0.5230000E+02  0.4503646E-03  0.5896109E-02  0.5780771E-02  0.1212724E-01
 0.5240000E+02  0.4496231E-03  0.5892203E-02  0.5780884E-02  0.1212271E-01
 0.5250000E+02  0.4488789E-03  0.5888311E-02  0.5780990E-02  0.1211818E-01
 0.5260000E+02  0.4481321E-03  0.5884431E-02  0.5781087E-02  0.1211365E-01
 0.5270000E+02  0.4473827E-03  0.5880565E-02  0.5781178E-02  0.1210913E-01
 0.5280000E+02  0.4466306E-03  0.5876712E-02  0.5781260E-02  0.1210460E-01
 0.5290000E+02  0.4458761E-03  0.5872873E-02  0.5781336E-02  0.1210008E-01
 0.5300000E+02  0.4451190E-03  0.5869046E-02  0.5781404E-02  0.1209557E-01
 0.5310000E+02  0.4443595E-03  0.5865232E-02  0.5781465E-02  0.1209106E-01
 0.5320000E+02  0.4435975E-03  0.5861432E-02  0.5781518E-02  0.1208655E-01
 0.5330000E+02  0.4428332E-03  0.5857644E-02  0.5781565E-02  0.1208204E-01
 0.5340000E+02  0.4420665E-03  0.5853869E-02  0.5781604E-02  0.1207754E-01
 0.5350000E+02  0.4412976E-03  0.5850107E-02  0.5781637E-02  0.1207304E-01
 0.5360000E+02  0.4405264E-03  0.5846358E-02  0.5781663E-02  0.1206855E-01
 0.5370000E+02  0.4397529E-03  0.5842622E-02  0.5781682E-02  0.1206406E-01
 0.5380000E+02  0.4389773E-03  0.5838898E-02  0.5781694E-02  0.1205957E-01
 0.5390000E+02  0.4381996E-03  0.5835188E-02  0.5781700E-02  0.1205509E-01
 0.5400000E+02  0.4374197E-03  0.5831489E-02  0.5781699E-02  0.1205061E-01
 0.5410000E+02  0.4366378E-03  0.5827804E-02  0.5781691E-02  0.1204613E-01
 0.5420000E+02  0.4358539E-03  0.5824131E-02  0.5781677E-02  0.1204166E-01
 0.5430000E+02  0.4350681E-03  0.5820471E-02  0.5781657E-02  0.1203720E-01
 0.5440000E+02  0.4342803E-03  0.5816823E-02  0.5781631E-02  0.1203273E-01
 0.5450000E+02  0.4334906E-03  0.5813188E-02  0.5781598E-02  0.1202828E-01
 0.5460000E+02  0.4326990E-03  0.5809565E-02  0.5781559E-02  0.1202382E-01
 0.5470000E+02  0.4319057E-03  0.5805954E-02  0.5781514E-02  0.1201937E-01
 0.5480000E+02  0.4311106E-03  0.5802356E-02  0.5781463E-02  0.1201493E-01
 0.5490000E+02  0.4303137E-03  0.5798770E-02  0.5781406E-02  0.1201049E-01
 0.5500000E+02  0.4295152E-03  0.5795197E-02  0.5781344E-02  0.1200606E-01
 0.5510000E+02  0.4287151E-03  0.5791635E-02  0.5781275E-02  0.1200163E-01
 0.5520000E+02  0.4279133E-03  0.5788086E-02  0.5781201E-02  0.1199720E-01
 0.5530000E+02  0.4271100E-03  0.5784549E-02  0.5781122E-02  0.1199278E-01
 0.5540000E+02  0.4263052E-03  0.5781024E-02  0.5781037E-02  0.1198837E-01
 0.5550000E+02  0.4254988E-03  0.5777512E-02  0.5780946E-02  0.1198396E-01
 0.5560000E+02  0.4246911E-03  0.5774011E-02  0.5780850E-02  0.1197955E-01
 0.5570000E+02  0.4238819E-03  0.5770522E-02  0.5780748E-02  0.1197515E-01
 0.5580000E+02  0.4230714E-03  0.5767045E-02  0.5780642E-02  0.1197076E-01
 0.5590000E+02  0.4222596E-03  0.5763580E-02  0.5780530E-02  0.1196637E-01
 0.5600000E+02  0.4214465E-03  0.5760127E-02  0.5780413E-02  0.1196199E-01
 0.5610000E+02  0.4206322E-03  0.5756686E-02  0.5780291E-02  0.1195761E-01
 0.5620000E+02  0.4198167E-03  0.5753257E-02  0.5780163E-02  0.1195324E-01
 0.5630000E+02  0.4190000E-03  0.5749839E-02  0.5780032E-02  0.1194887E-01
 0.5640000E+02  0.4181823E-03  0.5746433E-02  0.5779895E-02  0.1194451E-01
 0.5650000E+02  0.4173634E-03  0.5743039E-02  0.5779753E-02  0.1194016E-01
 0.5660000E+02  0.4165435E-03  0.5739656E-02  0.5779607E-02  0.1193581E-01
 0.5670000E+02  0.4157226E-03  0.5736285E-02  0.5779456E-02  0.1193146E-01
 0.5680000E+02  0.4149008E-03  0.5732925E-02  0.5779300E-02  0.1192713E-01
 0.5690000E+02  0.4140781E-03  0.5729577E-02  0.5779140E-02  0.1192280E-01
 0.5700000E+02  0.4132545E-03  0.5726241E-02  0.5778976E-02  0.1191847E-01
 0.5710000E+02  0.4124301E-03  0.5722916E-02  0.5778807E-02  0.1191415E-01
 0.5720000E+02  0.4116048E-03  0.5719602E-02  0.5778634E-02  0.1190984E-01
 0.5730000E+02  0.4107788E-03  0.5716299E-02  0.5778456E-02  0.1190553E-01
 0.5740000E+02  0.4099521E-03  0.5713008E-02  0.5778275E-02  0.1190124E-01
 0.5750000E+02  0.4091248E-03  0.5709729E-02  0.5778089E-02  0.1189694E-01
 0.5760000E+02  0.4082968E-03  0.5706460E-02  0.5777899E-02  0.1189266E-01
 0.5770000E+02  0.4074682E-03  0.5703203E-02  0.5777705E-02  0.1188838E-01
 0.5780000E+02  0.4066390E-03  0.5699956E-02  0.5777507E-02  0.1188410E-01
 0.5790000E+02  0.4058093E-03  0.5696721E-02  0.5777306E-02  0.1187984E-01
 0.5800000E+02  0.4049792E-03  0.5693497E-02  0.5777100E-02  0.1187558E-01
 0.5810000E+02  0.4041485E-03  0.5690284E-02  0.5776891E-02  0.1187132E-01
 0.5820000E+02  0.4033175E-03  0.5687082E-02  0.5776678E-02  0.1186708E-01
 0.5830000E+02  0.4024862E-03  0.5683891E-02  0.5776461E-02  0.1186284E-01
 0.5840000E+02  0.4016544E-03  0.5680711E-02  0.5776241E-02  0.1185861E-01
 0.5850000E+02  0.4008224E-03  0.5677542E-02  0.5776018E-02  0.1185438E-01
 0.5860000E+02  0.3999902E-03  0.5674383E-02  0.5775791E-02  0.1185016E-01
 0.5870000E+02  0.3991577E-03  0.5671236E-02  0.5775560E-02  0.1184595E-01
 0.5880000E+02  0.3983250E-03  0.5668099E-02  0.5775326E-02  0.1184175E-01
 0.5890000E+02  0.3974922E-03  0.5664973E-02  0.5775089E-02  0.1183755E-01
 0.5900000E+02  0.3966593E-03  0.5661857E-02  0.5774849E-02  0.1183336E-01
 0.5910000E+02  0.3958263E-03  0.5658752E-02  0.5774605E-02  0.1182918E-01
 0.5920000E+02  0.3949933E-03  0.5655658E-02  0.5774358E-02  0.1182501E-01
 0.5930000E+02  0.3941602E-03  0.5652574E-02  0.5774109E-02  0.1182084E-01
 0.5940000E+02  0.3933272E-03  0.5649501E-02  0.5773856E-02  0.1181668E-01
 0.5950000E+02  0.3924943E-03  0.5646439E-02  0.5773600E-02  0.1181253E-01
 0.5960000E+02  0.3916615E-03  0.5643387E-02  0.5773341E-02  0.1180839E-01
 0.5970000E+02  0.3908288E-03  0.5640345E-02  0.5773080E-02  0.1180425E-01
 0.5980000E+02  0.3899963E-03  0.5637314E-02  0.5772815E-02  0.1180013E-01
 0.5990000E+02  0.3891640E-03  0.5634293E-02  0.5772548E-02  0.1179600E-01
 0.6000000E+02  0.3883319E-03  0.5631282E-02  0.5772278E-02  0.1179189E-01
 0.6010000E+02  0.3875001E-03  0.5628281E-02  0.5772006E-02  0.1178779E-01
 0.6020000E+02  0.3866686E-03  0.5625291E-02  0.5771730E-02  0.1178369E-01
 0.6030000E+02  0.3858375E-03  0.5622311E-02  0.5771453E-02  0.1177960E-01
 0.6040000E+02  0.3850067E-03  0.5619341E-02  0.5771172E-02  0.1177552E-01
 0.6050000E+02  0.3841764E-03  0.5616382E-02  0.5770890E-02  0.1177145E-01
 0.6060000E+02  0.3833465E-03  0.5613432E-02  0.5770604E-02  0.1176738E-01
 0.6070000E+02  0.3825170E-03  0.5610493E-02  0.5770317E-02  0.1176333E-01
 0.6080000E+02  0.3816881E-03  0.5607563E-02  0.5770027E-02  0.1175928E-01
 0.6090000E+02  0.3808597E-03  0.5604643E-02  0.5769735E-02  0.1175524E-01
 0.6100000E+02  0.3800318E-03  0.5601734E-02  0.5769440E-02  0.1175121E-01
 0.6110000E+02  0.3792046E-03  0.5598834E-02  0.5769143E-02  0.1174718E-01
 0.6120000E+02  0.3783780E-03  0.5595944E-02  0.5768844E-02  0.1174317E-01
 0.6130000E+02  0.3775520E-03  0.5593064E-02  0.5768543E-02  0.1173916E-01
 0.6140000E+02  0.3767268E-03  0.5590194E-02  0.5768240E-02  0.1173516E-01
 0.6150000E+02  0.3759022E-03  0.5587334E-02  0.5767935E-02  0.1173117E-01
 0.6160000E+02  0.3750785E-03  0.5584483E-02  0.5767628E-02  0.1172719E-01
 0.6170000E+02  0.3742554E-03  0.5581642E-02  0.5767319E-02  0.1172322E-01
 0.6180000E+02  0.3734332E-03  0.5578811E-02  0.5767007E-02  0.1171925E-01
 0.6190000E+02  0.3726119E-03  0.5575989E-02  0.5766694E-02  0.1171529E-01
 0.6200000E+02  0.3717914E-03  0.5573177E-02  0.5766379E-02  0.1171135E-01
 0.6210000E+02  0.3709718E-03  0.5570374E-02  0.5766062E-02  0.1170741E-01
 0.6220000E+02  0.3701531E-03  0.5567581E-02  0.5765744E-02  0.1170348E-01
 0.6230000E+02  0.3693354E-03  0.5564797E-02  0.5765423E-02  0.1169956E-01
 0.6240000E+02  0.3685186E-03  0.5562023E-02  0.5765101E-02  0.1169564E-01
 0.6250000E+02  0.3677029E-03  0.5559259E-02  0.5764777E-02  0.1169174E-01
 0.6260000E+02  0.3668882E-03  0.5556503E-02  0.5764452E-02  0.1168784E-01
 0.6270000E+02  0.3660745E-03  0.5553757E-02  0.5764125E-02  0.1168396E-01
 0.6280000E+02  0.3652619E-03  0.5551021E-02  0.5763796E-02  0.1168008E-01
 0.6290000E+02  0.3644505E-03  0.5548293E-02  0.5763466E-02  0.1167621E-01
 0.6300000E+02  0.3636401E-03  0.5545575E-02  0.5763134E-02  0.1167235E-01
 0.6310000E+02  0.3628310E-03  0.5542866E-02  0.5762800E-02  0.1166850E-01
 0.6320000E+02  0.3620230E-03  0.5540166E-02  0.5762465E-02  0.1166465E-01
 0.6330000E+02  0.3612162E-03  0.5537476E-02  0.5762129E-02  0.1166082E-01
 0.6340000E+02  0.3604107E-03  0.5534794E-02  0.5761791E-02  0.1165700E-01
 0.6350000E+02  0.3596064E-03  0.5532122E-02  0.5761452E-02  0.1165318E-01
 0.6360000E+02  0.3588034E-03  0.5529459E-02  0.5761111E-02  0.1164937E-01
 0.6370000E+02  0.3580018E-03  0.5526804E-02  0.5760769E-02  0.1164558E-01
 0.6380000E+02  0.3572014E-03  0.5524159E-02  0.5760425E-02  0.1164179E-01
 0.6390000E+02  0.3564024E-03  0.5521523E-02  0.5760081E-02  0.1163801E-01
 0.6400000E+02  0.3556048E-03  0.5518895E-02  0.5759735E-02  0.1163423E-01
 0.6410000E+02  0.3548085E-03  0.5516277E-02  0.5759387E-02  0.1163047E-01
 0.6420000E+02  0.3540137E-03  0.5513667E-02  0.5759039E-02  0.1162672E-01
 0.6430000E+02  0.3532204E-03  0.5511066E-02  0.5758689E-02  0.1162298E-01
 0.6440000E+02  0.3524285E-03  0.5508474E-02  0.5758338E-02  0.1161924E-01
 0.6450000E+02  0.3516381E-03  0.5505891E-02  0.5757985E-02  0.1161551E-01
 0.6460000E+02  0.3508491E-03  0.5503317E-02  0.5757632E-02  0.1161180E-01
 0.6470000E+02  0.3500618E-03  0.5500751E-02  0.5757277E-02  0.1160809E-01
 0.6480000E+02  0.3492759E-03  0.5498194E-02  0.5756922E-02  0.1160439E-01
 0.6490000E+02  0.3484916E-03  0.5495645E-02  0.5756565E-02  0.1160070E-01
 0.6500000E+02  0.3477089E-03  0.5493105E-02  0.5756207E-02  0.1159702E-01
 0.6510000E+02  0.3469279E-03  0.5490574E-02  0.5755847E-02  0.1159335E-01
 0.6520000E+02  0.3461484E-03  0.5488051E-02  0.5755487E-02  0.1158969E-01
 0.6530000E+02  0.3453706E-03  0.5485537E-02  0.5755126E-02  0.1158603E-01
 0.6540000E+02  0.3445944E-03  0.5483031E-02  0.5754764E-02  0.1158239E-01
 0.6550000E+02  0.3438199E-03  0.5480534E-02  0.5754400E-02  0.1157875E-01
 0.6560000E+02  0.3430471E-03  0.5478045E-02  0.5754036E-02  0.1157513E-01
 0.6570000E+02  0.3422760E-03  0.5475565E-02  0.5753670E-02  0.1157151E-01
 0.6580000E+02  0.3415067E-03  0.5473093E-02  0.5753304E-02  0.1156790E-01
 0.6590000E+02  0.3407391E-03  0.5470629E-02  0.5752936E-02  0.1156430E-01
 0.6600000E+02  0.3399733E-03  0.5468174E-02  0.5752568E-02  0.1156071E-01
 0.6610000E+02  0.3392092E-03  0.5465727E-02  0.5752198E-02  0.1155713E-01
 0.6620000E+02  0.3384469E-03  0.5463288E-02  0.5751828E-02  0.1155356E-01
 0.6630000E+02  0.3376865E-03  0.5460858E-02  0.5751456E-02  0.1155000E-01
 0.6640000E+02  0.3369279E-03  0.5458435E-02  0.5751084E-02  0.1154645E-01
 0.6650000E+02  0.3361711E-03  0.5456021E-02  0.5750711E-02  0.1154290E-01
 0.6660000E+02  0.3354162E-03  0.5453615E-02  0.5750336E-02  0.1153937E-01
 0.6670000E+02  0.3346631E-03  0.5451217E-02  0.5749961E-02  0.1153584E-01
 0.6680000E+02  0.3339119E-03  0.5448828E-02  0.5749585E-02  0.1153232E-01
 0.6690000E+02  0.3331627E-03  0.5446446E-02  0.5749208E-02  0.1152882E-01
 0.6700000E+02  0.3324153E-03  0.5444072E-02  0.5748829E-02  0.1152532E-01
 0.6710000E+02  0.3316699E-03  0.5441707E-02  0.5748450E-02  0.1152183E-01
 0.6720000E+02  0.3309264E-03  0.5439349E-02  0.5748071E-02  0.1151835E-01
 0.6730000E+02  0.3301848E-03  0.5436999E-02  0.5747690E-02  0.1151487E-01
 0.6740000E+02  0.3294453E-03  0.5434658E-02  0.5747308E-02  0.1151141E-01
 0.6750000E+02  0.3287077E-03  0.5432324E-02  0.5746925E-02  0.1150796E-01
 0.6760000E+02  0.3279721E-03  0.5429998E-02  0.5746542E-02  0.1150451E-01
 0.6770000E+02  0.3272385E-03  0.5427680E-02  0.5746157E-02  0.1150108E-01
 0.6780000E+02  0.3265069E-03  0.5425370E-02  0.5745772E-02  0.1149765E-01
 0.6790000E+02  0.3257773E-03  0.5423067E-02  0.5745385E-02  0.1149423E-01
 0.6800000E+02  0.3250497E-03  0.5420772E-02  0.5744998E-02  0.1149082E-01
 0.6810000E+02  0.3243242E-03  0.5418486E-02  0.5744610E-02  0.1148742E-01
 0.6820000E+02  0.3236008E-03  0.5416206E-02  0.5744220E-02  0.1148403E-01
 0.6830000E+02  0.3228794E-03  0.5413935E-02  0.5743830E-02  0.1148064E-01
 0.6840000E+02  0.3221601E-03  0.5411671E-02  0.5743439E-02  0.1147727E-01
 0.6850000E+02  0.3214429E-03  0.5409415E-02  0.5743047E-02  0.1147391E-01
 0.6860000E+02  0.3207278E-03  0.5407167E-02  0.5742654E-02  0.1147055E-01
 0.6870000E+02  0.3200148E-03  0.5404926E-02  0.5742261E-02  0.1146720E-01
 0.6880000E+02  0.3193039E-03  0.5402692E-02  0.5741866E-02  0.1146386E-01
 0.6890000E+02  0.3185951E-03  0.5400467E-02  0.5741470E-02  0.1146053E-01
 0.6900000E+02  0.3178884E-03  0.5398249E-02  0.5741073E-02  0.1145721E-01
 0.6910000E+02  0.3171839E-03  0.5396038E-02  0.5740676E-02  0.1145390E-01
 0.6920000E+02  0.3164815E-03  0.5393835E-02  0.5740277E-02  0.1145059E-01
 0.6930000E+02  0.3157813E-03  0.5391639E-02  0.5739877E-02  0.1144730E-01
 0.6940000E+02  0.3150832E-03  0.5389451E-02  0.5739477E-02  0.1144401E-01
 0.6950000E+02  0.3143873E-03  0.5387270E-02  0.5739075E-02  0.1144073E-01
 0.6960000E+02  0.3136936E-03  0.5385096E-02  0.5738672E-02  0.1143746E-01
 0.6970000E+02  0.3130021E-03  0.5382930E-02  0.5738269E-02  0.1143420E-01
 0.6980000E+02  0.3123127E-03  0.5380771E-02  0.5737864E-02  0.1143095E-01
 0.6990000E+02  0.3116255E-03  0.5378620E-02  0.5737458E-02  0.1142770E-01
 0.7000000E+02  0.3109406E-03  0.5376476E-02  0.5737051E-02  0.1142447E-01
 0.7010000E+02  0.3102578E-03  0.5374339E-02  0.5736644E-02  0.1142124E-01
 0.7020000E+02  0.3095772E-03  0.5372209E-02  0.5736235E-02  0.1141802E-01
 0.7030000E+02  0.3088989E-03  0.5370087E-02  0.5735825E-02  0.1141481E-01
 0.7040000E+02  0.3082228E-03  0.5367972E-02  0.5735414E-02  0.1141161E-01
 0.7050000E+02  0.3075489E-03  0.5365864E-02  0.5735002E-02  0.1140841E-01
 0.7060000E+02  0.3068772E-03  0.5363763E-02  0.5734588E-02  0.1140523E-01
 0.7070000E+02  0.3062078E-03  0.5361670E-02  0.5734174E-02  0.1140205E-01
 0.7080000E+02  0.3055406E-03  0.5359583E-02  0.5733759E-02  0.1139888E-01
 0.7090000E+02  0.3048756E-03  0.5357504E-02  0.5733342E-02  0.1139572E-01
 0.7100000E+02  0.3042129E-03  0.5355431E-02  0.5732924E-02  0.1139257E-01
 0.7110000E+02  0.3035524E-03  0.5353366E-02  0.5732505E-02  0.1138942E-01
 0.7120000E+02  0.3028942E-03  0.5351308E-02  0.5732085E-02  0.1138629E-01
 0.7130000E+02  0.3022383E-03  0.5349257E-02  0.5731664E-02  0.1138316E-01
 0.7140000E+02  0.3015846E-03  0.5347213E-02  0.5731241E-02  0.1138004E-01
 0.7150000E+02  0.3009331E-03  0.5345176E-02  0.5730818E-02  0.1137693E-01
 0.7160000E+02  0.3002840E-03  0.5343145E-02  0.5730393E-02  0.1137382E-01
 0.7170000E+02  0.2996371E-03  0.5341122E-02  0.5729966E-02  0.1137073E-01
 0.7180000E+02  0.2989924E-03  0.5339106E-02  0.5729539E-02  0.1136764E-01
 0.7190000E+02  0.2983501E-03  0.5337096E-02  0.5729110E-02  0.1136456E-01
 0.7200000E+02  0.2977100E-03  0.5335094E-02  0.5728680E-02  0.1136148E-01
 0.7210000E+02  0.2970722E-03  0.5333098E-02  0.5728248E-02  0.1135842E-01
 0.7220000E+02  0.2964366E-03  0.5331109E-02  0.5727816E-02  0.1135536E-01
 0.7230000E+02  0.2958033E-03  0.5329127E-02  0.5727382E-02  0.1135231E-01
 0.7240000E+02  0.2951724E-03  0.5327152E-02  0.5726946E-02  0.1134927E-01
 0.7250000E+02  0.2945436E-03  0.5325183E-02  0.5726509E-02  0.1134624E-01
 0.7260000E+02  0.2939172E-03  0.5323221E-02  0.5726071E-02  0.1134321E-01
 0.7270000E+02  0.2932931E-03  0.5321266E-02  0.5725632E-02  0.1134019E-01
 0.7280000E+02  0.2926712E-03  0.5319318E-02  0.5725190E-02  0.1133718E-01
 0.7290000E+02  0.2920516E-03  0.5317377E-02  0.5724748E-02  0.1133418E-01
 0.7300000E+02  0.2914343E-03  0.5315442E-02  0.5724304E-02  0.1133118E-01
 0.7310000E+02  0.2908193E-03  0.5313514E-02  0.5723859E-02  0.1132819E-01
 0.7320000E+02  0.2902065E-03  0.5311592E-02  0.5723412E-02  0.1132521E-01
 0.7330000E+02  0.2895960E-03  0.5309677E-02  0.5722963E-02  0.1132224E-01
 0.7340000E+02  0.2889878E-03  0.5307769E-02  0.5722513E-02  0.1131927E-01
 0.7350000E+02  0.2883819E-03  0.5305867E-02  0.5722062E-02  0.1131631E-01
 0.7360000E+02  0.2877783E-03  0.5303972E-02  0.5721609E-02  0.1131336E-01
 0.7370000E+02  0.2871769E-03  0.5302084E-02  0.5721154E-02  0.1131041E-01
 0.7380000E+02  0.2865779E-03  0.5300202E-02  0.5720698E-02  0.1130748E-01
 0.7390000E+02  0.2859811E-03  0.5298326E-02  0.5720240E-02  0.1130455E-01
 0.7400000E+02  0.2853865E-03  0.5296457E-02  0.5719781E-02  0.1130162E-01
 0.7410000E+02  0.2847943E-03  0.5294595E-02  0.5719319E-02  0.1129871E-01
 0.7420000E+02  0.2842043E-03  0.5292739E-02  0.5718857E-02  0.1129580E-01
 0.7430000E+02  0.2836166E-03  0.5290889E-02  0.5718392E-02  0.1129290E-01
 0.7440000E+02  0.2830311E-03  0.5289046E-02  0.5717926E-02  0.1129000E-01
 0.7450000E+02  0.2824479E-03  0.5287210E-02  0.5717458E-02  0.1128712E-01
 0.7460000E+02  0.2818670E-03  0.5285380E-02  0.5716989E-02  0.1128424E-01
 0.7470000E+02  0.2812883E-03  0.5283556E-02  0.5716517E-02  0.1128136E-01
 0.7480000E+02  0.2807119E-03  0.5281738E-02  0.5716044E-02  0.1127849E-01
 0.7490000E+02  0.2801378E-03  0.5279927E-02  0.5715569E-02  0.1127563E-01
 0.7500000E+02  0.2795659E-03  0.5278122E-02  0.5715092E-02  0.1127278E-01
 0.7510000E+02  0.2789962E-03  0.5276324E-02  0.5714614E-02  0.1126993E-01
 0.7520000E+02  0.2784288E-03  0.5274532E-02  0.5714133E-02  0.1126709E-01
 0.7530000E+02  0.2778637E-03  0.5272746E-02  0.5713651E-02  0.1126426E-01
 0.7540000E+02  0.2773007E-03  0.5270966E-02  0.5713167E-02  0.1126143E-01
 0.7550000E+02  0.2767401E-03  0.5269193E-02  0.5712681E-02  0.1125861E-01
 0.7560000E+02  0.2761816E-03  0.5267426E-02  0.5712193E-02  0.1125580E-01
 0.7570000E+02  0.2756254E-03  0.5265665E-02  0.5711703E-02  0.1125299E-01
 0.7580000E+02  0.2750714E-03  0.5263911E-02  0.5711211E-02  0.1125019E-01
 0.7590000E+02  0.2745196E-03  0.5262162E-02  0.5710717E-02  0.1124740E-01
 0.7600000E+02  0.2739701E-03  0.5260420E-02  0.5710221E-02  0.1124461E-01
 0.7610000E+02  0.2734228E-03  0.5258684E-02  0.5709724E-02  0.1124183E-01
 0.7620000E+02  0.2728777E-03  0.5256954E-02  0.5709224E-02  0.1123906E-01
 0.7630000E+02  0.2723348E-03  0.5255230E-02  0.5708722E-02  0.1123629E-01
 0.7640000E+02  0.2717941E-03  0.5253513E-02  0.5708218E-02  0.1123352E-01
 0.7650000E+02  0.2712556E-03  0.5251801E-02  0.5707712E-02  0.1123077E-01
 0.7660000E+02  0.2707192E-03  0.5250096E-02  0.5707204E-02  0.1122802E-01
 0.7670000E+02  0.2701851E-03  0.5248396E-02  0.5706694E-02  0.1122528E-01
 0.7680000E+02  0.2696532E-03  0.5246703E-02  0.5706182E-02  0.1122254E-01
 0.7690000E+02  0.2691235E-03  0.5245016E-02  0.5705667E-02  0.1121981E-01
 0.7700000E+02  0.2685959E-03  0.5243335E-02  0.5705151E-02  0.1121708E-01
 0.7710000E+02  0.2680705E-03  0.5241659E-02  0.5704632E-02  0.1121436E-01
 0.7720000E+02  0.2675473E-03  0.5239990E-02  0.5704111E-02  0.1121165E-01
 0.7730000E+02  0.2670262E-03  0.5238327E-02  0.5703588E-02  0.1120894E-01
 0.7740000E+02  0.2665073E-03  0.5236670E-02  0.5703063E-02  0.1120624E-01
 0.7750000E+02  0.2659906E-03  0.5235019E-02  0.5702535E-02  0.1120354E-01
 0.7760000E+02  0.2654760E-03  0.5233373E-02  0.5702005E-02  0.1120085E-01
 0.7770000E+02  0.2649635E-03  0.5231734E-02  0.5701473E-02  0.1119817E-01
 0.7780000E+02  0.2644532E-03  0.5230100E-02  0.5700939E-02  0.1119549E-01
 0.7790000E+02  0.2639450E-03  0.5228473E-02  0.5700403E-02  0.1119282E-01
 0.7800000E+02  0.2634389E-03  0.5226851E-02  0.5699864E-02  0.1119015E-01
 0.7810000E+02  0.2629350E-03  0.5225236E-02  0.5699323E-02  0.1118749E-01
 0.7820000E+02  0.2624332E-03  0.5223626E-02  0.5698779E-02  0.1118484E-01
 0.7830000E+02  0.2619335E-03  0.5222022E-02  0.5698233E-02  0.1118219E-01
 0.7840000E+02  0.2614359E-03  0.5220424E-02  0.5697685E-02  0.1117954E-01
 0.7850000E+02  0.2609404E-03  0.5218831E-02  0.5697135E-02  0.1117691E-01
 0.7860000E+02  0.2604470E-03  0.5217245E-02  0.5696582E-02  0.1117427E-01
 0.7870000E+02  0.2599557E-03  0.5215664E-02  0.5696026E-02  0.1117165E-01
 0.7880000E+02  0.2594664E-03  0.5214089E-02  0.5695469E-02  0.1116902E-01
 0.7890000E+02  0.2589793E-03  0.5212520E-02  0.5694909E-02  0.1116641E-01
 0.7900000E+02  0.2584942E-03  0.5210956E-02  0.5694346E-02  0.1116380E-01
 0.7910000E+02  0.2580112E-03  0.5209399E-02  0.5693781E-02  0.1116119E-01
 0.7920000E+02  0.2575302E-03  0.5207847E-02  0.5693214E-02  0.1115859E-01
 0.7930000E+02  0.2570513E-03  0.5206301E-02  0.5692644E-02  0.1115600E-01
 0.7940000E+02  0.2565744E-03  0.5204760E-02  0.5692071E-02  0.1115341E-01
 0.7950000E+02  0.2560996E-03  0.5203226E-02  0.5691496E-02  0.1115082E-01
 0.7960000E+02  0.2556268E-03  0.5201696E-02  0.5690919E-02  0.1114824E-01
 0.7970000E+02  0.2551561E-03  0.5200173E-02  0.5690339E-02  0.1114567E-01
 0.7980000E+02  0.2546873E-03  0.5198655E-02  0.5689757E-02  0.1114310E-01
 0.7990000E+02  0.2542206E-03  0.5197143E-02  0.5689172E-02  0.1114054E-01
 0.8000000E+02  0.2537559E-03  0.5195637E-02  0.5688585E-02  0.1113798E-01
 0.8010000E+02  0.2532932E-03  0.5194136E-02  0.5687995E-02  0.1113542E-01
 0.8020000E+02  0.2528325E-03  0.5192641E-02  0.5687402E-02  0.1113288E-01
 0.8030000E+02  0.2523738E-03  0.5191151E-02  0.5686807E-02  0.1113033E-01
 0.8040000E+02  0.2519170E-03  0.5189667E-02  0.5686210E-02  0.1112779E-01
 0.8050000E+02  0.2514623E-03  0.5188189E-02  0.5685609E-02  0.1112526E-01
 0.8060000E+02  0.2510095E-03  0.5186716E-02  0.5685007E-02  0.1112273E-01
 0.8070000E+02  0.2505586E-03  0.5185248E-02  0.5684401E-02  0.1112021E-01
 0.8080000E+02  0.2501098E-03  0.5183786E-02  0.5683794E-02  0.1111769E-01
 0.8090000E+02  0.2496629E-03  0.5182330E-02  0.5683183E-02  0.1111518E-01
 0.8100000E+02  0.2492179E-03  0.5180879E-02  0.5682570E-02  0.1111267E-01
 0.8110000E+02  0.2487748E-03  0.5179434E-02  0.5681954E-02  0.1111016E-01
 0.8120000E+02  0.2483337E-03  0.5177994E-02  0.5681336E-02  0.1110766E-01
 0.8130000E+02  0.2478945E-03  0.5176560E-02  0.5680715E-02  0.1110517E-01
 0.8140000E+02  0.2474573E-03  0.5175131E-02  0.5680091E-02  0.1110268E-01
 0.8150000E+02  0.2470219E-03  0.5173708E-02  0.5679465E-02  0.1110019E-01
 0.8160000E+02  0.2465884E-03  0.5172290E-02  0.5678836E-02  0.1109771E-01
 0.8170000E+02  0.2461569E-03  0.5170878E-02  0.5678205E-02  0.1109524E-01
 0.8180000E+02  0.2457272E-03  0.5169471E-02  0.5677571E-02  0.1109277E-01
 0.8190000E+02  0.2452994E-03  0.5168069E-02  0.5676934E-02  0.1109030E-01
 0.8200000E+02  0.2448735E-03  0.5166673E-02  0.5676295E-02  0.1108784E-01
 0.8210000E+02  0.2444494E-03  0.5165282E-02  0.5675653E-02  0.1108538E-01
 0.8220000E+02  0.2440272E-03  0.5163896E-02  0.5675008E-02  0.1108293E-01
 0.8230000E+02  0.2436069E-03  0.5162516E-02  0.5674361E-02  0.1108048E-01
 0.8240000E+02  0.2431884E-03  0.5161141E-02  0.5673711E-02  0.1107804E-01
 0.8250000E+02  0.2427717E-03  0.5159772E-02  0.5673058E-02  0.1107560E-01
 0.8260000E+02  0.2423569E-03  0.5158408E-02  0.5672403E-02  0.1107317E-01
 0.8270000E+02  0.2419439E-03  0.5157049E-02  0.5671745E-02  0.1107074E-01
 0.8280000E+02  0.2415327E-03  0.5155696E-02  0.5671084E-02  0.1106831E-01
 0.8290000E+02  0.2411233E-03  0.5154348E-02  0.5670421E-02  0.1106589E-01
 0.8300000E+02  0.2407158E-03  0.5153005E-02  0.5669755E-02  0.1106348E-01
 0.8310000E+02  0.2403100E-03  0.5151667E-02  0.5669086E-02  0.1106106E-01
 0.8320000E+02  0.2399060E-03  0.5150335E-02  0.5668415E-02  0.1105866E-01
 0.8330000E+02  0.2395038E-03  0.5149008E-02  0.5667741E-02  0.1105625E-01
 0.8340000E+02  0.2391033E-03  0.5147686E-02  0.5667065E-02  0.1105385E-01
 0.8350000E+02  0.2387046E-03  0.5146369E-02  0.5666386E-02  0.1105146E-01
 0.8360000E+02  0.2383077E-03  0.5145058E-02  0.5665704E-02  0.1104907E-01
 0.8370000E+02  0.2379125E-03  0.5143752E-02  0.5665019E-02  0.1104668E-01
 0.8380000E+02  0.2375191E-03  0.5142451E-02  0.5664332E-02  0.1104430E-01
 0.8390000E+02  0.2371274E-03  0.5141155E-02  0.5663643E-02  0.1104193E-01
 0.8400000E+02  0.2367374E-03  0.5139864E-02  0.5662950E-02  0.1103955E-01
 0.8410000E+02  0.2363492E-03  0.5138579E-02  0.5662255E-02  0.1103718E-01
 0.8420000E+02  0.2359627E-03  0.5137299E-02  0.5661558E-02  0.1103482E-01
 0.8430000E+02  0.2355778E-03  0.5136024E-02  0.5660858E-02  0.1103246E-01
 0.8440000E+02  0.2351947E-03  0.5134754E-02  0.5660155E-02  0.1103010E-01
 0.8450000E+02  0.2348132E-03  0.5133489E-02  0.5659450E-02  0.1102775E-01
 0.8460000E+02  0.2344335E-03  0.5132229E-02  0.5658742E-02  0.1102540E-01
 0.8470000E+02  0.2340554E-03  0.5130974E-02  0.5658031E-02  0.1102306E-01
 0.8480000E+02  0.2336789E-03  0.5129725E-02  0.5657318E-02  0.1102072E-01
 0.8490000E+02  0.2333042E-03  0.5128480E-02  0.5656602E-02  0.1101839E-01
 0.8500000E+02  0.2329311E-03  0.5127241E-02  0.5655884E-02  0.1101606E-01
 0.8510000E+02  0.2325596E-03  0.5126007E-02  0.5655163E-02  0.1101373E-01
 0.8520000E+02  0.2321897E-03  0.5124777E-02  0.5654440E-02  0.1101141E-01
 0.8530000E+02  0.2318215E-03  0.5123553E-02  0.5653714E-02  0.1100909E-01
 0.8540000E+02  0.2314549E-03  0.5122334E-02  0.5652986E-02  0.1100677E-01
 0.8550000E+02  0.2310899E-03  0.5121120E-02  0.5652255E-02  0.1100446E-01
 0.8560000E+02  0.2307265E-03  0.5119910E-02  0.5651521E-02  0.1100216E-01
 0.8570000E+02  0.2303647E-03  0.5118706E-02  0.5650785E-02  0.1099986E-01
 0.8580000E+02  0.2300045E-03  0.5117507E-02  0.5650047E-02  0.1099756E-01
 0.8590000E+02  0.2296459E-03  0.5116313E-02  0.5649306E-02  0.1099526E-01
 0.8600000E+02  0.2292888E-03  0.5115123E-02  0.5648562E-02  0.1099297E-01
 0.8610000E+02  0.2289334E-03  0.5113939E-02  0.5647816E-02  0.1099069E-01
 0.8620000E+02  0.2285794E-03  0.5112760E-02  0.5647068E-02  0.1098841E-01
 0.8630000E+02  0.2282270E-03  0.5111585E-02  0.5646317E-02  0.1098613E-01
 0.8640000E+02  0.2278762E-03  0.5110416E-02  0.5645564E-02  0.1098386E-01
 0.8650000E+02  0.2275268E-03  0.5109251E-02  0.5644808E-02  0.1098159E-01
 0.8660000E+02  0.2271790E-03  0.5108091E-02  0.5644050E-02  0.1097932E-01
 0.8670000E+02  0.2268327E-03  0.5106936E-02  0.5643290E-02  0.1097706E-01
 0.8680000E+02  0.2264880E-03  0.5105787E-02  0.5642527E-02  0.1097480E-01
 0.8690000E+02  0.2261447E-03  0.5104641E-02  0.5641762E-02  0.1097255E-01
 0.8700000E+02  0.2258029E-03  0.5103501E-02  0.5640994E-02  0.1097030E-01
 0.8710000E+02  0.2254626E-03  0.5102366E-02  0.5640225E-02  0.1096805E-01
 0.8720000E+02  0.2251237E-03  0.5101235E-02  0.5639452E-02  0.1096581E-01
 0.8730000E+02  0.2247863E-03  0.5100110E-02  0.5638678E-02  0.1096357E-01
 0.8740000E+02  0.2244504E-03  0.5098989E-02  0.5637901E-02  0.1096134E-01
 0.8750000E+02  0.2241159E-03  0.5097873E-02  0.5637122E-02  0.1095911E-01
 0.8760000E+02  0.2237829E-03  0.5096761E-02  0.5636341E-02  0.1095689E-01
 0.8770000E+02  0.2234513E-03  0.5095655E-02  0.5635557E-02  0.1095466E-01
 0.8780000E+02  0.2231211E-03  0.5094553E-02  0.5634772E-02  0.1095245E-01
 0.8790000E+02  0.2227923E-03  0.5093456E-02  0.5633984E-02  0.1095023E-01
 0.8800000E+02  0.2224650E-03  0.5092364E-02  0.5633193E-02  0.1094802E-01
 0.8810000E+02  0.2221390E-03  0.5091276E-02  0.5632401E-02  0.1094582E-01
 0.8820000E+02  0.2218144E-03  0.5090193E-02  0.5631606E-02  0.1094361E-01
 0.8830000E+02  0.2214912E-03  0.5089115E-02  0.5630810E-02  0.1094142E-01
 0.8840000E+02  0.2211694E-03  0.5088042E-02  0.5630011E-02  0.1093922E-01
 0.8850000E+02  0.2208489E-03  0.5086973E-02  0.5629210E-02  0.1093703E-01
 0.8860000E+02  0.2205298E-03  0.5085910E-02  0.5628407E-02  0.1093485E-01
 0.8870000E+02  0.2202120E-03  0.5084850E-02  0.5627602E-02  0.1093266E-01
 0.8880000E+02  0.2198956E-03  0.5083796E-02  0.5626795E-02  0.1093049E-01
 0.8890000E+02  0.2195805E-03  0.5082746E-02  0.5625985E-02  0.1092831E-01
 0.8900000E+02  0.2192667E-03  0.5081700E-02  0.5625174E-02  0.1092614E-01
 0.8910000E+02  0.2189542E-03  0.5080660E-02  0.5624361E-02  0.1092397E-01
 0.8920000E+02  0.2186430E-03  0.5079624E-02  0.5623546E-02  0.1092181E-01
 0.8930000E+02  0.2183331E-03  0.5078592E-02  0.5622729E-02  0.1091965E-01
 0.8940000E+02  0.2180245E-03  0.5077565E-02  0.5621909E-02  0.1091750E-01
 0.8950000E+02  0.2177172E-03  0.5076543E-02  0.5621088E-02  0.1091535E-01
 0.8960000E+02  0.2174111E-03  0.5075526E-02  0.5620265E-02  0.1091320E-01
 0.8970000E+02  0.2171063E-03  0.5074513E-02  0.5619440E-02  0.1091106E-01
 0.8980000E+02  0.2168027E-03  0.5073504E-02  0.5618614E-02  0.1090892E-01
 0.8990000E+02  0.2165004E-03  0.5072500E-02  0.5617785E-02  0.1090679E-01
 0.9000000E+02  0.2161993E-03  0.5071501E-02  0.5616955E-02  0.1090465E-01
 0.9010000E+02  0.2158994E-03  0.5070506E-02  0.5616122E-02  0.1090253E-01
 0.9020000E+02  0.2156008E-03  0.5069515E-02  0.5615288E-02  0.1090040E-01
 0.9030000E+02  0.2153033E-03  0.5068530E-02  0.5614453E-02  0.1089829E-01
 0.9040000E+02  0.2150070E-03  0.5067548E-02  0.5613615E-02  0.1089617E-01
 0.9050000E+02  0.2147119E-03  0.5066571E-02  0.5612776E-02  0.1089406E-01
 0.9060000E+02  0.2144180E-03  0.5065599E-02  0.5611935E-02  0.1089195E-01
 0.9070000E+02  0.2141253E-03  0.5064631E-02  0.5611092E-02  0.1088985E-01
 0.9080000E+02  0.2138337E-03  0.5063667E-02  0.5610248E-02  0.1088775E-01
 0.9090000E+02  0.2135432E-03  0.5062708E-02  0.5609402E-02  0.1088565E-01
 0.9100000E+02  0.2132539E-03  0.5061754E-02  0.5608554E-02  0.1088356E-01
 0.9110000E+02  0.2129657E-03  0.5060803E-02  0.5607705E-02  0.1088147E-01
 0.9120000E+02  0.2126786E-03  0.5059858E-02  0.5606854E-02  0.1087939E-01
 0.9130000E+02  0.2123927E-03  0.5058916E-02  0.5606002E-02  0.1087731E-01
 0.9140000E+02  0.2121078E-03  0.5057979E-02  0.5605148E-02  0.1087523E-01
 0.9150000E+02  0.2118241E-03  0.5057047E-02  0.5604293E-02  0.1087316E-01
 0.9160000E+02  0.2115414E-03  0.5056118E-02  0.5603436E-02  0.1087110E-01
 0.9170000E+02  0.2112597E-03  0.5055194E-02  0.5602577E-02  0.1086903E-01
 0.9180000E+02  0.2109792E-03  0.5054275E-02  0.5601717E-02  0.1086697E-01
 0.9190000E+02  0.2106997E-03  0.5053359E-02  0.5600856E-02  0.1086492E-01
 0.9200000E+02  0.2104212E-03  0.5052449E-02  0.5599994E-02  0.1086286E-01
 0.9210000E+02  0.2101438E-03  0.5051542E-02  0.5599130E-02  0.1086082E-01
 0.9220000E+02  0.2098674E-03  0.5050640E-02  0.5598264E-02  0.1085877E-01
 0.9230000E+02  0.2095920E-03  0.5049741E-02  0.5597398E-02  0.1085673E-01
 0.9240000E+02  0.2093176E-03  0.5048848E-02  0.5596529E-02  0.1085469E-01
 0.9250000E+02  0.2090442E-03  0.5047958E-02  0.5595660E-02  0.1085266E-01
 0.9260000E+02  0.2087718E-03  0.5047073E-02  0.5594790E-02  0.1085063E-01
 0.9270000E+02  0.2085003E-03  0.5046192E-02  0.5593918E-02  0.1084861E-01
 0.9280000E+02  0.2082299E-03  0.5045315E-02  0.5593045E-02  0.1084659E-01
 0.9290000E+02  0.2079603E-03  0.5044442E-02  0.5592170E-02  0.1084457E-01
 0.9300000E+02  0.2076918E-03  0.5043574E-02  0.5591295E-02  0.1084256E-01
 0.9310000E+02  0.2074241E-03  0.5042710E-02  0.5590418E-02  0.1084055E-01
 0.9320000E+02  0.2071574E-03  0.5041850E-02  0.5589541E-02  0.1083855E-01
 0.9330000E+02  0.2068916E-03  0.5040994E-02  0.5588662E-02  0.1083655E-01
 0.9340000E+02  0.2066267E-03  0.5040142E-02  0.5587782E-02  0.1083455E-01
 0.9350000E+02  0.2063627E-03  0.5039295E-02  0.5586901E-02  0.1083256E-01
 0.9360000E+02  0.2060996E-03  0.5038452E-02  0.5586019E-02  0.1083057E-01
 0.9370000E+02  0.2058373E-03  0.5037612E-02  0.5585136E-02  0.1082859E-01
 0.9380000E+02  0.2055759E-03  0.5036777E-02  0.5584251E-02  0.1082660E-01
 0.9390000E+02  0.2053154E-03  0.5035946E-02  0.5583366E-02  0.1082463E-01
 0.9400000E+02  0.2050557E-03  0.5035119E-02  0.5582480E-02  0.1082266E-01
 0.9410000E+02  0.2047969E-03  0.5034296E-02  0.5581593E-02  0.1082069E-01
 0.9420000E+02  0.2045389E-03  0.5033478E-02  0.5580706E-02  0.1081872E-01
 0.9430000E+02  0.2042817E-03  0.5032663E-02  0.5579817E-02  0.1081676E-01
 0.9440000E+02  0.2040253E-03  0.5031852E-02  0.5578927E-02  0.1081480E-01
 0.9450000E+02  0.2037697E-03  0.5031045E-02  0.5578037E-02  0.1081285E-01
 0.9460000E+02  0.2035149E-03  0.5030243E-02  0.5577145E-02  0.1081090E-01
 0.9470000E+02  0.2032608E-03  0.5029444E-02  0.5576253E-02  0.1080896E-01
 0.9480000E+02  0.2030075E-03  0.5028650E-02  0.5575360E-02  0.1080702E-01
 0.9490000E+02  0.2027550E-03  0.5027859E-02  0.5574467E-02  0.1080508E-01
 0.9500000E+02  0.2025032E-03  0.5027072E-02  0.5573572E-02  0.1080315E-01
 0.9510000E+02  0.2022522E-03  0.5026289E-02  0.5572677E-02  0.1080122E-01
 0.9520000E+02  0.2020019E-03  0.5025511E-02  0.5571782E-02  0.1079929E-01
 0.9530000E+02  0.2017522E-03  0.5024736E-02  0.5570885E-02  0.1079737E-01
 0.9540000E+02  0.2015033E-03  0.5023965E-02  0.5569988E-02  0.1079546E-01
 0.9550000E+02  0.2012551E-03  0.5023198E-02  0.5569090E-02  0.1079354E-01
 0.9560000E+02  0.2010076E-03  0.5022435E-02  0.5568192E-02  0.1079163E-01
 0.9570000E+02  0.2007607E-03  0.5021676E-02  0.5567293E-02  0.1078973E-01
 0.9580000E+02  0.2005145E-03  0.5020920E-02  0.5566394E-02  0.1078783E-01
 0.9590000E+02  0.2002690E-03  0.5020169E-02  0.5565493E-02  0.1078593E-01
 0.9600000E+02  0.2000240E-03  0.5019421E-02  0.5564593E-02  0.1078404E-01
 0.9610000E+02  0.1997798E-03  0.5018678E-02  0.5563692E-02  0.1078215E-01
 0.9620000E+02  0.1995361E-03  0.5017938E-02  0.5562790E-02  0.1078026E-01
 0.9630000E+02  0.1992931E-03  0.5017201E-02  0.5561888E-02  0.1077838E-01
 0.9640000E+02  0.1990506E-03  0.5016469E-02  0.5560986E-02  0.1077651E-01
 0.9650000E+02  0.1988088E-03  0.5015741E-02  0.5560083E-02  0.1077463E-01
 0.9660000E+02  0.1985675E-03  0.5015016E-02  0.5559180E-02  0.1077276E-01
 0.9670000E+02  0.1983268E-03  0.5014295E-02  0.5558276E-02  0.1077090E-01
 0.9680000E+02  0.1980866E-03  0.5013578E-02  0.5557372E-02  0.1076904E-01
 0.9690000E+02  0.1978470E-03  0.5012864E-02  0.5556468E-02  0.1076718E-01
 0.9700000E+02  0.1976080E-03  0.5012154E-02  0.5555563E-02  0.1076533E-01
 0.9710000E+02  0.1973694E-03  0.5011448E-02  0.5554658E-02  0.1076348E-01
 0.9720000E+02  0.1971314E-03  0.5010746E-02  0.5553753E-02  0.1076163E-01
 0.9730000E+02  0.1968939E-03  0.5010047E-02  0.5552847E-02  0.1075979E-01
 0.9740000E+02  0.1966569E-03  0.5009353E-02  0.5551942E-02  0.1075795E-01
 0.9750000E+02  0.1964204E-03  0.5008661E-02  0.5551036E-02  0.1075612E-01
 0.9760000E+02  0.1961843E-03  0.5007974E-02  0.5550129E-02  0.1075429E-01
 0.9770000E+02  0.1959487E-03  0.5007290E-02  0.5549223E-02  0.1075246E-01
 0.9780000E+02  0.1957136E-03  0.5006609E-02  0.5548316E-02  0.1075064E-01
 0.9790000E+02  0.1954789E-03  0.5005933E-02  0.5547410E-02  0.1074882E-01
 0.9800000E+02  0.1952447E-03  0.5005259E-02  0.5546503E-02  0.1074701E-01
 0.9810000E+02  0.1950109E-03  0.5004590E-02  0.5545596E-02  0.1074520E-01
 0.9820000E+02  0.1947775E-03  0.5003924E-02  0.5544689E-02  0.1074339E-01
 0.9830000E+02  0.1945445E-03  0.5003262E-02  0.5543782E-02  0.1074159E-01
 0.9840000E+02  0.1943119E-03  0.5002603E-02  0.5542874E-02  0.1073979E-01
 0.9850000E+02  0.1940797E-03  0.5001947E-02  0.5541967E-02  0.1073799E-01
 0.9860000E+02  0.1938479E-03  0.5001296E-02  0.5541060E-02  0.1073620E-01
 0.9870000E+02  0.1936164E-03  0.5000647E-02  0.5540153E-02  0.1073442E-01
 0.9880000E+02  0.1933853E-03  0.5000003E-02  0.5539245E-02  0.1073263E-01
 0.9890000E+02  0.1931545E-03  0.4999361E-02  0.5538338E-02  0.1073085E-01
 0.9900000E+02  0.1929241E-03  0.4998724E-02  0.5537431E-02  0.1072908E-01
 0.9910000E+02  0.1926940E-03  0.4998089E-02  0.5536524E-02  0.1072731E-01
 0.9920000E+02  0.1924642E-03  0.4997459E-02  0.5535617E-02  0.1072554E-01
 0.9930000E+02  0.1922347E-03  0.4996831E-02  0.5534710E-02  0.1072378E-01
 0.9940000E+02  0.1920055E-03  0.4996207E-02  0.5533803E-02  0.1072202E-01
 0.9950000E+02  0.1917766E-03  0.4995587E-02  0.5532896E-02  0.1072026E-01
 0.9960000E+02  0.1915480E-03  0.4994969E-02  0.5531989E-02  0.1071851E-01
 0.9970000E+02  0.1913196E-03  0.4994356E-02  0.5531083E-02  0.1071676E-01
 0.9980000E+02  0.1910915E-03  0.4993745E-02  0.5530176E-02  0.1071501E-01
 0.9990000E+02  0.1908637E-03  0.4993138E-02  0.5529270E-02  0.1071327E-01
 0.1000000E+03  0.1906361E-03  0.4992534E-02  0.5528364E-02  0.1071153E-01
