 0.1000000E+00  0.0000000E+00  0.1132626E-18
 0.2000000E+00  0.1521122E-07  0.1132626E-18
 0.3000000E+00  0.6054458E-07  0.6088324E-13
 0.4000000E+00  0.1355669E-06  0.5467958E-12
 0.5000000E+00  0.2398674E-06  0.2183953E-11
 0.6000000E+00  0.3730572E-06  0.6061347E-11
 0.7000000E+00  0.5347680E-06  0.1363477E-10
 0.8000000E+00  0.7246521E-06  0.2673408E-10
 0.9000000E+00  0.9423813E-06  0.4757365E-10
 0.1000000E+01  0.1187646E-05  0.7876589E-10
 0.1100000E+01  0.1460155E-05  0.1233380E-09
 0.1200000E+01  0.1759635E-05  0.1847516E-09
 0.1300000E+01  0.2085829E-05  0.2669257E-09
 0.1400000E+01  0.2438496E-05  0.3742623E-09
 0.1500000E+01  0.2817412E-05  0.5116755E-09
 0.1600000E+01  0.3222367E-05  0.6846237E-09
 0.1700000E+01  0.3653165E-05  0.8991442E-09
 0.1800000E+01  0.4109625E-05  0.1161892E-08
 0.1900000E+01  0.4591578E-05  0.1480181E-08
 0.2000000E+01  0.5098869E-05  0.1862029E-08
 0.2100000E+01  0.5631355E-05  0.2316204E-08
 0.2200000E+01  0.6188904E-05  0.2852280E-08
 0.2300000E+01  0.6771394E-05  0.3480685E-08
 0.2400000E+01  0.7378716E-05  0.4212766E-08
 0.2500000E+01  0.8010770E-05  0.5060844E-08
 0.2600000E+01  0.8667464E-05  0.6038285E-08
 0.2700000E+01  0.9348717E-05  0.7159568E-08
 0.2800000E+01  0.1005446E-04  0.8440352E-08
 0.2900000E+01  0.1078461E-04  0.9897561E-08
 0.3000000E+01  0.1153914E-04  0.1154946E-07
 0.3100000E+01  0.1231797E-04  0.1341573E-07
 0.3200000E+01  0.1312107E-04  0.1551758E-07
 0.3300000E+01  0.1394840E-04  0.1787782E-07
 0.3400000E+01  0.1479992E-04  0.2052095E-07
 0.3500000E+01  0.1567562E-04  0.2347330E-07
 0.3600000E+01  0.1657546E-04  0.2676308E-07
 0.3700000E+01  0.1749943E-04  0.3042053E-07
 0.3800000E+01  0.1844751E-04  0.3447802E-07
 0.3900000E+01  0.1941969E-04  0.3897018E-07
 0.4000000E+01  0.2041597E-04  0.4393398E-07
 0.4100000E+01  0.2143633E-04  0.4940893E-07
 0.4200000E+01  0.2248077E-04  0.5543714E-07
 0.4300000E+01  0.2354929E-04  0.6206350E-07
 0.4400000E+01  0.2464189E-04  0.6933580E-07
 0.4500000E+01  0.2575857E-04  0.7730488E-07
 0.4600000E+01  0.2689933E-04  0.8602480E-07
 0.4700000E+01  0.2806416E-04  0.9555296E-07
 0.4800000E+01  0.2925307E-04  0.1059503E-06
 0.4900000E+01  0.3046605E-04  0.1172814E-06
 0.5000000E+01  0.3170310E-04  0.1296146E-06
 0.5100000E+01  0.3296422E-04  0.1430226E-06
 0.5200000E+01  0.3424940E-04  0.1575819E-06
 0.5300000E+01  0.3555863E-04  0.1733736E-06
 0.5400000E+01  0.3689189E-04  0.1904833E-06
 0.5500000E+01  0.3824918E-04  0.2090014E-06
 0.5600000E+01  0.3963047E-04  0.2290231E-06
 0.5700000E+01  0.4103573E-04  0.2506490E-06
 0.5800000E+01  0.4246495E-04  0.2739849E-06
 0.5900000E+01  0.4391809E-04  0.2991422E-06
 0.6000000E+01  0.4539511E-04  0.3262379E-06
 0.6100000E+01  0.4689596E-04  0.3553953E-06
 0.6200000E+01  0.4842060E-04  0.3867436E-06
 0.6300000E+01  0.4996897E-04  0.4204187E-06
 0.6400000E+01  0.5154101E-04  0.4565629E-06
 0.6500000E+01  0.5313665E-04  0.4953255E-06
 0.6600000E+01  0.5475582E-04  0.5368628E-06
 0.6700000E+01  0.5639842E-04  0.5813387E-06
 0.6800000E+01  0.5806437E-04  0.6289244E-06
 0.6900000E+01  0.5975356E-04  0.6797989E-06
 0.7000000E+01  0.6146588E-04  0.7341495E-06
 0.7100000E+01  0.6320123E-04  0.7921716E-06
 0.7200000E+01  0.6495946E-04  0.8540691E-06
 0.7300000E+01  0.6674043E-04  0.9200548E-06
 0.7400000E+01  0.6854401E-04  0.9903506E-06
 0.7500000E+01  0.7037004E-04  0.1065187E-05
 0.7600000E+01  0.7221833E-04  0.1144806E-05
 0.7700000E+01  0.7408872E-04  0.1229456E-05
 0.7800000E+01  0.7598101E-04  0.1319399E-05
 0.7900000E+01  0.7789500E-04  0.1414904E-05
 0.8000000E+01  0.7983048E-04  0.1516254E-05
 0.8100000E+01  0.8178721E-04  0.1623739E-05
 0.8200000E+01  0.8376496E-04  0.1737663E-05
 0.8300000E+01  0.8576348E-04  0.1858340E-05
 0.8400000E+01  0.8778250E-04  0.1986095E-05
 0.8500000E+01  0.8982175E-04  0.2121265E-05
 0.8600000E+01  0.9188093E-04  0.2264200E-05
 0.8700000E+01  0.9395974E-04  0.2415261E-05
 0.8800000E+01  0.9605785E-04  0.2574821E-05
 0.8900000E+01  0.9817495E-04  0.2743267E-05
 0.9000000E+01  0.1003107E-03  0.2920998E-05
 0.9100000E+01  0.1024647E-03  0.3108427E-05
 0.9200000E+01  0.1046366E-03  0.3305978E-05
 0.9300000E+01  0.1068260E-03  0.3514090E-05
 0.9400000E+01  0.1090325E-03  0.3733216E-05
 0.9500000E+01  0.1112556E-03  0.3963822E-05
 0.9600000E+01  0.1134951E-03  0.4206388E-05
 0.9700000E+01  0.1157503E-03  0.4461410E-05
 0.9800000E+01  0.1180208E-03  0.4729394E-05
 0.9900000E+01  0.1203062E-03  0.5010866E-05
 0.1000000E+02  0.1226059E-03  0.5306361E-05
 0.1010000E+02  0.1249195E-03  0.5616434E-05
 0.1020000E+02  0.1272464E-03  0.5941652E-05
 0.1030000E+02  0.1295860E-03  0.6282597E-05
 0.1040000E+02  0.1319379E-03  0.6639866E-05
 0.1050000E+02  0.1343014E-03  0.7014072E-05
 0.1060000E+02  0.1366759E-03  0.7405844E-05
 0.1070000E+02  0.1390609E-03  0.7815825E-05
 0.1080000E+02  0.1414556E-03  0.8244673E-05
 0.1090000E+02  0.1438596E-03  0.8693063E-05
 0.1100000E+02  0.1462720E-03  0.9161684E-05
 0.1110000E+02  0.1486923E-03  0.9651240E-05
 0.1120000E+02  0.1511198E-03  0.1016245E-04
 0.1130000E+02  0.1535537E-03  0.1069606E-04
 0.1140000E+02  0.1559933E-03  0.1125281E-04
 0.1150000E+02  0.1584380E-03  0.1183347E-04
 0.1160000E+02  0.1608869E-03  0.1243882E-04
 0.1170000E+02  0.1633393E-03  0.1306967E-04
 0.1180000E+02  0.1657945E-03  0.1372681E-04
 0.1190000E+02  0.1682516E-03  0.1441109E-04
 0.1200000E+02  0.1707098E-03  0.1512333E-04
 0.1210000E+02  0.1731684E-03  0.1586441E-04
 0.1220000E+02  0.1756264E-03  0.1663518E-04
 0.1230000E+02  0.1780830E-03  0.1743654E-04
 0.1240000E+02  0.1805375E-03  0.1826938E-04
 0.1250000E+02  0.1829888E-03  0.1913462E-04
 0.1260000E+02  0.1854361E-03  0.2003318E-04
 0.1270000E+02  0.1878786E-03  0.2096601E-04
 0.1280000E+02  0.1903153E-03  0.2193406E-04
 0.1290000E+02  0.1927452E-03  0.2293830E-04
 0.1300000E+02  0.1951675E-03  0.2397970E-04
 0.1310000E+02  0.1975813E-03  0.2505925E-04
 0.1320000E+02  0.1999854E-03  0.2617797E-04
 0.1330000E+02  0.2023791E-03  0.2733685E-04
 0.1340000E+02  0.2047613E-03  0.2853693E-04
 0.1350000E+02  0.2071310E-03  0.2977923E-04
 0.1360000E+02  0.2094873E-03  0.3106482E-04
 0.1370000E+02  0.2118291E-03  0.3239473E-04
 0.1380000E+02  0.2141554E-03  0.3377003E-04
 0.1390000E+02  0.2164653E-03  0.3519180E-04
 0.1400000E+02  0.2187577E-03  0.3666111E-04
 0.1410000E+02  0.2210315E-03  0.3817905E-04
 0.1420000E+02  0.2232858E-03  0.3974672E-04
 0.1430000E+02  0.2255195E-03  0.4136520E-04
 0.1440000E+02  0.2277316E-03  0.4303562E-04
 0.1450000E+02  0.2299209E-03  0.4475907E-04
 0.1460000E+02  0.2320866E-03  0.4653667E-04
 0.1470000E+02  0.2342275E-03  0.4836954E-04
 0.1480000E+02  0.2363425E-03  0.5025879E-04
 0.1490000E+02  0.2384306E-03  0.5220555E-04
 0.1500000E+02  0.2404908E-03  0.5421095E-04
 0.1510000E+02  0.2425220E-03  0.5627610E-04
 0.1520000E+02  0.2445232E-03  0.5840212E-04
 0.1530000E+02  0.2464932E-03  0.6059014E-04
 0.1540000E+02  0.2484311E-03  0.6284128E-04
 0.1550000E+02  0.2503358E-03  0.6515665E-04
 0.1560000E+02  0.2522063E-03  0.6753736E-04
 0.1570000E+02  0.2540415E-03  0.6998453E-04
 0.1580000E+02  0.2558404E-03  0.7249925E-04
 0.1590000E+02  0.2576020E-03  0.7508262E-04
 0.1600000E+02  0.2593252E-03  0.7773572E-04
 0.1610000E+02  0.2610090E-03  0.8045964E-04
 0.1620000E+02  0.2626525E-03  0.8325544E-04
 0.1630000E+02  0.2642546E-03  0.8612418E-04
 0.1640000E+02  0.2658144E-03  0.8906691E-04
 0.1650000E+02  0.2673309E-03  0.9208466E-04
 0.1660000E+02  0.2688030E-03  0.9517846E-04
 0.1670000E+02  0.2702300E-03  0.9834931E-04
 0.1680000E+02  0.2716108E-03  0.1015982E-03
 0.1690000E+02  0.2729445E-03  0.1049261E-03
 0.1700000E+02  0.2742303E-03  0.1083340E-03
 0.1710000E+02  0.2754671E-03  0.1118228E-03
 0.1720000E+02  0.2766542E-03  0.1153934E-03
 0.1730000E+02  0.2777907E-03  0.1190467E-03
 0.1740000E+02  0.2788757E-03  0.1227836E-03
 0.1750000E+02  0.2799085E-03  0.1266050E-03
 0.1760000E+02  0.2808882E-03  0.1305117E-03
 0.1770000E+02  0.2818140E-03  0.1345044E-03
 0.1780000E+02  0.2826852E-03  0.1385839E-03
 0.1790000E+02  0.2835010E-03  0.1427511E-03
 0.1800000E+02  0.2842608E-03  0.1470066E-03
 0.1810000E+02  0.2849638E-03  0.1513510E-03
 0.1820000E+02  0.2856094E-03  0.1557851E-03
 0.1830000E+02  0.2861969E-03  0.1603095E-03
 0.1840000E+02  0.2867257E-03  0.1649248E-03
 0.1850000E+02  0.2871952E-03  0.1696314E-03
 0.1860000E+02  0.2876048E-03  0.1744301E-03
 0.1870000E+02  0.2879541E-03  0.1793211E-03
 0.1880000E+02  0.2882425E-03  0.1843051E-03
 0.1890000E+02  0.2884695E-03  0.1893823E-03
 0.1900000E+02  0.2886346E-03  0.1945531E-03
 0.1910000E+02  0.2887375E-03  0.1998180E-03
 0.1920000E+02  0.2887777E-03  0.2051771E-03
 0.1930000E+02  0.2887550E-03  0.2106307E-03
 0.1940000E+02  0.2886689E-03  0.2161791E-03
 0.1950000E+02  0.2885192E-03  0.2218223E-03
 0.1960000E+02  0.2883056E-03  0.2275604E-03
 0.1970000E+02  0.2880279E-03  0.2333936E-03
 0.1980000E+02  0.2876858E-03  0.2393219E-03
 0.1990000E+02  0.2872793E-03  0.2453452E-03
 0.2000000E+02  0.2868082E-03  0.2514634E-03
 0.2010000E+02  0.2862724E-03  0.2576764E-03
 0.2020000E+02  0.2856719E-03  0.2639841E-03
 0.2030000E+02  0.2850066E-03  0.2703861E-03
 0.2040000E+02  0.2842766E-03  0.2768822E-03
 0.2050000E+02  0.2834818E-03  0.2834721E-03
 0.2060000E+02  0.2826225E-03  0.2901554E-03
 0.2070000E+02  0.2816987E-03  0.2969315E-03
 0.2080000E+02  0.2807106E-03  0.3038001E-03
 0.2090000E+02  0.2796583E-03  0.3107605E-03
 0.2100000E+02  0.2785422E-03  0.3178122E-03
 0.2110000E+02  0.2773626E-03  0.3249544E-03
 0.2120000E+02  0.2761196E-03  0.3321865E-03
 0.2130000E+02  0.2748137E-03  0.3395076E-03
 0.2140000E+02  0.2734454E-03  0.3469169E-03
 0.2150000E+02  0.2720149E-03  0.3544136E-03
 0.2160000E+02  0.2705228E-03  0.3619965E-03
 0.2170000E+02  0.2689695E-03  0.3696648E-03
 0.2180000E+02  0.2673557E-03  0.3774172E-03
 0.2190000E+02  0.2656819E-03  0.3852528E-03
 0.2200000E+02  0.2639488E-03  0.3931703E-03
 0.2210000E+02  0.2621569E-03  0.4011684E-03
 0.2220000E+02  0.2603070E-03  0.4092457E-03
 0.2230000E+02  0.2583998E-03  0.4174010E-03
 0.2240000E+02  0.2564362E-03  0.4256328E-03
 0.2250000E+02  0.2544168E-03  0.4339395E-03
 0.2260000E+02  0.2523425E-03  0.4423197E-03
 0.2270000E+02  0.2502143E-03  0.4507716E-03
 0.2280000E+02  0.2480330E-03  0.4592937E-03
 0.2290000E+02  0.2457996E-03  0.4678841E-03
 0.2300000E+02  0.2435150E-03  0.4765411E-03
 0.2310000E+02  0.2411804E-03  0.4852627E-03
 0.2320000E+02  0.2387967E-03  0.4940472E-03
 0.2330000E+02  0.2363650E-03  0.5028924E-03
 0.2340000E+02  0.2338864E-03  0.5117965E-03
 0.2350000E+02  0.2313622E-03  0.5207572E-03
 0.2360000E+02  0.2287935E-03  0.5297724E-03
 0.2370000E+02  0.2261814E-03  0.5388400E-03
 0.2380000E+02  0.2235273E-03  0.5479577E-03
 0.2390000E+02  0.2208325E-03  0.5571231E-03
 0.2400000E+02  0.2180981E-03  0.5663339E-03
 0.2410000E+02  0.2153256E-03  0.5755876E-03
 0.2420000E+02  0.2125164E-03  0.5848819E-03
 0.2430000E+02  0.2096717E-03  0.5942141E-03
 0.2440000E+02  0.2067931E-03  0.6035817E-03
 0.2450000E+02  0.2038819E-03  0.6129821E-03
 0.2460000E+02  0.2009396E-03  0.6224125E-03
 0.2470000E+02  0.1979677E-03  0.6318704E-03
 0.2480000E+02  0.1949677E-03  0.6413528E-03
 0.2490000E+02  0.1919411E-03  0.6508571E-03
 0.2500000E+02  0.1888895E-03  0.6603803E-03
 0.2510000E+02  0.1858145E-03  0.6699195E-03
 0.2520000E+02  0.1827176E-03  0.6794718E-03
 0.2530000E+02  0.1796004E-03  0.6890343E-03
 0.2540000E+02  0.1764646E-03  0.6986039E-03
 0.2550000E+02  0.1733117E-03  0.7081775E-03
 0.2560000E+02  0.1701434E-03  0.7177521E-03
 0.2570000E+02  0.1669615E-03  0.7273245E-03
 0.2580000E+02  0.1637675E-03  0.7368917E-03
 0.2590000E+02  0.1605631E-03  0.7464503E-03
 0.2600000E+02  0.1573501E-03  0.7559972E-03
 0.2610000E+02  0.1541301E-03  0.7655291E-03
 0.2620000E+02  0.1509048E-03  0.7750428E-03
 0.2630000E+02  0.1476760E-03  0.7845350E-03
 0.2640000E+02  0.1444454E-03  0.7940023E-03
 0.2650000E+02  0.1412146E-03  0.8034414E-03
 0.2660000E+02  0.1379855E-03  0.8128490E-03
 0.2670000E+02  0.1347597E-03  0.8222217E-03
 0.2680000E+02  0.1315389E-03  0.8315560E-03
 0.2690000E+02  0.1283250E-03  0.8408487E-03
 0.2700000E+02  0.1251195E-03  0.8500962E-03
 0.2710000E+02  0.1219243E-03  0.8592951E-03
 0.2720000E+02  0.1187410E-03  0.8684421E-03
 0.2730000E+02  0.1155714E-03  0.8775337E-03
 0.2740000E+02  0.1124171E-03  0.8865663E-03
 0.2750000E+02  0.1092799E-03  0.8955367E-03
 0.2760000E+02  0.1061614E-03  0.9044413E-03
 0.2770000E+02  0.1030632E-03  0.9132768E-03
 0.2780000E+02  0.9998714E-04  0.9220395E-03
 0.2790000E+02  0.9693475E-04  0.9307263E-03
 0.2800000E+02  0.9390767E-04  0.9393335E-03
 0.2810000E+02  0.9090754E-04  0.9478578E-03
 0.2820000E+02  0.8793594E-04  0.9562959E-03
 0.2830000E+02  0.8499446E-04  0.9646442E-03
 0.2840000E+02  0.8208466E-04  0.9728995E-03
 0.2850000E+02  0.7920808E-04  0.9810584E-03
 0.2860000E+02  0.7636623E-04  0.9891176E-03
 0.2870000E+02  0.7356062E-04  0.9970737E-03
 0.2880000E+02  0.7079271E-04  0.1004923E-02
 0.2890000E+02  0.6806396E-04  0.1012664E-02
 0.2900000E+02  0.6537579E-04  0.1020291E-02
 0.2910000E+02  0.6272959E-04  0.1027803E-02
 0.2920000E+02  0.6012674E-04  0.1035195E-02
 0.2930000E+02  0.5756857E-04  0.1042465E-02
 0.2940000E+02  0.5505639E-04  0.1049609E-02
 0.2950000E+02  0.5259148E-04  0.1056626E-02
 0.2960000E+02  0.5017509E-04  0.1063510E-02
 0.2970000E+02  0.4780844E-04  0.1070261E-02
 0.2980000E+02  0.4549270E-04  0.1076874E-02
 0.2990000E+02  0.4322903E-04  0.1083346E-02
 0.3000000E+02  0.4101854E-04  0.1089676E-02
 0.3010000E+02  0.3886229E-04  0.1095860E-02
 0.3020000E+02  0.3676134E-04  0.1101896E-02
 0.3030000E+02  0.3471669E-04  0.1107780E-02
 0.3040000E+02  0.3272929E-04  0.1113510E-02
 0.3050000E+02  0.3080009E-04  0.1119084E-02
 0.3060000E+02  0.2892995E-04  0.1124500E-02
 0.3070000E+02  0.2711974E-04  0.1129753E-02
 0.3080000E+02  0.2537025E-04  0.1134844E-02
 0.3090000E+02  0.2368225E-04  0.1139768E-02
 0.3100000E+02  0.2205646E-04  0.1144524E-02
 0.3110000E+02  0.2049357E-04  0.1149109E-02
 0.3120000E+02  0.1899421E-04  0.1153522E-02
 0.3130000E+02  0.1755898E-04  0.1157760E-02
 0.3140000E+02  0.1618842E-04  0.1161822E-02
 0.3150000E+02  0.1488305E-04  0.1165706E-02
 0.3160000E+02  0.1364333E-04  0.1169409E-02
 0.3170000E+02  0.1246968E-04  0.1172930E-02
 0.3180000E+02  0.1136247E-04  0.1176267E-02
 0.3190000E+02  0.1032203E-04  0.1179419E-02
 0.3200000E+02  0.9348647E-05  0.1182385E-02
 0.3210000E+02  0.8442560E-05  0.1185162E-02
 0.3220000E+02  0.7603960E-05  0.1187749E-02
 0.3230000E+02  0.6832997E-05  0.1190146E-02
 0.3240000E+02  0.6129772E-05  0.1192350E-02
 0.3250000E+02  0.5494342E-05  0.1194362E-02
 0.3260000E+02  0.4926719E-05  0.1196179E-02
 0.3270000E+02  0.4426867E-05  0.1197801E-02
 0.3280000E+02  0.3994709E-05  0.1199227E-02
 0.3290000E+02  0.3630118E-05  0.1200456E-02
 0.3300000E+02  0.3332925E-05  0.1201488E-02
 0.3310000E+02  0.3102915E-05  0.1202322E-02
 0.3320000E+02  0.2939829E-05  0.1202957E-02
 0.3330000E+02  0.2843362E-05  0.1203393E-02
 0.3340000E+02  0.2813167E-05  0.1203630E-02
 0.3350000E+02  0.2848853E-05  0.1203668E-02
 0.3360000E+02  0.2949984E-05  0.1203505E-02
 0.3370000E+02  0.3116082E-05  0.1203143E-02
 0.3380000E+02  0.3346627E-05  0.1202581E-02
 0.3390000E+02  0.3641056E-05  0.1201820E-02
 0.3400000E+02  0.3998765E-05  0.1200859E-02
 0.3410000E+02  0.4419109E-05  0.1199699E-02
 0.3420000E+02  0.4901402E-05  0.1198340E-02
 0.3430000E+02  0.5444919E-05  0.1196783E-02
 0.3440000E+02  0.6048894E-05  0.1195027E-02
 0.3450000E+02  0.6712525E-05  0.1193075E-02
 0.3460000E+02  0.7434969E-05  0.1190927E-02
 0.3470000E+02  0.8215349E-05  0.1188582E-02
 0.3480000E+02  0.9052748E-05  0.1186043E-02
 0.3490000E+02  0.9946217E-05  0.1183311E-02
 0.3500000E+02  0.1089477E-04  0.1180385E-02
 0.3510000E+02  0.1189738E-04  0.1177269E-02
 0.3520000E+02  0.1295301E-04  0.1173962E-02
 0.3530000E+02  0.1406056E-04  0.1170466E-02
 0.3540000E+02  0.1521891E-04  0.1166782E-02
 0.3550000E+02  0.1642693E-04  0.1162912E-02
 0.3560000E+02  0.1768342E-04  0.1158858E-02
 0.3570000E+02  0.1898719E-04  0.1154621E-02
 0.3580000E+02  0.2033700E-04  0.1150203E-02
 0.3590000E+02  0.2173158E-04  0.1145606E-02
 0.3600000E+02  0.2316966E-04  0.1140831E-02
 0.3610000E+02  0.2464991E-04  0.1135881E-02
 0.3620000E+02  0.2617100E-04  0.1130757E-02
 0.3630000E+02  0.2773158E-04  0.1125462E-02
 0.3640000E+02  0.2933026E-04  0.1119998E-02
 0.3650000E+02  0.3096564E-04  0.1114366E-02
 0.3660000E+02  0.3263630E-04  0.1108570E-02
 0.3670000E+02  0.3434079E-04  0.1102612E-02
 0.3680000E+02  0.3607768E-04  0.1096494E-02
 0.3690000E+02  0.3784547E-04  0.1090218E-02
 0.3700000E+02  0.3964268E-04  0.1083788E-02
 0.3710000E+02  0.4146781E-04  0.1077205E-02
 0.3720000E+02  0.4331934E-04  0.1070473E-02
 0.3730000E+02  0.4519575E-04  0.1063594E-02
 0.3740000E+02  0.4709549E-04  0.1056572E-02
 0.3750000E+02  0.4901703E-04  0.1049408E-02
 0.3760000E+02  0.5095880E-04  0.1042106E-02
 0.3770000E+02  0.5291924E-04  0.1034669E-02
 0.3780000E+02  0.5489679E-04  0.1027099E-02
 0.3790000E+02  0.5688987E-04  0.1019401E-02
 0.3800000E+02  0.5889689E-04  0.1011576E-02
 0.3810000E+02  0.6091629E-04  0.1003628E-02
 0.3820000E+02  0.6294648E-04  0.9955605E-03
 0.3830000E+02  0.6498588E-04  0.9873764E-03
 0.3840000E+02  0.6703291E-04  0.9790790E-03
 0.3850000E+02  0.6908599E-04  0.9706716E-03
 0.3860000E+02  0.7114353E-04  0.9621574E-03
 0.3870000E+02  0.7320398E-04  0.9535400E-03
 0.3880000E+02  0.7526577E-04  0.9448226E-03
 0.3890000E+02  0.7732733E-04  0.9360086E-03
 0.3900000E+02  0.7938712E-04  0.9271015E-03
 0.3910000E+02  0.8144358E-04  0.9181048E-03
 0.3920000E+02  0.8349519E-04  0.9090220E-03
 0.3930000E+02  0.8554042E-04  0.8998564E-03
 0.3940000E+02  0.8757777E-04  0.8906118E-03
 0.3950000E+02  0.8960572E-04  0.8812915E-03
 0.3960000E+02  0.9162281E-04  0.8718991E-03
 0.3970000E+02  0.9362755E-04  0.8624383E-03
 0.3980000E+02  0.9561849E-04  0.8529125E-03
 0.3990000E+02  0.9759420E-04  0.8433254E-03
 0.4000000E+02  0.9955326E-04  0.8336806E-03
 0.4010000E+02  0.1014943E-03  0.8239815E-03
 0.4020000E+02  0.1034158E-03  0.8142318E-03
 0.4030000E+02  0.1053166E-03  0.8044352E-03
 0.4040000E+02  0.1071952E-03  0.7945951E-03
 0.4050000E+02  0.1090504E-03  0.7847152E-03
 0.4060000E+02  0.1108808E-03  0.7747989E-03
 0.4070000E+02  0.1126852E-03  0.7648500E-03
 0.4080000E+02  0.1144624E-03  0.7548719E-03
 0.4090000E+02  0.1162110E-03  0.7448682E-03
 0.4100000E+02  0.1179300E-03  0.7348425E-03
 0.4110000E+02  0.1196181E-03  0.7247981E-03
 0.4120000E+02  0.1212743E-03  0.7147387E-03
 0.4130000E+02  0.1228973E-03  0.7046676E-03
 0.4140000E+02  0.1244861E-03  0.6945884E-03
 0.4150000E+02  0.1260397E-03  0.6845045E-03
 0.4160000E+02  0.1275571E-03  0.6744193E-03
 0.4170000E+02  0.1290371E-03  0.6643361E-03
 0.4180000E+02  0.1304790E-03  0.6542584E-03
 0.4190000E+02  0.1318817E-03  0.6441894E-03
 0.4200000E+02  0.1332444E-03  0.6341324E-03
 0.4210000E+02  0.1345661E-03  0.6240907E-03
 0.4220000E+02  0.1358461E-03  0.6140675E-03
 0.4230000E+02  0.1370836E-03  0.6040660E-03
 0.4240000E+02  0.1382777E-03  0.5940893E-03
 0.4250000E+02  0.1394278E-03  0.5841406E-03
 0.4260000E+02  0.1405331E-03  0.5742229E-03
 0.4270000E+02  0.1415931E-03  0.5643393E-03
 0.4280000E+02  0.1426070E-03  0.5544927E-03
 0.4290000E+02  0.1435743E-03  0.5446861E-03
 0.4300000E+02  0.1444944E-03  0.5349224E-03
 0.4310000E+02  0.1453668E-03  0.5252044E-03
 0.4320000E+02  0.1461910E-03  0.5155350E-03
 0.4330000E+02  0.1469666E-03  0.5059168E-03
 0.4340000E+02  0.1476932E-03  0.4963526E-03
 0.4350000E+02  0.1483703E-03  0.4868451E-03
 0.4360000E+02  0.1489977E-03  0.4773968E-03
 0.4370000E+02  0.1495750E-03  0.4680103E-03
 0.4380000E+02  0.1501020E-03  0.4586881E-03
 0.4390000E+02  0.1505784E-03  0.4494326E-03
 0.4400000E+02  0.1510041E-03  0.4402462E-03
 0.4410000E+02  0.1513788E-03  0.4311313E-03
 0.4420000E+02  0.1517025E-03  0.4220900E-03
 0.4430000E+02  0.1519751E-03  0.4131247E-03
 0.4440000E+02  0.1521965E-03  0.4042375E-03
 0.4450000E+02  0.1523668E-03  0.3954304E-03
 0.4460000E+02  0.1524858E-03  0.3867055E-03
 0.4470000E+02  0.1525538E-03  0.3780647E-03
 0.4480000E+02  0.1525707E-03  0.3695101E-03
 0.4490000E+02  0.1525367E-03  0.3610434E-03
 0.4500000E+02  0.1524520E-03  0.3526664E-03
 0.4510000E+02  0.1523168E-03  0.3443809E-03
 0.4520000E+02  0.1521312E-03  0.3361885E-03
 0.4530000E+02  0.1518956E-03  0.3280908E-03
 0.4540000E+02  0.1516103E-03  0.3200894E-03
 0.4550000E+02  0.1512755E-03  0.3121858E-03
 0.4560000E+02  0.1508916E-03  0.3043813E-03
 0.4570000E+02  0.1504591E-03  0.2966773E-03
 0.4580000E+02  0.1499783E-03  0.2890751E-03
 0.4590000E+02  0.1494497E-03  0.2815760E-03
 0.4600000E+02  0.1488738E-03  0.2741810E-03
 0.4610000E+02  0.1482511E-03  0.2668914E-03
 0.4620000E+02  0.1475822E-03  0.2597080E-03
 0.4630000E+02  0.1468675E-03  0.2526320E-03
 0.4640000E+02  0.1461078E-03  0.2456642E-03
 0.4650000E+02  0.1453036E-03  0.2388054E-03
 0.4660000E+02  0.1444557E-03  0.2320565E-03
 0.4670000E+02  0.1435646E-03  0.2254181E-03
 0.4680000E+02  0.1426311E-03  0.2188910E-03
 0.4690000E+02  0.1416559E-03  0.2124757E-03
 0.4700000E+02  0.1406398E-03  0.2061727E-03
 0.4710000E+02  0.1395836E-03  0.1999826E-03
 0.4720000E+02  0.1384880E-03  0.1939058E-03
 0.4730000E+02  0.1373540E-03  0.1879426E-03
 0.4740000E+02  0.1361823E-03  0.1820933E-03
 0.4750000E+02  0.1349738E-03  0.1763582E-03
 0.4760000E+02  0.1337294E-03  0.1707374E-03
 0.4770000E+02  0.1324501E-03  0.1652311E-03
 0.4780000E+02  0.1311368E-03  0.1598393E-03
 0.4790000E+02  0.1297903E-03  0.1545621E-03
 0.4800000E+02  0.1284118E-03  0.1493994E-03
 0.4810000E+02  0.1270021E-03  0.1443511E-03
 0.4820000E+02  0.1255623E-03  0.1394171E-03
 0.4830000E+02  0.1240933E-03  0.1345971E-03
 0.4840000E+02  0.1225964E-03  0.1298910E-03
 0.4850000E+02  0.1210723E-03  0.1252983E-03
 0.4860000E+02  0.1195223E-03  0.1208188E-03
 0.4870000E+02  0.1179475E-03  0.1164520E-03
 0.4880000E+02  0.1163488E-03  0.1121974E-03
 0.4890000E+02  0.1147274E-03  0.1080547E-03
 0.4900000E+02  0.1130844E-03  0.1040231E-03
 0.4910000E+02  0.1114209E-03  0.1001022E-03
 0.4920000E+02  0.1097381E-03  0.9629124E-04
 0.4930000E+02  0.1080370E-03  0.9258956E-04
 0.4940000E+02  0.1063189E-03  0.8899644E-04
 0.4950000E+02  0.1045848E-03  0.8551109E-04
 0.4960000E+02  0.1028359E-03  0.8213271E-04
 0.4970000E+02  0.1010734E-03  0.7886043E-04
 0.4980000E+02  0.9929850E-04  0.7569337E-04
 0.4990000E+02  0.9751227E-04  0.7263059E-04
 0.5000000E+02  0.9571594E-04  0.6967112E-04
 0.5010000E+02  0.9391065E-04  0.6681397E-04
 0.5020000E+02  0.9209761E-04  0.6405807E-04
 0.5030000E+02  0.9027797E-04  0.6140237E-04
 0.5040000E+02  0.8845292E-04  0.5884576E-04
 0.5050000E+02  0.8662363E-04  0.5638709E-04
 0.5060000E+02  0.8479128E-04  0.5402520E-04
 0.5070000E+02  0.8295704E-04  0.5175888E-04
 0.5080000E+02  0.8112208E-04  0.4958692E-04
 0.5090000E+02  0.7928757E-04  0.4750805E-04
 0.5100000E+02  0.7745467E-04  0.4552100E-04
 0.5110000E+02  0.7562454E-04  0.4362446E-04
 0.5120000E+02  0.7379834E-04  0.4181709E-04
 0.5130000E+02  0.7197721E-04  0.4009756E-04
 0.5140000E+02  0.7016230E-04  0.3846447E-04
 0.5150000E+02  0.6835474E-04  0.3691644E-04
 0.5160000E+02  0.6655566E-04  0.3545206E-04
 0.5170000E+02  0.6476618E-04  0.3406988E-04
 0.5180000E+02  0.6298740E-04  0.3276846E-04
 0.5190000E+02  0.6122044E-04  0.3154633E-04
 0.5200000E+02  0.5946638E-04  0.3040201E-04
 0.5210000E+02  0.5772631E-04  0.2933401E-04
 0.5220000E+02  0.5600128E-04  0.2834080E-04
 0.5230000E+02  0.5429238E-04  0.2742088E-04
 0.5240000E+02  0.5260063E-04  0.2657271E-04
 0.5250000E+02  0.5092707E-04  0.2579475E-04
 0.5260000E+02  0.4927274E-04  0.2508544E-04
 0.5270000E+02  0.4763863E-04  0.2444324E-04
 0.5280000E+02  0.4602574E-04  0.2386656E-04
 0.5290000E+02  0.4443505E-04  0.2335385E-04
 0.5300000E+02  0.4286753E-04  0.2290352E-04
 0.5310000E+02  0.4132412E-04  0.2251399E-04
 0.5320000E+02  0.3980577E-04  0.2218369E-04
 0.5330000E+02  0.3831339E-04  0.2191102E-04
 0.5340000E+02  0.3684789E-04  0.2169440E-04
 0.5350000E+02  0.3541014E-04  0.2153224E-04
 0.5360000E+02  0.3400103E-04  0.2142296E-04
 0.5370000E+02  0.3262141E-04  0.2136498E-04
 0.5380000E+02  0.3127210E-04  0.2135671E-04
 0.5390000E+02  0.2995392E-04  0.2139657E-04
 0.5400000E+02  0.2866769E-04  0.2148301E-04
 0.5410000E+02  0.2741416E-04  0.2161443E-04
 0.5420000E+02  0.2619412E-04  0.2178929E-04
 0.5430000E+02  0.2500829E-04  0.2200603E-04
 0.5440000E+02  0.2385740E-04  0.2226310E-04
 0.5450000E+02  0.2274216E-04  0.2255897E-04
 0.5460000E+02  0.2166325E-04  0.2289209E-04
 0.5470000E+02  0.2062134E-04  0.2326096E-04
 0.5480000E+02  0.1961706E-04  0.2366407E-04
 0.5490000E+02  0.1865105E-04  0.2409991E-04
 0.5500000E+02  0.1772390E-04  0.2456700E-04
 0.5510000E+02  0.1683620E-04  0.2506387E-04
 0.5520000E+02  0.1598852E-04  0.2558906E-04
 0.5530000E+02  0.1518139E-04  0.2614112E-04
 0.5540000E+02  0.1441533E-04  0.2671862E-04
 0.5550000E+02  0.1369086E-04  0.2732014E-04
 0.5560000E+02  0.1300843E-04  0.2794429E-04
 0.5570000E+02  0.1236852E-04  0.2858969E-04
 0.5580000E+02  0.1177156E-04  0.2925496E-04
 0.5590000E+02  0.1121796E-04  0.2993875E-04
 0.5600000E+02  0.1070812E-04  0.3063974E-04
 0.5610000E+02  0.1024242E-04  0.3135661E-04
 0.5620000E+02  0.9821195E-05  0.3208807E-04
 0.5630000E+02  0.9444788E-05  0.3283284E-04
 0.5640000E+02  0.9113505E-05  0.3358967E-04
 0.5650000E+02  0.8827635E-05  0.3435732E-04
 0.5660000E+02  0.8587443E-05  0.3513458E-04
 0.5670000E+02  0.8393177E-05  0.3592026E-04
 0.5680000E+02  0.8245060E-05  0.3671319E-04
 0.5690000E+02  0.8143297E-05  0.3751221E-04
 0.5700000E+02  0.8088070E-05  0.3831620E-04
 0.5710000E+02  0.8079541E-05  0.3912405E-04
 0.5720000E+02  0.8117852E-05  0.3993468E-04
 0.5730000E+02  0.8203122E-05  0.4074703E-04
 0.5740000E+02  0.8335453E-05  0.4156007E-04
 0.5750000E+02  0.8514923E-05  0.4237278E-04
 0.5760000E+02  0.8741593E-05  0.4318417E-04
 0.5770000E+02  0.9015501E-05  0.4399327E-04
 0.5780000E+02  0.9336667E-05  0.4479915E-04
 0.5790000E+02  0.9705090E-05  0.4560089E-04
 0.5800000E+02  0.1012075E-04  0.4639759E-04
 0.5810000E+02  0.1058361E-04  0.4718839E-04
 0.5820000E+02  0.1109360E-04  0.4797244E-04
 0.5830000E+02  0.1165066E-04  0.4874893E-04
 0.5840000E+02  0.1225468E-04  0.4951706E-04
 0.5850000E+02  0.1290555E-04  0.5027606E-04
 0.5860000E+02  0.1360314E-04  0.5102519E-04
 0.5870000E+02  0.1434729E-04  0.5176373E-04
 0.5880000E+02  0.1513782E-04  0.5249099E-04
 0.5890000E+02  0.1597457E-04  0.5320629E-04
 0.5900000E+02  0.1685731E-04  0.5390900E-04
 0.5910000E+02  0.1778582E-04  0.5459850E-04
 0.5920000E+02  0.1875988E-04  0.5527420E-04
 0.5930000E+02  0.1977921E-04  0.5593552E-04
 0.5940000E+02  0.2084354E-04  0.5658192E-04
 0.5950000E+02  0.2195259E-04  0.5721290E-04
 0.5960000E+02  0.2310605E-04  0.5782794E-04
 0.5970000E+02  0.2430360E-04  0.5842660E-04
 0.5980000E+02  0.2554490E-04  0.5900842E-04
 0.5990000E+02  0.2682959E-04  0.5957299E-04
 0.6000000E+02  0.2815732E-04  0.6011991E-04
 0.6010000E+02  0.2952770E-04  0.6064882E-04
 0.6020000E+02  0.3094033E-04  0.6115936E-04
 0.6030000E+02  0.3239481E-04  0.6165123E-04
 0.6040000E+02  0.3389070E-04  0.6212412E-04
 0.6050000E+02  0.3542758E-04  0.6257776E-04
 0.6060000E+02  0.3700498E-04  0.6301190E-04
 0.6070000E+02  0.3862245E-04  0.6342632E-04
 0.6080000E+02  0.4027952E-04  0.6382081E-04
 0.6090000E+02  0.4197569E-04  0.6419520E-04
 0.6100000E+02  0.4371045E-04  0.6454932E-04
 0.6110000E+02  0.4548331E-04  0.6488306E-04
 0.6120000E+02  0.4729374E-04  0.6519629E-04
 0.6130000E+02  0.4914120E-04  0.6548892E-04
 0.6140000E+02  0.5102514E-04  0.6576090E-04
 0.6150000E+02  0.5294502E-04  0.6601217E-04
 0.6160000E+02  0.5490027E-04  0.6624271E-04
 0.6170000E+02  0.5689030E-04  0.6645252E-04
 0.6180000E+02  0.5891454E-04  0.6664162E-04
 0.6190000E+02  0.6097240E-04  0.6681004E-04
 0.6200000E+02  0.6306326E-04  0.6695785E-04
 0.6210000E+02  0.6518652E-04  0.6708513E-04
 0.6220000E+02  0.6734156E-04  0.6719197E-04
 0.6230000E+02  0.6952775E-04  0.6727849E-04
 0.6240000E+02  0.7174446E-04  0.6734484E-04
 0.6250000E+02  0.7399105E-04  0.6739116E-04
 0.6260000E+02  0.7626685E-04  0.6741764E-04
 0.6270000E+02  0.7857123E-04  0.6742447E-04
 0.6280000E+02  0.8090351E-04  0.6741185E-04
 0.6290000E+02  0.8326304E-04  0.6738003E-04
 0.6300000E+02  0.8564913E-04  0.6732924E-04
 0.6310000E+02  0.8806110E-04  0.6725974E-04
 0.6320000E+02  0.9049828E-04  0.6717183E-04
 0.6330000E+02  0.9295997E-04  0.6706579E-04
 0.6340000E+02  0.9544548E-04  0.6694193E-04
 0.6350000E+02  0.9795411E-04  0.6680059E-04
 0.6360000E+02  0.1004852E-03  0.6664210E-04
 0.6370000E+02  0.1030379E-03  0.6646683E-04
 0.6380000E+02  0.1056117E-03  0.6627514E-04
 0.6390000E+02  0.1082058E-03  0.6606743E-04
 0.6400000E+02  0.1108194E-03  0.6584408E-04
 0.6410000E+02  0.1134519E-03  0.6560553E-04
 0.6420000E+02  0.1161026E-03  0.6535218E-04
 0.6430000E+02  0.1187706E-03  0.6508449E-04
 0.6440000E+02  0.1214554E-03  0.6480290E-04
 0.6450000E+02  0.1241562E-03  0.6450788E-04
 0.6460000E+02  0.1268722E-03  0.6419990E-04
 0.6470000E+02  0.1296027E-03  0.6387945E-04
 0.6480000E+02  0.1323471E-03  0.6354702E-04
 0.6490000E+02  0.1351045E-03  0.6320313E-04
 0.6500000E+02  0.1378742E-03  0.6284830E-04
 0.6510000E+02  0.1406556E-03  0.6248305E-04
 0.6520000E+02  0.1434479E-03  0.6210792E-04
 0.6530000E+02  0.1462503E-03  0.6172345E-04
 0.6540000E+02  0.1490622E-03  0.6133021E-04
 0.6550000E+02  0.1518828E-03  0.6092876E-04
 0.6560000E+02  0.1547114E-03  0.6051966E-04
 0.6570000E+02  0.1575473E-03  0.6010351E-04
 0.6580000E+02  0.1603898E-03  0.5968089E-04
 0.6590000E+02  0.1632381E-03  0.5925238E-04
 0.6600000E+02  0.1660915E-03  0.5881860E-04
 0.6610000E+02  0.1689494E-03  0.5838016E-04
 0.6620000E+02  0.1718110E-03  0.5793766E-04
 0.6630000E+02  0.1746756E-03  0.5749172E-04
 0.6640000E+02  0.1775425E-03  0.5704297E-04
 0.6650000E+02  0.1804111E-03  0.5659205E-04
 0.6660000E+02  0.1832805E-03  0.5613957E-04
 0.6670000E+02  0.1861502E-03  0.5568620E-04
 0.6680000E+02  0.1890194E-03  0.5523255E-04
 0.6690000E+02  0.1918875E-03  0.5477929E-04
 0.6700000E+02  0.1947537E-03  0.5432707E-04
 0.6710000E+02  0.1976175E-03  0.5387652E-04
 0.6720000E+02  0.2004781E-03  0.5342832E-04
 0.6730000E+02  0.2033349E-03  0.5298313E-04
 0.6740000E+02  0.2061872E-03  0.5254159E-04
 0.6750000E+02  0.2090343E-03  0.5210437E-04
 0.6760000E+02  0.2118757E-03  0.5167214E-04
 0.6770000E+02  0.2147106E-03  0.5124556E-04
 0.6780000E+02  0.2175385E-03  0.5082529E-04
 0.6790000E+02  0.2203587E-03  0.5041201E-04
 0.6800000E+02  0.2231706E-03  0.5000638E-04
 0.6810000E+02  0.2259735E-03  0.4960906E-04
 0.6820000E+02  0.2287669E-03  0.4922073E-04
 0.6830000E+02  0.2315501E-03  0.4884205E-04
 0.6840000E+02  0.2343225E-03  0.4847367E-04
 0.6850000E+02  0.2370836E-03  0.4811628E-04
 0.6860000E+02  0.2398328E-03  0.4777053E-04
 0.6870000E+02  0.2425695E-03  0.4743708E-04
 0.6880000E+02  0.2452931E-03  0.4711659E-04
 0.6890000E+02  0.2480030E-03  0.4680972E-04
 0.6900000E+02  0.2506987E-03  0.4651712E-04
 0.6910000E+02  0.2533797E-03  0.4623944E-04
 0.6920000E+02  0.2560454E-03  0.4597734E-04
 0.6930000E+02  0.2586952E-03  0.4573147E-04
 0.6940000E+02  0.2613286E-03  0.4550245E-04
 0.6950000E+02  0.2639452E-03  0.4529093E-04
 0.6960000E+02  0.2665444E-03  0.4509756E-04
 0.6970000E+02  0.2691257E-03  0.4492295E-04
 0.6980000E+02  0.2716886E-03  0.4476774E-04
 0.6990000E+02  0.2742326E-03  0.4463255E-04
 0.7000000E+02  0.2767572E-03  0.4451799E-04
 0.7010000E+02  0.2792620E-03  0.4442469E-04
 0.7020000E+02  0.2817465E-03  0.4435324E-04
 0.7030000E+02  0.2842103E-03  0.4430426E-04
 0.7040000E+02  0.2866528E-03  0.4427833E-04
 0.7050000E+02  0.2890737E-03  0.4427606E-04
 0.7060000E+02  0.2914725E-03  0.4429802E-04
 0.7070000E+02  0.2938489E-03  0.4434479E-04
 0.7080000E+02  0.2962023E-03  0.4441696E-04
 0.7090000E+02  0.2985324E-03  0.4451508E-04
 0.7100000E+02  0.3008388E-03  0.4463972E-04
 0.7110000E+02  0.3031211E-03  0.4479143E-04
 0.7120000E+02  0.3053789E-03  0.4497076E-04
 0.7130000E+02  0.3076119E-03  0.4517825E-04
 0.7140000E+02  0.3098197E-03  0.4541443E-04
 0.7150000E+02  0.3120019E-03  0.4567983E-04
 0.7160000E+02  0.3141582E-03  0.4597496E-04
 0.7170000E+02  0.3162883E-03  0.4630034E-04
 0.7180000E+02  0.3183917E-03  0.4665647E-04
 0.7190000E+02  0.3204683E-03  0.4704384E-04
 0.7200000E+02  0.3225177E-03  0.4746295E-04
 0.7210000E+02  0.3245396E-03  0.4791426E-04
 0.7220000E+02  0.3265337E-03  0.4839825E-04
 0.7230000E+02  0.3284998E-03  0.4891539E-04
 0.7240000E+02  0.3304375E-03  0.4946612E-04
 0.7250000E+02  0.3323465E-03  0.5005090E-04
 0.7260000E+02  0.3342267E-03  0.5067015E-04
 0.7270000E+02  0.3360778E-03  0.5132431E-04
 0.7280000E+02  0.3378995E-03  0.5201380E-04
 0.7290000E+02  0.3396916E-03  0.5273903E-04
 0.7300000E+02  0.3414539E-03  0.5350039E-04
 0.7310000E+02  0.3431861E-03  0.5429828E-04
 0.7320000E+02  0.3448881E-03  0.5513308E-04
 0.7330000E+02  0.3465597E-03  0.5600517E-04
 0.7340000E+02  0.3482007E-03  0.5691491E-04
 0.7350000E+02  0.3498108E-03  0.5786265E-04
 0.7360000E+02  0.3513900E-03  0.5884875E-04
 0.7370000E+02  0.3529380E-03  0.5987353E-04
 0.7380000E+02  0.3544547E-03  0.6093733E-04
 0.7390000E+02  0.3559400E-03  0.6204045E-04
 0.7400000E+02  0.3573937E-03  0.6318321E-04
 0.7410000E+02  0.3588157E-03  0.6436591E-04
 0.7420000E+02  0.3602058E-03  0.6558883E-04
 0.7430000E+02  0.3615640E-03  0.6685225E-04
 0.7440000E+02  0.3628901E-03  0.6815643E-04
 0.7450000E+02  0.3641841E-03  0.6950165E-04
 0.7460000E+02  0.3654458E-03  0.7088814E-04
 0.7470000E+02  0.3666751E-03  0.7231614E-04
 0.7480000E+02  0.3678721E-03  0.7378589E-04
 0.7490000E+02  0.3690366E-03  0.7529759E-04
 0.7500000E+02  0.3701685E-03  0.7685147E-04
 0.7510000E+02  0.3712679E-03  0.7844771E-04
 0.7520000E+02  0.3723346E-03  0.8008651E-04
 0.7530000E+02  0.3733686E-03  0.8176805E-04
 0.7540000E+02  0.3743700E-03  0.8349249E-04
 0.7550000E+02  0.3753386E-03  0.8526000E-04
 0.7560000E+02  0.3762745E-03  0.8707072E-04
 0.7570000E+02  0.3771776E-03  0.8892479E-04
 0.7580000E+02  0.3780480E-03  0.9082234E-04
 0.7590000E+02  0.3788856E-03  0.9276349E-04
 0.7600000E+02  0.3796905E-03  0.9474835E-04
 0.7610000E+02  0.3804626E-03  0.9677702E-04
 0.7620000E+02  0.3812021E-03  0.9884959E-04
 0.7630000E+02  0.3819089E-03  0.1009661E-03
 0.7640000E+02  0.3825832E-03  0.1031267E-03
 0.7650000E+02  0.3832248E-03  0.1053314E-03
 0.7660000E+02  0.3838339E-03  0.1075803E-03
 0.7670000E+02  0.3844106E-03  0.1098733E-03
 0.7680000E+02  0.3849548E-03  0.1122106E-03
 0.7690000E+02  0.3854668E-03  0.1145922E-03
 0.7700000E+02  0.3859464E-03  0.1170180E-03
 0.7710000E+02  0.3863940E-03  0.1194880E-03
 0.7720000E+02  0.3868094E-03  0.1220023E-03
 0.7730000E+02  0.3871929E-03  0.1245609E-03
 0.7740000E+02  0.3875445E-03  0.1271636E-03
 0.7750000E+02  0.3878643E-03  0.1298106E-03
 0.7760000E+02  0.3881524E-03  0.1325017E-03
 0.7770000E+02  0.3884090E-03  0.1352368E-03
 0.7780000E+02  0.3886342E-03  0.1380160E-03
 0.7790000E+02  0.3888281E-03  0.1408391E-03
 0.7800000E+02  0.3889909E-03  0.1437060E-03
 0.7810000E+02  0.3891226E-03  0.1466168E-03
 0.7820000E+02  0.3892234E-03  0.1495712E-03
 0.7830000E+02  0.3892936E-03  0.1525691E-03
 0.7840000E+02  0.3893331E-03  0.1556105E-03
 0.7850000E+02  0.3893422E-03  0.1586953E-03
 0.7860000E+02  0.3893211E-03  0.1618232E-03
 0.7870000E+02  0.3892699E-03  0.1649941E-03
 0.7880000E+02  0.3891888E-03  0.1682079E-03
 0.7890000E+02  0.3890779E-03  0.1714645E-03
 0.7900000E+02  0.3889375E-03  0.1747636E-03
 0.7910000E+02  0.3887677E-03  0.1781051E-03
 0.7920000E+02  0.3885688E-03  0.1814887E-03
 0.7930000E+02  0.3883408E-03  0.1849144E-03
 0.7940000E+02  0.3880841E-03  0.1883819E-03
 0.7950000E+02  0.3877988E-03  0.1918910E-03
 0.7960000E+02  0.3874850E-03  0.1954414E-03
 0.7970000E+02  0.3871432E-03  0.1990330E-03
 0.7980000E+02  0.3867733E-03  0.2026655E-03
 0.7990000E+02  0.3863757E-03  0.2063386E-03
 0.8000000E+02  0.3859506E-03  0.2100522E-03
 0.8010000E+02  0.3854981E-03  0.2138060E-03
 0.8020000E+02  0.3850186E-03  0.2175997E-03
 0.8030000E+02  0.3845123E-03  0.2214330E-03
 0.8040000E+02  0.3839793E-03  0.2253057E-03
 0.8050000E+02  0.3834199E-03  0.2292174E-03
 0.8060000E+02  0.3828344E-03  0.2331680E-03
 0.8070000E+02  0.3822230E-03  0.2371570E-03
 0.8080000E+02  0.3815859E-03  0.2411842E-03
 0.8090000E+02  0.3809234E-03  0.2452493E-03
 0.8100000E+02  0.3802358E-03  0.2493519E-03
 0.8110000E+02  0.3795232E-03  0.2534918E-03
 0.8120000E+02  0.3787860E-03  0.2576686E-03
 0.8130000E+02  0.3780244E-03  0.2618819E-03
 0.8140000E+02  0.3772386E-03  0.2661314E-03
 0.8150000E+02  0.3764289E-03  0.2704169E-03
 0.8160000E+02  0.3755956E-03  0.2747378E-03
 0.8170000E+02  0.3747390E-03  0.2790939E-03
 0.8180000E+02  0.3738592E-03  0.2834847E-03
 0.8190000E+02  0.3729567E-03  0.2879100E-03
 0.8200000E+02  0.3720315E-03  0.2923694E-03
 0.8210000E+02  0.3710841E-03  0.2968623E-03
 0.8220000E+02  0.3701147E-03  0.3013886E-03
 0.8230000E+02  0.3691236E-03  0.3059477E-03
 0.8240000E+02  0.3681110E-03  0.3105393E-03
 0.8250000E+02  0.3670772E-03  0.3151629E-03
 0.8260000E+02  0.3660225E-03  0.3198182E-03
 0.8270000E+02  0.3649472E-03  0.3245048E-03
 0.8280000E+02  0.3638516E-03  0.3292222E-03
 0.8290000E+02  0.3627359E-03  0.3339700E-03
 0.8300000E+02  0.3616004E-03  0.3387477E-03
 0.8310000E+02  0.3604455E-03  0.3435550E-03
 0.8320000E+02  0.3592713E-03  0.3483915E-03
 0.8330000E+02  0.3580783E-03  0.3532565E-03
 0.8340000E+02  0.3568666E-03  0.3581498E-03
 0.8350000E+02  0.3556365E-03  0.3630709E-03
 0.8360000E+02  0.3543884E-03  0.3680193E-03
 0.8370000E+02  0.3531226E-03  0.3729946E-03
 0.8380000E+02  0.3518392E-03  0.3779962E-03
 0.8390000E+02  0.3505387E-03  0.3830238E-03
 0.8400000E+02  0.3492213E-03  0.3880769E-03
 0.8410000E+02  0.3478873E-03  0.3931550E-03
 0.8420000E+02  0.3465370E-03  0.3982576E-03
 0.8430000E+02  0.3451706E-03  0.4033843E-03
 0.8440000E+02  0.3437885E-03  0.4085346E-03
 0.8450000E+02  0.3423910E-03  0.4137079E-03
 0.8460000E+02  0.3409783E-03  0.4189039E-03
 0.8470000E+02  0.3395508E-03  0.4241219E-03
 0.8480000E+02  0.3381087E-03  0.4293616E-03
 0.8490000E+02  0.3366523E-03  0.4346225E-03
 0.8500000E+02  0.3351820E-03  0.4399039E-03
 0.8510000E+02  0.3336979E-03  0.4452056E-03
 0.8520000E+02  0.3322005E-03  0.4505268E-03
 0.8530000E+02  0.3306899E-03  0.4558672E-03
 0.8540000E+02  0.3291665E-03  0.4612262E-03
 0.8550000E+02  0.3276306E-03  0.4666034E-03
 0.8560000E+02  0.3260824E-03  0.4719982E-03
 0.8570000E+02  0.3245222E-03  0.4774101E-03
 0.8580000E+02  0.3229504E-03  0.4828386E-03
 0.8590000E+02  0.3213672E-03  0.4882832E-03
 0.8600000E+02  0.3197728E-03  0.4937434E-03
 0.8610000E+02  0.3181677E-03  0.4992186E-03
 0.8620000E+02  0.3165520E-03  0.5047084E-03
 0.8630000E+02  0.3149261E-03  0.5102122E-03
 0.8640000E+02  0.3132902E-03  0.5157295E-03
 0.8650000E+02  0.3116446E-03  0.5212598E-03
 0.8660000E+02  0.3099895E-03  0.5268025E-03
 0.8670000E+02  0.3083254E-03  0.5323572E-03
 0.8680000E+02  0.3066524E-03  0.5379233E-03
 0.8690000E+02  0.3049708E-03  0.5435004E-03
 0.8700000E+02  0.3032809E-03  0.5490878E-03
 0.8710000E+02  0.3015830E-03  0.5546851E-03
 0.8720000E+02  0.2998774E-03  0.5602917E-03
 0.8730000E+02  0.2981642E-03  0.5659071E-03
 0.8740000E+02  0.2964439E-03  0.5715308E-03
 0.8750000E+02  0.2947166E-03  0.5771622E-03
 0.8760000E+02  0.2929826E-03  0.5828009E-03
 0.8770000E+02  0.2912422E-03  0.5884463E-03
 0.8780000E+02  0.2894957E-03  0.5940979E-03
 0.8790000E+02  0.2877433E-03  0.5997552E-03
 0.8800000E+02  0.2859853E-03  0.6054176E-03
 0.8810000E+02  0.2842219E-03  0.6110847E-03
 0.8820000E+02  0.2824534E-03  0.6167559E-03
 0.8830000E+02  0.2806801E-03  0.6224306E-03
 0.8840000E+02  0.2789022E-03  0.6281084E-03
 0.8850000E+02  0.2771199E-03  0.6337888E-03
 0.8860000E+02  0.2753336E-03  0.6394712E-03
 0.8870000E+02  0.2735434E-03  0.6451551E-03
 0.8880000E+02  0.2717497E-03  0.6508400E-03
 0.8890000E+02  0.2699526E-03  0.6565254E-03
 0.8900000E+02  0.2681524E-03  0.6622108E-03
 0.8910000E+02  0.2663494E-03  0.6678957E-03
 0.8920000E+02  0.2645438E-03  0.6735794E-03
 0.8930000E+02  0.2627358E-03  0.6792617E-03
 0.8940000E+02  0.2609257E-03  0.6849419E-03
 0.8950000E+02  0.2591136E-03  0.6906195E-03
 0.8960000E+02  0.2572999E-03  0.6962940E-03
 0.8970000E+02  0.2554848E-03  0.7019650E-03
 0.8980000E+02  0.2536685E-03  0.7076319E-03
 0.8990000E+02  0.2518512E-03  0.7132942E-03
 0.9000000E+02  0.2500332E-03  0.7189515E-03
 0.9010000E+02  0.2482146E-03  0.7246032E-03
 0.9020000E+02  0.2463957E-03  0.7302489E-03
 0.9030000E+02  0.2445768E-03  0.7358880E-03
 0.9040000E+02  0.2427579E-03  0.7415201E-03
 0.9050000E+02  0.2409395E-03  0.7471447E-03
 0.9060000E+02  0.2391215E-03  0.7527614E-03
 0.9070000E+02  0.2373044E-03  0.7583695E-03
 0.9080000E+02  0.2354882E-03  0.7639688E-03
 0.9090000E+02  0.2336732E-03  0.7695586E-03
 0.9100000E+02  0.2318596E-03  0.7751385E-03
 0.9110000E+02  0.2300475E-03  0.7807081E-03
 0.9120000E+02  0.2282373E-03  0.7862669E-03
 0.9130000E+02  0.2264290E-03  0.7918144E-03
 0.9140000E+02  0.2246230E-03  0.7973501E-03
 0.9150000E+02  0.2228193E-03  0.8028737E-03
 0.9160000E+02  0.2210181E-03  0.8083846E-03
 0.9170000E+02  0.2192197E-03  0.8138824E-03
 0.9180000E+02  0.2174242E-03  0.8193667E-03
 0.9190000E+02  0.2156319E-03  0.8248371E-03
 0.9200000E+02  0.2138428E-03  0.8302930E-03
 0.9210000E+02  0.2120572E-03  0.8357340E-03
 0.9220000E+02  0.2102753E-03  0.8411598E-03
 0.9230000E+02  0.2084972E-03  0.8465698E-03
 0.9240000E+02  0.2067231E-03  0.8519637E-03
 0.9250000E+02  0.2049531E-03  0.8573411E-03
 0.9260000E+02  0.2031875E-03  0.8627014E-03
 0.9270000E+02  0.2014264E-03  0.8680444E-03
 0.9280000E+02  0.1996699E-03  0.8733696E-03
 0.9290000E+02  0.1979182E-03  0.8786766E-03
 0.9300000E+02  0.1961715E-03  0.8839649E-03
 0.9310000E+02  0.1944300E-03  0.8892343E-03
 0.9320000E+02  0.1926937E-03  0.8944842E-03
 0.9330000E+02  0.1909628E-03  0.8997144E-03
 0.9340000E+02  0.1892375E-03  0.9049244E-03
 0.9350000E+02  0.1875179E-03  0.9101138E-03
 0.9360000E+02  0.1858042E-03  0.9152823E-03
 0.9370000E+02  0.1840965E-03  0.9204295E-03
 0.9380000E+02  0.1823949E-03  0.9255550E-03
 0.9390000E+02  0.1806996E-03  0.9306584E-03
 0.9400000E+02  0.1790107E-03  0.9357395E-03
 0.9410000E+02  0.1773283E-03  0.9407978E-03
 0.9420000E+02  0.1756526E-03  0.9458329E-03
 0.9430000E+02  0.1739836E-03  0.9508447E-03
 0.9440000E+02  0.1723216E-03  0.9558326E-03
 0.9450000E+02  0.1706666E-03  0.9607964E-03
 0.9460000E+02  0.1690187E-03  0.9657357E-03
 0.9470000E+02  0.1673781E-03  0.9706502E-03
 0.9480000E+02  0.1657449E-03  0.9755396E-03
 0.9490000E+02  0.1641191E-03  0.9804035E-03
 0.9500000E+02  0.1625009E-03  0.9852417E-03
 0.9510000E+02  0.1608904E-03  0.9900538E-03
 0.9520000E+02  0.1592878E-03  0.9948396E-03
 0.9530000E+02  0.1576930E-03  0.9995986E-03
 0.9540000E+02  0.1561062E-03  0.1004331E-02
 0.9550000E+02  0.1545275E-03  0.1009036E-02
 0.9560000E+02  0.1529570E-03  0.1013713E-02
 0.9570000E+02  0.1513947E-03  0.1018362E-02
 0.9580000E+02  0.1498408E-03  0.1022984E-02
 0.9590000E+02  0.1482954E-03  0.1027577E-02
 0.9600000E+02  0.1467585E-03  0.1032141E-02
 0.9610000E+02  0.1452302E-03  0.1036676E-02
 0.9620000E+02  0.1437106E-03  0.1041183E-02
 0.9630000E+02  0.1421998E-03  0.1045660E-02
 0.9640000E+02  0.1406978E-03  0.1050107E-02
 0.9650000E+02  0.1392047E-03  0.1054524E-02
 0.9660000E+02  0.1377206E-03  0.1058911E-02
 0.9670000E+02  0.1362456E-03  0.1063268E-02
 0.9680000E+02  0.1347797E-03  0.1067594E-02
 0.9690000E+02  0.1333230E-03  0.1071890E-02
 0.9700000E+02  0.1318755E-03  0.1076154E-02
 0.9710000E+02  0.1304373E-03  0.1080387E-02
 0.9720000E+02  0.1290085E-03  0.1084589E-02
 0.9730000E+02  0.1275891E-03  0.1088759E-02
 0.9740000E+02  0.1261791E-03  0.1092897E-02
 0.9750000E+02  0.1247787E-03  0.1097003E-02
 0.9760000E+02  0.1233878E-03  0.1101077E-02
 0.9770000E+02  0.1220065E-03  0.1105118E-02
 0.9780000E+02  0.1206349E-03  0.1109127E-02
 0.9790000E+02  0.1192729E-03  0.1113103E-02
 0.9800000E+02  0.1179207E-03  0.1117047E-02
 0.9810000E+02  0.1165783E-03  0.1120957E-02
 0.9820000E+02  0.1152456E-03  0.1124834E-02
 0.9830000E+02  0.1139228E-03  0.1128677E-02
 0.9840000E+02  0.1126098E-03  0.1132487E-02
 0.9850000E+02  0.1113068E-03  0.1136264E-02
 0.9860000E+02  0.1100136E-03  0.1140006E-02
 0.9870000E+02  0.1087304E-03  0.1143715E-02
 0.9880000E+02  0.1074572E-03  0.1147389E-02
 0.9890000E+02  0.1061940E-03  0.1151030E-02
 0.9900000E+02  0.1049407E-03  0.1154636E-02
 0.9910000E+02  0.1036975E-03  0.1158208E-02
 0.9920000E+02  0.1024643E-03  0.1161745E-02
 0.9930000E+02  0.1012412E-03  0.1165247E-02
 0.9940000E+02  0.1000281E-03  0.1168715E-02
 0.9950000E+02  0.9882510E-04  0.1172148E-02
 0.9960000E+02  0.9763218E-04  0.1175546E-02
 0.9970000E+02  0.9644935E-04  0.1178910E-02
 0.9980000E+02  0.9527660E-04  0.1182238E-02
 0.9990000E+02  0.9411394E-04  0.1185531E-02
 0.1000000E+03  0.9296138E-04  0.1188789E-02
