 0.1000000E+00  0.1346484E+01 -0.3739913E+01
 0.1100000E+00  0.1309532E+01 -0.3650809E+01
 0.1200000E+00  0.1273461E+01 -0.3563643E+01
 0.1300000E+00  0.1238252E+01 -0.3478373E+01
 0.1400000E+00  0.1203887E+01 -0.3394960E+01
 0.1500000E+00  0.1170347E+01 -0.3313365E+01
 0.1600000E+00  0.1137614E+01 -0.3233550E+01
 0.1700000E+00  0.1105670E+01 -0.3155478E+01
 0.1800000E+00  0.1074499E+01 -0.3079112E+01
 0.1900000E+00  0.1044083E+01 -0.3004417E+01
 0.2000000E+00  0.1014405E+01 -0.2931356E+01
 0.2100000E+00  0.9854501E+00 -0.2859897E+01
 0.2200000E+00  0.9572019E+00 -0.2790006E+01
 0.2300000E+00  0.9296449E+00 -0.2721649E+01
 0.2400000E+00  0.9027639E+00 -0.2654794E+01
 0.2500000E+00  0.8765441E+00 -0.2589410E+01
 0.2600000E+00  0.8509709E+00 -0.2525466E+01
 0.2700000E+00  0.8260301E+00 -0.2462931E+01
 0.2800000E+00  0.8017077E+00 -0.2401776E+01
 0.2900000E+00  0.7779901E+00 -0.2341972E+01
 0.3000000E+00  0.7548639E+00 -0.2283490E+01
 0.3100000E+00  0.7323160E+00 -0.2226303E+01
 0.3200000E+00  0.7103336E+00 -0.2170383E+01
 0.3300000E+00  0.6889042E+00 -0.2115704E+01
 0.3400000E+00  0.6680154E+00 -0.2062239E+01
 0.3500000E+00  0.6476554E+00 -0.2009962E+01
 0.3600000E+00  0.6278123E+00 -0.1958849E+01
 0.3700000E+00  0.6084746E+00 -0.1908875E+01
 0.3800000E+00  0.5896311E+00 -0.1860016E+01
 0.3900000E+00  0.5712707E+00 -0.1812248E+01
 0.4000000E+00  0.5533826E+00 -0.1765548E+01
 0.4100000E+00  0.5359562E+00 -0.1719894E+01
 0.4200000E+00  0.5189813E+00 -0.1675263E+01
 0.4300000E+00  0.5024476E+00 -0.1631634E+01
 0.4400000E+00  0.4863453E+00 -0.1588986E+01
 0.4500000E+00  0.4706647E+00 -0.1547297E+01
 0.4600000E+00  0.4553963E+00 -0.1506547E+01
 0.4700000E+00  0.4405307E+00 -0.1466717E+01
 0.4800000E+00  0.4260589E+00 -0.1427786E+01
 0.4900000E+00  0.4119721E+00 -0.1389737E+01
 0.5000000E+00  0.3982613E+00 -0.1352549E+01
 0.5100000E+00  0.3849183E+00 -0.1316204E+01
 0.5200000E+00  0.3719345E+00 -0.1280685E+01
 0.5300000E+00  0.3593019E+00 -0.1245974E+01
 0.5400000E+00  0.3470124E+00 -0.1212054E+01
 0.5500000E+00  0.3350582E+00 -0.1178908E+01
 0.5600000E+00  0.3234317E+00 -0.1146519E+01
 0.5700000E+00  0.3121254E+00 -0.1114871E+01
 0.5800000E+00  0.3011319E+00 -0.1083949E+01
 0.5900000E+00  0.2904440E+00 -0.1053736E+01
 0.6000000E+00  0.2800548E+00 -0.1024218E+01
 0.6100000E+00  0.2699574E+00 -0.9953793E+00
 0.6200000E+00  0.2601450E+00 -0.9672059E+00
 0.6300000E+00  0.2506111E+00 -0.9396833E+00
 0.6400000E+00  0.2413492E+00 -0.9127977E+00
 0.6500000E+00  0.2323531E+00 -0.8865352E+00
 0.6600000E+00  0.2236165E+00 -0.8608825E+00
 0.6700000E+00  0.2151334E+00 -0.8358264E+00
 0.6800000E+00  0.2068980E+00 -0.8113542E+00
 0.6900000E+00  0.1989044E+00 -0.7874533E+00
 0.7000000E+00  0.1911471E+00 -0.7641112E+00
 0.7100000E+00  0.1836204E+00 -0.7413161E+00
 0.7200000E+00  0.1763190E+00 -0.7190559E+00
 0.7300000E+00  0.1692375E+00 -0.6973193E+00
 0.7400000E+00  0.1623709E+00 -0.6760948E+00
 0.7500000E+00  0.1557140E+00 -0.6553714E+00
 0.7600000E+00  0.1492618E+00 -0.6351383E+00
 0.7700000E+00  0.1430096E+00 -0.6153847E+00
 0.7800000E+00  0.1369526E+00 -0.5961004E+00
 0.7900000E+00  0.1310861E+00 -0.5772750E+00
 0.8000000E+00  0.1254056E+00 -0.5588987E+00
 0.8100000E+00  0.1199066E+00 -0.5409617E+00
 0.8200000E+00  0.1145849E+00 -0.5234543E+00
 0.8300000E+00  0.1094361E+00 -0.5063673E+00
 0.8400000E+00  0.1044562E+00 -0.4896915E+00
 0.8500000E+00  0.9964097E-01 -0.4734179E+00
 0.8600000E+00  0.9498652E-01 -0.4575377E+00
 0.8700000E+00  0.9048894E-01 -0.4420423E+00
 0.8800000E+00  0.8614442E-01 -0.4269233E+00
 0.8900000E+00  0.8194924E-01 -0.4121724E+00
 0.9000000E+00  0.7789977E-01 -0.3977817E+00
 0.9100000E+00  0.7399244E-01 -0.3837431E+00
 0.9200000E+00  0.7022376E-01 -0.3700489E+00
 0.9300000E+00  0.6659034E-01 -0.3566916E+00
 0.9400000E+00  0.6308883E-01 -0.3436637E+00
 0.9500000E+00  0.5971599E-01 -0.3309581E+00
 0.9600000E+00  0.5646862E-01 -0.3185675E+00
 0.9700000E+00  0.5334361E-01 -0.3064850E+00
 0.9800000E+00  0.5033792E-01 -0.2947039E+00
 0.9900000E+00  0.4744855E-01 -0.2832174E+00
 0.1000000E+01  0.4467261E-01 -0.2720190E+00
 0.1010000E+01  0.4200723E-01 -0.2611024E+00
 0.1020000E+01  0.3944964E-01 -0.2504613E+00
 0.1030000E+01  0.3699711E-01 -0.2400895E+00
 0.1040000E+01  0.3464697E-01 -0.2299811E+00
 0.1050000E+01  0.3239663E-01 -0.2201302E+00
 0.1060000E+01  0.3024353E-01 -0.2105310E+00
 0.1070000E+01  0.2818519E-01 -0.2011780E+00
 0.1080000E+01  0.2621917E-01 -0.1920656E+00
 0.1090000E+01  0.2434309E-01 -0.1831885E+00
 0.1100000E+01  0.2255463E-01 -0.1745414E+00
 0.1110000E+01  0.2085152E-01 -0.1661191E+00
 0.1120000E+01  0.1923152E-01 -0.1579166E+00
 0.1130000E+01  0.1769247E-01 -0.1499289E+00
 0.1140000E+01  0.1623224E-01 -0.1421512E+00
 0.1150000E+01  0.1484876E-01 -0.1345788E+00
 0.1160000E+01  0.1354000E-01 -0.1272070E+00
 0.1170000E+01  0.1230397E-01 -0.1200313E+00
 0.1180000E+01  0.1113873E-01 -0.1130473E+00
 0.1190000E+01  0.1004240E-01 -0.1062505E+00
 0.1200000E+01  0.9013110E-02 -0.9963683E-01
 0.1210000E+01  0.8049063E-02 -0.9320204E-01
 0.1220000E+01  0.7148486E-02 -0.8694208E-01
 0.1230000E+01  0.6309652E-02 -0.8085295E-01
 0.1240000E+01  0.5530871E-02 -0.7493076E-01
 0.1250000E+01  0.4810493E-02 -0.6917168E-01
 0.1260000E+01  0.4146906E-02 -0.6357200E-01
 0.1270000E+01  0.3538534E-02 -0.5812803E-01
 0.1280000E+01  0.2983838E-02 -0.5283622E-01
 0.1290000E+01  0.2481314E-02 -0.4769306E-01
 0.1300000E+01  0.2029493E-02 -0.4269513E-01
 0.1310000E+01  0.1626939E-02 -0.3783906E-01
 0.1320000E+01  0.1272250E-02 -0.3312159E-01
 0.1330000E+01  0.9640559E-03 -0.2853949E-01
 0.1340000E+01  0.7010192E-03 -0.2408964E-01
 0.1350000E+01  0.4818326E-03 -0.1976895E-01
 0.1360000E+01  0.3052197E-03 -0.1557442E-01
 0.1370000E+01  0.1699335E-03 -0.1150311E-01
 0.1380000E+01  0.7475630E-04 -0.7552139E-02
 0.1390000E+01  0.1849894E-04 -0.3718688E-02
 0.1400000E+01  0.2541167E-17 -0.1364279E-08
 0.1410000E+01  0.1812536E-04  0.3606617E-02
 0.1420000E+01  0.7176757E-04  0.7103805E-02
 0.1430000E+01  0.1598453E-03  0.1049414E-01
 0.1440000E+01  0.2813027E-03  0.1378016E-01
 0.1450000E+01  0.4351090E-03  0.1696432E-01
 0.1460000E+01  0.6202577E-03  0.2004905E-01
 0.1470000E+01  0.8357663E-03  0.2303670E-01
 0.1480000E+01  0.1080676E-02  0.2592960E-01
 0.1490000E+01  0.1354050E-02  0.2873000E-01
 0.1500000E+01  0.1654975E-02  0.3144012E-01
 0.1510000E+01  0.1982559E-02  0.3406212E-01
 0.1520000E+01  0.2335931E-02  0.3659812E-01
 0.1530000E+01  0.2714241E-02  0.3905020E-01
 0.1540000E+01  0.3116662E-02  0.4142038E-01
 0.1550000E+01  0.3542382E-02  0.4371064E-01
 0.1560000E+01  0.3990614E-02  0.4592292E-01
 0.1570000E+01  0.4460587E-02  0.4805912E-01
 0.1580000E+01  0.4951550E-02  0.5012110E-01
 0.1590000E+01  0.5462768E-02  0.5211066E-01
 0.1600000E+01  0.5993527E-02  0.5402959E-01
 0.1610000E+01  0.6543130E-02  0.5587961E-01
 0.1620000E+01  0.7110896E-02  0.5766243E-01
 0.1630000E+01  0.7696160E-02  0.5937971E-01
 0.1640000E+01  0.8298277E-02  0.6103306E-01
 0.1650000E+01  0.8916614E-02  0.6262408E-01
 0.1660000E+01  0.9550556E-02  0.6415432E-01
 0.1670000E+01  0.1019950E-01  0.6562530E-01
 0.1680000E+01  0.1086287E-01  0.6703850E-01
 0.1690000E+01  0.1154008E-01  0.6839537E-01
 0.1700000E+01  0.1223059E-01  0.6969733E-01
 0.1710000E+01  0.1293385E-01  0.7094578E-01
 0.1720000E+01  0.1364933E-01  0.7214206E-01
 0.1730000E+01  0.1437652E-01  0.7328750E-01
 0.1740000E+01  0.1511492E-01  0.7438341E-01
 0.1750000E+01  0.1586403E-01  0.7543105E-01
 0.1760000E+01  0.1662338E-01  0.7643166E-01
 0.1770000E+01  0.1739251E-01  0.7738645E-01
 0.1780000E+01  0.1817096E-01  0.7829661E-01
 0.1790000E+01  0.1895830E-01  0.7916329E-01
 0.1800000E+01  0.1975409E-01  0.7998763E-01
 0.1810000E+01  0.2055791E-01  0.8077074E-01
 0.1820000E+01  0.2136937E-01  0.8151370E-01
 0.1830000E+01  0.2218806E-01  0.8221756E-01
 0.1840000E+01  0.2301359E-01  0.8288336E-01
 0.1850000E+01  0.2384560E-01  0.8351211E-01
 0.1860000E+01  0.2468372E-01  0.8410480E-01
 0.1870000E+01  0.2552758E-01  0.8466240E-01
 0.1880000E+01  0.2637685E-01  0.8518584E-01
 0.1890000E+01  0.2723119E-01  0.8567604E-01
 0.1900000E+01  0.2809026E-01  0.8613392E-01
 0.1910000E+01  0.2895376E-01  0.8656035E-01
 0.1920000E+01  0.2982137E-01  0.8695619E-01
 0.1930000E+01  0.3069279E-01  0.8732228E-01
 0.1940000E+01  0.3156772E-01  0.8765944E-01
 0.1950000E+01  0.3244588E-01  0.8796848E-01
 0.1960000E+01  0.3332700E-01  0.8825018E-01
 0.1970000E+01  0.3421080E-01  0.8850530E-01
 0.1980000E+01  0.3509702E-01  0.8873460E-01
 0.1990000E+01  0.3598540E-01  0.8893880E-01
 0.2000000E+01  0.3687571E-01  0.8911863E-01
 0.2010000E+01  0.3776770E-01  0.8927477E-01
 0.2020000E+01  0.3866113E-01  0.8940791E-01
 0.2030000E+01  0.3955578E-01  0.8951872E-01
 0.2040000E+01  0.4045143E-01  0.8960784E-01
 0.2050000E+01  0.4134787E-01  0.8967592E-01
 0.2060000E+01  0.4224488E-01  0.8972356E-01
 0.2070000E+01  0.4314227E-01  0.8975139E-01
 0.2080000E+01  0.4403985E-01  0.8975998E-01
 0.2090000E+01  0.4493741E-01  0.8974992E-01
 0.2100000E+01  0.4583478E-01  0.8972177E-01
 0.2110000E+01  0.4673179E-01  0.8967608E-01
 0.2120000E+01  0.4762825E-01  0.8961340E-01
 0.2130000E+01  0.4852400E-01  0.8953424E-01
 0.2140000E+01  0.4941888E-01  0.8943911E-01
 0.2150000E+01  0.5031273E-01  0.8932853E-01
 0.2160000E+01  0.5120540E-01  0.8920297E-01
 0.2170000E+01  0.5209674E-01  0.8906291E-01
 0.2180000E+01  0.5298661E-01  0.8890883E-01
 0.2190000E+01  0.5387487E-01  0.8874117E-01
 0.2200000E+01  0.5476139E-01  0.8856038E-01
 0.2210000E+01  0.5564604E-01  0.8836688E-01
 0.2220000E+01  0.5652869E-01  0.8816111E-01
 0.2230000E+01  0.5740922E-01  0.8794348E-01
 0.2240000E+01  0.5828752E-01  0.8771438E-01
 0.2250000E+01  0.5916347E-01  0.8747421E-01
 0.2260000E+01  0.6003697E-01  0.8722335E-01
 0.2270000E+01  0.6090790E-01  0.8696218E-01
 0.2280000E+01  0.6177618E-01  0.8669106E-01
 0.2290000E+01  0.6264169E-01  0.8641034E-01
 0.2300000E+01  0.6350435E-01  0.8612038E-01
 0.2310000E+01  0.6436407E-01  0.8582150E-01
 0.2320000E+01  0.6522076E-01  0.8551405E-01
 0.2330000E+01  0.6607432E-01  0.8519834E-01
 0.2340000E+01  0.6692470E-01  0.8487468E-01
 0.2350000E+01  0.6777179E-01  0.8454339E-01
 0.2360000E+01  0.6861554E-01  0.8420475E-01
 0.2370000E+01  0.6945586E-01  0.8385906E-01
 0.2380000E+01  0.7029270E-01  0.8350661E-01
 0.2390000E+01  0.7112597E-01  0.8314767E-01
 0.2400000E+01  0.7195563E-01  0.8278250E-01
 0.2410000E+01  0.7278160E-01  0.8241137E-01
 0.2420000E+01  0.7360384E-01  0.8203454E-01
 0.2430000E+01  0.7442228E-01  0.8165226E-01
 0.2440000E+01  0.7523687E-01  0.8126476E-01
 0.2450000E+01  0.7604756E-01  0.8087229E-01
 0.2460000E+01  0.7685430E-01  0.8047508E-01
 0.2470000E+01  0.7765704E-01  0.8007334E-01
 0.2480000E+01  0.7845575E-01  0.7966730E-01
 0.2490000E+01  0.7925037E-01  0.7925717E-01
 0.2500000E+01  0.8004088E-01  0.7884316E-01
 0.2510000E+01  0.8082723E-01  0.7842547E-01
 0.2520000E+01  0.8160938E-01  0.7800430E-01
 0.2530000E+01  0.8238730E-01  0.7757983E-01
 0.2540000E+01  0.8316096E-01  0.7715226E-01
 0.2550000E+01  0.8393034E-01  0.7672176E-01
 0.2560000E+01  0.8469539E-01  0.7628852E-01
 0.2570000E+01  0.8545610E-01  0.7585269E-01
 0.2580000E+01  0.8621243E-01  0.7541446E-01
 0.2590000E+01  0.8696438E-01  0.7497398E-01
 0.2600000E+01  0.8771191E-01  0.7453141E-01
 0.2610000E+01  0.8845500E-01  0.7408691E-01
 0.2620000E+01  0.8919364E-01  0.7364061E-01
 0.2630000E+01  0.8992781E-01  0.7319268E-01
 0.2640000E+01  0.9065749E-01  0.7274325E-01
 0.2650000E+01  0.9138267E-01  0.7229245E-01
 0.2660000E+01  0.9210333E-01  0.7184043E-01
 0.2670000E+01  0.9281947E-01  0.7138731E-01
 0.2680000E+01  0.9353108E-01  0.7093321E-01
 0.2690000E+01  0.9423813E-01  0.7047826E-01
 0.2700000E+01  0.9494064E-01  0.7002258E-01
 0.2710000E+01  0.9563858E-01  0.6956628E-01
 0.2720000E+01  0.9633196E-01  0.6910948E-01
 0.2730000E+01  0.9702077E-01  0.6865228E-01
 0.2740000E+01  0.9770501E-01  0.6819480E-01
 0.2750000E+01  0.9838467E-01  0.6773712E-01
 0.2760000E+01  0.9905975E-01  0.6727936E-01
 0.2770000E+01  0.9973025E-01  0.6682160E-01
 0.2780000E+01  0.1003962E+00  0.6636395E-01
 0.2790000E+01  0.1010575E+00  0.6590649E-01
 0.2800000E+01  0.1017143E+00  0.6544930E-01
 0.2810000E+01  0.1023665E+00  0.6499249E-01
 0.2820000E+01  0.1030142E+00  0.6453612E-01
 0.2830000E+01  0.1036572E+00  0.6408028E-01
 0.2840000E+01  0.1042958E+00  0.6362505E-01
 0.2850000E+01  0.1049297E+00  0.6317050E-01
 0.2860000E+01  0.1055592E+00  0.6271670E-01
 0.2870000E+01  0.1061841E+00  0.6226372E-01
 0.2880000E+01  0.1068045E+00  0.6181164E-01
 0.2890000E+01  0.1074203E+00  0.6136051E-01
 0.2900000E+01  0.1080317E+00  0.6091041E-01
 0.2910000E+01  0.1086385E+00  0.6046139E-01
 0.2920000E+01  0.1092409E+00  0.6001351E-01
 0.2930000E+01  0.1098388E+00  0.5956683E-01
 0.2940000E+01  0.1104322E+00  0.5912140E-01
 0.2950000E+01  0.1110212E+00  0.5867728E-01
 0.2960000E+01  0.1116058E+00  0.5823452E-01
 0.2970000E+01  0.1121859E+00  0.5779317E-01
 0.2980000E+01  0.1127617E+00  0.5735328E-01
 0.2990000E+01  0.1133330E+00  0.5691489E-01
 0.3000000E+01  0.1139000E+00  0.5647805E-01
 0.3010000E+01  0.1144626E+00  0.5604281E-01
 0.3020000E+01  0.1150208E+00  0.5560919E-01
 0.3030000E+01  0.1155748E+00  0.5517725E-01
 0.3040000E+01  0.1161244E+00  0.5474701E-01
 0.3050000E+01  0.1166697E+00  0.5431852E-01
 0.3060000E+01  0.1172108E+00  0.5389182E-01
 0.3070000E+01  0.1177475E+00  0.5346693E-01
 0.3080000E+01  0.1182801E+00  0.5304389E-01
 0.3090000E+01  0.1188084E+00  0.5262272E-01
