0.002 0.0002933487918793978 7.665206693363949 0.9793012769086239 8.644801319064452 
0.004 0.001136368910375074 7.664734507264267 0.9789038247480257 8.644774700922667 
0.006 0.002476356175602188 7.663959921913247 0.9782556496222171 8.644691927711067 
0.008 0.004264130295257197 7.66289247758753 0.9773656121106602 8.644522219993448 
0.01 0.006453831492553001 7.661541412019614 0.9762426175582173 8.644237861070383 
0.012 0.009002728833671802 7.659915672444091 0.974895587068124 8.643813988345887 
0.014 0.011871039462564608 7.658023927070047 0.9733334315662294 8.643228398098842 
0.016 0.015021758010592648 7.6558745760016045 0.9715650267734401 8.642461360785637 
0.018000000000000002 0.018420495508868175 7.653475761628754 0.9695991897827736 8.641495446920397 
0.020000000000000004 0.0220353271869694 7.650835378510896 0.9674446586739512 8.640315364371817 
0.022000000000000006 0.02583664858926181 7.647961082775119 0.9651100712422886 8.638907802606669 
0.024000000000000007 0.029797039489150967 7.6448603010516205 0.9626039474476634 8.637261287988435 
0.02600000000000001 0.033891135123085954 7.641540238967536 0.9599346746233528 8.635366048713975 
0.02800000000000001 0.03809550431451614 7.638007889220614 0.9571104918768125 8.633213885411942 
0.030000000000000013 0.04238853406807594 7.63427003925285 0.9541394783980579 8.630798051718983 
0.032000000000000015 0.04675032026708485 7.630333278546303 0.9510295367898933 8.62811313560328 
0.034000000000000016 0.051162564143749034 7.626204005557794 0.9477883890409555 8.625154958742499 
0.03600000000000002 0.055608474184189155 7.6218884343144975 0.9444235656654651 8.621920474164153 
0.03800000000000002 0.060072673194749154 7.617392600686186 0.9409423974732993 8.618407671354234 
0.04000000000000002 0.06454111026097979 7.612722368353102 0.9373520108203821 8.614615489434463 
0.04200000000000002 0.06900097732429528 7.60788343448642 0.9336593225798989 8.610543734390614 
0.044000000000000025 0.07344063015719936 7.602881335156267 0.9298710368864349 8.606193002199902 
0.04600000000000003 0.07784951353484412 7.597721450484199 0.9259936395117667 8.60156460353081 
0.04800000000000003 0.08221809036597051 7.592409009554437 0.922033401274791 8.596660501195199 
0.05000000000000003 0.08653777459799601 7.5869490950969665 0.9179963757224259 8.591483245417388 
0.05200000000000003 0.09080086781051869 7.5813466479565506 0.9138883833997439 8.586035899166813 
0.054000000000000034 0.09500049903010808 7.575606471363912 0.9097150589268225 8.580322029320842 
0.056000000000000036 0.09913056810794181 7.5697332350107365 0.9054817787215527 8.57434558184023 
0.05800000000000004 0.10318569203634664 7.563731478956196 0.9011937446589988 8.568110915651541 
0.06000000000000004 0.10716115409780144 7.5576056173561685 0.8968559246785095 8.56162269613248 
0.06200000000000004 0.11105285619921378 7.551359942041766 0.8924730838836987 8.554885882124678 
0.06400000000000004 0.11485727367121053 7.544998625948818 0.8880497832287773 8.547905682848805 
0.06600000000000004 0.11857141269778726 7.538525726408768 0.8835903831911769 8.540687522297732 
0.06800000000000005 0.12219277020490403 7.531945188309622 0.8790990474530387 8.533237005967564 
0.07000000000000005 0.1257192960843602 7.525260847134692 0.8745797494393996 8.525559892658451 
0.07200000000000005 0.1291493576508362 7.51847643188665 0.8700362746687059 8.517662064206192 
0.07400000000000005 0.1324817062237808 7.511595567903812 0.8654722271264835 8.509549501254076 
0.07600000000000005 0.13571544572764122 7.5046217795754195 0.8608910353412678 8.501228260644329 
0.07800000000000006 0.13885000321404034 7.497558492961369 0.8562959560198049 8.492704452195214 
0.08000000000000006 0.14188510120243236 7.4904090383227455 0.8516900812492854 8.483984220774463 
0.08200000000000006 0.14482073176487298 7.483176652568121 0.8470763412846939 8.475073725617687 
0.08400000000000006 0.14765713226274552 7.475864481620517 0.8424575135683811 8.465979127451643 
0.08600000000000006 0.15039476264224505 7.46847558270977 0.8378362260555181 8.456706571407533 
0.08800000000000006 0.15303428420698656 7.461012926594195 0.8332149626433181 8.4472621734445 
0.09000000000000007 0.15557653980520672 7.4534793997160875 0.8285960698612778 8.437652009382571 
0.09200000000000007 0.15802253534350266 7.445877806294044 0.8239817618069972 8.427882103444544 
0.09400000000000007 0.16037342255048936 7.4382108703559435 0.81937412533015 8.417958418236584 
0.09600000000000007 0.16263048296175178 7.430481237715478 0.8147751243382809 8.40788684501551 
0.09800000000000007 0.1647951129919268 7.422691477895434 0.8101866080971369 8.397673198984497 
0.10000000000000007 0.16686881007103993 7.4148440859997145 0.8056103128302351 8.38732320890099 
0.10200000000000008 0.16885315981470528 7.406941484537311 0.8010478687559781 8.376842513107995 
0.10400000000000008 0.17074982411171877 7.398986025199934 0.7965008040370667 8.36623665334872 
0.10600000000000008 0.17256053010717598 7.390979990595721 0.7919705502621586 8.355511070965054 
0.10800000000000008 0.17428706002118707 7.3829255959406455 0.7874584462892353 8.344671102251068 
0.11000000000000008 0.17593124175576452 7.374824990709555 0.7829657433444588 8.333721975809777 
0.11200000000000009 0.17749494024016965 7.366680260248305 0.7784936086606067 8.322668809149082 
0.11400000000000009 0.17898004947296928 7.358493427348629 0.7740431306223248 8.311516607443922 
0.11600000000000009 0.18038848521306974 7.350266453786892 0.7696153219580392 8.300270260958001 
0.11800000000000009 0.18172217828375775 7.342001241828059 0.7652111236070663 8.288934543718883 
0.12000000000000009 0.18298306844795958 7.333699635696041 0.7608314095182218 8.277514113662223 
0.1220000000000001 0.18417309882121416 7.325363423011394 0.7564769891634904 8.266013510996098 
0.1240000000000001 0.18529421078934613 7.3169943361972996 0.7521486110013406 8.254437157987986 
0.12600000000000008 0.18634833938992854 7.30859405385498 0.7478469669621018 8.242789360207011 
0.12800000000000009 0.1873374091384843 7.300164202108917 0.7435726941684594 8.231074305415861 
0.1300000000000001 0.18826333026423372 7.291706355923008 0.7393263787595868 8.219296064946828 
0.1320000000000001 0.18912799532497865 7.2832220403883685 0.735108559509787 8.207458595223134 
0.1340000000000001 0.18993327618481592 7.274712731983073 0.7309197279212528 8.195565736089142 
0.1360000000000001 0.19068102132451603 7.266179859805255 0.7267603343936546 8.183621215523425 
0.1380000000000001 0.19137305346036904 7.257624806779248 0.7226307881085584 8.171628648348175 
0.1400000000000001 0.19201116745360086 7.249048910836069 0.7185314603473313 8.159591538637 
0.1420000000000001 0.19259712848957244 7.240453466068613 0.7144626867332909 8.147513281291477 
0.1440000000000001 0.19313267050846894 7.231839723862022 0.7104247686876048 8.135397163058094 
0.1460000000000001 0.19361949486627397 7.223208894000052 0.7064179766330164 8.123246365499343 
0.1480000000000001 0.19405926921070865 7.214562145747735 0.7024425498986067 8.11106396485705 
0.1500000000000001 0.194453626558405 7.205900608911094 0.6984987009471225 8.098852936416622 
0.1520000000000001 0.19480416455489286 7.197225374874456 0.6945866146390794 8.086616154068428 
0.1540000000000001 0.19511244489937962 7.188537497615867 0.6907064507951162 8.074356393310362 
0.1560000000000001 0.19537999292837357 7.179837994701206 0.6868583460036026 8.062076333633183 
0.1580000000000001 0.19560829734503954 7.171127848257555 0.6830424139733831 8.049778559575977 
0.16000000000000011 0.19579881006527655 7.162408005926537 0.6792587474721745 8.037465563463988 
0.16200000000000012 0.19595294619510037 7.153679381797782 0.6755074187951264 8.025139746788009 
0.16400000000000012 0.19607208409881835 7.14494285732398 0.6717884818490298 8.012803423271828 
0.16600000000000012 0.1961575655652672 7.136199282216521 0.668101971883476 8.000458819665264 
0.16800000000000012 0.19621069606830233 7.127449475324015 0.6644479075917349 7.988108078984053 
0.17000000000000012 0.19623274508229832 7.118694225492919 0.6608262911095694 7.975753261684787 
0.17200000000000013 0.19622494647083283 7.1099342924112445 0.657237109425259 7.963396348307337 
0.17400000000000013 0.19618849892995502 7.101170407435746 0.6536803351099423 7.951039241475644 
0.17600000000000013 0.19612456647795495 7.092403274402992 0.6501559267848194 7.938683767665767 
0.17800000000000013 0.19603427898087727 7.083633570424767 0.6466638306190433 7.9263316800246875 
0.18000000000000013 0.19591873271346513 7.0748619466678315 0.6432039799650371 7.913984659346333 
0.18200000000000013 0.19577899094310422 7.066089029118926 0.6397762974018882 7.901644317463918 
0.18400000000000014 0.19561608453508145 7.057315419334309 0.6363806943471073 7.889312198216498 
0.18600000000000014 0.1954310125799607 7.048541695175009 0.6330170724753197 7.876989780230289 
0.18800000000000014 0.19522474302700898 7.039768411527635 0.6296853240781826 7.864678478632826 
0.19000000000000014 0.1949982133262042 7.030996101010524 0.6263853328812113 7.85237964721794 
0.19200000000000014 0.1947523310786256 7.022225274665757 0.6231169746850016 7.840094580429384 
0.19400000000000014 0.19448797469099804 7.013456422636959 0.6198801177295368 7.827824515057493 
0.19600000000000015 0.1942059940251391 7.004690014832789 0.61667462410948 7.815570632967408 
0.19800000000000015 0.19390721105786535 6.995926501576017 0.6135003493820512 7.803334062015934 
0.20000000000000015 0.19359242053677722 6.987166314238969 0.6103571435150106 7.791115878290757 
0.20200000000000015 0.19326239063155537 6.97840986586421 0.6072448512786216 7.778917107774387 
0.20400000000000015 0.19291786358420077 6.96965755177145 0.6041633139692018 7.766738729324852 
0.20600000000000016 0.19255955635654404 6.960909750149737 0.6011123668882712 7.7545816733945525 
0.20800000000000016 0.1921881612797312 6.9521668226357685 0.5980918433684671 7.742446827283967 
0.21000000000000016 0.1918043466900605 6.943429114878025 0.5951015722621475 7.730335033830233 
0.21200000000000016 0.1914087575676357 6.934696957086217 0.5921413796064472 7.7182470942603 
0.21400000000000016 0.19100201616992912 6.92597066456707 0.5892110886787842 7.706183769415784 
0.21600000000000016 0.1905847226560383 6.917250538245441 0.5863105200086309 7.694145780910111 
0.21800000000000017 0.19015745570584147 6.908536865171801 0.5834394926271618 7.682133813504803 
0.22000000000000017 0.1897207731369595 6.8998299190155326 0.580597821501935 7.670148513654427 
0.22200000000000017 0.18927521251023255 6.891129960544329 0.5777853206834702 7.658190493738032 
0.22400000000000017 0.1888212917211925 6.882437238090186 0.5750018026321659 7.6462603324435445 
0.22600000000000017 0.18835950959780445 6.873751988000528 0.572247075144936 7.634358572743269 
0.22800000000000017 0.1878903464763944 6.865074435077791 0.5695209496651472 7.622485731219332 
0.23000000000000018 0.18741426476957285 6.856404793005205 0.5668232277645329 7.610642285539311 
0.23200000000000018 0.18693170952382726 6.8477432647587895 0.5641537160151787 7.598828690297796 
0.23400000000000018 0.18644310895459154 6.839090043007543 0.5615122190118113 7.587045370973946 
0.23600000000000018 0.18594887499567092 6.830445310500983 0.5588985325648395 7.575292718061494 
0.23800000000000018 0.1854494038011787 6.821809240444613 0.5563124591304522 7.563571103376243 
0.24000000000000019 0.18494507625309345 6.813181996861417 0.5537537924891409 7.551880865603652 
0.2420000000000002 0.18443625847925296 6.804563734945965 0.5512223304156547 7.540222323840873 
0.2440000000000002 0.18392330228710274 6.795954601405371 0.5487178611255814 7.528595764818055 
0.2460000000000002 0.18340654563496805 6.787354734784149 0.5462401802437391 7.517001460662856 
0.2480000000000002 0.1828863131123937 6.7787642657864335 0.5437890779771024 7.50543965687593 
0.25000000000000017 0.1823629163525142 6.770183317584696 0.5413643394049894 7.493910573342199 
0.25200000000000017 0.18183665444357622 6.761612006116291 0.5389657498268395 7.482414410386707 
0.25400000000000017 0.18130781437961116 6.753050440371907 0.5365930808450934 7.470951335596611 
0.25600000000000017 0.1807766713472579 6.74449872267847 0.5342461855656229 7.4595215795913505 
0.2580000000000002 0.18024348911446364 6.735956948964612 0.5319247473910924 7.448125185470167 
0.2600000000000002 0.17970852054530156 6.727425209014039 0.5296285994175352 7.436762328976876 
0.2620000000000002 0.1791720078873236 6.718903586729276 0.5273575123706757 7.425433106987276 
0.2640000000000002 0.1786341830528695 6.710392160371763 0.5251112730031893 7.414137616427821 
0.2660000000000002 0.17809526797028635 6.7018910027968825 0.5228896586068451 7.402875929374014 
0.2680000000000002 0.17755547491753404 6.693400181681601 0.5206924457570273 7.391648102356162 
0.2700000000000002 0.17701500685845092 6.684919759742718 0.5185194154944515 7.380454182095621 
0.2720000000000002 0.17647405772825664 6.676449794952099 0.5163703526734833 7.369294205353839 
0.2740000000000002 0.17593281276329747 6.667990340739285 0.5142450376077214 7.358168191110304 
0.2760000000000002 0.17539144889690542 6.659541446188855 0.5121432704097191 7.34707616549548 
0.2780000000000002 0.1748501280901266 6.651103156230823 0.5100646066860522 7.3360178910070015 
0.2800000000000002 0.17430900475459923 6.642675511625152 0.5080089948694579 7.324993511249209 
0.2820000000000002 0.17376823268906788 6.6342585493135235 0.5059762381674067 7.314003020169999 
0.2840000000000002 0.1732279585447266 6.6258523026060825 0.5039661484290258 7.303046409579835 
0.2860000000000002 0.17268832799028447 6.617456801367441 0.5019786438914857 7.292123773249211 
0.2880000000000002 0.1721494791544238 6.609072072365985 0.5000133224376715 7.28123487395808 
0.2900000000000002 0.1716115372150216 6.600698139212655 0.4980699933130984 7.270379669740775 
0.2920000000000002 0.1710746210144245 6.59233502251492 0.4961484421968839 7.259558085726229 
0.2940000000000002 0.170538843436512 6.583982740020495 0.49424846595874533 7.248770049415753 
0.2960000000000002 0.17000431166807764 6.575641306757 0.4923698579719716 7.23801547639705 
0.2980000000000002 0.1694711273142497 6.567310735164139 0.49051240632369775 7.227294268802087 
0.3000000000000002 0.16893938669089922 6.5589910352214025 0.48867590971142655 7.216606331623728 
0.3020000000000002 0.1684091810429076 6.550682214572559 0.48686016095516405 7.20595155657063 
0.3040000000000002 0.16788059676286274 6.5423842786444375 0.48506496224178675 7.195329837649087 
0.3060000000000002 0.16735371557907042 6.534097230764464 0.4832901136401896 7.184741059983724 
0.3080000000000002 0.16682861473934663 6.525821072271512 0.481535420095234 7.1741851071060925 
0.3100000000000002 0.1663053672022675 6.517555802626286 0.479800692891428 7.163661862719981 
0.3120000000000002 0.16578404179327833 6.5093014195180565 0.478085736193107 7.153171197504442 
0.3140000000000002 0.16526470335722077 6.5010579189661515 0.47639036901116605 7.142712991334538 
0.3160000000000002 0.16474741289583672 6.4928252954206265 0.47471440180661323 7.132287110123077 
0.3180000000000002 0.1642322277091055 6.484603541856619 0.47305765201534533 7.1218934215810705 
0.32000000000000023 0.16371920152536018 6.476392649867317 0.4714199388574253 7.111531790250103 
0.32200000000000023 0.16320838462149428 6.468192609752198 0.46980108250287256 7.101202076876565 
0.32400000000000023 0.16269982392527754 6.460003410602163 0.46820090656790403 7.090904141095344 
0.32600000000000023 0.16219356313894784 6.451825040379319 0.46661923262690796 7.080637836145175 
0.32800000000000024 0.16168964284991083 6.443657485995644 0.46505588640689866 7.070403015252453 
0.33000000000000024 0.1611881006314307 6.435500733385293 0.4635106949790428 7.060199528995766 
0.33200000000000024 0.16068897114328162 6.4273547675756335 0.461983483313343 7.050027222032258 
0.33400000000000024 0.1601922862241592 6.41921957275146 0.46047408199153145 7.03988594096715 
0.33600000000000024 0.1596980750256207 6.411095132317588 0.45898232161774416 7.029775528960953 
0.33800000000000024 0.1592063640921152 6.402981428959567 0.45750803027516906 7.019695823326851 
0.34000000000000025 0.15871717744535446 6.394878444697039 0.45605104237413285 7.009646664516526 
0.34200000000000025 0.15823053669389886 6.386786160936388 0.45461118897894526 6.999627886609232 
0.34400000000000025 0.1577464611275979 6.378704558518607 0.45318830630115287 6.989639325947358 
0.34600000000000025 0.15726496780875696 6.370633617765646 0.4517822313858758 6.979680816960279 
