0.0 6.4071265140835e-20 
0.002 1.9379297206929465e-18 
0.004 3.509273590995437e-18 
0.006 1.2234593064264005e-23 
0.008 3.241972176462177e-19 
0.01 5.835480200391053e-21 
0.012 4.9034283425663815e-20 
0.014 3.3232888987781384e-19 
0.016 2.782679963629323e-18 
0.018000000000000002 5.989321871536264e-18 
0.020000000000000004 2.227492314439552e-17 
0.022000000000000006 5.622473167647469e-17 
0.024000000000000007 1.2735510773227685e-16 
0.02600000000000001 6.848444446455622e-17 
0.02800000000000001 4.6980770445423196e-17 
0.030000000000000013 2.1475165014609342e-17 
0.032000000000000015 3.853006030586943e-18 
0.034000000000000016 2.146306859342634e-17 
0.03600000000000002 1.6034634980449015e-17 
0.03800000000000002 4.972007851351162e-18 
0.04000000000000002 4.1901451391622015e-17 
0.04200000000000002 4.474615825303606e-17 
0.044000000000000025 2.469073406850278e-17 
0.04600000000000003 3.521909363241031e-17 
0.04800000000000003 1.1445558190946266e-17 
0.05000000000000003 1.5349043667648838e-16 
0.05200000000000003 1.774219390250925e-17 
0.054000000000000034 6.834064972652064e-16 
0.056000000000000036 1.569624691147993e-17 
0.05800000000000004 1.152430741980872e-17 
0.06000000000000004 3.080517708940847e-17 
0.06200000000000004 6.2305841674833175e-18 
0.06400000000000004 9.50541205652672e-18 
0.06600000000000004 9.260375411467123e-18 
0.06800000000000005 2.7057929727494184e-17 
0.07000000000000005 7.939533769664358e-18 
0.07200000000000005 4.4359712928031315e-17 
0.07400000000000005 1.1677072741429302e-17 
0.07600000000000005 9.707877955048338e-18 
0.07800000000000006 2.390725404093413e-17 
0.08000000000000006 5.0644441663329936e-17 
0.08200000000000006 5.54899952247292e-17 
0.08400000000000006 2.523406134471979e-17 
0.08600000000000006 4.3918674398533605e-17 
0.08800000000000006 1.047002944682399e-17 
0.09000000000000007 6.2629201992460396e-18 
0.09200000000000007 2.558450563385e-18 
0.09400000000000007 1.1652853624526906e-16 
0.09600000000000007 1.441632220202638e-17 
0.09800000000000007 4.245723026270815e-17 
0.10000000000000007 1.0432494538663691e-16 
0.10200000000000008 2.2788739132475963e-16 
0.10400000000000008 4.56304798664556e-16 
0.10600000000000008 8.484659309413074e-16 
0.10800000000000008 1.5046021419784009e-15 
0.11000000000000008 2.560320634349572e-15 
0.11200000000000009 4.20684759087319e-15 
0.11400000000000009 6.720974814906786e-15 
0.11600000000000009 1.0474557218521244e-14 
0.11800000000000009 1.595929184926929e-14 
0.12000000000000009 2.384692993935781e-14 
0.1220000000000001 3.5000594964103625e-14 
0.1240000000000001 5.0524139661008434e-14 
0.12600000000000008 7.183237457147165e-14 
0.12800000000000009 1.0065583203290552e-13 
0.1300000000000001 1.3915169497957032e-13 
0.1320000000000001 1.8987956259935116e-13 
0.1340000000000001 2.5588390364893364e-13 
0.1360000000000001 3.406904027331221e-13 
0.1380000000000001 4.482709779496722e-13 
0.1400000000000001 5.830149943830694e-13 
0.1420000000000001 7.495727425666354e-13 
0.1440000000000001 9.52705324608095e-13 
0.1460000000000001 1.1969732866032467e-12 
0.1480000000000001 1.4863508657963973e-12 
0.1500000000000001 1.823773864641839e-12 
0.1520000000000001 2.2104540922500375e-12 
0.1540000000000001 2.6451275460343227e-12 
0.1560000000000001 3.1232178154873604e-12 
0.1580000000000001 3.6360591191073447e-12 
0.16000000000000011 4.169646772444664e-12 
0.16200000000000012 4.70434168531153e-12 
0.16400000000000012 5.2138518700142564e-12 
0.16600000000000012 5.665416862653619e-12 
0.16800000000000012 6.02049688947303e-12 
0.17000000000000012 6.236046724932316e-12 
0.17200000000000013 6.267927686151097e-12 
0.17400000000000013 6.075304285442449e-12 
0.17600000000000013 5.628041677263774e-12 
0.17800000000000013 4.915544274968543e-12 
0.18000000000000013 3.960524417713475e-12 
0.18200000000000013 2.8321801059042284e-12 
0.18400000000000014 1.6697746490554045e-12 
0.18600000000000014 7.034075322033011e-13 
0.18800000000000014 2.8158506472124504e-13 
0.19000000000000014 9.026241892223052e-13 
0.19200000000000014 3.248084586979364e-12 
0.19400000000000014 8.219020043074618e-12 
0.19600000000000015 1.6974473759183204e-11 
0.19800000000000015 3.0970715155440385e-11 
0.20000000000000015 5.1998393261243294e-11 
0.20200000000000015 8.221678671731819e-11 
0.20400000000000015 1.2418901925395465e-10 
0.20600000000000016 1.8090346768801723e-10 
0.20800000000000016 2.5580006952839656e-10 
0.21000000000000016 3.5276947273689635e-10 
0.21200000000000016 4.761638400345668e-10 
0.21400000000000016 6.30767564982102e-10 
0.21600000000000016 8.217956586918715e-10 
0.21800000000000017 1.0548142598066241e-09 
0.22000000000000017 1.3356996038683971e-09 
0.22200000000000017 1.6705483902033287e-09 
0.22400000000000017 2.0655512043882876e-09 
0.22600000000000017 2.526983461683861e-09 
0.22800000000000017 3.060839785367996e-09 
0.23000000000000018 3.672844893301223e-09 
0.23200000000000018 4.368277790163727e-09 
0.23400000000000018 5.151870252399604e-09 
0.23600000000000018 6.027128195153934e-09 
0.23800000000000018 6.996731174878282e-09 
0.24000000000000019 8.062200563225495e-09 
0.2420000000000002 9.223197962095255e-09 
0.2440000000000002 1.047840690481254e-08 
0.2460000000000002 1.182389456198087e-08 
0.2480000000000002 1.3254675607902011e-08 
0.25000000000000017 1.4764144103652656e-08 
0.25200000000000017 1.6342569840498036e-08 
0.25400000000000017 1.798000234505168e-08 
0.25600000000000017 1.9664393295322305e-08 
0.2580000000000002 2.1382331058462835e-08 
0.2600000000000002 2.311913606285304e-08 
0.2620000000000002 2.4859736215974265e-08 
0.2640000000000002 2.6586361001722858e-08 
0.2660000000000002 2.8280491843723057e-08 
0.2680000000000002 2.991930145147303e-08 
0.2700000000000002 3.147387350639277e-08 
0.2720000000000002 3.290433122613339e-08 
0.2740000000000002 3.414988968257958e-08 
0.2760000000000002 3.504360775964933e-08 
0.2780000000000002 3.287706613930374e-08 
0.2800000000000002 3.2076785928239284e-08 
0.2820000000000002 3.2632049587764496e-08 
0.2840000000000002 3.44989844561081e-08 
0.2860000000000002 3.567002987792277e-08 
0.2880000000000002 3.688139047379704e-08 
0.2900000000000002 3.795295780282321e-08 
0.2920000000000002 3.8699100196812215e-08 
0.2940000000000002 3.948313949611038e-08 
0.2960000000000002 4.0182633326174596e-08 
0.2980000000000002 4.0817410251832496e-08 
0.3000000000000002 4.14044875512756e-08 
0.3020000000000002 4.1950020916236566e-08 
0.3040000000000002 4.245008225861686e-08 
0.3060000000000002 4.289652783152344e-08 
0.3080000000000002 4.327931218161492e-08 
0.3100000000000002 4.358788638934746e-08 
0.3120000000000002 4.38146403081841e-08 
0.3140000000000002 4.3955113128314955e-08 
0.3160000000000002 4.400821598163902e-08 
0.3180000000000002 4.3976604993472665e-08 
0.32000000000000023 4.386564845822137e-08 
0.32200000000000023 4.368274406913583e-08 
0.32400000000000023 4.343677857369623e-08 
0.32600000000000023 4.3137335394264835e-08 
0.32800000000000024 4.2793924726489096e-08 
0.33000000000000024 4.2415643218677466e-08 
0.33200000000000024 4.201066152224169e-08 
0.33400000000000024 4.1586101879752455e-08 
0.33600000000000024 4.11478920113384e-08 
0.33800000000000024 4.0700739064972093e-08 
0.34000000000000025 4.024822760478624e-08 
0.34200000000000025 3.979288502462584e-08 
0.34400000000000025 3.9336404146889594e-08 
0.34600000000000025 3.8879577808081636e-08 
0.34800000000000025 3.8422763215497014e-08 
0.35000000000000026 3.796581261307657e-08 
0.35200000000000026 3.7508714525325165e-08 
0.35400000000000026 3.7049354277913605e-08 
0.35600000000000026 3.6588356616462986e-08 
0.35800000000000026 3.6124512515331355e-08 
0.36000000000000026 3.565707834851587e-08 
0.36200000000000027 3.518542881562e-08 
0.36400000000000027 3.4709090062847666e-08 
0.36600000000000027 3.422777424954965e-08 
0.36800000000000027 3.3741396219545e-08 
0.3700000000000003 3.325009490289481e-08 
0.3720000000000003 3.275422800659641e-08 
0.3740000000000003 3.225437563345854e-08 
0.3760000000000003 3.175133980136346e-08 
0.3780000000000003 3.124686345976572e-08 
0.3800000000000003 3.073966368402699e-08 
0.3820000000000003 3.023350653826037e-08 
0.3840000000000003 2.9729021533965213e-08 
0.3860000000000003 2.9227728726383283e-08 
