0.002 0.005045453214113478 
0.004 0.005046744370566688 
0.006 0.005048862134155832 
0.008 0.00505177994730626 
0.01 0.005055471887462646 
0.012 0.005059912655277353 
0.014 0.005065077563486186 
0.016 0.0050709425263883974 
0.018000000000000002 0.0050774840498558705 
0.020000000000000004 0.005084679221802953 
0.022000000000000006 0.0050925057030466025 
0.024000000000000007 0.005100941718520561 
0.02600000000000001 0.005109966048748099 
0.02800000000000001 0.005119558021529372 
0.030000000000000013 0.005129697503855859 
0.032000000000000015 0.00514036489395328 
0.034000000000000016 0.0051515411134457475 
0.03600000000000002 0.005163207599589693 
0.03800000000000002 0.005175346297565226 
0.04000000000000002 0.005187939652791033 
0.04200000000000002 0.005200970603271823 
0.044000000000000025 0.005214422571901192 
0.04600000000000003 0.005228279458776533 
0.04800000000000003 0.005242525633494258 
0.05000000000000003 0.005257145927360861 
0.05200000000000003 0.005272125625622552 
0.054000000000000034 0.005287450459484402 
0.056000000000000036 0.005303106598478359 
0.05800000000000004 0.005319080642174099 
0.06000000000000004 0.0053353596124648146 
0.06200000000000004 0.005351930945369703 
0.06400000000000004 0.005368782482892826 
0.06600000000000004 0.005385902465054419 
0.06800000000000005 0.005403279521573571 
0.07000000000000005 0.0054209026638641555 
0.07200000000000005 0.00543876127663325 
0.07400000000000005 0.005456845109805877 
0.07600000000000005 0.005475144270158699 
0.07800000000000006 0.005493649213321239 
0.08000000000000006 0.005512350735431084 
0.08200000000000006 0.00553123996497728 
0.08400000000000006 0.005550308354654592 
0.08600000000000006 0.00556954767323942 
0.08800000000000006 0.005588949997575209 
0.09000000000000007 0.0056085077045021775 
0.09200000000000007 0.00562821346299024 
0.09400000000000007 0.005648060226228753 
0.09600000000000007 0.005668041223754825 
0.09800000000000007 0.005688149954051293 
0.10000000000000007 0.00570838017663294 
0.10200000000000008 0.005728725904629424 
0.10400000000000008 0.00574918139741144 
0.10600000000000008 0.0057697411533029815 
0.10800000000000008 0.005790399902380854 
0.11000000000000008 0.005811152599465772 
0.11200000000000009 0.005831994417221994 
0.11400000000000009 0.005852920739314583 
0.11600000000000009 0.0058739271538061156 
0.11800000000000009 0.005895009446646211 
0.12000000000000009 0.005916163595262952 
0.1220000000000001 0.005937385762345406 
0.1240000000000001 0.005958672289768258 
0.12600000000000008 0.005980019692591368 
0.12800000000000009 0.006001424653270377 
0.1300000000000001 0.006022884016003669 
0.1320000000000001 0.00604439478116047 
0.1340000000000001 0.006065954099901845 
0.1360000000000001 0.006087559268859311 
0.1380000000000001 0.006109207725034157 
0.1400000000000001 0.006130897040782772 
0.1420000000000001 0.00615262491888667 
0.1440000000000001 0.006174389187769623 
0.1460000000000001 0.006196187796853642 
0.1480000000000001 0.006218018812000339 
0.1500000000000001 0.006239880411026376 
0.1520000000000001 0.006261770879394495 
0.1540000000000001 0.006283688605945601 
0.1560000000000001 0.006305632078764634 
0.1580000000000001 0.006327599881112376 
0.16000000000000011 0.006349590687453398 
0.16200000000000012 0.006371603259602719 
0.16400000000000012 0.0063936364429447974 
0.16600000000000012 0.006415689162745751 
0.16800000000000012 0.006437760420571713 
0.17000000000000012 0.00645984929079061 
0.17200000000000013 0.006481954917173912 
0.17400000000000013 0.006504076509592446 
0.17600000000000013 0.0065262133408266875 
0.17800000000000013 0.006548364743463893 
0.18000000000000013 0.006570530106894025 
0.18200000000000013 0.006592708874418919 
0.18400000000000014 0.0066149005404498515 
0.18600000000000014 0.006637104647811111 
0.18800000000000014 0.006659320785140488 
0.19000000000000014 0.006681548584382156 
0.19200000000000014 0.006703787718370235 
0.19400000000000014 0.006726037898503185 
0.19600000000000015 0.006748298872479407 
0.19800000000000015 0.006770570422126322 
0.20000000000000015 0.0067928523612855824 
0.20200000000000015 0.0068151445337626525 
0.20400000000000015 0.006837446811310475 
0.20600000000000016 0.006859759091711438 
0.20800000000000016 0.006882081296849587 
0.21000000000000016 0.0069044133708356555 
0.21200000000000016 0.006926755278190798 
0.21400000000000016 0.0069491070020359855 
0.21600000000000016 0.006971468542301528 
0.21800000000000017 0.006993839914004611 
0.22000000000000017 0.007016221145545888 
0.22200000000000017 0.007038612277019153 
0.22400000000000017 0.007061013358590933 
0.22600000000000017 0.007083424448919909 
0.22800000000000017 0.007105845613538457 
0.23000000000000018 0.00712827692347563 
0.23200000000000018 0.007150718453722862 
0.23400000000000018 0.007173170281919421 
0.23600000000000018 0.007195632487102069 
0.23800000000000018 0.007218105148394534 
0.24000000000000019 0.00724058834397623 
0.2420000000000002 0.007263082150066435 
0.2440000000000002 0.0072855866398247975 
0.2460000000000002 0.007308101882740492 
0.2480000000000002 0.007330627943787142 
0.25000000000000017 0.007353164882760864 
0.25200000000000017 0.007375712753712656 
0.25400000000000017 0.007398271604540452 
0.25600000000000017 0.007420841476185013 
0.2580000000000002 0.007443422404055084 
0.2600000000000002 0.007466014416259775 
0.2620000000000002 0.007488617533849561 
0.2640000000000002 0.007511231770683907 
0.2660000000000002 0.007533857133850707 
0.2680000000000002 0.00755649362376969 
0.2700000000000002 0.00757914123425285 
0.2720000000000002 0.00760179995243453 
0.2740000000000002 0.007624469759497801 
0.2760000000000002 0.007647150630522767 
0.2780000000000002 0.007669842535241447 
0.2800000000000002 0.007692545423083306 
0.2820000000000002 0.007715259238385448 
0.2840000000000002 0.007737983920793203 
0.2860000000000002 0.007760719405284009 
0.2880000000000002 0.007783465636601375 
0.2900000000000002 0.0078062225541222 
0.2920000000000002 0.007828990092309081 
0.2940000000000002 0.007851768179775644 
0.2960000000000002 0.007874556741937242 
0.2980000000000002 0.00789735570089208 
0.3000000000000002 0.007920164975238638 
0.3020000000000002 0.007942984480527656 
0.3040000000000002 0.007965814129270676 
0.3060000000000002 0.007988653831067633 
0.3080000000000002 0.008011503492678032 
0.3100000000000002 0.008034363017817226 
0.3120000000000002 0.008057232307407607 
0.3140000000000002 0.008080111259006505 
0.3160000000000002 0.008102999767200924 
0.3180000000000002 0.00812589772316313 
0.32000000000000023 0.008148805014611179 
0.32200000000000023 0.008171721525761686 
0.32400000000000023 0.00819464713710993 
0.32600000000000023 0.008217581725754632 
0.32800000000000024 0.008240525165152399 
0.33000000000000024 0.008263477325148691 
0.33200000000000024 0.008286438072167123 
0.33400000000000024 0.008309407269318333 
0.33600000000000024 0.008332384776744079 
0.33800000000000024 0.008355370451377426 
0.34000000000000025 0.008378364147573612 
0.34200000000000025 0.008401365717188077 
0.34400000000000025 0.008424375009759857 
0.34600000000000025 0.008447391872676232 
0.34800000000000025 0.008470416151937865 
0.35000000000000026 0.00849344769186447 
0.35200000000000026 0.008516486335555237 
0.35400000000000026 0.00853953192260889 
0.35600000000000026 0.00856258429823986 
0.35800000000000026 0.008585643304380837 
0.36000000000000026 0.008608708782846555 
0.36200000000000027 0.00863178057614182 
0.36400000000000027 0.008654858527520152 
0.36600000000000027 0.008677942481029976 
0.36800000000000027 0.008701032282134239 
0.3700000000000003 0.008724127777966164 
0.3720000000000003 0.00874722881739141 
0.3740000000000003 0.008770335251266586 
0.3760000000000003 0.008793446933191122 
0.3780000000000003 0.008816563718366652 
0.3800000000000003 0.00883968546290692 
0.3820000000000003 0.00886281203182665 
0.3840000000000003 0.008885943290148813 
0.3860000000000003 0.008909079106137975 
0.3880000000000003 0.008932219351504352 
0.3900000000000003 0.008955363901476386 
0.3920000000000003 0.008978512635270221 
0.3940000000000003 0.00900166543581946 
0.3960000000000003 0.00902482218986084 
0.3980000000000003 0.009047982788110177 
0.4000000000000003 0.009071147125326562 
