checking double precision FP representation for the MRG32k3a CMRG...

double precision FP representation is OK

checking CMRG cycle-skipping arithmetic...

cycle-skipping arithmetic is OK

this is QSATS version 1.0 (3 March 2011)

QSATS beginning execution

this code was compiled on newton0
compilation date = Sun Apr 17 09:44:52 EDT 2011

compile-time parameters:

NREPS =     430
NATOMS =    180
NATOM3 =    540
NATOM6 =   1080
NATOM7 =   1260
NVBINS =  20000
RATIO  = 2.0500
NIP    =     56
NPAIRS =  10080

REPEATING input parameters

atom count    =    180
replica count =    430

tau             =    200.0000000 au time
density         =      0.0046142 atoms per cubic bohr
atomic mass     =   7294.3000000 electron masses
alpha parameter =      0.1300000 bohr**(-2)
B parameter     =      5.4000000 bohr

number of simulation steps =   100000
snapshot interval          =     1000

lattice file name  = lattice-file-180
snapshot file name = snapshot-file   
save file name     = save-file       

debug level = 3 or   MEDIUM

DEFINING potential energy grid parameters

minimum R      =    3.00000 bohr
R**2 bin size  =    0.05000 bohr**2

using HFD-B(He) potential energy curve
[R.A. Aziz et al., Mol. Phys. vol. 61, p. 1487 (1987)]

minimum is    -10.94800 K at R**2 =   31.35000 bohr**2 or R =    5.59911 bohr

READING crystal lattice from lattice-file-180

supercell scaling factor computed from density =   0.10487673

nearest neighbor (NN) distance [bohr] =    6.74223

final lattice point [bohr]            =   33.08752  30.34020  27.52519

supercell edge lengths [bohr]         =   35.03380  33.71139  33.03021

supercell edge lengths [NN distances] =    5.19618   5.00004   4.89900

atom 1 interacts with  56 other atoms

total number of interacting pairs =  10080

interaction pair vectors for atom 1 [NN distances]:

vector #   1 to atom    2:    0.86603   0.50000   0.00000 length =  1.00001
vector #   2 to atom    3:    1.73206   0.00000   0.00000 length =  1.73206
vector #   3 to atom    5:   -1.73205   0.00000   0.00000 length =  1.73205
vector #   4 to atom    6:   -0.86602   0.50000   0.00000 length =  1.00000
vector #   5 to atom    7:    0.00000   1.00001   0.00000 length =  1.00001
vector #   6 to atom    8:    0.86603   1.50001   0.00000 length =  1.73206
vector #   7 to atom    9:    1.73206   1.00001   0.00000 length =  2.00001
vector #   8 to atom   11:   -1.73205   1.00001   0.00000 length =  2.00001
vector #   9 to atom   12:   -0.86602   1.50001   0.00000 length =  1.73206
vector #  10 to atom   13:    0.00000   2.00001   0.00000 length =  2.00001
vector #  11 to atom   19:    0.00000  -2.00002   0.00000 length =  2.00002
vector #  12 to atom   20:    0.86603  -1.50002   0.00000 length =  1.73207
vector #  13 to atom   24:   -0.86602  -1.50002   0.00000 length =  1.73206
vector #  14 to atom   25:    0.00000  -1.00001   0.00000 length =  1.00001
vector #  15 to atom   26:    0.86603  -0.50001   0.00000 length =  1.00001
vector #  16 to atom   27:    1.73206  -1.00001   0.00000 length =  2.00002
vector #  17 to atom   29:   -1.73205  -1.00001   0.00000 length =  2.00001
vector #  18 to atom   30:   -0.86602  -0.50001   0.00000 length =  1.00000
vector #  19 to atom   31:    0.57735   0.00000   0.81650 length =  1.00001
vector #  20 to atom   32:    1.44338   0.50000   0.81650 length =  1.73206
vector #  21 to atom   35:   -1.15470   0.00000   0.81650 length =  1.41422
vector #  22 to atom   36:   -0.28867   0.50000   0.81650 length =  1.00000
vector #  23 to atom   37:    0.57735   1.00001   0.81650 length =  1.41422
vector #  24 to atom   41:   -1.15470   1.00001   0.81650 length =  1.73206
vector #  25 to atom   42:   -0.28867   1.50001   0.81650 length =  1.73206
vector #  26 to atom   54:   -0.28867  -1.50002   0.81650 length =  1.73207
vector #  27 to atom   55:    0.57735  -1.00001   0.81650 length =  1.41423
vector #  28 to atom   56:    1.44338  -0.50001   0.81650 length =  1.73206
vector #  29 to atom   59:   -1.15470  -1.00001   0.81650 length =  1.73206
vector #  30 to atom   60:   -0.28867  -0.50001   0.81650 length =  1.00001
vector #  31 to atom   61:    0.00000   0.00000   1.63300 length =  1.63300
vector #  32 to atom   62:    0.86603   0.50000   1.63300 length =  1.91486
vector #  33 to atom   66:   -0.86602   0.50000   1.63300 length =  1.91486
vector #  34 to atom   67:    0.00000   1.00001   1.63300 length =  1.91486
vector #  35 to atom   85:    0.00000  -1.00001   1.63300 length =  1.91487
vector #  36 to atom   86:    0.86603  -0.50001   1.63300 length =  1.91487
vector #  37 to atom   90:   -0.86602  -0.50001   1.63300 length =  1.91486
vector #  38 to atom  121:    0.00000   0.00000  -1.63300 length =  1.63300
vector #  39 to atom  122:    0.86603   0.50000  -1.63300 length =  1.91486
vector #  40 to atom  126:   -0.86602   0.50000  -1.63300 length =  1.91486
vector #  41 to atom  127:    0.00000   1.00001  -1.63300 length =  1.91486
vector #  42 to atom  145:    0.00000  -1.00001  -1.63300 length =  1.91487
vector #  43 to atom  146:    0.86603  -0.50001  -1.63300 length =  1.91487
vector #  44 to atom  150:   -0.86602  -0.50001  -1.63300 length =  1.91486
vector #  45 to atom  151:    0.57735   0.00000  -0.81650 length =  1.00000
vector #  46 to atom  152:    1.44338   0.50000  -0.81650 length =  1.73206
vector #  47 to atom  155:   -1.15470   0.00000  -0.81650 length =  1.41421
vector #  48 to atom  156:   -0.28867   0.50000  -0.81650 length =  1.00000
vector #  49 to atom  157:    0.57735   1.00001  -0.81650 length =  1.41422
vector #  50 to atom  161:   -1.15470   1.00001  -0.81650 length =  1.73205
vector #  51 to atom  162:   -0.28867   1.50001  -0.81650 length =  1.73206
vector #  52 to atom  174:   -0.28867  -1.50002  -0.81650 length =  1.73207
vector #  53 to atom  175:    0.57735  -1.00001  -0.81650 length =  1.41423
vector #  54 to atom  176:    1.44338  -0.50001  -0.81650 length =  1.73206
vector #  55 to atom  179:   -1.15470  -1.00001  -0.81650 length =  1.73206
vector #  56 to atom  180:   -0.28867  -0.50001  -0.81650 length =  1.00001

SETTING initial configuration to zero

INITIALIZING random number seeds

rstatv(1) values:

    1              12345.0
    2         3692455944.0
    3         1015873554.0
    4         2338701263.0
    5         1597262096.0
    6           97147054.0
    7          796079799.0
    8         3281794178.0
    9         3777646647.0
   10         4215590817.0
   11         1683636369.0
   12          272317999.0
   13         2245755202.0
   14         3003961408.0
   15          596094074.0
   16         1437096527.0
   17         3224044943.0
   18          927434978.0
   19         3446225690.0
   20         3984477137.0
   21         2503334853.0
   22         2784301963.0
   23         3645411182.0
   24         4205039797.0
   25         1708138263.0
   26         1762624356.0
   27         1406960847.0
   28         3217706054.0
   29         2996242832.0
   30         3757057907.0
   31         3728532268.0
   32         3294123071.0
   33          131824893.0
   34         3770164700.0
   35         2131062045.0
   36         2053528341.0
   37         2469807084.0
   38          794136241.0
   39         2866999578.0
   40         3040096556.0
   41         3970659565.0
   42          216582539.0
   43         4258459985.0
   44          578737695.0
   45         2479155365.0
   46         4016980097.0
   47         1769249367.0
   48         2210461626.0
   49         2967787448.0
   50         2667041740.0
   51         1609088888.0
   52         3500933258.0
   53          193582114.0
   54         2904978947.0
   55         2966808121.0
   56          569973296.0
   57         3683590777.0
   58          645531386.0
   59          451656962.0
   60         2009828795.0
   61         3822648601.0
   62          614997537.0
   63         2696197046.0
   64         1584359841.0
   65          726227831.0
   66         3081323669.0
   67         1278488151.0
   68         3358935183.0
   69         3004552957.0
   70         2711120391.0
   71         2433258176.0
   72         2247781055.0
   73         1888961467.0
   74          912637435.0
   75         3898973754.0
   76         2950741129.0
   77         4162503083.0
   78         1808932148.0
   79         3710386242.0
   80         3141091137.0
   81         2524073470.0
   82         4179545601.0
   83         1579182737.0
   84         1218716144.0
   85         2244580844.0
   86         3056185940.0
   87         3995982630.0
   88         1136776820.0
   89          202797782.0
   90         1946099222.0
   91         1972364864.0
   92         1677432352.0
   93          337018630.0
   94         2007009720.0
   95         1437126607.0
   96         2122991285.0
   97         3355040203.0
   98         2145344930.0
   99         4020158489.0
  100          700348412.0
  101         4251640336.0
  102         3627492676.0
  103         2182669320.0
  104          394367095.0
  105         1214694619.0
  106         4137809551.0
  107         3559058145.0
  108         3089587443.0
  109         1016506693.0
  110          779948107.0
  111         1242180700.0
  112         4107140350.0
  113         1099677484.0
  114         3393156095.0
  115          708371108.0
  116          469360558.0
  117         1591885430.0
  118         2675300100.0
  119         2206962636.0
  120          615356012.0
  121          627386388.0
  122         1371714546.0
  123         3149532192.0
  124          541069526.0
  125          879907147.0
  126         1841988888.0
  127         3925417465.0
  128         1017385619.0
  129          546457566.0
  130         1522176126.0
  131         1277263236.0
  132         2450051394.0
  133          308060176.0
  134         2158664032.0
  135          307501208.0
  136         1760077852.0
  137         1560951216.0
  138         3988010789.0
  139          259869676.0
  140         1506630107.0
  141         2866196060.0
  142          178242412.0
  143         1979532581.0
  144          643532497.0
  145          204719871.0
  146         3382958008.0
  147         2236219392.0
  148         4147204767.0
  149         3730331982.0
  150          736967804.0
  151         2720772426.0
  152         3917204887.0
  153         2131244782.0
  154         3784315248.0
  155         4025952279.0
  156         2366383009.0
  157         4058342111.0
  158         3105425092.0
  159         1818967393.0
  160         3259324221.0
  161         1705522345.0
  162          755886916.0
  163         3987628212.0
  164         3804190352.0
  165         3935341426.0
  166         2433266920.0
  167         3224889125.0
  168          643174358.0
  169         2828003952.0
  170         2130838332.0
  171          556839930.0
  172         2644972476.0
  173          791435151.0
  174         2962385330.0
  175         1788419101.0
  176         2698701774.0
  177         1965481732.0
  178         3356133820.0
  179         2239695102.0
  180         1549987006.0
  181         4215378161.0
  182         2328104685.0
  183         1685625526.0
  184          649943391.0
  185         1447712531.0
  186         3565508144.0
  187         1886583382.0
  188          548296306.0
  189         4044941611.0
  190         3640962916.0
  191         1798993558.0
  192         3739888371.0
  193         3428391603.0
  194         1190574799.0
  195         2409160005.0
  196          507490965.0
  197         2720293222.0
  198         1517471416.0
  199         1614640514.0
  200         3515744514.0
  201         2016026344.0
  202          145403341.0
  203         2862420537.0
  204         2799849574.0
  205         1961238391.0
  206         2397817212.0
  207         4220986926.0
  208         3227100400.0
  209         3797328906.0
  210         1033978259.0
  211          832084770.0
  212         1180706052.0
  213         2190890914.0
  214         1473859559.0
  215         1344548599.0
  216          123514440.0
  217         3304511517.0
  218         4099745914.0
  219         1741801913.0
  220         3817365360.0
  221         2181764370.0
  222         1588113909.0
  223         2159049645.0
  224          770817791.0
  225         3520336833.0
  226          541971717.0
  227         3211851405.0
  228         2925069877.0
  229         4112088076.0
  230         1845932442.0
  231         3221730792.0
  232         2271733759.0
  233         3519318211.0
  234         2875354885.0
  235         3795200674.0
  236           47684741.0
  237         2970440724.0
  238           11734339.0
  239          901856066.0
  240         3054276189.0
  241          425386701.0
  242         2420752615.0
  243          761124824.0
  244         2838636171.0
  245         2248791487.0
  246         4133804443.0
  247         1938032447.0
  248         3584974618.0
  249          577445292.0
  250          974540904.0
  251         2913641545.0
  252         2335631337.0
  253         3936727129.0
  254         2836425989.0
  255         2727171038.0
  256         1941319394.0
  257          899121519.0
  258         2075097376.0
  259         2130637280.0
  260         4043532359.0
  261         1262108501.0
  262         3224256133.0
  263         3842032635.0
  264         2527637208.0
  265          756384504.0
  266         2112623810.0
  267         4188412919.0
  268         3201814899.0
  269         2162134008.0
  270          906797876.0
  271         1993435228.0
  272         3793148062.0
  273         1830326467.0
  274         1939672941.0
  275         3849107583.0
  276         2817338106.0
  277          955987702.0
  278          746240489.0
  279         3285387851.0
  280         3103466909.0
  281         2035461598.0
  282         1820353339.0
  283         2489605316.0
  284         1013412760.0
  285         2090401378.0
  286         2615096966.0
  287         1527807331.0
  288         1694659125.0
  289          613849324.0
  290         1111889683.0
  291          309667353.0
  292         1686910168.0
  293          763746882.0
  294         2324689231.0
  295         3425163177.0
  296         2760029040.0
  297          418069602.0
  298         1025579149.0
  299         2739576558.0
  300          778046493.0
  301         3868657861.0
  302         1488182012.0
  303         1436184320.0
  304         2330903600.0
  305         3278649468.0
  306         1953757572.0
  307         3984979670.0
  308         4094262256.0
  309          201914423.0
  310         4191559878.0
  311         1928107211.0
  312         3530031083.0
  313         4005596696.0
  314         2313142728.0
  315          247615390.0
  316         3642651924.0
  317         1039455239.0
  318         1971772357.0
  319           65000120.0
  320         3862243018.0
  321         2979526376.0
  322         3841955504.0
  323         3939646581.0
  324         1868358959.0
  325         2361180176.0
  326         4183174538.0
  327         2284115902.0
  328         1063784801.0
  329          862494210.0
  330         2602429055.0
  331         2430421044.0
  332          515097496.0
  333         2632708334.0
  334         2393363606.0
  335         3780822267.0
  336         3859179811.0
  337         2615484987.0
  338         1617214322.0
  339         2708093367.0
  340         3868590217.0
  341          701943715.0
  342         3786207466.0
  343         1480029919.0
  344         2312327435.0
  345         1001035497.0
  346          502611184.0
  347         2611652315.0
  348         2655149972.0
  349         2087831918.0
  350         3299555874.0
  351         3585581693.0
  352         1150313962.0
  353          512380279.0
  354         3401078628.0
  355         1410412183.0
  356          648482439.0
  357         2661923448.0
  358         2850011024.0
  359         1544944945.0
  360         2585495582.0
  361         3155929332.0
  362           80002724.0
  363         1129931980.0
  364         4221736187.0
  365         3775505807.0
  366         1526948303.0
  367         3070219771.0
  368         1596876115.0
  369         2617627572.0
  370          858136210.0
  371         1507171381.0
  372          408066461.0
  373          402979501.0
  374         2366662023.0
  375         4195038959.0
  376         1457428818.0
  377         3877306655.0
  378         1502249811.0
  379         3700545367.0
  380         1998602020.0
  381         3892620624.0
  382         2356866520.0
  383         3772121188.0
  384         3714929145.0
  385         4186614673.0
  386         3357825832.0
  387          954847410.0
  388          436681582.0
  389         2730416804.0
  390         1977999165.0
  391         1792149842.0
  392         2117901151.0
  393         2732334558.0
  394          130360315.0
  395         4184011507.0
  396         2204744148.0
  397         3577347901.0
  398         4160127190.0
  399         1347073369.0
  400         2260181002.0
  401         1316929523.0
  402          215541976.0
  403          753580285.0
  404         1890457157.0
  405         3761668399.0
  406         1722858766.0
  407         2473839900.0
  408         2461375335.0
  409         3457863172.0
  410         1890277786.0
  411          687461347.0
  412         4165465474.0
  413         1603390783.0
  414         2900176715.0
  415         3673626220.0
  416         1630072371.0
  417         1307760423.0
  418         2874443849.0
  419         3372598335.0
  420         2680027724.0
  421         3206699084.0
  422         1214599739.0
  423         1556706403.0
  424         2798454037.0
  425         3398214522.0
  426         1102574716.0
  427         2041453607.0
  428         2356369526.0
  429         1219890651.0
  430         1200620897.0
 
x(1) and rstatv(1) values for each replica:

    1     0.000000000              12345.0
    2     0.000000000         3692455944.0
    3     0.000000000         1015873554.0
    4     0.000000000         2338701263.0
    5     0.000000000         1597262096.0
    6     0.000000000           97147054.0
    7     0.000000000          796079799.0
    8     0.000000000         3281794178.0
    9     0.000000000         3777646647.0
   10     0.000000000         4215590817.0
   11     0.000000000         1683636369.0
   12     0.000000000          272317999.0
   13     0.000000000         2245755202.0
   14     0.000000000         3003961408.0
   15     0.000000000          596094074.0
   16     0.000000000         1437096527.0
   17     0.000000000         3224044943.0
   18     0.000000000          927434978.0
   19     0.000000000         3446225690.0
   20     0.000000000         3984477137.0
   21     0.000000000         2503334853.0
   22     0.000000000         2784301963.0
   23     0.000000000         3645411182.0
   24     0.000000000         4205039797.0
   25     0.000000000         1708138263.0
   26     0.000000000         1762624356.0
   27     0.000000000         1406960847.0
   28     0.000000000         3217706054.0
   29     0.000000000         2996242832.0
   30     0.000000000         3757057907.0
   31     0.000000000         3728532268.0
   32     0.000000000         3294123071.0
   33     0.000000000          131824893.0
   34     0.000000000         3770164700.0
   35     0.000000000         2131062045.0
   36     0.000000000         2053528341.0
   37     0.000000000         2469807084.0
   38     0.000000000          794136241.0
   39     0.000000000         2866999578.0
   40     0.000000000         3040096556.0
   41     0.000000000         3970659565.0
   42     0.000000000          216582539.0
   43     0.000000000         4258459985.0
   44     0.000000000          578737695.0
   45     0.000000000         2479155365.0
   46     0.000000000         4016980097.0
   47     0.000000000         1769249367.0
   48     0.000000000         2210461626.0
   49     0.000000000         2967787448.0
   50     0.000000000         2667041740.0
   51     0.000000000         1609088888.0
   52     0.000000000         3500933258.0
   53     0.000000000          193582114.0
   54     0.000000000         2904978947.0
   55     0.000000000         2966808121.0
   56     0.000000000          569973296.0
   57     0.000000000         3683590777.0
   58     0.000000000          645531386.0
   59     0.000000000          451656962.0
   60     0.000000000         2009828795.0
   61     0.000000000         3822648601.0
   62     0.000000000          614997537.0
   63     0.000000000         2696197046.0
   64     0.000000000         1584359841.0
   65     0.000000000          726227831.0
   66     0.000000000         3081323669.0
   67     0.000000000         1278488151.0
   68     0.000000000         3358935183.0
   69     0.000000000         3004552957.0
   70     0.000000000         2711120391.0
   71     0.000000000         2433258176.0
   72     0.000000000         2247781055.0
   73     0.000000000         1888961467.0
   74     0.000000000          912637435.0
   75     0.000000000         3898973754.0
   76     0.000000000         2950741129.0
   77     0.000000000         4162503083.0
   78     0.000000000         1808932148.0
   79     0.000000000         3710386242.0
   80     0.000000000         3141091137.0
   81     0.000000000         2524073470.0
   82     0.000000000         4179545601.0
   83     0.000000000         1579182737.0
   84     0.000000000         1218716144.0
   85     0.000000000         2244580844.0
   86     0.000000000         3056185940.0
   87     0.000000000         3995982630.0
   88     0.000000000         1136776820.0
   89     0.000000000          202797782.0
   90     0.000000000         1946099222.0
   91     0.000000000         1972364864.0
   92     0.000000000         1677432352.0
   93     0.000000000          337018630.0
   94     0.000000000         2007009720.0
   95     0.000000000         1437126607.0
   96     0.000000000         2122991285.0
   97     0.000000000         3355040203.0
   98     0.000000000         2145344930.0
   99     0.000000000         4020158489.0
  100     0.000000000          700348412.0
  101     0.000000000         4251640336.0
  102     0.000000000         3627492676.0
  103     0.000000000         2182669320.0
  104     0.000000000          394367095.0
  105     0.000000000         1214694619.0
  106     0.000000000         4137809551.0
  107     0.000000000         3559058145.0
  108     0.000000000         3089587443.0
  109     0.000000000         1016506693.0
  110     0.000000000          779948107.0
  111     0.000000000         1242180700.0
  112     0.000000000         4107140350.0
  113     0.000000000         1099677484.0
  114     0.000000000         3393156095.0
  115     0.000000000          708371108.0
  116     0.000000000          469360558.0
  117     0.000000000         1591885430.0
  118     0.000000000         2675300100.0
  119     0.000000000         2206962636.0
  120     0.000000000          615356012.0
  121     0.000000000          627386388.0
  122     0.000000000         1371714546.0
  123     0.000000000         3149532192.0
  124     0.000000000          541069526.0
  125     0.000000000          879907147.0
  126     0.000000000         1841988888.0
  127     0.000000000         3925417465.0
  128     0.000000000         1017385619.0
  129     0.000000000          546457566.0
  130     0.000000000         1522176126.0
  131     0.000000000         1277263236.0
  132     0.000000000         2450051394.0
  133     0.000000000          308060176.0
  134     0.000000000         2158664032.0
  135     0.000000000          307501208.0
  136     0.000000000         1760077852.0
  137     0.000000000         1560951216.0
  138     0.000000000         3988010789.0
  139     0.000000000          259869676.0
  140     0.000000000         1506630107.0
  141     0.000000000         2866196060.0
  142     0.000000000          178242412.0
  143     0.000000000         1979532581.0
  144     0.000000000          643532497.0
  145     0.000000000          204719871.0
  146     0.000000000         3382958008.0
  147     0.000000000         2236219392.0
  148     0.000000000         4147204767.0
  149     0.000000000         3730331982.0
  150     0.000000000          736967804.0
  151     0.000000000         2720772426.0
  152     0.000000000         3917204887.0
  153     0.000000000         2131244782.0
  154     0.000000000         3784315248.0
  155     0.000000000         4025952279.0
  156     0.000000000         2366383009.0
  157     0.000000000         4058342111.0
  158     0.000000000         3105425092.0
  159     0.000000000         1818967393.0
  160     0.000000000         3259324221.0
  161     0.000000000         1705522345.0
  162     0.000000000          755886916.0
  163     0.000000000         3987628212.0
  164     0.000000000         3804190352.0
  165     0.000000000         3935341426.0
  166     0.000000000         2433266920.0
  167     0.000000000         3224889125.0
  168     0.000000000          643174358.0
  169     0.000000000         2828003952.0
  170     0.000000000         2130838332.0
  171     0.000000000          556839930.0
  172     0.000000000         2644972476.0
  173     0.000000000          791435151.0
  174     0.000000000         2962385330.0
  175     0.000000000         1788419101.0
  176     0.000000000         2698701774.0
  177     0.000000000         1965481732.0
  178     0.000000000         3356133820.0
  179     0.000000000         2239695102.0
  180     0.000000000         1549987006.0
  181     0.000000000         4215378161.0
  182     0.000000000         2328104685.0
  183     0.000000000         1685625526.0
  184     0.000000000          649943391.0
  185     0.000000000         1447712531.0
  186     0.000000000         3565508144.0
  187     0.000000000         1886583382.0
  188     0.000000000          548296306.0
  189     0.000000000         4044941611.0
  190     0.000000000         3640962916.0
  191     0.000000000         1798993558.0
  192     0.000000000         3739888371.0
  193     0.000000000         3428391603.0
  194     0.000000000         1190574799.0
  195     0.000000000         2409160005.0
  196     0.000000000          507490965.0
  197     0.000000000         2720293222.0
  198     0.000000000         1517471416.0
  199     0.000000000         1614640514.0
  200     0.000000000         3515744514.0
  201     0.000000000         2016026344.0
  202     0.000000000          145403341.0
  203     0.000000000         2862420537.0
  204     0.000000000         2799849574.0
  205     0.000000000         1961238391.0
  206     0.000000000         2397817212.0
  207     0.000000000         4220986926.0
  208     0.000000000         3227100400.0
  209     0.000000000         3797328906.0
  210     0.000000000         1033978259.0
  211     0.000000000          832084770.0
  212     0.000000000         1180706052.0
  213     0.000000000         2190890914.0
  214     0.000000000         1473859559.0
  215     0.000000000         1344548599.0
  216     0.000000000          123514440.0
  217     0.000000000         3304511517.0
  218     0.000000000         4099745914.0
  219     0.000000000         1741801913.0
  220     0.000000000         3817365360.0
  221     0.000000000         2181764370.0
  222     0.000000000         1588113909.0
  223     0.000000000         2159049645.0
  224     0.000000000          770817791.0
  225     0.000000000         3520336833.0
  226     0.000000000          541971717.0
  227     0.000000000         3211851405.0
  228     0.000000000         2925069877.0
  229     0.000000000         4112088076.0
  230     0.000000000         1845932442.0
  231     0.000000000         3221730792.0
  232     0.000000000         2271733759.0
  233     0.000000000         3519318211.0
  234     0.000000000         2875354885.0
  235     0.000000000         3795200674.0
  236     0.000000000           47684741.0
  237     0.000000000         2970440724.0
  238     0.000000000           11734339.0
  239     0.000000000          901856066.0
  240     0.000000000         3054276189.0
  241     0.000000000          425386701.0
  242     0.000000000         2420752615.0
  243     0.000000000          761124824.0
  244     0.000000000         2838636171.0
  245     0.000000000         2248791487.0
  246     0.000000000         4133804443.0
  247     0.000000000         1938032447.0
  248     0.000000000         3584974618.0
  249     0.000000000          577445292.0
  250     0.000000000          974540904.0
  251     0.000000000         2913641545.0
  252     0.000000000         2335631337.0
  253     0.000000000         3936727129.0
  254     0.000000000         2836425989.0
  255     0.000000000         2727171038.0
  256     0.000000000         1941319394.0
  257     0.000000000          899121519.0
  258     0.000000000         2075097376.0
  259     0.000000000         2130637280.0
  260     0.000000000         4043532359.0
  261     0.000000000         1262108501.0
  262     0.000000000         3224256133.0
  263     0.000000000         3842032635.0
  264     0.000000000         2527637208.0
  265     0.000000000          756384504.0
  266     0.000000000         2112623810.0
  267     0.000000000         4188412919.0
  268     0.000000000         3201814899.0
  269     0.000000000         2162134008.0
  270     0.000000000          906797876.0
  271     0.000000000         1993435228.0
  272     0.000000000         3793148062.0
  273     0.000000000         1830326467.0
  274     0.000000000         1939672941.0
  275     0.000000000         3849107583.0
  276     0.000000000         2817338106.0
  277     0.000000000          955987702.0
  278     0.000000000          746240489.0
  279     0.000000000         3285387851.0
  280     0.000000000         3103466909.0
  281     0.000000000         2035461598.0
  282     0.000000000         1820353339.0
  283     0.000000000         2489605316.0
  284     0.000000000         1013412760.0
  285     0.000000000         2090401378.0
  286     0.000000000         2615096966.0
  287     0.000000000         1527807331.0
  288     0.000000000         1694659125.0
  289     0.000000000          613849324.0
  290     0.000000000         1111889683.0
  291     0.000000000          309667353.0
  292     0.000000000         1686910168.0
  293     0.000000000          763746882.0
  294     0.000000000         2324689231.0
  295     0.000000000         3425163177.0
  296     0.000000000         2760029040.0
  297     0.000000000          418069602.0
  298     0.000000000         1025579149.0
  299     0.000000000         2739576558.0
  300     0.000000000          778046493.0
  301     0.000000000         3868657861.0
  302     0.000000000         1488182012.0
  303     0.000000000         1436184320.0
  304     0.000000000         2330903600.0
  305     0.000000000         3278649468.0
  306     0.000000000         1953757572.0
  307     0.000000000         3984979670.0
  308     0.000000000         4094262256.0
  309     0.000000000          201914423.0
  310     0.000000000         4191559878.0
  311     0.000000000         1928107211.0
  312     0.000000000         3530031083.0
  313     0.000000000         4005596696.0
  314     0.000000000         2313142728.0
  315     0.000000000          247615390.0
  316     0.000000000         3642651924.0
  317     0.000000000         1039455239.0
  318     0.000000000         1971772357.0
  319     0.000000000           65000120.0
  320     0.000000000         3862243018.0
  321     0.000000000         2979526376.0
  322     0.000000000         3841955504.0
  323     0.000000000         3939646581.0
  324     0.000000000         1868358959.0
  325     0.000000000         2361180176.0
  326     0.000000000         4183174538.0
  327     0.000000000         2284115902.0
  328     0.000000000         1063784801.0
  329     0.000000000          862494210.0
  330     0.000000000         2602429055.0
  331     0.000000000         2430421044.0
  332     0.000000000          515097496.0
  333     0.000000000         2632708334.0
  334     0.000000000         2393363606.0
  335     0.000000000         3780822267.0
  336     0.000000000         3859179811.0
  337     0.000000000         2615484987.0
  338     0.000000000         1617214322.0
  339     0.000000000         2708093367.0
  340     0.000000000         3868590217.0
  341     0.000000000          701943715.0
  342     0.000000000         3786207466.0
  343     0.000000000         1480029919.0
  344     0.000000000         2312327435.0
  345     0.000000000         1001035497.0
  346     0.000000000          502611184.0
  347     0.000000000         2611652315.0
  348     0.000000000         2655149972.0
  349     0.000000000         2087831918.0
  350     0.000000000         3299555874.0
  351     0.000000000         3585581693.0
  352     0.000000000         1150313962.0
  353     0.000000000          512380279.0
  354     0.000000000         3401078628.0
  355     0.000000000         1410412183.0
  356     0.000000000          648482439.0
  357     0.000000000         2661923448.0
  358     0.000000000         2850011024.0
  359     0.000000000         1544944945.0
  360     0.000000000         2585495582.0
  361     0.000000000         3155929332.0
  362     0.000000000           80002724.0
  363     0.000000000         1129931980.0
  364     0.000000000         4221736187.0
  365     0.000000000         3775505807.0
  366     0.000000000         1526948303.0
  367     0.000000000         3070219771.0
  368     0.000000000         1596876115.0
  369     0.000000000         2617627572.0
  370     0.000000000          858136210.0
  371     0.000000000         1507171381.0
  372     0.000000000          408066461.0
  373     0.000000000          402979501.0
  374     0.000000000         2366662023.0
  375     0.000000000         4195038959.0
  376     0.000000000         1457428818.0
  377     0.000000000         3877306655.0
  378     0.000000000         1502249811.0
  379     0.000000000         3700545367.0
  380     0.000000000         1998602020.0
  381     0.000000000         3892620624.0
  382     0.000000000         2356866520.0
  383     0.000000000         3772121188.0
  384     0.000000000         3714929145.0
  385     0.000000000         4186614673.0
  386     0.000000000         3357825832.0
  387     0.000000000          954847410.0
  388     0.000000000          436681582.0
  389     0.000000000         2730416804.0
  390     0.000000000         1977999165.0
  391     0.000000000         1792149842.0
  392     0.000000000         2117901151.0
  393     0.000000000         2732334558.0
  394     0.000000000          130360315.0
  395     0.000000000         4184011507.0
  396     0.000000000         2204744148.0
  397     0.000000000         3577347901.0
  398     0.000000000         4160127190.0
  399     0.000000000         1347073369.0
  400     0.000000000         2260181002.0
  401     0.000000000         1316929523.0
  402     0.000000000          215541976.0
  403     0.000000000          753580285.0
  404     0.000000000         1890457157.0
  405     0.000000000         3761668399.0
  406     0.000000000         1722858766.0
  407     0.000000000         2473839900.0
  408     0.000000000         2461375335.0
  409     0.000000000         3457863172.0
  410     0.000000000         1890277786.0
  411     0.000000000          687461347.0
  412     0.000000000         4165465474.0
  413     0.000000000         1603390783.0
  414     0.000000000         2900176715.0
  415     0.000000000         3673626220.0
  416     0.000000000         1630072371.0
  417     0.000000000         1307760423.0
  418     0.000000000         2874443849.0
  419     0.000000000         3372598335.0
  420     0.000000000         2680027724.0
  421     0.000000000         3206699084.0
  422     0.000000000         1214599739.0
  423     0.000000000         1556706403.0
  424     0.000000000         2798454037.0
  425     0.000000000         3398214522.0
  426     0.000000000         1102574716.0
  427     0.000000000         2041453607.0
  428     0.000000000         2356369526.0
  429     0.000000000         1219890651.0
  430     0.000000000         1200620897.0
 
number of child processes =  23

SAVING final configuration to save-file       

x(1) and rstatv(1) values for each replica:

    1     0.609592176         2059189900.0
    2     0.627317812         1858085174.0
    3     1.039790069         2704098910.0
    4     0.995300398         1687399911.0
    5     0.895107798         2872273981.0
    6     0.838748442         2399349616.0
    7     0.908940835         3770257776.0
    8     0.847108964           52037972.0
    9     0.932932678          806788711.0
   10     0.619242160          771959156.0
   11     0.859414590         3100785304.0
   12     1.058689109          296036314.0
   13     1.068452031         2105320867.0
   14     1.191201789          195216315.0
   15     1.230448451         3195885488.0
   16     1.095782398         3135721977.0
   17     1.355334439         2556840183.0
   18     1.231024289          990981724.0
   19     1.401638876         2278022088.0
   20     1.683499858         3798247509.0
   21     1.630031276         2291444757.0
   22     1.559146133          337086193.0
   23     1.466280247           53398372.0
   24     1.574712783         2655793241.0
   25     1.678413331         4109805505.0
   26     1.775256382         1447483782.0
   27     1.742990016           67271519.0
   28     1.901341388           93170424.0
   29     1.753953717         1199629168.0
   30     1.627413697          476640530.0
   31     1.576409082         3536746402.0
   32     1.462694008         1495485181.0
   33     1.273642655         4159783343.0
   34     1.396650234         2247827947.0
   35     1.432028288          392075202.0
   36     1.347025152         3397116446.0
   37     1.236964897         1053354517.0
   38     1.404161315         4006108809.0
   39     1.745465454          710198197.0
   40     1.550266473         1226398253.0
   41     1.581959331         3295157295.0
   42     1.805535687         3969402010.0
   43     1.832673096         1203427801.0
   44     1.654322298          839445760.0
   45     1.394494828         2052379760.0
   46     1.382394882         3381893263.0
   47     1.365831725          857295703.0
   48     1.422011991          671836745.0
   49     1.535544873         3803292703.0
   50     1.509551624         4181200104.0
   51     1.456775917         3748598524.0
   52     1.445296149          650491745.0
   53     1.410328339         1107945495.0
   54     1.517176299           42077456.0
   55     1.544635916         1398142104.0
   56     1.459098734         1375987309.0
   57     1.103439562         2694224060.0
   58     0.844216846         2978216052.0
   59     0.885971822         2828731318.0
   60     0.570896990          469804396.0
   61     0.647041819         3718298678.0
   62     0.910987466         3342797169.0
   63     0.813202365         4183846403.0
   64     0.636491410         4288609635.0
   65     0.799232050         3221120704.0
   66     0.751887566         3154295451.0
   67     0.707330147          427489476.0
   68     0.679201417         2492506684.0
   69     0.449678097         1469987722.0
   70     0.265136725         3541476780.0
   71     0.288773666         1018270866.0
   72     0.172875652         3792268356.0
   73     0.198619114         3958145222.0
   74     0.222804583          860010712.0
   75     0.051391593         3486164654.0
   76     0.282643883         1138762664.0
   77     0.226497769         3827735825.0
   78     0.275051453         1357229998.0
   79     0.495584793         4167966377.0
   80     0.329789456         3776059684.0
   81     0.135841729         2538500322.0
   82     0.124284517         1952853914.0
   83     0.091323827         1979298622.0
   84     0.200250563         3888818711.0
   85     0.346534505          479375297.0
   86     0.420347083          789182010.0
   87     0.410134207         3503426159.0
   88     0.395992980         2224675310.0
   89     0.544443270         2729397688.0
   90     0.963538623          927745339.0
   91     0.984460491         2920851269.0
   92     1.093381328         1470299573.0
   93     0.806437548         1850037430.0
   94     0.780615356         1390097853.0
   95     0.786634769         3722775621.0
   96     1.180329230         4232621382.0
   97     1.144071826         1687213378.0
   98     1.100571911         3944766375.0
   99     0.814258716         3436332187.0
  100     1.091956438         1804278393.0
  101     0.918486105         1680130389.0
  102     0.809514135         3980413659.0
  103     0.482022969         2729853478.0
  104     0.317023914          886711024.0
  105     0.447076513          566120796.0
  106     0.401496023         4121386120.0
  107     0.409277817         3176622094.0
  108     0.385610461         1967085574.0
  109     0.325957604          935080360.0
  110     0.144375542         2496855601.0
  111    -0.061984499         2840722523.0
  112    -0.103036025         4003379104.0
  113    -0.103737803         4106893645.0
  114    -0.064508425         3519935534.0
  115    -0.104201657         1938553391.0
  116    -0.478398708         2898454589.0
  117    -0.267796677         1250995760.0
  118    -0.155866071         2016211204.0
  119    -0.394521615         3361768280.0
  120    -0.375213619          885237897.0
  121    -0.603371710         2346706810.0
  122    -0.481523733         2254860757.0
  123    -0.150790534         3569468222.0
  124    -0.098081496         2747539764.0
  125     0.044043555           28134230.0
  126    -0.066637763          409888098.0
  127     0.042458909         3916024045.0
  128     0.048945208         3490494601.0
  129     0.289720591         3132980439.0
  130     0.255140676         3029866289.0
  131     0.250860888         3611611166.0
  132     0.404571059         1778973135.0
  133     0.623185989         3161363487.0
  134     0.510761871         3436956871.0
  135     0.407918578         2872607635.0
  136     0.355590385         3586042905.0
  137     0.335003277          429990046.0
  138     0.501939981         1495777780.0
  139     0.556704448         2064218746.0
  140     0.661640657         1936201496.0
  141     0.811911086          652707673.0
  142     0.787159922         2190823867.0
  143     0.886878184          401631685.0
  144     0.765617135         3546165263.0
  145     0.691441395         2173530293.0
  146     0.675837538          400009322.0
  147     0.579893800         2369930574.0
  148     0.723697749         2042602836.0
  149     0.689437641         2211819525.0
  150     0.618903570         3819202056.0
  151     0.713276810         1887873014.0
  152     0.820889906         1405454121.0
  153     0.678879120         2811832122.0
  154     0.601858543         2308613946.0
  155     0.561564766         3890069340.0
  156     0.681320817         1063224136.0
  157     0.566695673          526519743.0
  158     0.465695210         2076950412.0
  159     0.594415386         1886499477.0
  160     0.661672489         4050081519.0
  161     0.842140344         3219996998.0
  162     1.115223885          239938820.0
  163     1.202486093         2776133227.0
  164     1.306007661         3867846449.0
  165     1.378180519          805519173.0
  166     1.509995513         2718923031.0
  167     1.646613484         2317819743.0
  168     1.802673117         2626547475.0
  169     1.797285945         2721595056.0
  170     1.742404443         1287481107.0
  171     1.670565057          678688609.0
  172     1.809067505         2428510901.0
  173     1.838510763         3532655841.0
  174     1.535123453         2350277095.0
  175     1.320393848          962821699.0
  176     1.367243606         2515833098.0
  177     1.489095783         2259163884.0
  178     1.657370224          326862768.0
  179     1.841539549         2943630371.0
  180     1.717753579          404983578.0
  181     1.678571089         3582300145.0
  182     1.532795186         1218804511.0
  183     1.692529109         3299930324.0
  184     1.636140191         4031954433.0
  185     1.864947139         1757545061.0
  186     1.840566335         1582376378.0
  187     1.856094741          677833196.0
  188     1.751069117          298847682.0
  189     1.500264955         2891337361.0
  190     1.370064629         4090394079.0
  191     1.495169230          722349625.0
  192     1.437915603         1308576211.0
  193     1.423128241         1317477010.0
  194     1.421314121         2084240652.0
  195     1.411868749         3726054900.0
  196     1.202263898          245810188.0
  197     1.118847220         2823644830.0
  198     0.765220648         1838877594.0
  199     0.773139952         1883915125.0
  200     0.719041189          709379184.0
  201     0.515036679         1173897200.0
  202     0.504239220         3510046700.0
  203     0.385659689         3733177626.0
  204     0.571062407         4002406171.0
  205     0.330267495         2095511724.0
  206     0.545173973         3036667024.0
  207     0.885099362          876642331.0
  208     0.749424759         2560251150.0
  209     0.985570660         1045702156.0
  210     0.802369429           58318925.0
  211     0.821590028         1497546154.0
  212     0.825960295         2645327207.0
  213     0.811708121         3625589416.0
  214     0.750977447          691813494.0
  215     0.479925548         2001353713.0
  216     0.457026529          601412928.0
  217     0.514831472          102363606.0
  218     0.463493473          948018100.0
  219     0.537963095         1709596184.0
  220     0.567838981         1701185489.0
  221     0.656837400         2174148933.0
  222     0.697067889         3058482416.0
  223     0.583272845         3503337021.0
  224     0.672279483         2022512072.0
  225     0.493858820          606835826.0
  226     0.555705400          186051051.0
  227     0.524247998         3319812177.0
  228     0.092697142          940834239.0
  229    -0.164971096         4245004063.0
  230    -0.115529987         2502053883.0
  231    -0.215055262           57855891.0
  232    -0.320862981         3155807331.0
  233    -0.408682310         2838169206.0
  234     0.017657711         1759325205.0
  235     0.263320988         1285533351.0
  236     0.448738793         3517603166.0
  237     0.284652166         2946332601.0
  238     0.400215515         3713242049.0
  239     0.249123686         3857949117.0
  240     0.526610364         2832299802.0
  241     0.550760729         4259586843.0
  242     0.447863134          798077533.0
  243     0.477566479         4068821837.0
  244     0.490073604         1170821447.0
  245     0.605094098         1434581310.0
  246     0.649408878          277643039.0
  247     0.836975386         2187667362.0
  248     0.664703083         1153310048.0
  249     0.898424340           26695304.0
  250     0.859844135         4273508525.0
  251     0.872727170         1078127252.0
  252     0.926064269         3945343298.0
  253     0.910355532         1832616735.0
  254     1.095070763          726923976.0
  255     1.147922445          594544092.0
  256     1.062244909         2038705173.0
  257     0.811417121         1972976887.0
  258     0.991582048         3618465676.0
  259     0.725830405         2747496093.0
  260     0.853808114         2608330313.0
  261     0.650836194         3534918392.0
  262     0.731028595         2958423598.0
  263     0.857582832         1442473499.0
  264     0.728649597         1384218646.0
  265     0.872693712          365439228.0
  266     0.667479401         1249417476.0
  267     0.529648217         2248150380.0
  268     0.570022790         3076598160.0
  269     0.494150621         4036557895.0
  270     0.792152213          353133973.0
  271     1.034769941          937427874.0
  272     0.817663193         3874880060.0
  273     0.367690603         4056550235.0
  274     0.407037963          396489000.0
  275     0.311440655         1907442553.0
  276     0.246931011         2165239088.0
  277     0.166593009         3216942808.0
  278     0.125030558         2434499056.0
  279     0.113581016         3274706899.0
  280     0.102479743         1245147171.0
  281     0.224518117         2811097159.0
  282     0.432718344         1614555091.0
  283     0.569385704         3774720770.0
  284     0.377961815         1786623547.0
  285     0.294731070         3424141567.0
  286     0.393646874         1173186232.0
  287     0.285468044         1105716464.0
  288     0.043847982          199673860.0
  289     0.126067345         1960037512.0
  290     0.270929083         2948807119.0
  291     0.293995464          313584937.0
  292     0.054426429         3031360331.0
  293    -0.021875907         1407423722.0
  294    -0.089206590          163137960.0
  295    -0.452523111         3674133693.0
  296    -0.186658788          747722437.0
  297     0.025117352         2515858610.0
  298     0.461029557         3338330869.0
  299     0.690859417         4271375274.0
  300     0.753170968          116410705.0
  301     0.730348938         1864276653.0
  302     0.635993093         3341339949.0
  303     0.610009297         3501923045.0
  304     0.760062754         3661401769.0
  305     0.964382037         1760013860.0
  306     1.062862416         1517939577.0
  307     1.085574634         2159854774.0
  308     0.908579731         3584544314.0
  309     0.824854315          666807952.0
  310     0.852906538         1983569476.0
  311     0.797344592         3684111063.0
  312     0.772601655          970128977.0
  313     0.850107793          685867150.0
  314     0.674046290          301139192.0
  315     0.565245547           94464876.0
  316     0.629282199         3033712589.0
  317     0.415283016          974672583.0
  318     0.637373245         3937352027.0
  319     0.431482071          194251147.0
  320     0.488572772         3956242051.0
  321     0.581539729         1554474065.0
  322     0.694993258         2479592551.0
  323     0.827388014         2314927506.0
  324     0.735709224         2576303791.0
  325     0.755109813          435682198.0
  326     0.718297894         1981726159.0
  327     0.694152155         2472499382.0
  328     0.619211913         2932096636.0
  329     0.424090881          381316534.0
  330     0.312872556         4139647018.0
  331     0.020221654         4127677152.0
  332     0.021682100         3737938993.0
  333     0.158612664         2628011269.0
  334     0.359670863         3908745999.0
  335     0.648535573         1876267679.0
  336     0.755544768         1327790428.0
  337     0.788839668         1483413439.0
  338     0.685353124          307405111.0
  339     0.704917066         2197737807.0
  340     0.754728624         3435286278.0
  341     0.915361662         3984832613.0
  342     0.797796429         1790713435.0
  343     0.754730201          881562143.0
  344     0.569808765         3258808171.0
  345     0.607200253          689747335.0
  346     0.574398088         3158734890.0
  347     0.502391330         1491546713.0
  348     0.521519166         2217020276.0
  349     0.842340807         4029369067.0
  350     0.827095214         3242382231.0
  351     0.762046226         1261761494.0
  352     0.661333146         2826815756.0
  353     0.586339110         1047521873.0
  354     0.692930872          755085451.0
  355     0.629873108         4213895036.0
  356     0.373806102         1395270708.0
  357     0.662909816         3210183120.0
  358     0.806016057         2934811979.0
  359     0.642238959         3799199309.0
  360     0.839234230         4084665908.0
  361     0.777958149          608788522.0
  362     0.742128647         1849514638.0
  363     0.769261542         4265168852.0
  364     0.745477688          318363712.0
  365     0.556242545          504340020.0
  366     0.563774181         1186836131.0
  367     0.545675114         1633080474.0
  368     0.722540857          135054371.0
  369     0.735045107         3500142804.0
  370     0.720131823          742604609.0
  371     0.633601141         3895536173.0
  372     0.586378946         1456038903.0
  373     0.612591301         3237190222.0
  374     0.544177613         1299116395.0
  375     0.457216135         1518896493.0
  376     0.587048633         3177725812.0
  377     0.769579306         2374950283.0
  378     0.906913682          809445679.0
  379     0.767901503         1290477730.0
  380     1.005188818         1427960602.0
  381     0.958523022         2783053441.0
  382     1.115768216         2886827428.0
  383     1.493178105         3436447637.0
  384     1.186235431         2767327865.0
  385     1.258310920          884166532.0
  386     1.100836066         1607994597.0
  387     0.956424745          844681993.0
  388     1.194395189         2412469528.0
  389     1.311529387          241642189.0
  390     1.157270657         3697529592.0
  391     1.355788191         3210365751.0
  392     1.284351945         3916447252.0
  393     1.110364998          498893328.0
  394     1.456753273         1289068313.0
  395     1.324803713         2799408685.0
  396     1.258888479          520514796.0
  397     1.343602757         1785727653.0
  398     1.240926021          458101772.0
  399     1.176104622         3758862321.0
  400     1.132602921         2471488220.0
  401     1.297050713         1238182453.0
  402     1.168497716         3125264509.0
  403     1.020666795         2064678510.0
  404     1.012053845         3151901950.0
  405     0.704773629         1794187202.0
  406     0.830627257          533516945.0
  407     0.871563100         1327747096.0
  408     0.791254249         3462980124.0
  409     0.885238414          309388026.0
  410     1.029790285         3748523490.0
  411     0.919421079         1735519004.0
  412     0.851211645         3734678917.0
  413     0.728999151         3744937769.0
  414     0.660103632          959035921.0
  415     0.736548961          456354259.0
  416     0.642700790         1048438717.0
  417     0.577050552         1382439617.0
  418     0.331444290         1095870098.0
  419     0.485827223         4209788604.0
  420     0.412365018          476964779.0
  421     0.657283327         1611705266.0
  422     0.848434064          207752479.0
  423     0.727305907         2140591119.0
  424     0.551086323         1693595295.0
  425     0.601164162         1671088344.0
  426     0.661879010         4073848730.0
  427     0.661349189         2870279960.0
  428     0.762945933           95622292.0
  429     0.855228257         1645167337.0
  430     1.225019271         3998368686.0
 
total number of accepted moves =         7717976217.0
total number of rejected moves =           22023783.0

normal termination of QSATS
