Tue Aug 13 06:35:41 EDT 2013
/share/apps/sungridengine/default/spool/chemist6/job_scripts/14212: line 10: ./qm: No such file or directory

real	0m0.002s
user	0m0.000s
sys	0m0.000s
Tue Aug 13 06:35:41 EDT 2013
Tue Aug 13 06:39:46 EDT 2013
compile-time parameters:

NREPS  =    430
NATOMS =    180
NATOM3 =    540
NATOM6 =   1080
NATOM7 =   1260
NVBINS =  20000
RATIO  = 2.0500
NIP    =     56
NPAIRS =  10080

DEFINING potential energy grid parameters

minimum R      =    3.00000 bohr
R**2 bin size  =    0.05000 bohr**2

using HFD-B(He) potential energy curve
[R.A. Aziz et al., Mol. Phys. vol. 61, p. 1487 (1987)]

READING crystal lattice from ltfile          

supercell scaling factor computed from density =   0.10487673

supercell edge lengths [bohr]         =   35.03380  33.71139  33.03021

final lattice point [bohr]            =   33.08752  30.34020  27.52519

nearest neighbor (NN) distance [bohr] =    6.74223

supercell edge lengths [NN distances] =    5.19618   5.00004   4.89900

atom 1 interacts with  56 other atoms

total number of interacting pairs =  10080

Initial Conditions

Ntraj   =   1000
Ndim    =    540
kmax    =    200
dt      = 4.0000

Total Energy =**********
MISSION COMPLETE.

real	49m39.686s
user	49m32.927s
sys	0m0.028s
Tue Aug 13 07:29:26 EDT 2013
