0.1 7.511953255985524e-07 0.0010264238018031632 
0.11457286432160804 1.049541575121035e-06 0.00124571042443009 
0.12914572864321608 1.4606856262172476e-06 0.0014936927016337305 
0.14371859296482414 2.0249961567233332e-06 0.00176859163245444 
0.15829145728643218 2.7964173615589505e-06 0.0020665341361578017 
0.17286432160804022 3.846715922300602e-06 0.0023811108824781852 
0.18743718592964825 5.2709461491279005e-06 0.0027029809730225894 
0.2020100502512563 7.194446414305562e-06 0.003019575612072384 
0.21658291457286433 9.781749212070098e-06 0.0033149633303390076 
0.23115577889447236 1.3247868380139998e-05 0.0035699489785431375 
0.2457286432160804 1.7872521333790483e-05 0.0037624889537446935 
0.26030150753768844 2.401795254691999e-05 0.003868521854766556 
0.27487437185929653 3.215114762708895e-05 0.0038633560315601096 
0.2894472361809045 4.2871365405430675e-05 0.003723883963598074 
0.3040201005025126 5.694406813685293e-05 0.003432317843180309 
0.3185929648241206 7.534249603738738e-05 0.0029836905300577765 
0.3331658291457287 9.929830983375582e-05 0.0024058484646091735 
0.34773869346733666 0.00013036291039543764 0.0018294239729531058 
0.36231155778894475 0.00017048123301706945 0.001675225550491556 
0.37688442211055273 0.00022207999895103547 0.0023644720148263973 
0.3914572864321608 0.0002881725798292832 0.0036193626646309363 
0.4060301507537688 0.0003724827809643746 0.005138932102200015 
0.4206030150753769 0.00047958996416092795 0.006777154539525039 
0.4351758793969849 0.0006150979941676885 0.008432818608691535 
0.44974874371859297 0.0007858304874329306 0.010013543699866302 
0.46432160804020106 0.0010000547473248498 0.011429939180197671 
0.47889447236180904 0.0012677365644485612 0.012599989280407238 
0.49346733668341713 0.0016008277207141177 0.01345998456718683 
0.5080402010050251 0.0020135875372715812 0.013983832696628186 
0.5226130653266332 0.002522939125486573 0.014216694797127819 
0.5371859296482412 0.003148860114431157 0.01433183069364085 
0.5517587939698493 0.003914806518523598 0.014707702579056348 
0.5663316582914573 0.004848167060255367 0.0159582065735422 
0.5809045226130654 0.005980743667275347 0.018771825682177983 
0.5954773869346733 0.007349252020993661 0.023620924710633873 
0.6100502512562814 0.00899583395664604 0.0307019791305675 
0.6246231155778894 0.010968571226638198 0.04011453187874584 
0.6391959798994975 0.013321987679020715 0.0520011985607919 
0.6537688442211055 0.016117524326655246 0.06658602273519854 
0.6683417085427136 0.019423969163201212 0.08416753944978735 
0.6829145728643216 0.023317821010840442 0.10509982137574027 
0.6974874371859296 0.02788356427093003 0.12976985284837075 
0.7120603015075376 0.03321382931844191 0.15857182054233987 
0.7266331658291457 0.0394094115742921 0.19187771894807462 
0.7412060301507537 0.046579121157322344 0.23000398184703064 
0.7557788944723618 0.054839434616410394 0.27317442469278325 
0.7703517587939698 0.06431392072920963 0.32148044544917315 
0.7849246231155779 0.07513241387593972 0.3748401720461967 
0.799497487437186 0.08742991118700383 0.4329590057818748 
0.8140703517587939 0.10134517362945468 0.4952946796097905 
0.828643216080402 0.11701901651235212 0.5610304005251145 
0.84321608040201 0.13459228158380893 0.6290597719241511 
0.8577889447236181 0.15420349093923827 0.6979869393449775 
0.8723618090452261 0.1759861922768403 0.7661447747369655 
0.8869346733668342 0.20006601547237826 0.8316329712599805 
0.9015075376884422 0.22655747178073557 0.8923767739619695 
0.9160804020100503 0.25556053891639396 0.9462058747042036 
0.9306532663316582 0.28715708746117885 0.9909519415023408 
0.9452261306532663 0.3214072160770757 1.0245625590806564 
0.9597989949748743 0.3583455743960733 1.0452293058260074 
0.9743718592964824 0.39797776271368346 1.0515286451857988 
0.9889447236180904 0.4402769062062181 1.0425767785523254 
1.0035175879396985 0.48518050780618266 1.018204327825237 
1.0180904522613066 0.532587687614804 0.979164603745269 
1.0326633165829147 0.5823569173681958 0.927400579188318 
1.0472361809045228 0.634304355644656 0.8664063588634304 
1.0618090452261306 0.6882028829487215 0.8017059893044253 
1.0763819095477387 0.7437819254014563 0.7413551775660856 
1.0909547738693468 0.8007281415178737 0.695970935652958 
1.105527638190955 0.8586870286297279 0.6770967883920657 
1.120100502512563 0.917265484246484 0.6929989818513941 
1.1346733668341709 0.9760353335332568 0.744283169681855 
1.149246231155779 1.0345378077701082 0.8239537699348882 
1.163819095477387 1.0922889309283015 0.9215373372994285 
1.1783919597989951 1.1487857432552664 1.0267714203044807 
1.192964824120603 1.2035132629820302 1.1310581741944594 
1.207537688442211 1.2559520609799049 1.2275792753295685 
1.2221105527638192 1.3055862994241678 1.3110375694949403 
1.2366834170854273 1.351912065255602 1.3774110184253852 
1.2512562814070352 1.3944458133620112 1.423794725006617 
1.2658291457286432 1.432732723696033 1.4483147326922816 
1.2804020100502513 1.4663547715966845 1.4500846005268884 
1.2949748743718594 1.4949383117808632 1.4291824729713747 
1.3095477386934675 1.518160983980124 1.3866352066997583 
1.3241206030150754 1.5357577619377716 1.3244037792321335 
1.3386934673366835 1.5475259871255227 1.2453707725108654 
1.3532663316582916 1.5533292535232648 1.1533363151652452 
1.3678391959798997 1.553100039345985 1.0530316472650196 
1.3824120603015075 1.546841014725351 0.9501518537733862 
1.3969849246231156 1.5346249899359 0.851369648293287 
1.4115577889447237 1.516593505569466 0.7641764892872012 
1.4261306532663318 1.4929541028262996 0.6961809500621501 
1.4407035175879397 1.4639763475292786 0.6533982545634474 
1.4552763819095478 1.429986714356999 0.6377948999056049 
1.4698492462311559 1.3913624670183755 0.6459201763409702 
1.484422110552764 1.348524694695411 0.6703018932140844 
1.498994974874372 1.3019306842939842 0.7024535285606409 
1.51356783919598 1.2520658213178693 0.7351217380700988 
1.528140703517588 1.1994352192113227 0.7630527052188535 
1.542713567839196 1.1445552777392767 0.7828713442067767 
1.5572864321608042 1.087945365572143 0.7926875343181246 
1.571859296482412 1.030119811121571 0.7917062211599102 
1.5864321608040202 0.9715803694424227 0.7799135891227248 
1.6010050251256283 0.9128093124508536 0.7578401162393474 
1.6155778894472363 0.8542632657130318 0.7263869104666114 
1.6301507537688442 0.7963678886226885 0.6867036853140379 
1.6447236180904523 0.7395134669367547 0.6401113200936104 
1.6592964824120604 0.6840514583999773 0.5880662555681508 
1.6738693467336685 0.6302920045376358 0.5321686470657305 
1.6884422110552764 0.5785023955220795 0.47422299637287985 
1.7030150753768845 0.5289064510999886 0.41637032022683973 
1.7175879396984925 0.4816847595401669 0.3613204045547128 
1.7321608040201006 0.4369756989081279 0.3126874359260255 
1.7467336683417087 0.3948771510128197 0.2752417724794794 
1.7613065326633166 0.3554488082585466 0.2543291028558998 
1.7758793969849247 0.318714967371987 0.2534531323714516 
1.7904522613065328 0.2846677014186238 0.27150828392340476 
1.8050251256281409 0.2532703024098002 0.3035207033687527 
1.8195979899497488 0.22446089076499123 0.3439465808061729 
1.8341708542713568 0.19815609449112903 0.3886056441014045 
1.848743718592965 0.17425470967865112 0.4348186518299687 
1.863316582914573 0.15264126427323604 0.4809667493855366 
1.877889447236181 0.13318941854189015 0.526076385164878 
1.892462311557789 0.11576514771000983 0.569532368599689 
1.907035175879397 0.10022966443713477 0.6108918915981417 
1.9216080402010052 0.08644205070924522 0.6497665501302251 
1.936180904522613 0.07426158000197838 0.6857518683911719 
1.9507537688442211 0.06354972092703941 0.7183923459981681 
1.9653266331658292 0.05417182279869795 0.7471737695658485 
1.9798994974874373 0.045998491503401275 0.7715357523048152 
1.9944723618090454 0.038906670643900944 0.7908979695649136 
2.0090452261306533 0.032780448140364314 0.8046942199800436 
2.023618090452261 0.027511612337348397 0.8124094717390817 
2.0381909547738695 0.0229999842630918 0.8136163152360733 
2.0527638190954773 0.019153554126012936 0.8080085080209704 
2.067336683417085 0.01588845054666104 0.7954303928135164 
2.0819095477386935 0.013128770561099378 0.7759018307399453 
2.0964824120603014 0.010806297250328981 0.749638956915895 
2.1110552763819097 0.00886013010629294 0.7170716357329766 
2.1256281407035176 0.007236251088419923 0.678859090028454 
2.140201005025126 0.005887046894771649 0.635905882761334 
2.1547738693467338 0.004770805393383271 0.5893811636609367 
2.1693467336683416 0.0038512015402498274 0.5407443177552933 
2.18391959798995 0.003096785540611241 0.4917781069601908 
2.198492462311558 0.00248048356152324 0.4446214657705029 
2.213065326633166 0.0019791190304088405 0.40176879718101355 
2.227638190954774 0.0015729604942254114 0.365950518950005 
2.242211055276382 0.0012453001902211019 0.3397520014670888 
2.25678391959799 0.000982065902425588 0.324890014059443 
2.271356783919598 0.0007714673478240069 0.32141427153127905 
2.285929648241206 0.0006036772439112511 0.3274704551750527 
2.3005025125628142 0.0004705463398852965 0.3399252181029825 
2.315075376884422 0.00036535102744344946 0.35534962226220895 
2.3296482412060304 0.0002825716614817909 0.37071972094259925 
2.3442211055276383 0.00021769939206226432 0.38368230300967987 
2.358793969849246 0.00016706911271123346 0.3925558193794073 
2.3733668341708545 0.00012771604311613457 0.39623880649872106 
2.3879396984924623 9.725346472775722e-05 0.3941094791884553 
2.40251256281407 7.376919574988226e-05 0.3859408452961833 
2.4170854271356785 5.573850985862211e-05 0.3718319332947579 
2.4316582914572864 4.19513554924279e-05 0.3521498393687064 
2.4462311557788947 3.14519068492468e-05 0.3274777944876947 
2.4608040201005026 2.3488663295203213e-05 0.2985665254866972 
2.4753768844221105 1.7473502358407965e-05 0.2662882850902888 
2.4899497487437188 1.2948276423661708e-05 0.23159480708227792 
2.5045226130653266 9.55771993468541e-06 0.19548257826429105 
2.519095477386935 7.027599082218173e-06 0.15897291782356388 
2.533668341708543 5.147187552223438e-06 0.12312650151051849 
2.5482412060301507 3.7552888514625784e-06 0.08915821951108775 
2.562814070351759 2.7291477084149116e-06 0.058933802786449926 
2.577386934673367 1.97570033618772e-06 0.03715474896137409 
2.5919597989949748 1.4247066285751635e-06 0.03458805057213835 
2.606532663316583 1.0233876103585687e-06 0.04884653605789604 
2.621105527638191 7.322598186134809e-07 0.06642147675004728 
2.6356783919597992 5.21915976477107e-07 0.0823445831835468 
2.650251256281407 3.7054957356490483e-07 0.09528166766178829 
2.664824120603015 2.6206099348157625e-07 0.10484762663609125 
2.6793969849246233 1.8461576628129354e-07 0.1110021395845436 
2.693969849246231 1.2955242009610214e-07 0.11388295882921193 
2.7085427135678395 9.055920723559457e-08 0.11374397345143561 
2.7231155778894474 6.305652488596535e-08 0.11092329632775466 
2.7376884422110552 4.373587222446706e-08 0.10582043519619427 
2.7522613065326635 3.021731628495271e-08 0.09887573257426048 
2.7668341708542714 2.0796216378093464e-08 0.0905500040724609 
2.7814070351758793 1.4256834345354894e-08 0.08130441536683139 
2.7959798994974876 9.735812878616682e-09 0.07158187705194434 
2.8105527638190955 6.62264798951405e-09 0.06179213578779037 
2.825125628140704 4.487469029048468e-09 0.0523035161905024 
2.8396984924623117 3.0288767080277636e-09 0.043445033398174605 
2.8542713567839195 2.0364420946009168e-09 0.03552304108166173 
2.868844221105528 1.3638696793435325e-09 0.028853878090437216 
2.8834170854271357 9.098797975197344e-10 0.023795380407376988 
2.897989949748744 6.046520211116743e-10 0.020699808487128584 
2.912562814070352 4.0025552390156545e-10 0.019675563894808935 
2.9271356783919598 2.6392437304227267e-10 0.020339022467670755 
2.941708542713568 1.7335325537958734e-10 0.021991616306129808 
2.956281407035176 1.1342135819047117e-10 0.024004709807385012 
2.970854271356784 7.392103249523136e-11 0.02596460551936908 
2.985427135678392 4.79900877289982e-11 0.02763289916790139 
3.0 3.1034546408543744e-11 0.0288830994001429 
