#
# A fatal error has been detected by the Java Runtime Environment:
#
#  SIGSEGV (0xb) at pc=0x00007f89a70baa83, pid=24949, tid=140229189629696
#
# JRE version: 6.0_18-b07
# Java VM: Java HotSpot(TM) 64-Bit Server VM (16.0-b13 mixed mode linux-amd64 )
# Problematic frame:
# C  [libfontmanager.so+0x2aa83]
#
# If you would like to submit a bug report, please visit:
#   http://java.sun.com/webapps/bugreport/crash.jsp
# The crash happened outside the Java Virtual Machine in native code.
# See problematic frame for where to report the bug.
#

---------------  T H R E A D  ---------------

Current thread (0x00007f8954073800):  JavaThread "Java2D Disposer" daemon [_thread_in_native, id=24970, stack(0x00007f89a6f8f000,0x00007f89a7090000)]

siginfo:si_signo=SIGSEGV: si_errno=0, si_code=1 (SEGV_MAPERR), si_addr=0x0000000000000000

Registers:
RAX=0x0000000000000000, RBX=0x00000000482c2b30, RCX=0x00007f8948239bb0, RDX=0x0000000000000000
RSP=0x00007f89a708e500, RBP=0x00007f8948239c50, RSI=0x00007f8948239c58, RDI=0x00007f8948235c60
R8 =0x00007f8964003c50, R9 =0x00007f89d6fe2541, R10=0x00007f89cd010c1b, R11=0x00007f89d6d1a4a0
R12=0x00007f8948235c60, R13=0x0000000000000000, R14=0x00007f89540739b8, R15=0x00007f8954073800
RIP=0x00007f89a70baa83, EFL=0x0000000000010283, CSGSFS=0x0000000000000033, ERR=0x0000000000000004
  TRAPNO=0x000000000000000e

Top of Stack: (sp=0x00007f89a708e500)
0x00007f89a708e500:   00007f89d6fdeb30 00007f8948239c58
0x00007f89a708e510:   00007f89482357e0 00007f8948237578
0x00007f89a708e520:   00007f8948235c60 00007f89a70c8f44
0x00007f89a708e530:   00007f89482395d8 00007f89a70c7faa
0x00007f89a708e540:   00007f89d00058b0 00007f89a70c80f5
0x00007f89a708e550:   00007f8948236568 00007f89a70b4840
0x00007f89a708e560:   00007f89a8385da0 00007f89a708e5bc
0x00007f89a708e570:   00007f89482395d8 00007f8948236568
0x00007f89a708e580:   00007f89482357e0 00007f8948237578
0x00007f89a708e590:   00007f8948235c60 00007f89540739b8
0x00007f89a708e5a0:   00007f8954073800 00007f89a70d7224
0x00007f89a708e5b0:   00007f8954073800 0000000064003ce8
0x00007f89a708e5c0:   00007f89a8385da0 00007f89a708e648
0x00007f89a708e5d0:   00007f89a85d0ae0 00007f89a8385da0
0x00007f89a708e5e0:   00007f89a708e670 00007f89cd010c48
0x00007f89a708e5f0:   00007f89ae05b690 0000000000000003
0x00007f89a708e600:   00007f8954073800 00007f89a708e608
0x00007f89a708e610:   00007f89a8385da0 00007f89a708e670
0x00007f89a708e620:   00007f89a83c6030 0000000000000000
0x00007f89a708e630:   00007f89a8385da0 0000000000000000
0x00007f89a708e640:   00007f89a708e668 00007f89a708e6c8
0x00007f89a708e650:   00007f89cd005a42 00007f89a838be48
0x00007f89a708e660:   00007f89cd00df18 00007f89482357e0
0x00007f89a708e670:   00007f89ae05b6c0 00007f89a7c54760
0x00007f89a708e680:   00007f89ae05b6c0 00007f89a708e678
0x00007f89a708e690:   00007f89a92f6823 00007f89a708e6d8
0x00007f89a708e6a0:   00007f89a92f6c08 0000000000000000
0x00007f89a708e6b0:   00007f89a92f6840 00007f89a708e668
0x00007f89a708e6c0:   00007f89a708e6d8 00007f89a708e720
0x00007f89a708e6d0:   00007f89cd005f1c 00007f89ae05b6c0
0x00007f89a708e6e0:   00007f89a708e6e0 00007f89a83fc3aa
0x00007f89a708e6f0:   00007f89a708e740 00007f89a83fcd48 

Instructions: (pc=0x00007f89a70baa83)
0x00007f89a70baa73:   5c 24 04 7f 51 31 d2 39 da 7d 12 66 90 48 63 c2
0x00007f89a70baa83:   49 39 6c c5 00 74 2f ff c2 39 da 7c f0 41 3b 54 

Stack: [0x00007f89a6f8f000,0x00007f89a7090000],  sp=0x00007f89a708e500,  free space=3fd0000000000000018k
Native frames: (J=compiled Java code, j=interpreted, Vv=VM code, C=native code)
C  [libfontmanager.so+0x2aa83]

Java frames: (J=compiled Java code, j=interpreted, Vv=VM code)
j  sun.font.FileFont.freeScaler(J)V+0
j  sun.font.FileFont$FileFontDisposer.dispose()V+11
j  sun.java2d.Disposer.run()V+26
j  java.lang.Thread.run()V+11
v  ~StubRoutines::call_stub

---------------  P R O C E S S  ---------------

Java Threads: ( => current thread )
  0x00007f88d4019000 JavaThread "Timer-14" [_thread_blocked, id=29307, stack(0x00007f89a6a52000,0x00007f89a6b53000)]
  0x00007f88dc0a5800 JavaThread "AWT-EventQueue-0" [_thread_in_Java, id=2941, stack(0x00007f89a45a6000,0x00007f89a46a7000)]
  0x00007f88f800a000 JavaThread "WMI:MapleClientSocket:Kernel Connection " daemon [_thread_blocked, id=2541, stack(0x00007f89a4aab000,0x00007f89a4bac000)]
  0x00007f88f8002000 JavaThread "process reaper" daemon [_thread_in_native, id=2538, stack(0x00007f89a4bac000,0x00007f89a4cad000)]
  0x00007f88dc00c800 JavaThread "Timer-11" daemon [_thread_blocked, id=2536, stack(0x00007f89a49aa000,0x00007f89a4aab000)]
  0x00007f88e4001000 JavaThread "Timer-10" [_thread_blocked, id=2535, stack(0x00007f89a4eaf000,0x00007f89a4fb0000)]
  0x00007f88dc004000 JavaThread "WMI:MapleClientSocket:Kernel Connection " daemon [_thread_blocked, id=23757, stack(0x00007f89a57b7000,0x00007f89a58b8000)]
  0x00007f88dc001800 JavaThread "process reaper" daemon [_thread_in_native, id=23754, stack(0x00007f89a48a9000,0x00007f89a49aa000)]
  0x00007f89482c1800 JavaThread "Quick Help popup thread" daemon [_thread_blocked, id=23752, stack(0x00007f89a5dec000,0x00007f89a5eed000)]
  0x00007f89481e7000 JavaThread "Timer-7" daemon [_thread_blocked, id=23751, stack(0x00007f89a46a7000,0x00007f89a47a8000)]
  0x00007f88e0001000 JavaThread "Timer-6" [_thread_blocked, id=23750, stack(0x00007f89a5ceb000,0x00007f89a5dec000)]
  0x00007f8948261000 JavaThread "Timer-5" [_thread_blocked, id=32618, stack(0x00007f89a61f7000,0x00007f89a62f8000)]
  0x00007f8924003000 JavaThread "WMI:MapleClientSocket:Kernel Connection " daemon [_thread_blocked, id=32562, stack(0x00007f89a58b8000,0x00007f89a59b9000)]
  0x00007f8924001000 JavaThread "process reaper" daemon [_thread_in_native, id=32559, stack(0x00007f89a55b5000,0x00007f89a56b6000)]
  0x00007f8904003800 JavaThread "palette position change updater" daemon [_thread_blocked, id=32555, stack(0x00007f89a56b6000,0x00007f89a57b7000)]
  0x00007f8904001800 JavaThread "Timer-4" daemon [_thread_blocked, id=32554, stack(0x00007f89a7652000,0x00007f89a7753000)]
  0x00007f89541e0800 JavaThread "Timer-3" [_thread_blocked, id=32553, stack(0x00007f89a4dae000,0x00007f89a4eaf000)]
  0x00007f89d0008000 JavaThread "DestroyJavaVM" [_thread_blocked, id=24950, stack(0x00007f89d65d0000,0x00007f89d66d1000)]
  0x00007f8914002800 JavaThread "WMI:MapleClientSocket:Kernel Connection " daemon [_thread_blocked, id=24991, stack(0x00007f89a5ae9000,0x00007f89a5bea000)]
  0x00007f8914001800 JavaThread "process reaper" daemon [_thread_in_native, id=24986, stack(0x00007f89a5bea000,0x00007f89a5ceb000)]
  0x00007f8948194000 JavaThread "palette position change updater" daemon [_thread_blocked, id=24984, stack(0x00007f89a649f000,0x00007f89a65a0000)]
  0x00007f894819b800 JavaThread "auto command complete monitor" daemon [_thread_blocked, id=24983, stack(0x00007f89a65a0000,0x00007f89a66a1000)]
  0x00007f8948081800 JavaThread "TimerQueue" daemon [_thread_blocked, id=24982, stack(0x00007f89a66a1000,0x00007f89a67a2000)]
  0x00007f89480c8800 JavaThread "Timer-2" daemon [_thread_blocked, id=24980, stack(0x00007f89a5ef4000,0x00007f89a5ff5000)]
  0x00007f89480b2800 JavaThread "GLDrawableContainer purge thread" daemon [_thread_blocked, id=24979, stack(0x00007f89a60f6000,0x00007f89a61f7000)]
  0x00007f8938001000 JavaThread "Timer-1" [_thread_blocked, id=24978, stack(0x00007f89a5ff5000,0x00007f89a60f6000)]
  0x00007f89480e1800 JavaThread "Timer-0" [_thread_blocked, id=24975, stack(0x00007f89a62f8000,0x00007f89a63f9000)]
  0x00007f8954133000 JavaThread "WMI:Background Task Runner" [_thread_blocked, id=24974, stack(0x00007f89a67a2000,0x00007f89a68a3000)]
  0x00007f8954108800 JavaThread "AWT-Shutdown" [_thread_blocked, id=24972, stack(0x00007f89a6b53000,0x00007f89a6c54000)]
  0x00007f89540d1000 JavaThread "AWT-XAWT" daemon [_thread_in_native, id=24971, stack(0x00007f89a6d86000,0x00007f89a6e87000)]
=>0x00007f8954073800 JavaThread "Java2D Disposer" daemon [_thread_in_native, id=24970, stack(0x00007f89a6f8f000,0x00007f89a7090000)]
  0x00007f89d03dc800 JavaThread "AppMgr Thread" [_thread_in_native, id=24968, stack(0x00007f89a7551000,0x00007f89a7652000)]
  0x00007f89d0098800 JavaThread "Low Memory Detector" daemon [_thread_blocked, id=24965, stack(0x00007f89d427d000,0x00007f89d437e000)]
  0x00007f89d0096800 JavaThread "CompilerThread1" daemon [_thread_blocked, id=24964, stack(0x00007f89d437e000,0x00007f89d447f000)]
  0x00007f89d0093800 JavaThread "CompilerThread0" daemon [_thread_blocked, id=24963, stack(0x00007f89d447f000,0x00007f89d4580000)]
  0x00007f89d0091800 JavaThread "Signal Dispatcher" daemon [_thread_blocked, id=24962, stack(0x00007f89d4580000,0x00007f89d4681000)]
  0x00007f89d0072000 JavaThread "Finalizer" daemon [_thread_blocked, id=24961, stack(0x00007f89d4681000,0x00007f89d4782000)]
  0x00007f89d0070000 JavaThread "Reference Handler" daemon [_thread_blocked, id=24960, stack(0x00007f89d4782000,0x00007f89d4883000)]

Other Threads:
  0x00007f89d006b800 VMThread [stack: 0x00007f89d4883000,0x00007f89d4984000] [id=24959]
  0x00007f89d009b800 WatcherThread [stack: 0x00007f89d417c000,0x00007f89d427d000] [id=24966]

VM state:not at safepoint (normal execution)

VM Mutex/Monitor currently owned by a thread: None

Heap
 PSYoungGen      total 19264K, used 408K [0x00007f89c2560000, 0x00007f89c3a40000, 0x00007f89cd000000)
  eden space 17792K, 2% used [0x00007f89c2560000,0x00007f89c25c6300,0x00007f89c36c0000)
  from space 1472K, 0% used [0x00007f89c38d0000,0x00007f89c38d0000,0x00007f89c3a40000)
  to   space 1792K, 0% used [0x00007f89c36c0000,0x00007f89c36c0000,0x00007f89c3880000)
 PSOldGen        total 125952K, used 62925K [0x00007f89ad000000, 0x00007f89b4b00000, 0x00007f89c2560000)
  object space 125952K, 49% used [0x00007f89ad000000,0x00007f89b0d734e0,0x00007f89b4b00000)
 PSPermGen       total 86016K, used 45688K [0x00007f89a7c00000, 0x00007f89ad000000, 0x00007f89ad000000)
  object space 86016K, 53% used [0x00007f89a7c00000,0x00007f89aa89e248,0x00007f89ad000000)

Dynamic libraries:
40000000-40009000 r-xp 00000000 09:7e 920516                             /opt/maple16/jre.X86_64_LINUX/bin/java
40108000-4010a000 rwxp 00008000 09:7e 920516                             /opt/maple16/jre.X86_64_LINUX/bin/java
419ea000-41a0b000 rwxp 00000000 00:00 0                                  [heap]
38b6400000-38b6421000 r-xp 00000000 09:7e 11534932                       /usr/lib64/ld-2.17.so
38b6620000-38b6621000 r-xp 00020000 09:7e 11534932                       /usr/lib64/ld-2.17.so
38b6621000-38b6622000 rwxp 00021000 09:7e 11534932                       /usr/lib64/ld-2.17.so
38b6622000-38b6623000 rwxp 00000000 00:00 0 
38b6c00000-38b6db6000 r-xp 00000000 09:7e 11534939                       /usr/lib64/libc-2.17.so
38b6db6000-38b6fb6000 ---p 001b6000 09:7e 11534939                       /usr/lib64/libc-2.17.so
38b6fb6000-38b6fba000 r-xp 001b6000 09:7e 11534939                       /usr/lib64/libc-2.17.so
38b6fba000-38b6fbc000 rwxp 001ba000 09:7e 11534939                       /usr/lib64/libc-2.17.so
38b6fbc000-38b6fc1000 rwxp 00000000 00:00 0 
38b7000000-38b7003000 r-xp 00000000 09:7e 11534957                       /usr/lib64/libdl-2.17.so
38b7003000-38b7202000 ---p 00003000 09:7e 11534957                       /usr/lib64/libdl-2.17.so
38b7202000-38b7203000 r-xp 00002000 09:7e 11534957                       /usr/lib64/libdl-2.17.so
38b7203000-38b7204000 rwxp 00003000 09:7e 11534957                       /usr/lib64/libdl-2.17.so
38b7400000-38b7416000 r-xp 00000000 09:7e 11534949                       /usr/lib64/libpthread-2.17.so
38b7416000-38b7616000 ---p 00016000 09:7e 11534949                       /usr/lib64/libpthread-2.17.so
38b7616000-38b7617000 r-xp 00016000 09:7e 11534949                       /usr/lib64/libpthread-2.17.so
38b7617000-38b7618000 rwxp 00017000 09:7e 11534949                       /usr/lib64/libpthread-2.17.so
38b7618000-38b761c000 rwxp 00000000 00:00 0 
38b7800000-38b7901000 r-xp 00000000 09:7e 11534945                       /usr/lib64/libm-2.17.so
38b7901000-38b7b00000 ---p 00101000 09:7e 11534945                       /usr/lib64/libm-2.17.so
38b7b00000-38b7b01000 r-xp 00100000 09:7e 11534945                       /usr/lib64/libm-2.17.so
38b7b01000-38b7b02000 rwxp 00101000 09:7e 11534945                       /usr/lib64/libm-2.17.so
38b8000000-38b8007000 r-xp 00000000 09:7e 11534969                       /usr/lib64/librt-2.17.so
38b8007000-38b8206000 ---p 00007000 09:7e 11534969                       /usr/lib64/librt-2.17.so
38b8206000-38b8207000 r-xp 00006000 09:7e 11534969                       /usr/lib64/librt-2.17.so
38b8207000-38b8208000 rwxp 00007000 09:7e 11534969                       /usr/lib64/librt-2.17.so
38ba000000-38ba002000 r-xp 00000000 09:7e 11537599                       /usr/lib64/libXau.so.6.0.0
38ba002000-38ba202000 ---p 00002000 09:7e 11537599                       /usr/lib64/libXau.so.6.0.0
38ba202000-38ba203000 r-xp 00002000 09:7e 11537599                       /usr/lib64/libXau.so.6.0.0
38ba203000-38ba204000 rwxp 00003000 09:7e 11537599                       /usr/lib64/libXau.so.6.0.0
38ba400000-38ba41d000 r-xp 00000000 09:7e 11537638                       /usr/lib64/libxcb.so.1.1.0
38ba41d000-38ba61c000 ---p 0001d000 09:7e 11537638                       /usr/lib64/libxcb.so.1.1.0
38ba61c000-38ba61d000 r-xp 0001c000 09:7e 11537638                       /usr/lib64/libxcb.so.1.1.0
38ba61d000-38ba61e000 rwxp 0001d000 09:7e 11537638                       /usr/lib64/libxcb.so.1.1.0
38ba800000-38ba935000 r-xp 00000000 09:7e 11537689                       /usr/lib64/libX11.so.6.3.0
38ba935000-38bab35000 ---p 00135000 09:7e 11537689                       /usr/lib64/libX11.so.6.3.0
38bab35000-38bab36000 r-xp 00135000 09:7e 11537689                       /usr/lib64/libX11.so.6.3.0
38bab36000-38bab3b000 rwxp 00136000 09:7e 11537689                       /usr/lib64/libX11.so.6.3.0
38bb400000-38bb411000 r-xp 00000000 09:7e 11538240                       /usr/lib64/libXext.so.6.4.0
38bb411000-38bb610000 ---p 00011000 09:7e 11538240                       /usr/lib64/libXext.so.6.4.0
38bb610000-38bb611000 r-xp 00010000 09:7e 11538240                       /usr/lib64/libXext.so.6.4.0
38bb611000-38bb612000 rwxp 00011000 09:7e 11538240                       /usr/lib64/libXext.so.6.4.0
38bc800000-38bc809000 r-xp 00000000 09:7e 11538579                       /usr/lib64/libXrandr.so.2.2.0
38bc809000-38bca08000 ---p 00009000 09:7e 11538579                       /usr/lib64/libXrandr.so.2.2.0
38bca08000-38bca09000 r-xp 00008000 09:7e 11538579                       /usr/lib64/libXrandr.so.2.2.0
38bca09000-38bca0a000 rwxp 00009000 09:7e 11538579                       /usr/lib64/libXrandr.so.2.2.0
38bd000000-38bd009000 r-xp 00000000 09:7e 11538137                       /usr/lib64/libXrender.so.1.3.0
38bd009000-38bd208000 ---p 00009000 09:7e 11538137                       /usr/lib64/libXrender.so.1.3.0
38bd208000-38bd209000 r-xp 00008000 09:7e 11538137                       /usr/lib64/libXrender.so.1.3.0
38bd209000-38bd20a000 rwxp 00009000 09:7e 11538137                       /usr/lib64/libXrender.so.1.3.0
38bd800000-38bd80f000 r-xp 00000000 09:7e 11538570                       /usr/lib64/libXi.so.6.1.0
38bd80f000-38bda0e000 ---p 0000f000 09:7e 11538570                       /usr/lib64/libXi.so.6.1.0
38bda0e000-38bda0f000 r-xp 0000e000 09:7e 11538570                       /usr/lib64/libXi.so.6.1.0
38bda0f000-38bda10000 rwxp 0000f000 09:7e 11538570                       /usr/lib64/libXi.so.6.1.0
38be400000-38be405000 r-xp 00000000 09:7e 11538398                       /usr/lib64/libXfixes.so.3.1.0
38be405000-38be604000 ---p 00005000 09:7e 11538398                       /usr/lib64/libXfixes.so.3.1.0
38be604000-38be605000 r-xp 00004000 09:7e 11538398                       /usr/lib64/libXfixes.so.3.1.0
38be605000-38be606000 rwxp 00005000 09:7e 11538398                       /usr/lib64/libXfixes.so.3.1.0
38bf800000-38bf809000 r-xp 00000000 09:7e 11538719                       /usr/lib64/libXcursor.so.1.0.2
38bf809000-38bfa09000 ---p 00009000 09:7e 11538719                       /usr/lib64/libXcursor.so.1.0.2
38bfa09000-38bfa0a000 r-xp 00009000 09:7e 11538719                       /usr/lib64/libXcursor.so.1.0.2
38bfa0a000-38bfa0b000 rwxp 0000a000 09:7e 11538719                       /usr/lib64/libXcursor.so.1.0.2
38c4c00000-38c4c05000 r-xp 00000000 09:7e 11540558                       /usr/lib64/libXtst.so.6.1.0
38c4c05000-38c4e04000 ---p 00005000 09:7e 11540558                       /usr/lib64/libXtst.so.6.1.0
38c4e04000-38c4e05000 r-xp 00004000 09:7e 11540558                       /usr/lib64/libXtst.so.6.1.0
38c4e05000-38c4e06000 rwxp 00005000 09:7e 11540558                       /usr/lib64/libXtst.so.6.1.0
38d2800000-38d2816000 r-xp 00000000 09:7e 11540933                       /usr/lib64/libnsl-2.17.so
38d2816000-38d2a15000 ---p 00016000 09:7e 11540933                       /usr/lib64/libnsl-2.17.so
38d2a15000-38d2a16000 r-xp 00015000 09:7e 11540933                       /usr/lib64/libnsl-2.17.so
38d2a16000-38d2a17000 rwxp 00016000 09:7e 11540933                       /usr/lib64/libnsl-2.17.so
38d2a17000-38d2a19000 rwxp 00000000 00:00 0 
7f88cc000000-7f88cc021000 rwxp 00000000 00:00 0 
7f88cc021000-7f88d0000000 ---p 00000000 00:00 0 
7f88d0000000-7f88d0021000 rwxp 00000000 00:00 0 
7f88d0021000-7f88d4000000 ---p 00000000 00:00 0 
7f88d4000000-7f88d4055000 rwxp 00000000 00:00 0 
7f88d4055000-7f88d8000000 ---p 00000000 00:00 0 
7f88d8000000-7f88d8021000 rwxp 00000000 00:00 0 
7f88d8021000-7f88dc000000 ---p 00000000 00:00 0 
7f88dc000000-7f88dc0f4000 rwxp 00000000 00:00 0 
7f88dc0f4000-7f88e0000000 ---p 00000000 00:00 0 
7f88e0000000-7f88e0021000 rwxp 00000000 00:00 0 
7f88e0021000-7f88e4000000 ---p 00000000 00:00 0 
7f88e4000000-7f88e4021000 rwxp 00000000 00:00 0 
7f88e4021000-7f88e8000000 ---p 00000000 00:00 0 
7f88e8000000-7f88e8021000 rwxp 00000000 00:00 0 
7f88e8021000-7f88ec000000 ---p 00000000 00:00 0 
7f88ec000000-7f88ec021000 rwxp 00000000 00:00 0 
7f88ec021000-7f88f0000000 ---p 00000000 00:00 0 
7f88f0000000-7f88f0021000 rwxp 00000000 00:00 0 
7f88f0021000-7f88f4000000 ---p 00000000 00:00 0 
7f88f4000000-7f88f4039000 rwxp 00000000 00:00 0 
7f88f4039000-7f88f8000000 ---p 00000000 00:00 0 
7f88f8000000-7f88f8021000 rwxp 00000000 00:00 0 
7f88f8021000-7f88fc000000 ---p 00000000 00:00 0 
7f88fc000000-7f88fc021000 rwxp 00000000 00:00 0 
7f88fc021000-7f8900000000 ---p 00000000 00:00 0 
7f8900000000-7f8900021000 rwxp 00000000 00:00 0 
7f8900021000-7f8904000000 ---p 00000000 00:00 0 
7f8904000000-7f8904036000 rwxp 00000000 00:00 0 
7f8904036000-7f8908000000 ---p 00000000 00:00 0 
7f8908000000-7f8908021000 rwxp 00000000 00:00 0 
7f8908021000-7f890c000000 ---p 00000000 00:00 0 
7f890c000000-7f890c06f000 rwxp 00000000 00:00 0 
7f890c06f000-7f8910000000 ---p 00000000 00:00 0 
7f8910000000-7f891005c000 rwxp 00000000 00:00 0 
7f891005c000-7f8914000000 ---p 00000000 00:00 0 
7f8914000000-7f8914034000 rwxp 00000000 00:00 0 
7f8914034000-7f8918000000 ---p 00000000 00:00 0 
7f8918000000-7f8918021000 rwxp 00000000 00:00 0 
7f8918021000-7f891c000000 ---p 00000000 00:00 0 
7f891c000000-7f891c021000 rwxp 00000000 00:00 0 
7f891c021000-7f8920000000 ---p 00000000 00:00 0 
7f8920000000-7f8920021000 rwxp 00000000 00:00 0 
7f8920021000-7f8924000000 ---p 00000000 00:00 0 
7f8924000000-7f8924021000 rwxp 00000000 00:00 0 
7f8924021000-7f8928000000 ---p 00000000 00:00 0 
7f8928000000-7f8928021000 rwxp 00000000 00:00 0 
7f8928021000-7f892c000000 ---p 00000000 00:00 0 
7f892c000000-7f892c03b000 rwxp 00000000 00:00 0 
7f892c03b000-7f8930000000 ---p 00000000 00:00 0 
7f8930000000-7f8930021000 rwxp 00000000 00:00 0 
7f8930021000-7f8934000000 ---p 00000000 00:00 0 
7f8934000000-7f89340d4000 rwxp 00000000 00:00 0 
7f89340d4000-7f8938000000 ---p 00000000 00:00 0 
7f8938000000-7f8938021000 rwxp 00000000 00:00 0 
7f8938021000-7f893c000000 ---p 00000000 00:00 0 
7f893c000000-7f893c096000 rwxp 00000000 00:00 0 
7f893c096000-7f8940000000 ---p 00000000 00:00 0 
7f8940000000-7f8940021000 rwxp 00000000 00:00 0 
7f8940021000-7f8944000000 ---p 00000000 00:00 0 
7f8944000000-7f8944021000 rwxp 00000000 00:00 0 
7f8944021000-7f8948000000 ---p 00000000 00:00 0 
7f8948000000-7f8948353000 rwxp 00000000 00:00 0 
7f8948353000-7f894c000000 ---p 00000000 00:00 0 
7f894c000000-7f894c021000 rwxp 00000000 00:00 0 
7f894c021000-7f8950000000 ---p 00000000 00:00 0 
7f8950000000-7f8950021000 rwxp 00000000 00:00 0 
7f8950021000-7f8954000000 ---p 00000000 00:00 0 
7f8954000000-7f8954218000 rwxp 00000000 00:00 0 
7f8954218000-7f8958000000 ---p 00000000 00:00 0 
7f8958000000-7f8958021000 rwxp 00000000 00:00 0 
7f8958021000-7f895c000000 ---p 00000000 00:00 0 
7f895c000000-7f895c021000 rwxp 00000000 00:00 0 
7f895c021000-7f8960000000 ---p 00000000 00:00 0 
7f8960000000-7f8960021000 rwxp 00000000 00:00 0 
7f8960021000-7f8964000000 ---p 00000000 00:00 0 
7f8964000000-7f8966380000 rwxp 00000000 00:00 0 
7f8966380000-7f8968000000 ---p 00000000 00:00 0 
7f8968000000-7f896a2d8000 rwxp 00000000 00:00 0 
7f896a2d8000-7f896c000000 ---p 00000000 00:00 0 
7f896c000000-7f896c021000 rwxp 00000000 00:00 0 
7f896c021000-7f8970000000 ---p 00000000 00:00 0 
7f8971adb000-7f8978000000 r-xp 00000000 09:7e 11934127                   /usr/lib/locale/locale-archive
7f8978000000-7f8978021000 rwxp 00000000 00:00 0 
7f8978021000-7f897c000000 ---p 00000000 00:00 0 
7f897c000000-7f897c021000 rwxp 00000000 00:00 0 
7f897c021000-7f8980000000 ---p 00000000 00:00 0 
7f8980000000-7f8980021000 rwxp 00000000 00:00 0 
7f8980021000-7f8984000000 ---p 00000000 00:00 0 
7f8984000000-7f8984203000 rwxp 00000000 00:00 0 
7f8984203000-7f8988000000 ---p 00000000 00:00 0 
7f8988000000-7f8988022000 rwxp 00000000 00:00 0 
7f8988022000-7f898c000000 ---p 00000000 00:00 0 
7f898c000000-7f898c021000 rwxp 00000000 00:00 0 
7f898c021000-7f8990000000 ---p 00000000 00:00 0 
7f8990000000-7f8990031000 rwxp 00000000 00:00 0 
7f8990031000-7f8994000000 ---p 00000000 00:00 0 
7f8994000000-7f8994021000 rwxp 00000000 00:00 0 
7f8994021000-7f8998000000 ---p 00000000 00:00 0 
7f8998000000-7f8998021000 rwxp 00000000 00:00 0 
7f8998021000-7f899c000000 ---p 00000000 00:00 0 
7f899c000000-7f899c021000 rwxp 00000000 00:00 0 
7f899c021000-7f89a0000000 ---p 00000000 00:00 0 
7f89a0000000-7f89a0021000 rwxp 00000000 00:00 0 
7f89a0021000-7f89a4000000 ---p 00000000 00:00 0 
7f89a42a3000-7f89a42a6000 ---p 00000000 00:00 0 
7f89a42a6000-7f89a43a4000 rwxp 00000000 00:00 0 
7f89a43a4000-7f89a43a7000 ---p 00000000 00:00 0 
7f89a43a7000-7f89a44a5000 rwxp 00000000 00:00 0 
7f89a44a5000-7f89a44a8000 ---p 00000000 00:00 0 
7f89a44a8000-7f89a45a6000 rwxp 00000000 00:00 0 
7f89a45a6000-7f89a45a9000 ---p 00000000 00:00 0 
7f89a45a9000-7f89a46a7000 rwxp 00000000 00:00 0                          [stack:2941]
7f89a46a7000-7f89a46aa000 ---p 00000000 00:00 0 
7f89a46aa000-7f89a47a8000 rwxp 00000000 00:00 0                          [stack:23751]
7f89a47a8000-7f89a47ab000 ---p 00000000 00:00 0 
7f89a47ab000-7f89a48a9000 rwxp 00000000 00:00 0 
7f89a48a9000-7f89a48ac000 ---p 00000000 00:00 0 
7f89a48ac000-7f89a49aa000 rwxp 00000000 00:00 0                          [stack:23754]
7f89a49aa000-7f89a49ad000 ---p 00000000 00:00 0 
7f89a49ad000-7f89a4aab000 rwxp 00000000 00:00 0                          [stack:2536]
7f89a4aab000-7f89a4aae000 ---p 00000000 00:00 0 
7f89a4aae000-7f89a4bac000 rwxp 00000000 00:00 0                          [stack:2541]
7f89a4bac000-7f89a4baf000 ---p 00000000 00:00 0 
7f89a4baf000-7f89a4cad000 rwxp 00000000 00:00 0                          [stack:2538]
7f89a4cad000-7f89a4cb0000 ---p 00000000 00:00 0 
7f89a4cb0000-7f89a4dae000 rwxp 00000000 00:00 0 
7f89a4dae000-7f89a4db1000 ---p 00000000 00:00 0 
7f89a4db1000-7f89a4eaf000 rwxp 00000000 00:00 0                          [stack:32553]
7f89a4eaf000-7f89a4eb2000 ---p 00000000 00:00 0 
7f89a4eb2000-7f89a4fb0000 rwxp 00000000 00:00 0                          [stack:2535]
7f89a4fb0000-7f89a54b9000 rwxs 00000000 00:04 358252632                  /SYSV00000000 (deleted)
7f89a55b5000-7f89a55b8000 ---p 00000000 00:00 0 
7f89a55b8000-7f89a56b6000 rwxp 00000000 00:00 0                          [stack:32559]
7f89a56b6000-7f89a56b9000 ---p 00000000 00:00 0 
7f89a56b9000-7f89a57b7000 rwxp 00000000 00:00 0                          [stack:32555]
7f89a57b7000-7f89a57ba000 ---p 00000000 00:00 0 
7f89a57ba000-7f89a58b8000 rwxp 00000000 00:00 0                          [stack:23757]
7f89a58b8000-7f89a58bb000 ---p 00000000 00:00 0 
7f89a58bb000-7f89a59b9000 rwxp 00000000 00:00 0                          [stack:32562]
7f89a59b9000-7f89a59cf000 r-xp 00000000 09:7e 920352                     /opt/maple16/jre.X86_64_LINUX/lib/amd64/libdcpr.so
7f89a59cf000-7f89a5ad1000 ---p 00016000 09:7e 920352                     /opt/maple16/jre.X86_64_LINUX/lib/amd64/libdcpr.so
7f89a5ad1000-7f89a5ae9000 rwxp 00018000 09:7e 920352                     /opt/maple16/jre.X86_64_LINUX/lib/amd64/libdcpr.so
7f89a5ae9000-7f89a5aec000 ---p 00000000 00:00 0 
7f89a5aec000-7f89a5bea000 rwxp 00000000 00:00 0                          [stack:24991]
7f89a5bea000-7f89a5bed000 ---p 00000000 00:00 0 
7f89a5bed000-7f89a5ceb000 rwxp 00000000 00:00 0                          [stack:24986]
7f89a5ceb000-7f89a5cee000 ---p 00000000 00:00 0 
7f89a5cee000-7f89a5dec000 rwxp 00000000 00:00 0                          [stack:23750]
7f89a5dec000-7f89a5def000 ---p 00000000 00:00 0 
7f89a5def000-7f89a5eed000 rwxp 00000000 00:00 0                          [stack:23752]
7f89a5eed000-7f89a5ef4000 r-xs 00111000 09:7e 920233                     /opt/maple16/jre.X86_64_LINUX/lib/resources.jar
7f89a5ef4000-7f89a5ef7000 ---p 00000000 00:00 0 
7f89a5ef7000-7f89a5ff5000 rwxp 00000000 00:00 0                          [stack:24980]
7f89a5ff5000-7f89a5ff8000 ---p 00000000 00:00 0 
7f89a5ff8000-7f89a60f6000 rwxp 00000000 00:00 0                          [stack:24978]
7f89a60f6000-7f89a60f9000 ---p 00000000 00:00 0 
7f89a60f9000-7f89a61f7000 rwxp 00000000 00:00 0                          [stack:24979]
7f89a61f7000-7f89a61fa000 ---p 00000000 00:00 0 
7f89a61fa000-7f89a62f8000 rwxp 00000000 00:00 0                          [stack:32618]
7f89a62f8000-7f89a62fb000 ---p 00000000 00:00 0 
7f89a62fb000-7f89a63f9000 rwxp 00000000 00:00 0                          [stack:24975]
7f89a649f000-7f89a64a2000 ---p 00000000 00:00 0 
7f89a64a2000-7f89a65a0000 rwxp 00000000 00:00 0                          [stack:24984]
7f89a65a0000-7f89a65a3000 ---p 00000000 00:00 0 
7f89a65a3000-7f89a66a1000 rwxp 00000000 00:00 0                          [stack:24983]
7f89a66a1000-7f89a66a4000 ---p 00000000 00:00 0 
7f89a66a4000-7f89a67a2000 rwxp 00000000 00:00 0                          [stack:24982]
7f89a67a2000-7f89a67a5000 ---p 00000000 00:00 0 
7f89a67a5000-7f89a68a3000 rwxp 00000000 00:00 0                          [stack:24974]
7f89a6967000-7f89a6969000 r-xs 00000000 09:7e 3016198                    /var/cache/fontconfig/87f5e051180a7a75f16eb6fe7dbd3749-le64.cache-4
7f89a6969000-7f89a6974000 r-xs 00000000 09:7e 3016196                    /var/cache/fontconfig/b79f3aaa7d385a141ab53ec885cc22a8-le64.cache-4
7f89a6974000-7f89a6977000 r-xs 00000000 09:7e 3016341                    /var/cache/fontconfig/0b1bcc92b4d25cc154d77dafe3bceaa0-le64.cache-4
7f89a6977000-7f89a6979000 r-xs 00000000 09:7e 3016336                    /var/cache/fontconfig/2e1514a9fdd499050989183bb65136db-le64.cache-4
7f89a6979000-7f89a697b000 r-xs 00000000 09:7e 3016335                    /var/cache/fontconfig/3f821257dd33660ba7bbb45c32deb84c-le64.cache-4
7f89a697b000-7f89a697c000 r-xs 00000000 09:7e 3016334                    /var/cache/fontconfig/4e602040080c966cb821813a3e584564-le64.cache-4
7f89a697c000-7f89a697f000 r-xs 00000000 09:7e 3016324                    /var/cache/fontconfig/830f035fa84a65ce80e050178dbb630d-le64.cache-4
7f89a697f000-7f89a6980000 r-xs 00000000 09:7e 3016323                    /var/cache/fontconfig/81a173283b451552b599cfaafd6236bd-le64.cache-4
7f89a6980000-7f89a6981000 r-xs 00000000 09:7e 3016322                    /var/cache/fontconfig/ac68f755438cc3dc5a526084839fc7ca-le64.cache-4
7f89a6981000-7f89a6982000 r-xs 00000000 09:7e 3016321                    /var/cache/fontconfig/f951a6bc01c50d58ac4af16a0108457e-le64.cache-4
7f89a6982000-7f89a6983000 r-xs 00000000 09:7e 3016320                    /var/cache/fontconfig/8cab66d8f642305e525ba3e322d0979c-le64.cache-4
7f89a6983000-7f89a6984000 r-xs 00000000 09:7e 3016319                    /var/cache/fontconfig/12513961c6e7090f8648812f9eaf65d6-le64.cache-4
7f89a6984000-7f89a6987000 r-xs 00000000 09:7e 3016318                    /var/cache/fontconfig/e26bf336397aae6fcef4d3803472adec-le64.cache-4
7f89a6987000-7f89a6988000 r-xs 00000000 09:7e 3016313                    /var/cache/fontconfig/17e60ccdf2eb53b214a9a5d6663eb217-le64.cache-4
7f89a6988000-7f89a6989000 r-xs 00000000 09:7e 3016312                    /var/cache/fontconfig/6fcb01a03a016cc71057b587cdea6709-le64.cache-4
7f89a6989000-7f89a698c000 r-xs 00000000 09:7e 3016311                    /var/cache/fontconfig/e0636055caa850f70f1a6db008fc4729-le64.cache-4
7f89a698c000-7f89a698d000 r-xs 00000000 09:7e 3016310                    /var/cache/fontconfig/b887eea8f1b96e1d899b44ed6681fc27-le64.cache-4
7f89a698d000-7f89a698e000 r-xs 00000000 09:7e 3016309                    /var/cache/fontconfig/860639f272b8b4b3094f9e399e41bccd-le64.cache-4
7f89a698e000-7f89a698f000 r-xs 00000000 09:7e 3016308                    /var/cache/fontconfig/211368abcb0ff835c229ff05c9ec01dc-le64.cache-4
7f89a698f000-7f89a6990000 r-xs 00000000 09:7e 3016301                    /var/cache/fontconfig/c46020d7221988a13df853d2b46304fc-le64.cache-4
7f89a6990000-7f89a6991000 r-xs 00000000 09:7e 3016273                    /var/cache/fontconfig/df893b4576ad6107f9397134092c4059-le64.cache-4
7f89a6991000-7f89a6992000 r-xs 00000000 09:7e 3016272                    /var/cache/fontconfig/900402270e15d763a6e008bb2d4c7686-le64.cache-4
7f89a6992000-7f89a6993000 r-xs 00000000 09:7e 3016267                    /var/cache/fontconfig/47f48679023f44a4d1e44699a69464f6-le64.cache-4
7f89a6993000-7f89a6994000 r-xs 00000000 09:7e 3016266                    /var/cache/fontconfig/2881ed3fd21ca306ddad6f9b0dd3189f-le64.cache-4
7f89a6994000-7f89a6995000 r-xs 00000000 09:7e 3016265                    /var/cache/fontconfig/3c3fb04d32a5211b073874b125d29701-le64.cache-4
7f89a6995000-7f89a6996000 r-xs 00000000 09:7e 3016264                    /var/cache/fontconfig/e61abf8156cc476151baa07d67337cae-le64.cache-4
7f89a6996000-7f89a699b000 r-xs 00000000 09:7e 3016256                    /var/cache/fontconfig/b67b32625a2bb51b023d3814a918f351-le64.cache-4
7f89a699b000-7f89a699d000 r-xs 00000000 09:7e 3016241                    /var/cache/fontconfig/d3379abda271c4acd2ad0c01f565d0b0-le64.cache-4
7f89a699d000-7f89a699e000 r-xs 00000000 09:7e 3016237                    /var/cache/fontconfig/b4d0b56f766d89640448751fcd18ec1e-le64.cache-4
7f89a699e000-7f89a69a0000 r-xs 00000000 09:7e 3016222                    /var/cache/fontconfig/99a1ce9f8b6a0434aadb01d3779b0780-le64.cache-4
7f89a69a0000-7f89a69a2000 r-xs 00000000 09:7e 3016207                    /var/cache/fontconfig/f9d379b867d7c69c85310a4f24e5228f-le64.cache-4
7f89a69a2000-7f89a69b5000 r-xs 00000000 09:7e 3016206                    /var/cache/fontconfig/614d1caaa4d7914789410f6367de37ca-le64.cache-4
7f89a69b5000-7f89a69c0000 r-xs 00000000 09:7e 3016204                    /var/cache/fontconfig/12b26b760a24f8b4feb03ad48a333a72-le64.cache-4
7f89a69c0000-7f89a69c8000 r-xs 00000000 09:7e 3016180                    /var/cache/fontconfig/928306c3ad40271d946e41014a49fc28-le64.cache-4
7f89a69ed000-7f89a69ef000 r-xs 00000000 09:7e 3016198                    /var/cache/fontconfig/87f5e051180a7a75f16eb6fe7dbd3749-le64.cache-4
7f89a69ef000-7f89a69fa000 r-xs 00000000 09:7e 3016196                    /var/cache/fontconfig/b79f3aaa7d385a141ab53ec885cc22a8-le64.cache-4
7f89a69fa000-7f89a69fd000 r-xs 00000000 09:7e 3016341                    /var/cache/fontconfig/0b1bcc92b4d25cc154d77dafe3bceaa0-le64.cache-4
7f89a69fd000-7f89a69ff000 r-xs 00000000 09:7e 3016336                    /var/cache/fontconfig/2e1514a9fdd499050989183bb65136db-le64.cache-4
7f89a69ff000-7f89a6a01000 r-xs 00000000 09:7e 3016335                    /var/cache/fontconfig/3f821257dd33660ba7bbb45c32deb84c-le64.cache-4
7f89a6a01000-7f89a6a02000 r-xs 00000000 09:7e 3016334                    /var/cache/fontconfig/4e602040080c966cb821813a3e584564-le64.cache-4
7f89a6a02000-7f89a6a05000 r-xs 00000000 09:7e 3016324                    /var/cache/fontconfig/830f035fa84a65ce80e050178dbb630d-le64.cache-4
7f89a6a05000-7f89a6a06000 r-xs 00000000 09:7e 3016323                    /var/cache/fontconfig/81a173283b451552b599cfaafd6236bd-le64.cache-4
7f89a6a06000-7f89a6a07000 r-xs 00000000 09:7e 3016322                    /var/cache/fontconfig/ac68f755438cc3dc5a526084839fc7ca-le64.cache-4
7f89a6a07000-7f89a6a08000 r-xs 00000000 09:7e 3016321                    /var/cache/fontconfig/f951a6bc01c50d58ac4af16a0108457e-le64.cache-4
7f89a6a08000-7f89a6a09000 r-xs 00000000 09:7e 3016320                    /var/cache/fontconfig/8cab66d8f642305e525ba3e322d0979c-le64.cache-4
7f89a6a09000-7f89a6a0a000 r-xs 00000000 09:7e 3016319                    /var/cache/fontconfig/12513961c6e7090f8648812f9eaf65d6-le64.cache-4
7f89a6a0a000-7f89a6a0d000 r-xs 00000000 09:7e 3016318                    /var/cache/fontconfig/e26bf336397aae6fcef4d3803472adec-le64.cache-4
7f89a6a0d000-7f89a6a0e000 r-xs 00000000 09:7e 3016313                    /var/cache/fontconfig/17e60ccdf2eb53b214a9a5d6663eb217-le64.cache-4
7f89a6a0e000-7f89a6a0f000 r-xs 00000000 09:7e 3016312                    /var/cache/fontconfig/6fcb01a03a016cc71057b587cdea6709-le64.cache-4
7f89a6a0f000-7f89a6a12000 r-xs 00000000 09:7e 3016311                    /var/cache/fontconfig/e0636055caa850f70f1a6db008fc4729-le64.cache-4
7f89a6a12000-7f89a6a13000 r-xs 00000000 09:7e 3016310                    /var/cache/fontconfig/b887eea8f1b96e1d899b44ed6681fc27-le64.cache-4
7f89a6a13000-7f89a6a14000 r-xs 00000000 09:7e 3016309                    /var/cache/fontconfig/860639f272b8b4b3094f9e399e41bccd-le64.cache-4
7f89a6a14000-7f89a6a15000 r-xs 00000000 09:7e 3016308                    /var/cache/fontconfig/211368abcb0ff835c229ff05c9ec01dc-le64.cache-4
7f89a6a15000-7f89a6a16000 r-xs 00000000 09:7e 3016301                    /var/cache/fontconfig/c46020d7221988a13df853d2b46304fc-le64.cache-4
7f89a6a16000-7f89a6a17000 r-xs 00000000 09:7e 3016273                    /var/cache/fontconfig/df893b4576ad6107f9397134092c4059-le64.cache-4
7f89a6a17000-7f89a6a18000 r-xs 00000000 09:7e 3016272                    /var/cache/fontconfig/900402270e15d763a6e008bb2d4c7686-le64.cache-4
7f89a6a18000-7f89a6a19000 r-xs 00000000 09:7e 3016267                    /var/cache/fontconfig/47f48679023f44a4d1e44699a69464f6-le64.cache-4
7f89a6a19000-7f89a6a1a000 r-xs 00000000 09:7e 3016266                    /var/cache/fontconfig/2881ed3fd21ca306ddad6f9b0dd3189f-le64.cache-4
7f89a6a1a000-7f89a6a1b000 r-xs 00000000 09:7e 3016265                    /var/cache/fontconfig/3c3fb04d32a5211b073874b125d29701-le64.cache-4
7f89a6a1b000-7f89a6a1c000 r-xs 00000000 09:7e 3016264                    /var/cache/fontconfig/e61abf8156cc476151baa07d67337cae-le64.cache-4
7f89a6a1c000-7f89a6a21000 r-xs 00000000 09:7e 3016256                    /var/cache/fontconfig/b67b32625a2bb51b023d3814a918f351-le64.cache-4
7f89a6a21000-7f89a6a23000 r-xs 00000000 09:7e 3016241                    /var/cache/fontconfig/d3379abda271c4acd2ad0c01f565d0b0-le64.cache-4
7f89a6a23000-7f89a6a24000 r-xs 00000000 09:7e 3016237                    /var/cache/fontconfig/b4d0b56f766d89640448751fcd18ec1e-le64.cache-4
7f89a6a24000-7f89a6a26000 r-xs 00000000 09:7e 3016222                    /var/cache/fontconfig/99a1ce9f8b6a0434aadb01d3779b0780-le64.cache-4
7f89a6a26000-7f89a6a28000 r-xs 00000000 09:7e 3016207                    /var/cache/fontconfig/f9d379b867d7c69c85310a4f24e5228f-le64.cache-4
7f89a6a28000-7f89a6a3b000 r-xs 00000000 09:7e 3016206                    /var/cache/fontconfig/614d1caaa4d7914789410f6367de37ca-le64.cache-4
7f89a6a3b000-7f89a6a46000 r-xs 00000000 09:7e 3016204                    /var/cache/fontconfig/12b26b760a24f8b4feb03ad48a333a72-le64.cache-4
7f89a6a46000-7f89a6a4e000 r-xs 00000000 09:7e 3016180                    /var/cache/fontconfig/928306c3ad40271d946e41014a49fc28-le64.cache-4
7f89a6a4e000-7f89a6a52000 r-xs 00000000 09:7e 3016342                    /var/cache/fontconfig/beeeeb3dfe132a8a0633a017c99ce0c0-le64.cache-4
7f89a6a52000-7f89a6a55000 ---p 00000000 00:00 0 
7f89a6a55000-7f89a6b53000 rwxp 00000000 00:00 0                          [stack:29307]
7f89a6b53000-7f89a6b56000 ---p 00000000 00:00 0 
7f89a6b56000-7f89a6c54000 rwxp 00000000 00:00 0                          [stack:24972]
7f89a6c54000-7f89a6c80000 r-xp 00000000 09:7e 920345                     /opt/maple16/jre.X86_64_LINUX/lib/amd64/libjpeg.so
7f89a6c80000-7f89a6d80000 ---p 0002c000 09:7e 920345                     /opt/maple16/jre.X86_64_LINUX/lib/amd64/libjpeg.so
7f89a6d80000-7f89a6d86000 rwxp 0002c000 09:7e 920345                     /opt/maple16/jre.X86_64_LINUX/lib/amd64/libjpeg.so
7f89a6d86000-7f89a6d89000 ---p 00000000 00:00 0 
7f89a6d89000-7f89a6e87000 rwxp 00000000 00:00 0                          [stack:24971]
7f89a6e87000-7f89a6e8e000 r-xp 00000000 09:7e 920357                     /opt/maple16/jre.X86_64_LINUX/lib/amd64/libnio.so
7f89a6e8e000-7f89a6f8d000 ---p 00007000 09:7e 920357                     /opt/maple16/jre.X86_64_LINUX/lib/amd64/libnio.so
7f89a6f8d000-7f89a6f8f000 rwxp 00006000 09:7e 920357                     /opt/maple16/jre.X86_64_LINUX/lib/amd64/libnio.so
7f89a6f8f000-7f89a6f92000 ---p 00000000 00:00 0 
7f89a6f92000-7f89a7090000 rwxp 00000000 00:00 0                          [stack:24970]
7f89a7090000-7f89a710e000 r-xp 00000000 09:7e 920369                     /opt/maple16/jre.X86_64_LINUX/lib/amd64/libfontmanager.so
7f89a710e000-7f89a720d000 ---p 0007e000 09:7e 920369                     /opt/maple16/jre.X86_64_LINUX/lib/amd64/libfontmanager.so
7f89a720d000-7f89a7223000 rwxp 0007d000 09:7e 920369                     /opt/maple16/jre.X86_64_LINUX/lib/amd64/libfontmanager.so
7f89a7223000-7f89a7234000 rwxp 00000000 00:00 0 
7f89a7234000-7f89a7276000 r-xp 00000000 09:7e 920336                     /opt/maple16/jre.X86_64_LINUX/lib/amd64/xawt/libmawt.so
7f89a7276000-7f89a7375000 ---p 00042000 09:7e 920336                     /opt/maple16/jre.X86_64_LINUX/lib/amd64/xawt/libmawt.so
7f89a7375000-7f89a7380000 rwxp 00041000 09:7e 920336                     /opt/maple16/jre.X86_64_LINUX/lib/amd64/xawt/libmawt.so
7f89a7380000-7f89a7382000 rwxp 00000000 00:00 0 
7f89a7382000-7f89a7414000 r-xp 00000000 09:7e 920346                     /opt/maple16/jre.X86_64_LINUX/lib/amd64/libawt.so
7f89a7414000-7f89a7513000 ---p 00092000 09:7e 920346                     /opt/maple16/jre.X86_64_LINUX/lib/amd64/libawt.so
7f89a7513000-7f89a752c000 rwxp 00091000 09:7e 920346                     /opt/maple16/jre.X86_64_LINUX/lib/amd64/libawt.so
7f89a752c000-7f89a7551000 rwxp 00000000 00:00 0 
7f89a7551000-7f89a7554000 ---p 00000000 00:00 0 
7f89a7554000-7f89a7652000 rwxp 00000000 00:00 0                          [stack:24968]
7f89a7652000-7f89a7655000 ---p 00000000 00:00 0 
7f89a7655000-7f89a7784000 rwxp 00000000 00:00 0                          [stack:32554]
7f89a7784000-7f89a7797000 r-xp 00000000 09:7e 920354                     /opt/maple16/jre.X86_64_LINUX/lib/amd64/libnet.so
7f89a7797000-7f89a7898000 ---p 00013000 09:7e 920354                     /opt/maple16/jre.X86_64_LINUX/lib/amd64/libnet.so
7f89a7898000-7f89a789b000 rwxp 00014000 09:7e 920354                     /opt/maple16/jre.X86_64_LINUX/lib/amd64/libnet.so
7f89a789b000-7f89a78d8000 r-xs 0024f000 09:7e 5899944                    /opt/maple16/java/xmlbeans-2.3.0.jar
7f89a78d8000-7f89a78ea000 r-xs 002a9000 09:7e 5899955                    /opt/maple16/java/wksloader.jar
7f89a78ea000-7f89a7907000 r-xs 0017c000 09:7e 5899942                    /opt/maple16/java/poi-3.7-20101029.jar
7f89a7907000-7f89a7938000 rwxp 00000000 00:00 0 
7f89a7938000-7f89a7b48000 r-xs 00b4b000 09:7e 5899943                    /opt/maple16/java/ooxml-schemas-1.0.jar
7f89a7b48000-7f89a7b9b000 r-xs 00317000 09:7e 5899936                    /opt/maple16/java/mathdoc.jar
7f89a7b9b000-7f89a7c00000 r-xs 00388000 09:7e 5899935                    /opt/maple16/java/maplewks.jar
7f89a7c00000-7f89ad000000 rwxp 00000000 00:00 0 
7f89ad000000-7f89b4b00000 rwxp 00000000 00:00 0 
7f89b4b00000-7f89b7740000 ---p 00000000 00:00 0 
7f89b7740000-7f89c2560000 rwxp 00000000 00:00 0 
7f89c2560000-7f89c3a40000 rwxp 00000000 00:00 0 
7f89c3a40000-7f89cb7a0000 ---p 00000000 00:00 0 
7f89cb7a0000-7f89cd000000 rwxp 00000000 00:00 0 
7f89cd000000-7f89cd6a0000 rwxp 00000000 00:00 0 
7f89cd6a0000-7f89d03e5000 rwxp 00000000 00:00 0 
7f89d03e5000-7f89d4000000 ---p 00000000 00:00 0 
7f89d4000000-7f89d4001000 r-xs 00000000 09:7e 3016177                    /var/cache/fontconfig/3640555adad8a8f6978400293cfce7ab-le64.cache-4
7f89d4001000-7f89d4005000 r-xs 00000000 09:7e 3016342                    /var/cache/fontconfig/beeeeb3dfe132a8a0633a017c99ce0c0-le64.cache-4
7f89d4005000-7f89d4006000 r-xs 00000000 09:7e 3016177                    /var/cache/fontconfig/3640555adad8a8f6978400293cfce7ab-le64.cache-4
7f89d4006000-7f89d400d000 r-xs 00091000 09:7e 920421                     /opt/maple16/jre.X86_64_LINUX/lib/jsse.jar
7f89d400d000-7f89d400e000 r-xs 00004000 09:7e 5899948                    /opt/maple16/java/WMFWriter.jar
7f89d400e000-7f89d4012000 r-xs 0004f000 09:7e 5899965                    /opt/maple16/java/update.jar
7f89d4012000-7f89d4013000 r-xs 0001c000 09:7e 5899963                    /opt/maple16/java/swing-layout-1.0.3.jar
7f89d4013000-7f89d401a000 r-xs 00073000 09:7e 5899941                    /opt/maple16/java/poi-ooxml-3.7-20101029.jar
7f89d401a000-7f89d402c000 r-xs 00080000 09:7e 5899938                    /opt/maple16/java/pen.jar
7f89d402c000-7f89d402e000 r-xs 0000a000 09:7e 5899949                    /opt/maple16/java/mathxmltools.jar
7f89d402e000-7f89d4030000 r-xs 00005000 09:7e 5899950                    /opt/maple16/java/mathworksheet.jar
7f89d4030000-7f89d403d000 r-xs 0006e000 09:7e 5899957                    /opt/maple16/java/maplets.jar
7f89d403d000-7f89d4046000 r-xs 00052000 09:7e 5899951                    /opt/maple16/java/mapletbuilder.jar
7f89d4046000-7f89d404e000 r-xs 0001d000 09:7e 5899930                    /opt/maple16/java/mapleresource_zh_TW.jar
7f89d404e000-7f89d4055000 r-xs 0001d000 09:7e 5899929                    /opt/maple16/java/mapleresource_zh_CN.jar
7f89d4055000-7f89d405d000 r-xs 0001c000 09:7e 5899933                    /opt/maple16/java/mapleresource_pt_BR.jar
7f89d405d000-7f89d4064000 r-xs 0001d000 09:7e 5899926                    /opt/maple16/java/mapleresource_ko.jar
7f89d4064000-7f89d40d8000 r-xs 00edc000 09:7e 5899923                    /opt/maple16/java/mapleresource.jar
7f89d40d8000-7f89d40e0000 r-xs 0004a000 09:7e 5899925                    /opt/maple16/java/mapleresource_ja.jar
7f89d40e0000-7f89d40e7000 r-xs 0001e000 09:7e 5899927                    /opt/maple16/java/mapleresource_hu.jar
7f89d40e7000-7f89d40ef000 r-xs 0001c000 09:7e 5899932                    /opt/maple16/java/mapleresource_fr.jar
7f89d40ef000-7f89d40f6000 r-xs 0001c000 09:7e 5899931                    /opt/maple16/java/mapleresource_es.jar
7f89d40f6000-7f89d40fd000 r-xs 00019000 09:7e 5899924                    /opt/maple16/java/mapleresource_en.jar
7f89d40fd000-7f89d4104000 r-xs 00023000 09:7e 5899928                    /opt/maple16/java/mapleresource_el.jar
7f89d4104000-7f89d4127000 r-xs 00278000 09:7e 5899934                    /opt/maple16/java/mapleclient.jar
7f89d4127000-7f89d4129000 r-xs 0001b000 09:7e 5899966                    /opt/maple16/java/MapleActivation.jar
7f89d4129000-7f89d412f000 r-xs 00045000 09:7e 5899937                    /opt/maple16/java/mail.jar
7f89d412f000-7f89d4134000 r-xs 00032000 09:7e 5899964                    /opt/maple16/java/log4j-1.2.3.jar
7f89d4134000-7f89d4136000 r-xs 0000b000 09:7e 5899940                    /opt/maple16/java/jsr173_1.0_api.jar
7f89d4136000-7f89d4138000 r-xs 00002000 09:7e 5899947                    /opt/maple16/java/jopenmaple.jar
7f89d4138000-7f89d4144000 r-xs 00108000 09:7e 5899959                    /opt/maple16/java/jogl.jar
7f89d4144000-7f89d4157000 r-xs 0016e000 09:7e 5899945                    /opt/maple16/java/jai_core.jar
7f89d4157000-7f89d415b000 r-xs 00031000 09:7e 5899946                    /opt/maple16/java/jai_codec.jar
7f89d415b000-7f89d415d000 r-xs 00050000 09:7e 5899962                    /opt/maple16/java/iTextAsian.jar
7f89d415d000-7f89d4168000 r-xs 000f9000 09:7e 5899961                    /opt/maple16/java/iText-2.1.2u.jar
7f89d4168000-7f89d416a000 r-xs 0000a000 09:7e 5899920                    /opt/maple16/java/freehep-graphicsio-ps.jar
7f89d416a000-7f89d416e000 r-xs 0002a000 09:7e 5899922                    /opt/maple16/java/freehep-graphicsio.jar
7f89d416e000-7f89d417c000 r-xs 00096000 09:7e 5899918                    /opt/maple16/java/freehep-base.jar
7f89d417c000-7f89d417d000 ---p 00000000 00:00 0 
7f89d417d000-7f89d427d000 rwxp 00000000 00:00 0                          [stack:24966]
7f89d427d000-7f89d4280000 ---p 00000000 00:00 0 
7f89d4280000-7f89d437e000 rwxp 00000000 00:00 0                          [stack:24965]
7f89d437e000-7f89d4381000 ---p 00000000 00:00 0 
7f89d4381000-7f89d447f000 rwxp 00000000 00:00 0                          [stack:24964]
7f89d447f000-7f89d4482000 ---p 00000000 00:00 0 
7f89d4482000-7f89d4580000 rwxp 00000000 00:00 0                          [stack:24963]
7f89d4580000-7f89d4583000 ---p 00000000 00:00 0 
7f89d4583000-7f89d4681000 rwxp 00000000 00:00 0                          [stack:24962]
7f89d4681000-7f89d4684000 ---p 00000000 00:00 0 
7f89d4684000-7f89d4782000 rwxp 00000000 00:00 0                          [stack:24961]
7f89d4782000-7f89d4785000 ---p 00000000 00:00 0 
7f89d4785000-7f89d4883000 rwxp 00000000 00:00 0                          [stack:24960]
7f89d4883000-7f89d4884000 ---p 00000000 00:00 0 
7f89d4884000-7f89d52c0000 rwxp 00000000 00:00 0                          [stack:24959]
7f89d52c0000-7f89d5456000 r-xs 02fc6000 09:7e 920425                     /opt/maple16/jre.X86_64_LINUX/lib/rt.jar
7f89d5456000-7f89d547e000 rwxp 00000000 00:00 0 
7f89d547e000-7f89d547f000 ---p 00000000 00:00 0 
7f89d547f000-7f89d557f000 rwxp 00000000 00:00 0                          [stack:24958]
7f89d557f000-7f89d5580000 ---p 00000000 00:00 0 
7f89d5580000-7f89d5680000 rwxp 00000000 00:00 0                          [stack:24957]
7f89d5680000-7f89d5681000 ---p 00000000 00:00 0 
7f89d5681000-7f89d5781000 rwxp 00000000 00:00 0                          [stack:24956]
7f89d5781000-7f89d5782000 ---p 00000000 00:00 0 
7f89d5782000-7f89d5882000 rwxp 00000000 00:00 0                          [stack:24955]
7f89d5882000-7f89d5883000 ---p 00000000 00:00 0 
7f89d5883000-7f89d5983000 rwxp 00000000 00:00 0                          [stack:24954]
7f89d5983000-7f89d5984000 ---p 00000000 00:00 0 
7f89d5984000-7f89d5a84000 rwxp 00000000 00:00 0                          [stack:24953]
7f89d5a84000-7f89d5a85000 ---p 00000000 00:00 0 
7f89d5a85000-7f89d5b85000 rwxp 00000000 00:00 0                          [stack:24952]
7f89d5b85000-7f89d5b86000 ---p 00000000 00:00 0 
7f89d5b86000-7f89d5cb0000 rwxp 00000000 00:00 0                          [stack:24951]
7f89d5cb0000-7f89d5cee000 rwxp 00000000 00:00 0 
7f89d5cee000-7f89d5d04000 ---p 00000000 00:00 0 
7f89d5d04000-7f89d5d5b000 rwxp 00000000 00:00 0 
7f89d5d5b000-7f89d5d85000 rwxp 00000000 00:00 0 
7f89d5d85000-7f89d5dc3000 rwxp 00000000 00:00 0 
7f89d5dc3000-7f89d5dd9000 ---p 00000000 00:00 0 
7f89d5dd9000-7f89d5e2f000 rwxp 00000000 00:00 0 
7f89d5e2f000-7f89d5e3b000 rwxp 00000000 00:00 0 
7f89d5e3b000-7f89d5e79000 ---p 00000000 00:00 0 
7f89d5e79000-7f89d5e85000 rwxp 00000000 00:00 0 
7f89d5e85000-7f89d5ea1000 rwxp 00000000 00:00 0 
7f89d5ea1000-7f89d5f46000 rwxp 00000000 00:00 0 
7f89d5f46000-7f89d5f54000 r-xp 00000000 09:7e 920333                     /opt/maple16/jre.X86_64_LINUX/lib/amd64/libzip.so
7f89d5f54000-7f89d6056000 ---p 0000e000 09:7e 920333                     /opt/maple16/jre.X86_64_LINUX/lib/amd64/libzip.so
7f89d6056000-7f89d6059000 rwxp 00010000 09:7e 920333                     /opt/maple16/jre.X86_64_LINUX/lib/amd64/libzip.so
7f89d6059000-7f89d605a000 rwxp 00000000 00:00 0 
7f89d605a000-7f89d6066000 r-xp 00000000 09:7e 11534956                   /usr/lib64/libnss_files-2.17.so
7f89d6066000-7f89d6265000 ---p 0000c000 09:7e 11534956                   /usr/lib64/libnss_files-2.17.so
7f89d6265000-7f89d6266000 r-xp 0000b000 09:7e 11534956                   /usr/lib64/libnss_files-2.17.so
7f89d6266000-7f89d6267000 rwxp 0000c000 09:7e 11534956                   /usr/lib64/libnss_files-2.17.so
7f89d6267000-7f89d626a000 r-xs 00010000 09:7e 5899921                    /opt/maple16/java/freehep-graphicsio-pdf.jar
7f89d626a000-7f89d626c000 r-xs 0001d000 09:7e 5899919                    /opt/maple16/java/freehep-graphics2d.jar
7f89d626c000-7f89d626e000 r-xs 00000000 09:7e 5899917                    /opt/maple16/java/externalcall.jar
7f89d626e000-7f89d6273000 r-xs 00048000 09:7e 5899939                    /opt/maple16/java/dom4j-1.6.1.jar
7f89d6273000-7f89d6281000 r-xs 000e0000 09:7e 5899954                    /opt/maple16/java/xalan.jar
7f89d6281000-7f89d6287000 r-xs 00019000 09:7e 5899953                    /opt/maple16/java/xmlParserAPIs.jar
7f89d6287000-7f89d628e000 r-xp 00000000 09:7e 920349                     /opt/maple16/jre.X86_64_LINUX/lib/amd64/native_threads/libhpi.so
7f89d628e000-7f89d638f000 ---p 00007000 09:7e 920349                     /opt/maple16/jre.X86_64_LINUX/lib/amd64/native_threads/libhpi.so
7f89d638f000-7f89d6391000 rwxp 00008000 09:7e 920349                     /opt/maple16/jre.X86_64_LINUX/lib/amd64/native_threads/libhpi.so
7f89d6391000-7f89d6392000 rwxp 00000000 00:00 0 
7f89d6392000-7f89d63bb000 r-xp 00000000 09:7e 920364                     /opt/maple16/jre.X86_64_LINUX/lib/amd64/libjava.so
7f89d63bb000-7f89d64ba000 ---p 00029000 09:7e 920364                     /opt/maple16/jre.X86_64_LINUX/lib/amd64/libjava.so
7f89d64ba000-7f89d64c1000 rwxp 00028000 09:7e 920364                     /opt/maple16/jre.X86_64_LINUX/lib/amd64/libjava.so
7f89d64c1000-7f89d64ce000 r-xp 00000000 09:7e 920324                     /opt/maple16/jre.X86_64_LINUX/lib/amd64/libverify.so
7f89d64ce000-7f89d65cd000 ---p 0000d000 09:7e 920324                     /opt/maple16/jre.X86_64_LINUX/lib/amd64/libverify.so
7f89d65cd000-7f89d65d0000 rwxp 0000c000 09:7e 920324                     /opt/maple16/jre.X86_64_LINUX/lib/amd64/libverify.so
7f89d65d0000-7f89d65d3000 ---p 00000000 00:00 0 
7f89d65d3000-7f89d66d1000 rwxp 00000000 00:00 0                          [stack:24950]
7f89d66d1000-7f89d6e85000 r-xp 00000000 09:7e 920376                     /opt/maple16/jre.X86_64_LINUX/lib/amd64/server/libjvm.so
7f89d6e85000-7f89d6f85000 ---p 007b4000 09:7e 920376                     /opt/maple16/jre.X86_64_LINUX/lib/amd64/server/libjvm.so
7f89d6f85000-7f89d710f000 rwxp 007b4000 09:7e 920376                     /opt/maple16/jre.X86_64_LINUX/lib/amd64/server/libjvm.so
7f89d710f000-7f89d714c000 rwxp 00000000 00:00 0 
7f89d714c000-7f89d7153000 r-xp 00000000 09:7e 920339                     /opt/maple16/jre.X86_64_LINUX/lib/amd64/jli/libjli.so
7f89d7153000-7f89d7254000 ---p 00007000 09:7e 920339                     /opt/maple16/jre.X86_64_LINUX/lib/amd64/jli/libjli.so
7f89d7254000-7f89d7256000 rwxp 00008000 09:7e 920339                     /opt/maple16/jre.X86_64_LINUX/lib/amd64/jli/libjli.so
7f89d7256000-7f89d7257000 rwxp 00000000 00:00 0 
7f89d7257000-7f89d7258000 r-xs 00004000 09:7e 5899960                    /opt/maple16/java/gluegen-rt.jar
7f89d7258000-7f89d7259000 r-xs 00005000 09:7e 5899958                    /opt/maple16/java/dbtoolbox.jar
7f89d7259000-7f89d725b000 r-xs 0000c000 09:7e 5899956                    /opt/maple16/java/activation.jar
7f89d725b000-7f89d726d000 r-xs 000c7000 09:7e 5899952                    /opt/maple16/java/xercesImpl.jar
7f89d726d000-7f89d7275000 rwxs 00000000 00:20 14966456                   /tmp/hsperfdata_bing/24949 (deleted)
7f89d7275000-7f89d7276000 rwxp 00000000 00:00 0 
7f89d7276000-7f89d7277000 r-xp 00000000 00:00 0 
7f89d7277000-7f89d7278000 rwxp 00000000 00:00 0 
7ffff6318000-7ffff633a000 rwxp 00000000 00:00 0                          [stack]
7ffff63fe000-7ffff6400000 r-xp 00000000 00:00 0                          [vdso]
ffffffffff600000-ffffffffff601000 r-xp 00000000 00:00 0                  [vsyscall]

VM Arguments:
jvm_args: -Xmx512m -Dsun.java2d.pmoffscreen=false -Dmaple.bin.path=/opt/maple16/bin.X86_64_LINUX 
java_command: com.maplesoft.application.Launcher -command Start Maple -args -locale en
Launcher Type: SUN_STANDARD

Environment Variables:
PATH=/opt/maple16/bin.X86_64_LINUX:/opt/maple16/jre.X86_64_LINUX/bin/:/opt/intel/composer_xe_2013_sp1.1.106/bin/intel64:/opt/intel/composer_xe_2013_sp1.1.106/mpirt/bin/intel64:/opt/intel/composer_xe_2013_sp1.1.106/debugger/gdb/intel64_mic/py27/bin:/opt/intel/composer_xe_2013_sp1.1.106/debugger/gdb/intel64/py27/bin:/opt/intel/composer_xe_2013_sp1.1.106/bin/intel64:/opt/intel/composer_xe_2013_sp1.1.106/bin/intel64_mic:/opt/intel/composer_xe_2013_sp1.1.106/debugger/gui/intel64:/usr/lib64/qt-3.3/bin:/usr/local/bin:/usr/bin:/bin:/usr/local/sbin:/usr/sbin
USERNAME=bing
LD_LIBRARY_PATH=/opt/maple16/jre.X86_64_LINUX/lib/amd64/server:/opt/maple16/jre.X86_64_LINUX/lib/amd64:/opt/maple16/jre.X86_64_LINUX/../lib/amd64:/opt/maple16/bin.X86_64_LINUX::/opt/maple16/jre.X86_64_LINUX/lib/amd64:/opt/maple16/jre.X86_64_LINUX/lib/amd64/server:/opt/maple16/jre.X86_64_LINUX/lib/amd64/native_threads:/opt/intel/composer_xe_2013_sp1.1.106/compiler/lib/intel64:/opt/intel/composer_xe_2013_sp1.1.106/mpirt/lib/intel64:/opt/intel/composer_xe_2013_sp1.1.106/ipp/../compiler/lib/intel64:/opt/intel/composer_xe_2013_sp1.1.106/ipp/lib/intel64:/opt/intel/composer_xe_2013_sp1.1.106/compiler/lib/intel64:/opt/intel/composer_xe_2013_sp1.1.106/mkl/lib/intel64:/opt/intel/composer_xe_2013_sp1.1.106/tbb/lib/intel64/gcc4.4
SHELL=/bin/bash
DISPLAY=:0

Signal Handlers:
SIGSEGV: [libjvm.so+0x70f1a0], sa_mask[0]=0x7ffbfeff, sa_flags=0x10000004
SIGBUS: [libjvm.so+0x70f1a0], sa_mask[0]=0x7ffbfeff, sa_flags=0x10000004
SIGFPE: [libjvm.so+0x5d7f70], sa_mask[0]=0x7ffbfeff, sa_flags=0x10000004
SIGPIPE: [libjvm.so+0x5d7f70], sa_mask[0]=0x7ffbfeff, sa_flags=0x10000004
SIGXFSZ: [libjvm.so+0x5d7f70], sa_mask[0]=0x7ffbfeff, sa_flags=0x10000004
SIGILL: [libjvm.so+0x5d7f70], sa_mask[0]=0x7ffbfeff, sa_flags=0x10000004
SIGUSR1: SIG_DFL, sa_mask[0]=0x00000000, sa_flags=0x00000000
SIGUSR2: [libjvm.so+0x5da790], sa_mask[0]=0x00000000, sa_flags=0x10000004
SIGHUP: [libjvm.so+0x5da4e0], sa_mask[0]=0x7ffbfeff, sa_flags=0x10000004
SIGINT: [libjvm.so+0x5da4e0], sa_mask[0]=0x7ffbfeff, sa_flags=0x10000004
SIGTERM: [libjvm.so+0x5da4e0], sa_mask[0]=0x7ffbfeff, sa_flags=0x10000004
SIGQUIT: [libjvm.so+0x5da4e0], sa_mask[0]=0x7ffbfeff, sa_flags=0x10000004


---------------  S Y S T E M  ---------------

OS:Fedora release 19 (Schrdingers Cat)

uname:Linux 3.14.19-100.fc19.x86_64 #1 SMP Wed Sep 17 22:05:21 UTC 2014 x86_64
libc:glibc 2.17 NPTL 2.17 
rlimit: STACK 8192k, CORE 0k, NPROC 1024, NOFILE 4096, AS infinity
load average:0.80 0.48 0.32

CPU:total 8 (4 cores per cpu, 1 threads per core) family 6 model 23 stepping 10, cmov, cx8, fxsr, mmx, sse, sse2, sse3, ssse3, sse4.1

Memory: 4k page, physical 16433180k(363120k free), swap 8183804k(8176312k free)

vm_info: Java HotSpot(TM) 64-Bit Server VM (16.0-b13) for linux-amd64 JRE (1.6.0_18-b07), built on Dec 17 2009 13:42:22 by "java_re" with gcc 3.2.2 (SuSE Linux)

time: Tue Feb 17 17:11:22 2015
elapsed time: 1574331 seconds

