0.5 7.687526749653482e-11 -5.819634760844572e-05 0.0002838638920956127 0.00022566762136243447 
1.0 2.8959613460826185e-10 -5.8196349451865255e-05 0.00028386365073604055 0.0002256675908803099 
1.5 6.140300040942095e-10 -5.819635243390197e-05 0.00028386325608185573 0.00022566751767795785 
2.0 1.0293173261707657e-09 -5.8196356487260884e-05 0.00028386271720274995 0.00022566739003281524 
2.5 1.5174663699889798e-09 -5.8196361548623014e-05 0.0002838620426156362 0.00022566719853338315 
3.0 2.062996232274545e-09 -5.819636755841045e-05 0.00028386124035157886 0.00022566693578940068 
3.5 2.65262244694785e-09 -5.819637446056527e-05 0.0002838603179544321 0.00022566659611631377 
4.0 3.2749802121197546e-09 -5.819638220234179e-05 0.0002838592825257523 0.00022566617530362266 
4.5 3.920380828066621e-09 -5.81963907341107e-05 0.00028385814074809385 0.00022566567039481123 
5.0 4.58059745067975e-09 -5.8196400009175004e-05 0.00028385689890750163 0.0002256650794957773 
5.5 5.248676716635097e-09 -5.819640998359676e-05 0.00028385556293543987 0.00022566440162855974 
6.0 5.918773196555153e-09 -5.819642061603423e-05 0.0002838541383805191 0.00022566363653768145 
6.5 6.586003985690204e-09 -5.819643186758811e-05 0.0002838526304943737 0.00022566278463077128 
7.0 7.246321054606387e-09 -5.8196443701657735e-05 0.00028385104420157513 0.000225661846820972 
7.5 7.896399259271192e-09 -5.819645608380489e-05 0.00028384938413664705 0.00022566082445210143 
8.0 8.5335381542071e-09 -5.819646898162616e-05 0.00028384765466142294 0.000225659719217951 
8.5 9.155575969077988e-09 -5.819648236463278e-05 0.0002838458598858152 0.0002256585330971515 
9.0 9.760814300436109e-09 -5.819649620413744e-05 0.0002838440036792399 0.0002256572682894029 
9.5 1.0347952239670324e-08 -5.8196510473147785e-05 0.00028384208967366256 0.00022565592715275445 
10.0 1.0916028807699128e-08 -5.8196525146266475e-05 0.0002838401212857549 0.00022565451216829616 
10.5 1.1464372699222122e-08 -5.819654019959672e-05 0.0002838381017341829 0.00022565302590728538 
11.0 1.1992558456464047e-08 -5.819655561065373e-05 0.0002838360340512117 0.00022565147099901445 
11.5 1.2500368295816707e-08 -5.819657135828132e-05 0.00028383392108091455 0.00022564985009092904 
12.0 1.2987758901883106e-08 -5.8196587422573295e-05 0.0002838317655183505 0.0002256481658546791 
12.5 1.3454832584710428e-08 -5.8196603784799776e-05 0.00028382956985998644 0.00022564642090777137 
13.0 1.3901812266650927e-08 -5.819662042733747e-05 0.0002838273365018064 0.0002256446178867356 
13.5 1.4329019828955984e-08 -5.819663733360444e-05 0.0002838250676675801 0.00022564275935380463 
14.0 1.4736857404075915e-08 -5.8196654487998536e-05 0.000283822765457498 0.00022564084782690353 
14.5 1.512579124800566e-08 -5.819667187583952e-05 0.0002838204318582862 0.00022563888577369472 
15.0 1.5496337871520468e-08 -5.819668948331453e-05 0.00028381806872470076 0.00022563687557925776 
15.5 1.584905214701521e-08 -5.819670729742699e-05 0.00028381567779949424 0.00022563481955421426 
16.0 1.6184517141302533e-08 -5.81967253059481e-05 0.0002838132607396657 0.0002256327199508589 
16.5 1.6503335455339286e-08 -5.819674349737179e-05 0.0002838108190902995 0.00022563057892838304 
17.0 1.6806121877923836e-08 -5.8196761860871736e-05 0.00028380835431043676 0.00022562839857144296 
17.5 1.709349718355017e-08 -5.819678038626141e-05 0.0002838058677713978 0.00022562618088231996 
18.0 1.7366082925461625e-08 -5.819679906395617e-05 0.0002838033607681341 0.00022562392778710343 
18.5 1.762449709307744e-08 -5.8196817884937656e-05 0.00028380083450640524 0.00022562164111856065 
19.0 1.7869350518674284e-08 -5.8196836840720577e-05 0.00028379829014111847 0.00022561932265091657 
19.5 1.8101243932719994e-08 -5.819685592332069e-05 0.00028379572873934387 0.0002256169740599559 
20.0 1.8320765579535502e-08 -5.8196875125225856e-05 0.00028379315131127624 0.0002256145969516299 
20.5 1.8528489315580854e-08 -5.8196894439367606e-05 0.000283790558814281 0.00022561219286422896 
21.0 1.8724973122915524e-08 -5.8196913859095266e-05 0.00028378795214460624 0.00022560976325863388 
21.5 1.8910757978631535e-08 -5.8196933378151105e-05 0.00028378533213608865 0.00022560730951591616 
22.0 1.9086367028195385e-08 -5.819695299064706e-05 0.00028378269958840175 0.00022560483296478289 
22.5 1.9252305017655552e-08 -5.819697269104315e-05 0.00028378005524952335 0.00022560233486349786 
23.0 1.940905794551755e-08 -5.819699247412664e-05 0.0002837773998193759 0.00022559981640319477 
23.5 1.9557092899815736e-08 -5.8197012334992794e-05 0.0002837747339531395 0.00022559727871104653 
24.0 1.9696858050407604e-08 -5.819703226902671e-05 0.0002837720582828122 0.00022559472287183587 
24.5 1.9828782770910545e-08 -5.8197052271886274e-05 0.00028376937338205586 0.0002255921498929405 
25.0 1.9953277867671288e-08 -5.819707233948576e-05 0.0002837666798053107 0.0002255895607436926 
25.5 2.0070735896157007e-08 -5.819709246798104e-05 0.0002837639780763729 0.00022558695634428803 
26.0 2.018153154843418e-08 -5.819711265375503e-05 0.00028376126867338876 0.00022558433755118218 
26.5 2.028602209686297e-08 -5.819713289340442e-05 0.0002837585520664519 0.00022558170519514434 
27.0 2.0384547881832887e-08 -5.819715318372691e-05 0.00028375582867399554 0.00022557906003815045 
27.5 2.0477432832882647e-08 -5.819717352170956e-05 0.0002837530988994779 0.0002255764028106012 
28.0 2.0564985013664975e-08 -5.8197193904517373e-05 0.00028375036314328024 0.00022557373422377652 
28.5 2.0647497183830842e-08 -5.81972143294829e-05 0.00028374762174151124 0.00022557105490921217 
29.0 2.0725247370639858e-08 -5.819723479409624e-05 0.00028374487505071337 0.00022556836550398777 
29.5 2.079849944483315e-08 -5.8197255295995903e-05 0.00028374212338316525 0.0002255656665866142 
30.0 2.0867503696581472e-08 -5.819727583295992e-05 0.0002837393670335375 0.00022556295870427415 
30.5 2.093249740703626e-08 -5.8197296402897566e-05 0.0002837366062890887 0.00022556024238359814 
31.0 2.099370541269085e-08 -5.819731700384163e-05 0.00028373384140936996 0.00022555751811094101 
31.5 2.1051340659840536e-08 -5.819733763394122e-05 0.00028373107264751036 0.00022555478635422898 
32.0 2.110560474701522e-08 -5.8197358291454826e-05 0.00028372830023388546 0.00022555204754717763 
32.5 2.115668845370261e-08 -5.819737897474374e-05 0.0002837255243968406 0.00022554930211055054 
33.0 2.1204772254214255e-08 -5.819739968226615e-05 0.0002837227453310431 0.00022554655042103118 
33.5 2.125002681537759e-08 -5.8197420412571386e-05 0.0002837199632541143 0.0002255437928683583 
34.0 2.1292613477814406e-08 -5.819744116429439e-05 0.00028371717832388757 0.000225541029773071 
34.5 2.133268472000688e-08 -5.8197461936150896e-05 0.00028371439072758604 0.00022553826147615516 
35.0 2.137038460462249e-08 -5.819748272693239e-05 0.0002837116006329943 0.00022553548829066654 
35.5 2.1405849207837994e-08 -5.819750353550187e-05 0.00028370880817502183 0.0002255327104887278 
36.0 2.1439207030770822e-08 -5.819752436078948e-05 0.0002837060135118093 0.00022552992835805056 
36.5 2.147057939343152e-08 -5.8197545201788594e-05 0.0002837032167830539 0.00022552714216065876 
37.0 2.1500080811964747e-08 -5.819756605755204e-05 0.00028370041810078724 0.00022552435212404716 
37.5 2.152781935880105e-08 -5.819758692718863e-05 0.0002836976175863437 0.00022552155847851385 
38.0 2.1553897006010165e-08 -5.8197607809859855e-05 0.00028369481537395555 0.0002255187614611017 
38.5 2.157840995320794e-08 -5.8197628704776715e-05 0.000283692011539874 0.00022551596124505046 
39.0 2.1601448939495087e-08 -5.8197649611196885e-05 0.00028368920621357877 0.00022551315805132137 
39.5 2.162309954036402e-08 -5.8197670528421834e-05 0.0002836863994637688 0.00022551035203488735 
40.0 2.1643442450145667e-08 -5.819769145579437e-05 0.00028368359139422923 0.000225507543380885 
40.5 2.1662553750106206e-08 -5.8197712392696116e-05 0.00028368078208371926 0.00022550473224477324 
41.0 2.1680505163301648e-08 -5.81977333385452e-05 0.0002836779716118343 0.0002255019187784524 
41.5 2.1697364296310302e-08 -5.819775429279417e-05 0.00028367516004712144 0.00022549910311862357 
42.0 2.171319486842625e-08 -5.8197775254927954e-05 0.0002836723474676745 0.00022549628540761497 
42.5 2.1728056928955306e-08 -5.819779622446183e-05 0.00028366953393703614 0.00022549346576950327 
43.0 2.174200706329401e-08 -5.819781720093977e-05 0.00028366671950455063 0.00022549064431067416 
43.5 2.1755098587770876e-08 -5.8197838183932714e-05 0.00028366390424260546 0.0002254878211572605 
44.0 2.1767381734195438e-08 -5.8197859173036913e-05 0.00028366108819827257 0.00022548499640696987 
44.5 2.1778903824625837e-08 -5.819788016787245e-05 0.00028365827142512104 0.00022548217016107321 
45.0 2.1789709436569634e-08 -5.8197901168081976e-05 0.0002836554539656901 0.00022547934250704467 
45.5 2.179984055912087e-08 -5.819792217332915e-05 0.0002836526358771299 0.00022547651354435985 
46.0 2.180933674073175e-08 -5.819794318329752e-05 0.0002836498171867411 0.0002254736833401843 
46.5 2.1818235228744943e-08 -5.819796419768934e-05 0.000283646997948507 0.0002254708519860464 
47.0 2.1826571101161545e-08 -5.8197985216224506e-05 0.00028364417819451134 0.00022546801954938798 
47.5 2.183437739133409e-08 -5.819800623863942e-05 0.00028364135795511916 0.00022546518609387108 
48.0 2.1841685205452315e-08 -5.819802726468606e-05 0.0002836385372697989 0.0002254623516903183 
48.5 2.184852383342963e-08 -5.819804829413104e-05 0.00028363571618040065 0.00022545951641010303 
49.0 2.1854920853933566e-08 -5.8198069326754855e-05 0.000283632894694846 0.0002254566802889451 
49.5 2.1860902233249767e-08 -5.819809036235085e-05 0.0002836300728520592 0.00022545384339194157 
50.0 2.1866492418387686e-08 -5.819811140072467e-05 0.0002836272506796063 0.00022545100577130002 
