0.5 7.985668058174357 
1.0 7.985668044834622 
1.5 7.985668023255379 
2.0 7.985667993923592 
2.5 7.985667957297452 
3.0 7.9856679138080615 
3.5 7.985667863861057 
4.0 7.985667807838104 
4.5 7.985667746098312 
5.0 7.985667678979574 
5.5 7.9856676067998125 
6.0 7.985667529858161 
6.5 7.985667448436087 
7.0 7.985667362798404 
7.5 7.985667273194301 
8.0 7.985667179858223 
8.5 7.9856670830107745 
9.0 7.98566698285952 
9.5 7.985666879599749 
10.0 7.9856667734152245 
10.5 7.985666664478839 
11.0 7.985666552953281 
11.5 7.985666438991611 
12.0 7.985666322737856 
12.5 7.985666204327524 
13.0 7.98566608388812 
13.5 7.985665961539612 
14.0 7.985665837394885 
14.5 7.985665711560146 
15.0 7.985665584135324 
15.5 7.985665455214456 
16.0 7.985665324886004 
16.5 7.985665193233217 
17.0 7.985665060334414 
17.5 7.985664926263299 
18.0 7.985664791089212 
18.5 7.9856646548773895 
19.0 7.9856645176892265 
19.5 7.985664379582481 
20.0 7.985664240611498 
20.5 7.985664100827422 
21.0 7.985663960278353 
21.5 7.985663819009574 
22.0 7.9856636770636715 
22.5 7.985663534480734 
23.0 7.985663391298461 
23.5 7.98566324755234 
24.0 7.9856631032757575 
24.5 7.9856629585001215 
25.0 7.98566281325499 
25.5 7.985662667568173 
26.0 7.985662521465835 
26.5 7.985662374972603 
27.0 7.9856622281116305 
27.5 7.985662080904717 
28.0 7.98566193337238 
28.5 7.985661785533897 
29.0 7.985661637407443 
29.5 7.985661489010091 
30.0 7.985661340357917 
30.5 7.985661191466045 
31.0 7.9856610423487036 
31.5 7.985660893019282 
32.0 7.985660743490382 
32.5 7.985660593773847 
33.0 7.985660443880844 
33.5 7.985660293821858 
34.0 7.985660143606766 
34.5 7.985659993244855 
35.0 7.985659842744871 
35.5 7.985659692115032 
36.0 7.985659541363082 
36.5 7.985659390496304 
37.0 7.985659239521551 
37.5 7.985659088445255 
38.0 7.985658937273497 
38.5 7.985658786011978 
39.0 7.985658634666068 
39.5 7.98565848324082 
40.0 7.985658331740985 
40.5 7.98565818017104 
41.0 7.985658028535194 
41.5 7.985657876837402 
42.0 7.985657725081394 
42.5 7.985657573270672 
43.0 7.985657421408539 
43.5 7.985657269498098 
44.0 7.985657117542264 
44.5 7.985656965543792 
45.0 7.985656813505265 
45.5 7.9856566614291085 
46.0 7.985656509317617 
46.5 7.985656357172948 
47.0 7.985656204997124 
47.5 7.98565605279205 
48.0 7.98565590055952 
48.5 7.985655748301228 
49.0 7.985655596018751 
49.5 7.985655443713593 
50.0 7.98565529138716 
